#
# There is insufficient memory for the Java Runtime Environment to continue.
# Native memory allocation (malloc) failed to allocate 177776 bytes for Chunk::new
# Possible reasons:
#   The system is out of physical RAM or swap space
#   The process is running with CompressedOops enabled, and the Java Heap may be blocking the growth of the native heap
# Possible solutions:
#   Reduce memory load on the system
#   Increase physical memory or swap space
#   Check if swap backing store is full
#   Decrease Java heap size (-Xmx/-Xms)
#   Decrease number of Java threads
#   Decrease Java thread stack sizes (-Xss)
#   Set larger code cache with -XX:ReservedCodeCacheSize=
#   JVM is running with Unscaled Compressed Oops mode in which the Java heap is
#     placed in the first 4GB address space. The Java Heap base address is the
#     maximum limit for the native heap growth. Please use -XX:HeapBaseMinAddress
#     to set the Java Heap base and to place the Java Heap above 4GB virtual address.
# This output file may be truncated or incomplete.
#
#  Out of Memory Error (./src/hotspot/share/memory/arena.cpp:197), pid=6964, tid=3208
#
# JRE version: OpenJDK Runtime Environment (11.0.11+9) (build 11.0.11+9-b60-7590822)
# Java VM: OpenJDK 64-Bit Server VM (11.0.11+9-b60-7590822, mixed mode, tiered, compressed oops, g1 gc, windows-amd64)
# No core dump will be written. Minidumps are not enabled by default on client versions of Windows
#

---------------  S U M M A R Y ------------

Command Line: org.jetbrains.kotlin.cli.jvm.K2JVMCompiler -Xallow-no-source-files -classpath C:\Users\Marvin Marquez\Desktop\MyApplication05\MyApplication05\app\libs\javax.mail-1.6.2.jar;C:\Users\Marvin Marquez\.gradle\caches\modules-2\files-2.1\org.jetbrains.kotlin\kotlin-android-extensions-runtime\1.3.50\bec16087637a7cafe54894e73d38037977cb30d2\kotlin-android-extensions-runtime-1.3.50.jar;C:\Users\Marvin Marquez\.gradle\caches\transforms-3\4813ba349f94c7a66629ac77c439fe76\transformed\activity-ktx-1.2.3-api.jar;C:\Users\Marvin Marquez\.gradle\caches\modules-2\files-2.1\org.jetbrains.kotlin\kotlin-stdlib-jdk7\1.3.50\50ad05ea1c2595fb31b800e76db464d08d599af3\kotlin-stdlib-jdk7-1.3.50.jar;C:\Users\Marvin Marquez\.gradle\caches\transforms-3\9a4175e9b6b18403b1eefc0ff0013cdb\transformed\core-ktx-1.1.0-api.jar;C:\Users\Marvin Marquez\.gradle\caches\transforms-3\7795437edaf2b9f397937b00add13d0c\transformed\lifecycle-runtime-ktx-2.3.1-api.jar;C:\Users\Marvin Marquez\.gradle\caches\transforms-3\210082358c15d2e08e638b5959edef6f\transformed\lifecycle-viewmodel-ktx-2.3.1-api.jar;C:\Users\Marvin Marquez\.gradle\caches\transforms-3\dfe8beb0cdc847caa3757f818624ce7c\transformed\savedstate-ktx-1.1.0-api.jar;C:\Users\Marvin Marquez\.gradle\caches\modules-2\files-2.1\org.jetbrains.kotlinx\kotlinx-coroutines-android\1.4.1\2349e3c971098c0c5379403b64a844d0c3cc2f3d\kotlinx-coroutines-android-1.4.1.jar;C:\Users\Marvin Marquez\.gradle\caches\modules-2\files-2.1\org.jetbrains.kotlinx\kotlinx-coroutines-core-jvm\1.4.1\936067d1e0195f638396f60e71da745bb14a35ca\kotlinx-coroutines-core-jvm-1.4.1.jar;C:\Users\Marvin Marquez\.gradle\caches\modules-2\files-2.1\org.jetbrains.kotlin\kotlin-stdlib\1.4.20\9be77b243a362b745e365f286627b8724337009c\kotlin-stdlib-1.4.20.jar;C:\Users\Marvin Marquez\.gradle\caches\modules-2\files-2.1\org.jetbrains.kotlin\kotlin-stdlib-common\1.4.20\c6761d7805b5312302f2bbd78cda68c976ce0c70\kotlin-stdlib-common-1.4.20.jar;C:\Users\Marvin Marquez\.gradle\caches\modules-2\files-2.1\org.jetbrains\annotations\13.0\919f0dfe192fb4e063e7dacadee7f8bb9a2672a9\annotations-13.0.jar;C:\Users\Marvin Marquez\.gradle\caches\transforms-3\39372b4fbfcdec77c33315b68ca80b0f\transformed\appcompat-1.3.1-api.jar;C:\Users\Marvin Marquez\.gradle\caches\transforms-3\5397fed6eda926447baad9d1cc77138f\transformed\recyclerview-1.1.0-api.jar;C:\Users\Marvin Marquez\.gradle\caches\transforms-3\94245202864371a3fcddb8549543e7f2\transformed\cardview-1.0.0-api.jar;C:\Users\Marvin Marquez\.gradle\caches\transforms-3\eda190ea2f28224bb24cee39d8e00040\transformed\fragment-1.3.6-api.jar;C:\Users\Marvin Marquez\.gradle\caches\transforms-3\75fac76669ade9e2b0b26bb475aa4f89\transformed\activity-1.2.4-api.jar;C:\Users\Marvin Marquez\.gradle\caches\transforms-3\e725e0c47bf58ff31bcc3e75e10c468e\transformed\appcompat-resources-1.3.1-api.jar;C:\Users\Marvin Marquez\.gradle\caches\transforms-3\7067229f9650e0b23cf6dc08faed1220\transformed\drawerlayout-1.0.0-api.jar;C:\Users\Marvin Marquez\.gradle\caches\transforms-3\df1bd54e810a4598239a7877ba6f8799\transformed\viewpager-1.0.0-api.jar;C:\Users\Marvin Marquez\.gradle\caches\transforms-3\06ad7a0d74cc04042b80668e61548b8c\transformed\customview-1.0.0-api.jar;C:\Users\Marvin Marquez\.gradle\caches\transforms-3\b6e94da955003c91704f475e19647b61\transformed\loader-1.0.0-api.jar;C:\Users\Marvin Marquez\.gradle\caches\transforms-3\11dc652a1717cbad981a5ff4848c570a\transformed\vectordrawable-animated-1.1.0-api.jar;C:\Users\Marvin Marquez\.gradle\caches\transforms-3\cd0e074e29ad8237d5b0957061738abf\transformed\vectordrawable-1.1.0-api.jar;C:\Users\Marvin Marquez\.gradle\caches\transforms-3\a95fb42f449477bd07a71ea1c7f11dd6\transformed\core-1.5.0-api.jar;C:\Users\Marvin Marquez\.gradle\caches\transforms-3\13575f784bec46eefeb6e8af495a5a65\transformed\cursoradapter-1.0.0-api.jar;C:\Users\Marvin Marquez\.gradle\caches\transforms-3\fbbd891779b5a4b82018f0ec2c4064a3\transformed\lifecycle-viewmodel-savedstate-2.3.1-api.jar;C:\Users\Marvin Marquez\.gradle\caches\transforms-3\a4cfebfd15a1f65229cca8f02f7c49d5\transformed\savedstate-1.1.0-api.jar;C:\Users\Marvin Marquez\.gradle\caches\transforms-3\cfe807bdaf4571399d873d3b7c97f1c8\transformed\versionedparcelable-1.1.1-api.jar;C:\Users\Marvin Marquez\.gradle\caches\modules-2\files-2.1\androidx.collection\collection\1.1.0\1f27220b47669781457de0d600849a5de0e89909\collection-1.1.0.jar;C:\Users\Marvin Marquez\.gradle\caches\transforms-3\c4529822e9810a7f17253ef21ba0c236\transformed\lifecycle-runtime-2.3.1-api.jar;C:\Users\Marvin Marquez\.gradle\caches\transforms-3\fa753753bb5a95d6f7e5c6ccfc789999\transformed\lifecycle-viewmodel-2.3.1-api.jar;C:\Users\Marvin Marquez\.gradle\caches\transforms-3\631366eeb92d81d78910fd5179865d3c\transformed\lifecycle-livedata-2.0.0-api.jar;C:\Users\Marvin Marquez\.gradle\caches\transforms-3\c560833b818c2e2210c3a200f661893f\transformed\lifecycle-livedata-core-2.3.1-api.jar;C:\Users\Marvin Marquez\.gradle\caches\modules-2\files-2.1\androidx.lifecycle\lifecycle-common\2.3.1\fc466261d52f4433863642fb40d12441ae274a98\lifecycle-common-2.3.1.jar;C:\Users\Marvin Marquez\.gradle\caches\transforms-3\11c995fa5e40f57e0bac76dae967fc83\transformed\core-runtime-2.1.0-api.jar;C:\Users\Marvin Marquez\.gradle\caches\modules-2\files-2.1\androidx.arch.core\core-common\2.1.0\b3152fc64428c9354344bd89848ecddc09b6f07e\core-common-2.1.0.jar;C:\Users\Marvin Marquez\.gradle\caches\transforms-3\2895632ba7348a874c316d689b03845c\transformed\interpolator-1.0.0-api.jar;C:\Users\Marvin Marquez\.gradle\caches\modules-2\files-2.1\androidx.annotation\annotation\1.2.0\57136ff68ee784c6e19db34ed4a175338fadfde1\annotation-1.2.0.jar;C:\Users\Marvin Marquez\.gradle\caches\transforms-3\fa6c88f66c10251ca3062893411668d0\transformed\annotation-experimental-1.0.0-api.jar;C:\Users\Marvin Marquez\.gradle\caches\transforms-3\af59cc8131e2eddcddda2c7e41424b27\transformed\constraintlayout-1.1.3-api.jar;C:\Users\Marvin Marquez\.gradle\caches\modules-2\files-2.1\androidx.constraintlayout\constraintlayout-solver\1.1.3\54abe9ffb22cc9019b0b6fcc10f185cc4e67b34e\constraintlayout-solver-1.1.3.jar;C:\Users\Marvin Marquez\.gradle\caches\transforms-3\0e7be825ff86ac6755ddc1635fb360fc\transformed\jetified-volley-1.1.1-api.jar;C:\Users\Marvin Marquez\.gradle\caches\transforms-3\2e0a8b56c4e11de251b1645b0ac1a952\transformed\jetified-android-pdf-viewer-3.2.0-beta.1-api.jar;C:\Users\Marvin Marquez\.gradle\caches\transforms-3\bef99462fc7399410ea157c225b424f9\transformed\jetified-pdfium-android-1.9.0-api.jar;C:\Users\Marvin Marquez\.gradle\caches\transforms-3\55db0d1d4d0ac90a29d2a2be199d146b\transformed\zxing-android-embedded-4.3.0-api.jar;C:\Users\Marvin Marquez\.gradle\caches\modules-2\files-2.1\com.google.zxing\core\3.4.1\1869da97e9b2b60b5ff2fcaf55899174b93ae25d\core-3.4.1.jar;C:\Users\Marvin Marquez\.gradle\caches\modules-2\files-2.1\com.sun.mail\android-activation\1.6.7\be2313e85510e68188c58f52eb7e5c043c3c005c\android-activation-1.6.7.jar;C:\Users\Marvin Marquez\AppData\Local\Android\Sdk\platforms\android-30\android.jar;C:\Users\Marvin Marquez\AppData\Local\Android\Sdk\build-tools\29.0.2\core-lambda-stubs.jar -d C:\Users\Marvin Marquez\Desktop\MyApplication05\MyApplication05\app\build\tmp\kotlin-classes\debug -Xjava-source-roots=C:\Users\Marvin Marquez\Desktop\MyApplication05\MyApplication05\app\build\generated\not_namespaced_r_class_sources\debug\r,C:\Users\Marvin Marquez\Desktop\MyApplication05\MyApplication05\app\src\main\java,C:\Users\Marvin Marquez\Desktop\MyApplication05\MyApplication05\app\build\generated\source\buildConfig\debug -module-name app_debug -no-jdk -no-reflect -no-stdlib -Xcommon-sources=C:\Users\Marvin Marquez\Desktop\MyApplication05\MyApplication05\app\src\main\java\com\example\myapplication05\AaDAtabaseDesign.kt,C:\Users\Marvin Marquez\Desktop\MyApplication05\MyApplication05\app\src\main\java\com\example\myapplication05\ActivityAdapter.kt,C:\Users\Marvin Marquez\Desktop\MyApplication05\MyApplication05\app\src\main\java\com\example\myapplication05\ActivityMain.kt,C:\Users\Marvin Marquez\Desktop\MyApplication05\MyApplication05\app\src\main\java\com\example\myapplication05\AttendabceIndividualAdapter.kt,C:\Users\Marvin Marquez\Desktop\MyApplication05\MyApplication05\app\src\main\java\com\example\myapplication05\AttendanceAdapter.kt,C:\Users\Marvin Marquez\Desktop\MyApplication05\MyApplication05\app\src\main\java\com\example\myapplication05\AttendanceIndividualAdapter.kt,C:\Users\Marvin Marquez\Desktop\MyApplication05\MyApplication05\app\src\main\java\com\example\myapplication05\AttendanceMain.kt,C:\Users\Marvin Marquez\Desktop\MyApplication05\MyApplication05\app\src\main\java\com\example\myapplication05\CaptureAct.java,C:\Users\Marvin Marquez\Desktop\MyApplication05\MyApplication05\app\src\main\java\com\example\myapplication05\CodeCompilation.kt,C:\Users\Marvin Marquez\Desktop\MyApplication05\MyApplication05\app\src\main\java\com\example\myapplication05\DatabaseHandler.kt,C:\Users\Marvin Marquez\Desktop\MyApplication05\MyApplication05\app\src\main\java\com\example\myapplication05\EnrolleAdapter.kt,C:\Users\Marvin Marquez\Desktop\MyApplication05\MyApplication05\app\src\main\java\com\example\myapplication05\EnrolleMain.kt,C:\Users\Marvin Marquez\Desktop\MyApplication05\MyApplication05\app\src\main\java\com\example\myapplication05\FileChooser.kt,C:\Users\Marvin Marquez\Desktop\MyApplication05\MyApplication05\app\src\main\java\com\example\myapplication05\GradeAdapter.kt,C:\Users\Marvin Marquez\Desktop\MyApplication05\MyApplication05\app\src\main\java\com\example\myapplication05\GradeAverageAdapter.kt,C:\Users\Marvin Marquez\Desktop\MyApplication05\MyApplication05\app\src\main\java\com\example\myapplication05\GradeMain.kt,C:\Users\Marvin Marquez\Desktop\MyApplication05\MyApplication05\app\src\main\java\com\example\myapplication05\Grades.kt,C:\Users\Marvin Marquez\Desktop\MyApplication05\MyApplication05\app\src\main\java\com\example\myapplication05\GroupAdapter.kt,C:\Users\Marvin Marquez\Desktop\MyApplication05\MyApplication05\app\src\main\java\com\example\myapplication05\hhh.java,C:\Users\Marvin Marquez\Desktop\MyApplication05\MyApplication05\app\src\main\java\com\example\myapplication05\IndividualAdapter.kt,C:\Users\Marvin Marquez\Desktop\MyApplication05\MyApplication05\app\src\main\java\com\example\myapplication05\Individualmain.kt,C:\Users\Marvin Marquez\Desktop\MyApplication05\MyApplication05\app\src\main\java\com\example\myapplication05\IndividualStudenht.kt,C:\Users\Marvin Marquez\Desktop\MyApplication05\MyApplication05\app\src\main\java\com\example\myapplication05\LogAdapter.kt,C:\Users\Marvin Marquez\Desktop\MyApplication05\MyApplication05\app\src\main\java\com\example\myapplication05\LogMain.kt,C:\Users\Marvin Marquez\Desktop\MyApplication05\MyApplication05\app\src\main\java\com\example\myapplication05\MainActivity.kt,C:\Users\Marvin Marquez\Desktop\MyApplication05\MyApplication05\app\src\main\java\com\example\myapplication05\MiscAdapter.kt,C:\Users\Marvin Marquez\Desktop\MyApplication05\MyApplication05\app\src\main\java\com\example\myapplication05\MiscMain.kt,C:\Users\Marvin Marquez\Desktop\MyApplication05\MyApplication05\app\src\main\java\com\example\myapplication05\MiscOption.kt,C:\Users\Marvin Marquez\Desktop\MyApplication05\MyApplication05\app\src\main\java\com\example\myapplication05\MiscOptionAdapter.kt,C:\Users\Marvin Marquez\Desktop\MyApplication05\MyApplication05\app\src\main\java\com\example\myapplication05\MiscStudent.kt,C:\Users\Marvin Marquez\Desktop\MyApplication05\MyApplication05\app\src\main\java\com\example\myapplication05\MissingAdapter.kt,C:\Users\Marvin Marquez\Desktop\MyApplication05\MyApplication05\app\src\main\java\com\example\myapplication05\MissingMain.kt,C:\Users\Marvin Marquez\Desktop\MyApplication05\MyApplication05\app\src\main\java\com\example\myapplication05\Model.kt,C:\Users\Marvin Marquez\Desktop\MyApplication05\MyApplication05\app\src\main\java\com\example\myapplication05\OpenNewPDF.kt,C:\Users\Marvin Marquez\Desktop\MyApplication05\MyApplication05\app\src\main\java\com\example\myapplication05\OpenPdf_Adapter.kt,C:\Users\Marvin Marquez\Desktop\MyApplication05\MyApplication05\app\src\main\java\com\example\myapplication05\PdfRecordAdapter.kt,C:\Users\Marvin Marquez\Desktop\MyApplication05\MyApplication05\app\src\main\java\com\example\myapplication05\RandomAdapter.kt,C:\Users\Marvin Marquez\Desktop\MyApplication05\MyApplication05\app\src\main\java\com\example\myapplication05\RandomMain.kt,C:\Users\Marvin Marquez\Desktop\MyApplication05\MyApplication05\app\src\main\java\com\example\myapplication05\Reading.kt,C:\Users\Marvin Marquez\Desktop\MyApplication05\MyApplication05\app\src\main\java\com\example\myapplication05\Sample.kt,C:\Users\Marvin Marquez\Desktop\MyApplication05\MyApplication05\app\src\main\java\com\example\myapplication05\Sample1.kt,C:\Users\Marvin Marquez\Desktop\MyApplication05\MyApplication05\app\src\main\java\com\example\myapplication05\ScanQRcode.kt,C:\Users\Marvin Marquez\Desktop\MyApplication05\MyApplication05\app\src\main\java\com\example\myapplication05\SchedMain.kt,C:\Users\Marvin Marquez\Desktop\MyApplication05\MyApplication05\app\src\main\java\com\example\myapplication05\ScheduleAdapter.kt,C:\Users\Marvin Marquez\Desktop\MyApplication05\MyApplication05\app\src\main\java\com\example\myapplication05\ScoreAdapter.kt,C:\Users\Marvin Marquez\Desktop\MyApplication05\MyApplication05\app\src\main\java\com\example\myapplication05\ScoreIndividualAdapter.kt,C:\Users\Marvin Marquez\Desktop\MyApplication05\MyApplication05\app\src\main\java\com\example\myapplication05\ScoreIndividualMain.kt,C:\Users\Marvin Marquez\Desktop\MyApplication05\MyApplication05\app\src\main\java\com\example\myapplication05\ScoreMain.kt,C:\Users\Marvin Marquez\Desktop\MyApplication05\MyApplication05\app\src\main\java\com\example\myapplication05\SearchAdapter.kt,C:\Users\Marvin Marquez\Desktop\MyApplication05\MyApplication05\app\src\main\java\com\example\myapplication05\SearchStudent.kt,C:\Users\Marvin Marquez\Desktop\MyApplication05\MyApplication05\app\src\main\java\com\example\myapplication05\SectionAdapter.kt,C:\Users\Marvin Marquez\Desktop\MyApplication05\MyApplication05\app\src\main\java\com\example\myapplication05\SectionMain.kt,C:\Users\Marvin Marquez\Desktop\MyApplication05\MyApplication05\app\src\main\java\com\example\myapplication05\SpeaK.kt,C:\Users\Marvin Marquez\Desktop\MyApplication05\MyApplication05\app\src\main\java\com\example\myapplication05\SpeakAdapter.kt,C:\Users\Marvin Marquez\Desktop\MyApplication05\MyApplication05\app\src\main\java\com\example\myapplication05\SpeakAnswerAdapter.kt,C:\Users\Marvin Marquez\Desktop\MyApplication05\MyApplication05\app\src\main\java\com\example\myapplication05\SpeakAnswerMain.kt,C:\Users\Marvin Marquez\Desktop\MyApplication05\MyApplication05\app\src\main\java\com\example\myapplication05\SpeakRow.kt,C:\Users\Marvin Marquez\Desktop\MyApplication05\MyApplication05\app\src\main\java\com\example\myapplication05\StudentAdapter.kt,C:\Users\Marvin Marquez\Desktop\MyApplication05\MyApplication05\app\src\main\java\com\example\myapplication05\StudentMain.kt,C:\Users\Marvin Marquez\Desktop\MyApplication05\MyApplication05\app\src\main\java\com\example\myapplication05\StudentRandom.kt,C:\Users\Marvin Marquez\Desktop\MyApplication05\MyApplication05\app\src\main\java\com\example\myapplication05\SubjectAdapter.kt,C:\Users\Marvin Marquez\Desktop\MyApplication05\MyApplication05\app\src\main\java\com\example\myapplication05\SubjectMain.kt,C:\Users\Marvin Marquez\Desktop\MyApplication05\MyApplication05\app\src\main\java\com\example\myapplication05\SummaryAdapter.kt,C:\Users\Marvin Marquez\Desktop\MyApplication05\MyApplication05\app\src\main\java\com\example\myapplication05\SummaryMain.kt,C:\Users\Marvin Marquez\Desktop\MyApplication05\MyApplication05\app\src\main\java\com\example\myapplication05\TableAttendance.kt,C:\Users\Marvin Marquez\Desktop\MyApplication05\MyApplication05\app\src\main\java\com\example\myapplication05\TableRandom.kt,C:\Users\Marvin Marquez\Desktop\MyApplication05\MyApplication05\app\src\main\java\com\example\myapplication05\TableSstudent.kt,C:\Users\Marvin Marquez\Desktop\MyApplication05\MyApplication05\app\src\main\java\com\example\myapplication05\TablrActivity.kt,C:\Users\Marvin Marquez\Desktop\MyApplication05\MyApplication05\app\src\main\java\com\example\myapplication05\Utilities.kt -Xplugin=C:\Users\Marvin Marquez\.gradle\caches\modules-2\files-2.1\org.jetbrains.intellij.deps\trove4j\1.0.20181211\216c2e14b070f334479d800987affe4054cd563f\trove4j-1.0.20181211.jar,C:\Users\Marvin Marquez\.gradle\caches\modules-2\files-2.1\org.jetbrains.kotlin\kotlin-android-extensions\1.3.50\f16428b9ce307d0f5842bd8ed9af1e43a141edd3\kotlin-android-extensions-1.3.50.jar,C:\Users\Marvin Marquez\.gradle\caches\modules-2\files-2.1\org.jetbrains.kotlin\kotlin-compiler-embeddable\1.3.50\1251c1768e5769b06c2487d6f6cf8acf6efb8960\kotlin-compiler-embeddable-1.3.50.jar,C:\Users\Marvin Marquez\.gradle\caches\modules-2\files-2.1\org.jetbrains.kotlin\kotlin-daemon-embeddable\1.3.50\5cb93bb33f4c6f833ead0beca4c831668e00cf52\kotlin-daemon-embeddable-1.3.50.jar,C:\Users\Marvin Marquez\.gradle\caches\modules-2\files-2.1\org.jetbrains.kotlin\kotlin-reflect\1.3.50\b499f22fd7c3e9c2e5b6c4005221fa47fc7f9a7a\kotlin-reflect-1.3.50.jar,C:\Users\Marvin Marquez\.gradle\caches\modules-2\files-2.1\org.jetbrains.kotlin\kotlin-script-runtime\1.3.50\59492b8dfb92522ba0ddb5dd1c4d0ef0a4fca1af\kotlin-script-runtime-1.3.50.jar,C:\Users\Marvin Marquez\.gradle\caches\modules-2\files-2.1\org.jetbrains.kotlin\kotlin-stdlib-common\1.3.50\3d9cd3e1bc7b92e95f43d45be3bfbcf38e36ab87\kotlin-stdlib-common-1.3.50.jar,C:\Users\Marvin Marquez\.gradle\caches\modules-2\files-2.1\org.jetbrains.kotlin\kotlin-stdlib\1.3.50\b529d1738c7e98bbfa36a4134039528f2ce78ebf\kotlin-stdlib-1.3.50.jar,C:\Users\Marvin Marquez\.gradle\caches\modules-2\files-2.1\org.jetbrains\annotations\13.0\919f0dfe192fb4e063e7dacadee7f8bb9a2672a9\annotations-13.0.jar -P plugin:org.jetbrains.kotlin.android:configuration=rO0ABXexAAAAAwAIZmVhdHVyZXMAAAABAA92aWV3cyxwYXJjZWxpemUAB3BhY2thZ2UAAAABABtjb20uZXhhbXBsZS5teWFwcGxpY2F0aW9uMDUAB3ZhcmlhbnQAAAABAFVtYWluO0M6XFVzZXJzXE1hcnZpbiBNYXJxdWV6XERlc2t0b3BcTXlBcHBsaWNhdGlvbjA1XE15QXBwbGljYXRpb24wNVxhcHBcc3JjXG1haW5ccmVz C:\Users\Marvin Marquez\Desktop\MyApplication05\MyApplication05\app\src\main\java\com\example\myapplication05\AaDAtabaseDesign.kt C:\Users\Marvin Marquez\Desktop\MyApplication05\MyApplication05\app\src\main\java\com\example\myapplication05\ActivityAdapter.kt C:\Users\Marvin Marquez\Desktop\MyApplication05\MyApplication05\app\src\main\java\com\example\myapplication05\ActivityMain.kt C:\Users\Marvin Marquez\Desktop\MyApplication05\MyApplication05\app\src\main\java\com\example\myapplication05\AttendabceIndividualAdapter.kt C:\Users\Marvin Marquez\Desktop\MyApplication05\MyApplication05\app\src\main\java\com\example\myapplication05\AttendanceAdapter.kt C:\Users\Marvin Marquez\Desktop\MyApplication05\MyApplication05\app\src\main\java\com\example\myapplication05\AttendanceIndividualAdapter.kt C:\Users\Marvin Marquez\Desktop\MyApplication05\MyApplication05\app\src\main\java\com\example\myapplication05\AttendanceMain.kt C:\Users\Marvin Marquez\Desktop\MyApplication05\MyApplication05\app\src\main\java\com\example\myapplication05\CodeCompilation.kt C:\Users\Marvin Marquez\Desktop\MyApplication05\MyApplication05\app\src\main\java\com\example\myapplication05\DatabaseHandler.kt C:\Users\Marvin Marquez\Desktop\MyApplication05\MyApplication05\app\src\main\java\com\example\myapplication05\EnrolleAdapter.kt C:\Users\Marvin Marquez\Desktop\MyApplication05\MyApplication05\app\src\main\java\com\example\myapplication05\EnrolleMain.kt C:\Users\Marvin Marquez\Desktop\MyApplication05\MyApplication05\app\src\main\java\com\example\myapplication05\FileChooser.kt C:\Users\Marvin Marquez\Desktop\MyApplication05\MyApplication05\app\src\main\java\com\example\myapplication05\GradeAdapter.kt C:\Users\Marvin Marquez\Desktop\MyApplication05\MyApplication05\app\src\main\java\com\example\myapplication05\GradeAverageAdapter.kt C:\Users\Marvin Marquez\Desktop\MyApplication05\MyApplication05\app\src\main\java\com\example\myapplication05\GradeMain.kt C:\Users\Marvin Marquez\Desktop\MyApplication05\MyApplication05\app\src\main\java\com\example\myapplication05\Grades.kt C:\Users\Marvin Marquez\Desktop\MyApplication05\MyApplication05\app\src\main\java\com\example\myapplication05\GroupAdapter.kt C:\Users\Marvin Marquez\Desktop\MyApplication05\MyApplication05\app\src\main\java\com\example\myapplication05\IndividualAdapter.kt C:\Users\Marvin Marquez\Desktop\MyApplication05\MyApplication05\app\src\main\java\com\example\myapplication05\Individualmain.kt C:\Users\Marvin Marquez\Desktop\MyApplication05\MyApplication05\app\src\main\java\com\example\myapplication05\IndividualStudenht.kt C:\Users\Marvin Marquez\Desktop\MyApplication05\MyApplication05\app\src\main\java\com\example\myapplication05\LogAdapter.kt C:\Users\Marvin Marquez\Desktop\MyApplication05\MyApplication05\app\src\main\java\com\example\myapplication05\LogMain.kt C:\Users\Marvin Marquez\Desktop\MyApplication05\MyApplication05\app\src\main\java\com\example\myapplication05\MainActivity.kt C:\Users\Marvin Marquez\Desktop\MyApplication05\MyApplication05\app\src\main\java\com\example\myapplication05\MiscAdapter.kt C:\Users\Marvin Marquez\Desktop\MyApplication05\MyApplication05\app\src\main\java\com\example\myapplication05\MiscMain.kt C:\Users\Marvin Marquez\Desktop\MyApplication05\MyApplication05\app\src\main\java\com\example\myapplication05\MiscOption.kt C:\Users\Marvin Marquez\Desktop\MyApplication05\MyApplication05\app\src\main\java\com\example\myapplication05\MiscOptionAdapter.kt C:\Users\Marvin Marquez\Desktop\MyApplication05\MyApplication05\app\src\main\java\com\example\myapplication05\MiscStudent.kt C:\Users\Marvin Marquez\Desktop\MyApplication05\MyApplication05\app\src\main\java\com\example\myapplication05\MissingAdapter.kt C:\Users\Marvin Marquez\Desktop\MyApplication05\MyApplication05\app\src\main\java\com\example\myapplication05\MissingMain.kt C:\Users\Marvin Marquez\Desktop\MyApplication05\MyApplication05\app\src\main\java\com\example\myapplication05\Model.kt C:\Users\Marvin Marquez\Desktop\MyApplication05\MyApplication05\app\src\main\java\com\example\myapplication05\OpenNewPDF.kt C:\Users\Marvin Marquez\Desktop\MyApplication05\MyApplication05\app\src\main\java\com\example\myapplication05\OpenPdf_Adapter.kt C:\Users\Marvin Marquez\Desktop\MyApplication05\MyApplication05\app\src\main\java\com\example\myapplication05\PdfRecordAdapter.kt C:\Users\Marvin Marquez\Desktop\MyApplication05\MyApplication05\app\src\main\java\com\example\myapplication05\RandomAdapter.kt C:\Users\Marvin Marquez\Desktop\MyApplication05\MyApplication05\app\src\main\java\com\example\myapplication05\RandomMain.kt C:\Users\Marvin Marquez\Desktop\MyApplication05\MyApplication05\app\src\main\java\com\example\myapplication05\Reading.kt C:\Users\Marvin Marquez\Desktop\MyApplication05\MyApplication05\app\src\main\java\com\example\myapplication05\Sample.kt C:\Users\Marvin Marquez\Desktop\MyApplication05\MyApplication05\app\src\main\java\com\example\myapplication05\Sample1.kt C:\Users\Marvin Marquez\Desktop\MyApplication05\MyApplication05\app\src\main\java\com\example\myapplication05\ScanQRcode.kt C:\Users\Marvin Marquez\Desktop\MyApplication05\MyApplication05\app\src\main\java\com\example\myapplication05\SchedMain.kt C:\Users\Marvin Marquez\Desktop\MyApplication05\MyApplication05\app\src\main\java\com\example\myapplication05\ScheduleAdapter.kt C:\Users\Marvin Marquez\Desktop\MyApplication05\MyApplication05\app\src\main\java\com\example\myapplication05\ScoreAdapter.kt C:\Users\Marvin Marquez\Desktop\MyApplication05\MyApplication05\app\src\main\java\com\example\myapplication05\ScoreIndividualAdapter.kt C:\Users\Marvin Marquez\Desktop\MyApplication05\MyApplication05\app\src\main\java\com\example\myapplication05\ScoreIndividualMain.kt C:\Users\Marvin Marquez\Desktop\MyApplication05\MyApplication05\app\src\main\java\com\example\myapplication05\ScoreMain.kt C:\Users\Marvin Marquez\Desktop\MyApplication05\MyApplication05\app\src\main\java\com\example\myapplication05\SearchAdapter.kt C:\Users\Marvin Marquez\Desktop\MyApplication05\MyApplication05\app\src\main\java\com\example\myapplication05\SearchStudent.kt C:\Users\Marvin Marquez\Desktop\MyApplication05\MyApplication05\app\src\main\java\com\example\myapplication05\SectionAdapter.kt C:\Users\Marvin Marquez\Desktop\MyApplication05\MyApplication05\app\src\main\java\com\example\myapplication05\SectionMain.kt C:\Users\Marvin Marquez\Desktop\MyApplication05\MyApplication05\app\src\main\java\com\example\myapplication05\SpeaK.kt C:\Users\Marvin Marquez\Desktop\MyApplication05\MyApplication05\app\src\main\java\com\example\myapplication05\SpeakAdapter.kt C:\Users\Marvin Marquez\Desktop\MyApplication05\MyApplication05\app\src\main\java\com\example\myapplication05\SpeakAnswerAdapter.kt C:\Users\Marvin Marquez\Desktop\MyApplication05\MyApplication05\app\src\main\java\com\example\myapplication05\SpeakAnswerMain.kt C:\Users\Marvin Marquez\Desktop\MyApplication05\MyApplication05\app\src\main\java\com\example\myapplication05\SpeakRow.kt C:\Users\Marvin Marquez\Desktop\MyApplication05\MyApplication05\app\src\main\java\com\example\myapplication05\StudentAdapter.kt C:\Users\Marvin Marquez\Desktop\MyApplication05\MyApplication05\app\src\main\java\com\example\myapplication05\StudentMain.kt C:\Users\Marvin Marquez\Desktop\MyApplication05\MyApplication05\app\src\main\java\com\example\myapplication05\StudentRandom.kt C:\Users\Marvin Marquez\Desktop\MyApplication05\MyApplication05\app\src\main\java\com\example\myapplication05\SubjectAdapter.kt C:\Users\Marvin Marquez\Desktop\MyApplication05\MyApplication05\app\src\main\java\com\example\myapplication05\SubjectMain.kt C:\Users\Marvin Marquez\Desktop\MyApplication05\MyApplication05\app\src\main\java\com\example\myapplication05\SummaryAdapter.kt C:\Users\Marvin Marquez\Desktop\MyApplication05\MyApplication05\app\src\main\java\com\example\myapplication05\SummaryMain.kt C:\Users\Marvin Marquez\Desktop\MyApplication05\MyApplication05\app\src\main\java\com\example\myapplication05\TableAttendance.kt C:\Users\Marvin Marquez\Desktop\MyApplication05\MyApplication05\app\src\main\java\com\example\myapplication05\TableRandom.kt C:\Users\Marvin Marquez\Desktop\MyApplication05\MyApplication05\app\src\main\java\com\example\myapplication05\TableSstudent.kt C:\Users\Marvin Marquez\Desktop\MyApplication05\MyApplication05\app\src\main\java\com\example\myapplication05\TablrActivity.kt C:\Users\Marvin Marquez\Desktop\MyApplication05\MyApplication05\app\src\main\java\com\example\myapplication05\Utilities.kt

Host: AMD Ryzen 5 3500U with Radeon Vega Mobile Gfx  , 8 cores, 6G,  Windows 10 , 64 bit Build 19041 (10.0.19041.2364)
Time: Mon Feb 13 15:02:31 2023 Malay Peninsula Standard Time elapsed time: 0.738530 seconds (0d 0h 0m 0s)

---------------  T H R E A D  ---------------

Current thread (0x000002b0688ed800):  JavaThread "C2 CompilerThread0" daemon [_thread_in_native, id=3208, stack(0x000000ed74200000,0x000000ed74300000)]


Current CompileTask:
C2:    738 1308   !   4       com.sun.proxy.$Proxy2::value (29 bytes)

Stack: [0x000000ed74200000,0x000000ed74300000]
Native frames: (J=compiled Java code, j=interpreted, Vv=VM code, C=native code)
V  [jvm.dll+0x5f214a]
V  [jvm.dll+0x726fb5]
V  [jvm.dll+0x7285cd]
V  [jvm.dll+0x728c83]
V  [jvm.dll+0x243278]
V  [jvm.dll+0xbc53c]
V  [jvm.dll+0xbca3c]
V  [jvm.dll+0x2b5c34]
V  [jvm.dll+0x508488]
V  [jvm.dll+0x203d53]
V  [jvm.dll+0x1fdbac]
V  [jvm.dll+0x1fb35f]
V  [jvm.dll+0x183d6c]
V  [jvm.dll+0x209a57]
V  [jvm.dll+0x2082a1]
V  [jvm.dll+0x6ef58f]
V  [jvm.dll+0x6e80b5]
V  [jvm.dll+0x5f1036]
C  [ucrtbase.dll+0x21bb2]
C  [KERNEL32.DLL+0x17614]
C  [ntdll.dll+0x526a1]


---------------  P R O C E S S  ---------------

Threads class SMR info:
_java_thread_list=0x000002b0692b5810, length=12, elements={
0x000002b04ee64000, 0x000002b0690f1800, 0x000002b0690fa800, 0x000002b0688e3000,
0x000002b0688e5000, 0x000002b0688e8000, 0x000002b0688ed800, 0x000002b06914f000,
0x000002b069155800, 0x000002b0692ac800, 0x000002b06914a800, 0x000002b06914c800
}

Java Threads: ( => current thread )
  0x000002b04ee64000 JavaThread "main" [_thread_in_native, id=13100, stack(0x000000ed73600000,0x000000ed73700000)]
  0x000002b0690f1800 JavaThread "Reference Handler" daemon [_thread_blocked, id=14772, stack(0x000000ed73d00000,0x000000ed73e00000)]
  0x000002b0690fa800 JavaThread "Finalizer" daemon [_thread_blocked, id=13436, stack(0x000000ed73e00000,0x000000ed73f00000)]
  0x000002b0688e3000 JavaThread "Signal Dispatcher" daemon [_thread_blocked, id=452, stack(0x000000ed73f00000,0x000000ed74000000)]
  0x000002b0688e5000 JavaThread "Attach Listener" daemon [_thread_blocked, id=10284, stack(0x000000ed74000000,0x000000ed74100000)]
  0x000002b0688e8000 JavaThread "Service Thread" daemon [_thread_blocked, id=11948, stack(0x000000ed74100000,0x000000ed74200000)]
=>0x000002b0688ed800 JavaThread "C2 CompilerThread0" daemon [_thread_in_native, id=3208, stack(0x000000ed74200000,0x000000ed74300000)]
  0x000002b06914f000 JavaThread "C1 CompilerThread0" daemon [_thread_blocked, id=3524, stack(0x000000ed74300000,0x000000ed74400000)]
  0x000002b069155800 JavaThread "Sweeper thread" daemon [_thread_blocked, id=10416, stack(0x000000ed74400000,0x000000ed74500000)]
  0x000002b0692ac800 JavaThread "Common-Cleaner" daemon [_thread_blocked, id=5852, stack(0x000000ed74600000,0x000000ed74700000)]
  0x000002b06914a800 JavaThread "C2 CompilerThread1" daemon [_thread_in_native, id=3740, stack(0x000000ed74700000,0x000000ed74800000)]
  0x000002b06914c800 JavaThread "C2 CompilerThread2" daemon [_thread_in_native, id=2468, stack(0x000000ed74800000,0x000000ed74900000)]

Other Threads:
  0x000002b0688d1800 VMThread "VM Thread" [stack: 0x000000ed73c00000,0x000000ed73d00000] [id=1464]
  0x000002b0692a2000 WatcherThread [stack: 0x000000ed74500000,0x000000ed74600000] [id=14716]
  0x000002b04ee7a800 GCTaskThread "GC Thread#0" [stack: 0x000000ed73700000,0x000000ed73800000] [id=10512]
  0x000002b06994e800 GCTaskThread "GC Thread#1" [stack: 0x000000ed74900000,0x000000ed74a00000] [id=7584]
  0x000002b04eea5000 ConcurrentGCThread "G1 Main Marker" [stack: 0x000000ed73800000,0x000000ed73900000] [id=8588]
  0x000002b04eea8000 ConcurrentGCThread "G1 Conc#0" [stack: 0x000000ed73900000,0x000000ed73a00000] [id=2524]
  0x000002b0699e2800 ConcurrentGCThread "G1 Conc#1" [stack: 0x000000ed74a00000,0x000000ed74b00000] [id=6916]
  0x000002b04ef0e000 ConcurrentGCThread "G1 Refine#0" [stack: 0x000000ed73a00000,0x000000ed73b00000] [id=1840]
  0x000002b068719800 ConcurrentGCThread "G1 Young RemSet Sampling" [stack: 0x000000ed73b00000,0x000000ed73c00000] [id=9944]

Threads with active compile tasks:
C2 CompilerThread0    750 1308   !   4       com.sun.proxy.$Proxy2::value (29 bytes)
C2 CompilerThread1    750 1306       4       sun.reflect.annotation.AnnotationInvocationHandler::invoke (178 bytes)
C2 CompilerThread2    750 1310       4       org.jetbrains.kotlin.cli.common.arguments.ParseCommandLineArgumentsKt::isAdvanced (46 bytes)

VM state:not at safepoint (normal execution)

VM Mutex/Monitor currently owned by a thread: None

Heap address: 0x0000000091000000, size: 1776 MB, Compressed Oops mode: 32-bit
Narrow klass base: 0x0000000000000000, Narrow klass shift: 3
Compressed class space size: 1073741824 Address: 0x0000000100000000

Heap:
 garbage-first heap   total 114688K, used 8553K [0x0000000091000000, 0x0000000100000000)
  region size 1024K, 4 young (4096K), 3 survivors (3072K)
 Metaspace       used 14673K, capacity 14863K, committed 15104K, reserved 1075200K
  class space    used 1464K, capacity 1522K, committed 1536K, reserved 1048576K
Heap Regions: E=young(eden), S=young(survivor), O=old, HS=humongous(starts), HC=humongous(continues), CS=collection set, F=free, A=archive, TAMS=top-at-mark-start (previous, next)
|   0|0x0000000091000000, 0x0000000091100000, 0x0000000091100000|100%|HS|  |TAMS 0x0000000091100000, 0x0000000091100000| Complete 
|   1|0x0000000091100000, 0x0000000091200000, 0x0000000091200000|100%|HC|  |TAMS 0x0000000091200000, 0x0000000091200000| Complete 
|   2|0x0000000091200000, 0x0000000091300000, 0x0000000091300000|100%|HC|  |TAMS 0x0000000091300000, 0x0000000091300000| Complete 
|   3|0x0000000091300000, 0x0000000091400000, 0x0000000091400000|100%| O|  |TAMS 0x0000000091306000, 0x0000000091400000| Untracked 
|   4|0x0000000091400000, 0x0000000091500000, 0x0000000091500000|100%| O|  |TAMS 0x0000000091400000, 0x0000000091500000| Untracked 
|   5|0x0000000091500000, 0x0000000091600000, 0x0000000091600000|100%| O|  |TAMS 0x0000000091500000, 0x0000000091600000| Untracked 
|   6|0x0000000091600000, 0x0000000091603200, 0x0000000091700000|  1%| O|  |TAMS 0x0000000091600000, 0x0000000091603200| Untracked 
|   7|0x0000000091700000, 0x0000000091700000, 0x0000000091800000|  0%| F|  |TAMS 0x0000000091700000, 0x0000000091700000| Untracked 
|   8|0x0000000091800000, 0x0000000091800000, 0x0000000091900000|  0%| F|  |TAMS 0x0000000091800000, 0x0000000091800000| Untracked 
|   9|0x0000000091900000, 0x0000000091900000, 0x0000000091a00000|  0%| F|  |TAMS 0x0000000091900000, 0x0000000091900000| Untracked 
|  10|0x0000000091a00000, 0x0000000091a00000, 0x0000000091b00000|  0%| F|  |TAMS 0x0000000091a00000, 0x0000000091a00000| Untracked 
|  11|0x0000000091b00000, 0x0000000091b00000, 0x0000000091c00000|  0%| F|  |TAMS 0x0000000091b00000, 0x0000000091b00000| Untracked 
|  12|0x0000000091c00000, 0x0000000091c00000, 0x0000000091d00000|  0%| F|  |TAMS 0x0000000091c00000, 0x0000000091c00000| Untracked 
|  13|0x0000000091d00000, 0x0000000091d00000, 0x0000000091e00000|  0%| F|  |TAMS 0x0000000091d00000, 0x0000000091d00000| Untracked 
|  14|0x0000000091e00000, 0x0000000091e00000, 0x0000000091f00000|  0%| F|  |TAMS 0x0000000091e00000, 0x0000000091e00000| Untracked 
|  15|0x0000000091f00000, 0x0000000091f00000, 0x0000000092000000|  0%| F|  |TAMS 0x0000000091f00000, 0x0000000091f00000| Untracked 
|  16|0x0000000092000000, 0x0000000092000000, 0x0000000092100000|  0%| F|  |TAMS 0x0000000092000000, 0x0000000092000000| Untracked 
|  17|0x0000000092100000, 0x0000000092100000, 0x0000000092200000|  0%| F|  |TAMS 0x0000000092100000, 0x0000000092100000| Untracked 
|  18|0x0000000092200000, 0x0000000092200000, 0x0000000092300000|  0%| F|  |TAMS 0x0000000092200000, 0x0000000092200000| Untracked 
|  19|0x0000000092300000, 0x0000000092300000, 0x0000000092400000|  0%| F|  |TAMS 0x0000000092300000, 0x0000000092300000| Untracked 
|  20|0x0000000092400000, 0x0000000092400000, 0x0000000092500000|  0%| F|  |TAMS 0x0000000092400000, 0x0000000092400000| Untracked 
|  21|0x0000000092500000, 0x0000000092500000, 0x0000000092600000|  0%| F|  |TAMS 0x0000000092500000, 0x0000000092500000| Untracked 
|  22|0x0000000092600000, 0x0000000092600000, 0x0000000092700000|  0%| F|  |TAMS 0x0000000092600000, 0x0000000092600000| Untracked 
|  23|0x0000000092700000, 0x0000000092700000, 0x0000000092800000|  0%| F|  |TAMS 0x0000000092700000, 0x0000000092700000| Untracked 
|  24|0x0000000092800000, 0x0000000092800000, 0x0000000092900000|  0%| F|  |TAMS 0x0000000092800000, 0x0000000092800000| Untracked 
|  25|0x0000000092900000, 0x0000000092900000, 0x0000000092a00000|  0%| F|  |TAMS 0x0000000092900000, 0x0000000092900000| Untracked 
|  26|0x0000000092a00000, 0x0000000092a00000, 0x0000000092b00000|  0%| F|  |TAMS 0x0000000092a00000, 0x0000000092a00000| Untracked 
|  27|0x0000000092b00000, 0x0000000092b00000, 0x0000000092c00000|  0%| F|  |TAMS 0x0000000092b00000, 0x0000000092b00000| Untracked 
|  28|0x0000000092c00000, 0x0000000092c00000, 0x0000000092d00000|  0%| F|  |TAMS 0x0000000092c00000, 0x0000000092c00000| Untracked 
|  29|0x0000000092d00000, 0x0000000092d00000, 0x0000000092e00000|  0%| F|  |TAMS 0x0000000092d00000, 0x0000000092d00000| Untracked 
|  30|0x0000000092e00000, 0x0000000092e00000, 0x0000000092f00000|  0%| F|  |TAMS 0x0000000092e00000, 0x0000000092e00000| Untracked 
|  31|0x0000000092f00000, 0x0000000092f00000, 0x0000000093000000|  0%| F|  |TAMS 0x0000000092f00000, 0x0000000092f00000| Untracked 
|  32|0x0000000093000000, 0x0000000093000000, 0x0000000093100000|  0%| F|  |TAMS 0x0000000093000000, 0x0000000093000000| Untracked 
|  33|0x0000000093100000, 0x0000000093100000, 0x0000000093200000|  0%| F|  |TAMS 0x0000000093100000, 0x0000000093100000| Untracked 
|  34|0x0000000093200000, 0x0000000093200000, 0x0000000093300000|  0%| F|  |TAMS 0x0000000093200000, 0x0000000093200000| Untracked 
|  35|0x0000000093300000, 0x0000000093300000, 0x0000000093400000|  0%| F|  |TAMS 0x0000000093300000, 0x0000000093300000| Untracked 
|  36|0x0000000093400000, 0x0000000093400000, 0x0000000093500000|  0%| F|  |TAMS 0x0000000093400000, 0x0000000093400000| Untracked 
|  37|0x0000000093500000, 0x0000000093500000, 0x0000000093600000|  0%| F|  |TAMS 0x0000000093500000, 0x0000000093500000| Untracked 
|  38|0x0000000093600000, 0x0000000093600000, 0x0000000093700000|  0%| F|  |TAMS 0x0000000093600000, 0x0000000093600000| Untracked 
|  39|0x0000000093700000, 0x0000000093700000, 0x0000000093800000|  0%| F|  |TAMS 0x0000000093700000, 0x0000000093700000| Untracked 
|  40|0x0000000093800000, 0x0000000093800000, 0x0000000093900000|  0%| F|  |TAMS 0x0000000093800000, 0x0000000093800000| Untracked 
|  41|0x0000000093900000, 0x0000000093900000, 0x0000000093a00000|  0%| F|  |TAMS 0x0000000093900000, 0x0000000093900000| Untracked 
|  42|0x0000000093a00000, 0x0000000093a00000, 0x0000000093b00000|  0%| F|  |TAMS 0x0000000093a00000, 0x0000000093a00000| Untracked 
|  43|0x0000000093b00000, 0x0000000093b00000, 0x0000000093c00000|  0%| F|  |TAMS 0x0000000093b00000, 0x0000000093b00000| Untracked 
|  44|0x0000000093c00000, 0x0000000093c00000, 0x0000000093d00000|  0%| F|  |TAMS 0x0000000093c00000, 0x0000000093c00000| Untracked 
|  45|0x0000000093d00000, 0x0000000093d00000, 0x0000000093e00000|  0%| F|  |TAMS 0x0000000093d00000, 0x0000000093d00000| Untracked 
|  46|0x0000000093e00000, 0x0000000093e00000, 0x0000000093f00000|  0%| F|  |TAMS 0x0000000093e00000, 0x0000000093e00000| Untracked 
|  47|0x0000000093f00000, 0x0000000093f00000, 0x0000000094000000|  0%| F|  |TAMS 0x0000000093f00000, 0x0000000093f00000| Untracked 
|  48|0x0000000094000000, 0x0000000094000000, 0x0000000094100000|  0%| F|  |TAMS 0x0000000094000000, 0x0000000094000000| Untracked 
|  49|0x0000000094100000, 0x0000000094100000, 0x0000000094200000|  0%| F|  |TAMS 0x0000000094100000, 0x0000000094100000| Untracked 
|  50|0x0000000094200000, 0x0000000094200000, 0x0000000094300000|  0%| F|  |TAMS 0x0000000094200000, 0x0000000094200000| Untracked 
|  51|0x0000000094300000, 0x0000000094300000, 0x0000000094400000|  0%| F|  |TAMS 0x0000000094300000, 0x0000000094300000| Untracked 
|  52|0x0000000094400000, 0x0000000094400000, 0x0000000094500000|  0%| F|  |TAMS 0x0000000094400000, 0x0000000094400000| Untracked 
|  53|0x0000000094500000, 0x0000000094500000, 0x0000000094600000|  0%| F|  |TAMS 0x0000000094500000, 0x0000000094500000| Untracked 
|  54|0x0000000094600000, 0x0000000094600000, 0x0000000094700000|  0%| F|  |TAMS 0x0000000094600000, 0x0000000094600000| Untracked 
|  55|0x0000000094700000, 0x0000000094700000, 0x0000000094800000|  0%| F|  |TAMS 0x0000000094700000, 0x0000000094700000| Untracked 
|  56|0x0000000094800000, 0x0000000094800000, 0x0000000094900000|  0%| F|  |TAMS 0x0000000094800000, 0x0000000094800000| Untracked 
|  57|0x0000000094900000, 0x0000000094900000, 0x0000000094a00000|  0%| F|  |TAMS 0x0000000094900000, 0x0000000094900000| Untracked 
|  58|0x0000000094a00000, 0x0000000094a00000, 0x0000000094b00000|  0%| F|  |TAMS 0x0000000094a00000, 0x0000000094a00000| Untracked 
|  59|0x0000000094b00000, 0x0000000094b00000, 0x0000000094c00000|  0%| F|  |TAMS 0x0000000094b00000, 0x0000000094b00000| Untracked 
|  60|0x0000000094c00000, 0x0000000094c00000, 0x0000000094d00000|  0%| F|  |TAMS 0x0000000094c00000, 0x0000000094c00000| Untracked 
|  61|0x0000000094d00000, 0x0000000094d00000, 0x0000000094e00000|  0%| F|  |TAMS 0x0000000094d00000, 0x0000000094d00000| Untracked 
|  62|0x0000000094e00000, 0x0000000094e00000, 0x0000000094f00000|  0%| F|  |TAMS 0x0000000094e00000, 0x0000000094e00000| Untracked 
|  63|0x0000000094f00000, 0x0000000094f00000, 0x0000000095000000|  0%| F|  |TAMS 0x0000000094f00000, 0x0000000094f00000| Untracked 
|  64|0x0000000095000000, 0x0000000095000000, 0x0000000095100000|  0%| F|  |TAMS 0x0000000095000000, 0x0000000095000000| Untracked 
|  65|0x0000000095100000, 0x0000000095100000, 0x0000000095200000|  0%| F|  |TAMS 0x0000000095100000, 0x0000000095100000| Untracked 
|  66|0x0000000095200000, 0x0000000095200000, 0x0000000095300000|  0%| F|  |TAMS 0x0000000095200000, 0x0000000095200000| Untracked 
|  67|0x0000000095300000, 0x0000000095300000, 0x0000000095400000|  0%| F|  |TAMS 0x0000000095300000, 0x0000000095300000| Untracked 
|  68|0x0000000095400000, 0x0000000095400000, 0x0000000095500000|  0%| F|  |TAMS 0x0000000095400000, 0x0000000095400000| Untracked 
|  69|0x0000000095500000, 0x0000000095500000, 0x0000000095600000|  0%| F|  |TAMS 0x0000000095500000, 0x0000000095500000| Untracked 
|  70|0x0000000095600000, 0x0000000095600000, 0x0000000095700000|  0%| F|  |TAMS 0x0000000095600000, 0x0000000095600000| Untracked 
|  71|0x0000000095700000, 0x0000000095700000, 0x0000000095800000|  0%| F|  |TAMS 0x0000000095700000, 0x0000000095700000| Untracked 
|  72|0x0000000095800000, 0x0000000095800000, 0x0000000095900000|  0%| F|  |TAMS 0x0000000095800000, 0x0000000095800000| Untracked 
|  73|0x0000000095900000, 0x0000000095900000, 0x0000000095a00000|  0%| F|  |TAMS 0x0000000095900000, 0x0000000095900000| Untracked 
|  74|0x0000000095a00000, 0x0000000095a00000, 0x0000000095b00000|  0%| F|  |TAMS 0x0000000095a00000, 0x0000000095a00000| Untracked 
|  75|0x0000000095b00000, 0x0000000095b00000, 0x0000000095c00000|  0%| F|  |TAMS 0x0000000095b00000, 0x0000000095b00000| Untracked 
|  76|0x0000000095c00000, 0x0000000095c00000, 0x0000000095d00000|  0%| F|  |TAMS 0x0000000095c00000, 0x0000000095c00000| Untracked 
|  77|0x0000000095d00000, 0x0000000095d00000, 0x0000000095e00000|  0%| F|  |TAMS 0x0000000095d00000, 0x0000000095d00000| Untracked 
|  78|0x0000000095e00000, 0x0000000095e00000, 0x0000000095f00000|  0%| F|  |TAMS 0x0000000095e00000, 0x0000000095e00000| Untracked 
|  79|0x0000000095f00000, 0x0000000095f00000, 0x0000000096000000|  0%| F|  |TAMS 0x0000000095f00000, 0x0000000095f00000| Untracked 
|  80|0x0000000096000000, 0x0000000096000000, 0x0000000096100000|  0%| F|  |TAMS 0x0000000096000000, 0x0000000096000000| Untracked 
|  81|0x0000000096100000, 0x0000000096100000, 0x0000000096200000|  0%| F|  |TAMS 0x0000000096100000, 0x0000000096100000| Untracked 
|  82|0x0000000096200000, 0x0000000096200000, 0x0000000096300000|  0%| F|  |TAMS 0x0000000096200000, 0x0000000096200000| Untracked 
|  83|0x0000000096300000, 0x0000000096300000, 0x0000000096400000|  0%| F|  |TAMS 0x0000000096300000, 0x0000000096300000| Untracked 
|  84|0x0000000096400000, 0x0000000096400000, 0x0000000096500000|  0%| F|  |TAMS 0x0000000096400000, 0x0000000096400000| Untracked 
|  85|0x0000000096500000, 0x0000000096500000, 0x0000000096600000|  0%| F|  |TAMS 0x0000000096500000, 0x0000000096500000| Untracked 
|  86|0x0000000096600000, 0x0000000096600000, 0x0000000096700000|  0%| F|  |TAMS 0x0000000096600000, 0x0000000096600000| Untracked 
|  87|0x0000000096700000, 0x0000000096700000, 0x0000000096800000|  0%| F|  |TAMS 0x0000000096700000, 0x0000000096700000| Untracked 
|  88|0x0000000096800000, 0x0000000096800000, 0x0000000096900000|  0%| F|  |TAMS 0x0000000096800000, 0x0000000096800000| Untracked 
|  89|0x0000000096900000, 0x0000000096900000, 0x0000000096a00000|  0%| F|  |TAMS 0x0000000096900000, 0x0000000096900000| Untracked 
|  90|0x0000000096a00000, 0x0000000096a00000, 0x0000000096b00000|  0%| F|  |TAMS 0x0000000096a00000, 0x0000000096a00000| Untracked 
|  91|0x0000000096b00000, 0x0000000096b00000, 0x0000000096c00000|  0%| F|  |TAMS 0x0000000096b00000, 0x0000000096b00000| Untracked 
|  92|0x0000000096c00000, 0x0000000096c00000, 0x0000000096d00000|  0%| F|  |TAMS 0x0000000096c00000, 0x0000000096c00000| Untracked 
|  93|0x0000000096d00000, 0x0000000096d00000, 0x0000000096e00000|  0%| F|  |TAMS 0x0000000096d00000, 0x0000000096d00000| Untracked 
|  94|0x0000000096e00000, 0x0000000096e00000, 0x0000000096f00000|  0%| F|  |TAMS 0x0000000096e00000, 0x0000000096e00000| Untracked 
|  95|0x0000000096f00000, 0x0000000096f00000, 0x0000000097000000|  0%| F|  |TAMS 0x0000000096f00000, 0x0000000096f00000| Untracked 
|  96|0x0000000097000000, 0x0000000097000000, 0x0000000097100000|  0%| F|  |TAMS 0x0000000097000000, 0x0000000097000000| Untracked 
|  97|0x0000000097100000, 0x0000000097100000, 0x0000000097200000|  0%| F|  |TAMS 0x0000000097100000, 0x0000000097100000| Untracked 
|  98|0x0000000097200000, 0x0000000097200000, 0x0000000097300000|  0%| F|  |TAMS 0x0000000097200000, 0x0000000097200000| Untracked 
|  99|0x0000000097300000, 0x0000000097300000, 0x0000000097400000|  0%| F|  |TAMS 0x0000000097300000, 0x0000000097300000| Untracked 
| 100|0x0000000097400000, 0x0000000097400000, 0x0000000097500000|  0%| F|  |TAMS 0x0000000097400000, 0x0000000097400000| Untracked 
| 101|0x0000000097500000, 0x0000000097500000, 0x0000000097600000|  0%| F|  |TAMS 0x0000000097500000, 0x0000000097500000| Untracked 
| 102|0x0000000097600000, 0x0000000097600000, 0x0000000097700000|  0%| F|  |TAMS 0x0000000097600000, 0x0000000097600000| Untracked 
| 103|0x0000000097700000, 0x0000000097700000, 0x0000000097800000|  0%| F|  |TAMS 0x0000000097700000, 0x0000000097700000| Untracked 
| 104|0x0000000097800000, 0x0000000097800000, 0x0000000097900000|  0%| F|  |TAMS 0x0000000097800000, 0x0000000097800000| Untracked 
| 105|0x0000000097900000, 0x00000000979572b8, 0x0000000097a00000| 34%| S|CS|TAMS 0x0000000097900000, 0x0000000097900000| Complete 
| 106|0x0000000097a00000, 0x0000000097b00000, 0x0000000097b00000|100%| S|CS|TAMS 0x0000000097a00000, 0x0000000097a00000| Complete 
| 107|0x0000000097b00000, 0x0000000097c00000, 0x0000000097c00000|100%| S|CS|TAMS 0x0000000097b00000, 0x0000000097b00000| Complete 
| 108|0x0000000097c00000, 0x0000000097c00000, 0x0000000097d00000|  0%| F|  |TAMS 0x0000000097c00000, 0x0000000097c00000| Untracked 
| 109|0x0000000097d00000, 0x0000000097d00000, 0x0000000097e00000|  0%| F|  |TAMS 0x0000000097d00000, 0x0000000097d00000| Untracked 
| 110|0x0000000097e00000, 0x0000000097e00000, 0x0000000097f00000|  0%| F|  |TAMS 0x0000000097e00000, 0x0000000097e00000| Untracked 
| 111|0x0000000097f00000, 0x0000000097f80000, 0x0000000098000000| 50%| E|  |TAMS 0x0000000097f00000, 0x0000000097f00000| Complete 

Card table byte_map: [0x000002b061ff0000,0x000002b062370000] _byte_map_base: 0x000002b061b68000

Marking Bits (Prev, Next): (CMBitMap*) 0x000002b04ee9d420, (CMBitMap*) 0x000002b04ee9d3e8
 Prev Bits: [0x000002b0642b0000, 0x000002b065e70000)
 Next Bits: [0x000002b0626f0000, 0x000002b0642b0000)

Polling page: 0x000002b04e610000

Metaspace:

Usage:
  Non-class:     13.09 MB capacity,    12.98 MB (>99%) used,    97.17 KB ( <1%) free+waste,    13.19 KB ( <1%) overhead. 
      Class:      1.49 MB capacity,     1.44 MB ( 97%) used,    45.33 KB (  3%) free+waste,     4.81 KB ( <1%) overhead. 
       Both:     14.58 MB capacity,    14.42 MB ( 99%) used,   142.50 KB ( <1%) free+waste,    18.00 KB ( <1%) overhead. 

Virtual space:
  Non-class space:       26.00 MB reserved,      13.25 MB ( 51%) committed 
      Class space:        1.00 GB reserved,       1.50 MB ( <1%) committed 
             Both:        1.03 GB reserved,      14.75 MB (  1%) committed 

Chunk freelists:
   Non-Class:  35.00 KB
       Class:  14.00 KB
        Both:  49.00 KB

MaxMetaspaceSize: 17179869184.00 GB
CompressedClassSpaceSize: 1.00 GB

CodeHeap 'non-profiled nmethods': size=120000Kb used=375Kb max_used=375Kb free=119624Kb
 bounds [0x000002b05a400000, 0x000002b05a670000, 0x000002b061930000]
CodeHeap 'profiled nmethods': size=120000Kb used=2251Kb max_used=2251Kb free=117749Kb
 bounds [0x000002b052ed0000, 0x000002b053140000, 0x000002b05a400000]
CodeHeap 'non-nmethods': size=5760Kb used=1096Kb max_used=1120Kb free=4663Kb
 bounds [0x000002b052930000, 0x000002b052ba0000, 0x000002b052ed0000]
 total_blobs=1710 nmethods=1307 adapters=314
 compilation: enabled
              stopped_count=0, restarted_count=0
 full_count=0

Compilation events (20 events):
Event: 0.726 Thread 0x000002b06914f000 1303   !   3       com.sun.proxy.$Proxy2::shortName (29 bytes)
Event: 0.726 Thread 0x000002b06914f000 nmethod 1303 0x000002b0530fb590 code [0x000002b0530fb780, 0x000002b0530fbb18]
Event: 0.727 Thread 0x000002b06914c800 1305       4       java.util.LinkedHashMap::get (33 bytes)
Event: 0.727 Thread 0x000002b06914f000 1300       3       org.jetbrains.kotlin.cli.common.arguments.ParseCommandLineArgumentsKt$parsePreprocessedCommandLineArguments$1::invoke (345 bytes)
Event: 0.727 Thread 0x000002b06914a800 1306       4       sun.reflect.annotation.AnnotationInvocationHandler::invoke (178 bytes)
Event: 0.729 Thread 0x000002b0688ed800 nmethod 1298 0x000002b05a45c890 code [0x000002b05a45ca20, 0x000002b05a45cc18]
Event: 0.729 Thread 0x000002b0688ed800 1307       4       kotlin.jvm.internal.Intrinsics::areEqual (22 bytes)
Event: 0.729 Thread 0x000002b0688ed800 nmethod 1307 0x000002b05a45cd90 code [0x000002b05a45cf20, 0x000002b05a45cf98]
Event: 0.729 Thread 0x000002b0688ed800 1308   !   4       com.sun.proxy.$Proxy2::value (29 bytes)
Event: 0.730 Thread 0x000002b06914f000 nmethod 1300 0x000002b0530fbd10 code [0x000002b0530fc440, 0x000002b053100138]
Event: 0.730 Thread 0x000002b06914f000 1304   !   3       com.sun.proxy.$Proxy2::deprecatedName (29 bytes)
Event: 0.730 Thread 0x000002b06914f000 nmethod 1304 0x000002b053101a10 code [0x000002b053101c00, 0x000002b053101f78]
Event: 0.730 Thread 0x000002b06914f000 1301       3       kotlin.reflect.jvm.internal.pcollections.HashPMap::getEntries (22 bytes)
Event: 0.730 Thread 0x000002b06914f000 nmethod 1301 0x000002b053102190 code [0x000002b053102360, 0x000002b0531026a8]
Event: 0.730 Thread 0x000002b06914f000 1302       3       kotlin.reflect.jvm.internal.pcollections.IntTreePMap::get (10 bytes)
Event: 0.730 Thread 0x000002b06914f000 nmethod 1302 0x000002b053102810 code [0x000002b0531029c0, 0x000002b053102b08]
Event: 0.731 Thread 0x000002b06914c800 nmethod 1305 0x000002b05a45d090 code [0x000002b05a45d240, 0x000002b05a45d4b8]
Event: 0.731 Thread 0x000002b06914c800 1309       4       kotlin.text.StringsKt__StringsJVMKt::startsWith (37 bytes)
Event: 0.734 Thread 0x000002b06914c800 nmethod 1309 0x000002b05a45d710 code [0x000002b05a45d8a0, 0x000002b05a45dad8]
Event: 0.734 Thread 0x000002b06914c800 1310       4       org.jetbrains.kotlin.cli.common.arguments.ParseCommandLineArgumentsKt::isAdvanced (46 bytes)

GC Heap History (4 events):
Event: 0.508 GC heap before
{Heap before GC invocations=0 (full 0):
 garbage-first heap   total 114688K, used 26624K [0x0000000091000000, 0x0000000100000000)
  region size 1024K, 24 young (24576K), 0 survivors (0K)
 Metaspace       used 12509K, capacity 12624K, committed 12800K, reserved 1060864K
  class space    used 1210K, capacity 1249K, committed 1280K, reserved 1048576K
}
Event: 0.513 GC heap after
{Heap after GC invocations=1 (full 0):
 garbage-first heap   total 114688K, used 6168K [0x0000000091000000, 0x0000000100000000)
  region size 1024K, 3 young (3072K), 3 survivors (3072K)
 Metaspace       used 12509K, capacity 12624K, committed 12800K, reserved 1060864K
  class space    used 1210K, capacity 1249K, committed 1280K, reserved 1048576K
}
Event: 0.669 GC heap before
{Heap before GC invocations=1 (full 0):
 garbage-first heap   total 114688K, used 16408K [0x0000000091000000, 0x0000000100000000)
  region size 1024K, 14 young (14336K), 3 survivors (3072K)
 Metaspace       used 14095K, capacity 14227K, committed 14336K, reserved 1069056K
  class space    used 1384K, capacity 1442K, committed 1536K, reserved 1048576K
}
Event: 0.679 GC heap after
{Heap after GC invocations=2 (full 0):
 garbage-first heap   total 114688K, used 8038K [0x0000000091000000, 0x0000000100000000)
  region size 1024K, 5 young (5120K), 5 survivors (5120K)
 Metaspace       used 14095K, capacity 14227K, committed 14336K, reserved 1069056K
  class space    used 1384K, capacity 1442K, committed 1536K, reserved 1048576K
}

Deoptimization events (20 events):
Event: 0.453 Thread 0x000002b04ee64000 DEOPT PACKING pc=0x000002b052f27b7f sp=0x000000ed736fca30
Event: 0.453 Thread 0x000002b04ee64000 DEOPT UNPACKING pc=0x000002b052956dde sp=0x000000ed736fbe80 mode 0
Event: 0.465 Thread 0x000002b04ee64000 Uncommon trap: trap_request=0xffffff4d fr.pc=0x000002b05a428e8c relative=0x00000000000003cc
Event: 0.465 Thread 0x000002b04ee64000 Uncommon trap: reason=unstable_if action=reinterpret pc=0x000002b05a428e8c method=java.lang.StringLatin1.indexOf([BI[BII)I @ 91 c2
Event: 0.465 Thread 0x000002b04ee64000 DEOPT PACKING pc=0x000002b05a428e8c sp=0x000000ed736fd8c0
Event: 0.465 Thread 0x000002b04ee64000 DEOPT UNPACKING pc=0x000002b05295662f sp=0x000000ed736fd848 mode 2
Event: 0.491 Thread 0x000002b04ee64000 DEOPT PACKING pc=0x000002b052fd6d7f sp=0x000000ed736f8680
Event: 0.491 Thread 0x000002b04ee64000 DEOPT UNPACKING pc=0x000002b052956dde sp=0x000000ed736f7ad0 mode 0
Event: 0.498 Thread 0x000002b04ee64000 Uncommon trap: trap_request=0xffffff4d fr.pc=0x000002b05a429dd0 relative=0x0000000000000110
Event: 0.498 Thread 0x000002b04ee64000 Uncommon trap: reason=unstable_if action=reinterpret pc=0x000002b05a429dd0 method=kotlin.reflect.jvm.internal.impl.protobuf.CodedInputStream.readRawVarint32()I @ 10 c2
Event: 0.498 Thread 0x000002b04ee64000 DEOPT PACKING pc=0x000002b05a429dd0 sp=0x000000ed736fb7d0
Event: 0.498 Thread 0x000002b04ee64000 DEOPT UNPACKING pc=0x000002b05295662f sp=0x000000ed736fb750 mode 2
Event: 0.540 Thread 0x000002b04ee64000 DEOPT PACKING pc=0x000002b052fd6d7f sp=0x000000ed736fc980
Event: 0.540 Thread 0x000002b04ee64000 DEOPT UNPACKING pc=0x000002b052956dde sp=0x000000ed736fbdd0 mode 0
Event: 0.624 Thread 0x000002b04ee64000 DEOPT PACKING pc=0x000002b052fd6d7f sp=0x000000ed736f9af0
Event: 0.624 Thread 0x000002b04ee64000 DEOPT UNPACKING pc=0x000002b052956dde sp=0x000000ed736f8f40 mode 0
Event: 0.716 Thread 0x000002b04ee64000 DEOPT PACKING pc=0x000002b052fd6d7f sp=0x000000ed736fd1d0
Event: 0.716 Thread 0x000002b04ee64000 DEOPT UNPACKING pc=0x000002b052956dde sp=0x000000ed736fc620 mode 0
Event: 0.725 Thread 0x000002b04ee64000 DEOPT PACKING pc=0x000002b052fd6d7f sp=0x000000ed736fe990
Event: 0.725 Thread 0x000002b04ee64000 DEOPT UNPACKING pc=0x000002b052956dde sp=0x000000ed736fde08 mode 0

Classes redefined (0 events):
No events

Internal exceptions (1 events):
Event: 0.175 Thread 0x000002b04ee64000 Exception <a 'java/lang/NoSuchMethodError'{0x0000000097c69470}: 'int java.lang.invoke.DirectMethodHandle$Holder.invokeSpecialIFC(java.lang.Object, java.lang.Object, int)'> (0x0000000097c69470) thrown at [./src/hotspot/share/interpreter/linkResolver.cpp, line 773]

Events (20 events):
Event: 0.725 loading class java/util/StringJoiner
Event: 0.725 loading class java/util/StringJoiner done
Event: 0.733 loading class org/jetbrains/kotlin/cli/common/messages/PrintingMessageCollector
Event: 0.733 loading class org/jetbrains/kotlin/cli/common/messages/PrintingMessageCollector done
Event: 0.734 loading class org/jetbrains/kotlin/cli/common/CLITool$disableURLConnectionCaches$1
Event: 0.734 loading class org/jetbrains/kotlin/cli/common/CLITool$disableURLConnectionCaches$1 done
Event: 0.734 loading class org/jetbrains/kotlin/cli/common/ArgumentsKt
Event: 0.734 loading class org/jetbrains/kotlin/cli/common/ArgumentsKt done
Event: 0.734 loading class org/jetbrains/kotlin/utils/SmartList$EmptyIterator
Event: 0.734 loading class org/jetbrains/kotlin/utils/SmartList$EmptyIterator done
Event: 0.735 loading class org/jetbrains/kotlin/cli/common/messages/GroupingMessageCollector
Event: 0.735 loading class org/jetbrains/kotlin/cli/common/messages/GroupingMessageCollector done
Event: 0.735 loading class org/jetbrains/kotlin/com/google/common/collect/Multimap
Event: 0.735 loading class org/jetbrains/kotlin/com/google/common/collect/Multimap done
Event: 0.735 loading class org/jetbrains/kotlin/com/google/common/collect/LinkedHashMultimap
Event: 0.735 loading class org/jetbrains/kotlin/com/google/common/collect/LinkedHashMultimap done
Event: 0.736 loading class org/jetbrains/kotlin/com/google/common/collect/LinkedHashMultimapGwtSerializationDependencies
Event: 0.736 loading class org/jetbrains/kotlin/com/google/common/collect/LinkedHashMultimapGwtSerializationDependencies done
Event: 0.736 loading class org/jetbrains/kotlin/com/google/common/collect/AbstractSetMultimap
Event: 0.736 loading class org/jetbrains/kotlin/com/google/common/collect/AbstractSetMultimap done


Dynamic libraries:
0x00007ff7624e0000 - 0x00007ff7624ea000 	C:\Program Files\Android\Android Studio\jre\bin\java.exe
0x00007ffc56210000 - 0x00007ffc56408000 	C:\Windows\SYSTEM32\ntdll.dll
0x00007ffc54550000 - 0x00007ffc5460f000 	C:\Windows\System32\KERNEL32.DLL
0x00007ffc53d80000 - 0x00007ffc54052000 	C:\Windows\System32\KERNELBASE.dll
0x00007ffc539e0000 - 0x00007ffc53ae0000 	C:\Windows\System32\ucrtbase.dll
0x00007ffc4fa60000 - 0x00007ffc4fa79000 	C:\Program Files\Android\Android Studio\jre\bin\jli.dll
0x00007ffc4fa40000 - 0x00007ffc4fa57000 	C:\Program Files\Android\Android Studio\jre\bin\VCRUNTIME140.dll
0x00007ffc546b0000 - 0x00007ffc54851000 	C:\Windows\System32\USER32.dll
0x00007ffc3a680000 - 0x00007ffc3a91a000 	C:\Windows\WinSxS\amd64_microsoft.windows.common-controls_6595b64144ccf1df_6.0.19041.1110_none_60b5254171f9507e\COMCTL32.dll
0x00007ffc54220000 - 0x00007ffc54242000 	C:\Windows\System32\win32u.dll
0x00007ffc54610000 - 0x00007ffc546ae000 	C:\Windows\System32\msvcrt.dll
0x00007ffc54250000 - 0x00007ffc5427b000 	C:\Windows\System32\GDI32.dll
0x00007ffc53ae0000 - 0x00007ffc53bef000 	C:\Windows\System32\gdi32full.dll
0x00007ffc54180000 - 0x00007ffc5421d000 	C:\Windows\System32\msvcp_win.dll
0x00007ffc56120000 - 0x00007ffc56152000 	C:\Windows\System32\IMM32.DLL
0x00007ffc19780000 - 0x00007ffc1981d000 	C:\Program Files\Android\Android Studio\jre\bin\msvcp140.dll
0x00007ffbeac00000 - 0x00007ffbeb6d5000 	C:\Program Files\Android\Android Studio\jre\bin\server\jvm.dll
0x00007ffc54420000 - 0x00007ffc544ce000 	C:\Windows\System32\ADVAPI32.dll
0x00007ffc54f70000 - 0x00007ffc5500c000 	C:\Windows\System32\sechost.dll
0x00007ffc55770000 - 0x00007ffc55895000 	C:\Windows\System32\RPCRT4.dll
0x00007ffc558a0000 - 0x00007ffc558a8000 	C:\Windows\System32\PSAPI.DLL
0x00007ffc4be30000 - 0x00007ffc4be39000 	C:\Windows\SYSTEM32\WSOCK32.dll
0x00007ffc4bc50000 - 0x00007ffc4bc5a000 	C:\Windows\SYSTEM32\VERSION.dll
0x00007ffc50b10000 - 0x00007ffc50b37000 	C:\Windows\SYSTEM32\WINMM.dll
0x00007ffc56160000 - 0x00007ffc561cb000 	C:\Windows\System32\WS2_32.dll
0x00007ffc52150000 - 0x00007ffc52162000 	C:\Windows\SYSTEM32\kernel.appcore.dll
0x00007ffc4be10000 - 0x00007ffc4be21000 	C:\Program Files\Android\Android Studio\jre\bin\verify.dll
0x00007ffc519b0000 - 0x00007ffc51b94000 	C:\Windows\SYSTEM32\DBGHELP.DLL
0x00007ffc3f520000 - 0x00007ffc3f555000 	C:\Windows\SYSTEM32\dbgcore.DLL
0x00007ffc53950000 - 0x00007ffc539d2000 	C:\Windows\System32\bcryptPrimitives.dll
0x00007ffc21580000 - 0x00007ffc215a9000 	C:\Program Files\Android\Android Studio\jre\bin\java.dll
0x00007ffc21570000 - 0x00007ffc2157b000 	C:\Program Files\Android\Android Studio\jre\bin\jimage.dll
0x00007ffbeabe0000 - 0x00007ffbeabf8000 	C:\Program Files\Android\Android Studio\jre\bin\zip.dll
0x00007ffc55010000 - 0x00007ffc55754000 	C:\Windows\System32\SHELL32.dll
0x00007ffc51140000 - 0x00007ffc518d2000 	C:\Windows\SYSTEM32\windows.storage.dll
0x00007ffc55c90000 - 0x00007ffc55fe5000 	C:\Windows\System32\combase.dll
0x00007ffc53280000 - 0x00007ffc532b0000 	C:\Windows\SYSTEM32\Wldp.dll
0x00007ffc54280000 - 0x00007ffc5432d000 	C:\Windows\System32\SHCORE.dll
0x00007ffc54e60000 - 0x00007ffc54eb5000 	C:\Windows\System32\shlwapi.dll
0x00007ffc53840000 - 0x00007ffc5385f000 	C:\Windows\SYSTEM32\profapi.dll
0x00007ffbeabc0000 - 0x00007ffbeabda000 	C:\Program Files\Android\Android Studio\jre\bin\net.dll
0x00007ffc49c10000 - 0x00007ffc49d1c000 	C:\Windows\SYSTEM32\WINHTTP.dll
0x00007ffc52fe0000 - 0x00007ffc5304a000 	C:\Windows\system32\mswsock.dll
0x00007ffbeaba0000 - 0x00007ffbeabb4000 	C:\Program Files\Android\Android Studio\jre\bin\nio.dll

dbghelp: loaded successfully - version: 4.0.5 - missing functions: none
symbol engine: initialized successfully - sym options: 0x614 - pdb path: .;C:\Program Files\Android\Android Studio\jre\bin;C:\Windows\SYSTEM32;C:\Windows\WinSxS\amd64_microsoft.windows.common-controls_6595b64144ccf1df_6.0.19041.1110_none_60b5254171f9507e;C:\Program Files\Android\Android Studio\jre\bin\server

VM Arguments:
java_command: org.jetbrains.kotlin.cli.jvm.K2JVMCompiler -Xallow-no-source-files -classpath C:\Users\Marvin Marquez\Desktop\MyApplication05\MyApplication05\app\libs\javax.mail-1.6.2.jar;C:\Users\Marvin Marquez\.gradle\caches\modules-2\files-2.1\org.jetbrains.kotlin\kotlin-android-extensions-runtime\1.3.50\bec16087637a7cafe54894e73d38037977cb30d2\kotlin-android-extensions-runtime-1.3.50.jar;C:\Users\Marvin Marquez\.gradle\caches\transforms-3\4813ba349f94c7a66629ac77c439fe76\transformed\activity-ktx-1.2.3-api.jar;C:\Users\Marvin Marquez\.gradle\caches\modules-2\files-2.1\org.jetbrains.kotlin\kotlin-stdlib-jdk7\1.3.50\50ad05ea1c2595fb31b800e76db464d08d599af3\kotlin-stdlib-jdk7-1.3.50.jar;C:\Users\Marvin Marquez\.gradle\caches\transforms-3\9a4175e9b6b18403b1eefc0ff0013cdb\transformed\core-ktx-1.1.0-api.jar;C:\Users\Marvin Marquez\.gradle\caches\transforms-3\7795437edaf2b9f397937b00add13d0c\transformed\lifecycle-runtime-ktx-2.3.1-api.jar;C:\Users\Marvin Marquez\.gradle\caches\transforms-3\210082358c15d2e08e638b5959edef6f\transformed\lifecycle-viewmodel-ktx-2.3.1-api.jar;C:\Users\Marvin Marquez\.gradle\caches\transforms-3\dfe8beb0cdc847caa3757f818624ce7c\transformed\savedstate-ktx-1.1.0-api.jar;C:\Users\Marvin Marquez\.gradle\caches\modules-2\files-2.1\org.jetbrains.kotlinx\kotlinx-coroutines-android\1.4.1\2349e3c971098c0c5379403b64a844d0c3cc2f3d\kotlinx-coroutines-android-1.4.1.jar;C:\Users\Marvin Marquez\.gradle\caches\modules-2\files-2.1\org.jetbrains.kotlinx\kotlinx-coroutines-core-jvm\1.4.1\936067d1e0195f638396f60e71da745bb14a35ca\kotlinx-coroutines-core-jvm-1.4.1.jar;C:\Users\Marvin Marquez\.gradle\caches\modules-2\files-2.1\org.jetbrains.kotlin\kotlin-stdlib\1.4.20\9be77b243a362b745e365f286627b8724337009c\kotlin-stdlib-1.4.20.jar;C:\Users\Marvin Marquez\.gradle\caches\modules-2\files-2.1\org.jetbrains.kotlin\kotlin-stdlib-common\1.4.20\c6761d7805b5312302f2bbd78cda68c976ce0c70\kotlin-stdlib-common-1.4.20.jar;C:\Users\Marvin Marquez\.gradle\caches\modules-2\files-2
java_class_path (initial): C:\Users\Marvin Marquez\.gradle\caches\modules-2\files-2.1\org.jetbrains.kotlin\kotlin-compiler-embeddable\1.3.50\1251c1768e5769b06c2487d6f6cf8acf6efb8960\kotlin-compiler-embeddable-1.3.50.jar;C:\Users\Marvin Marquez\.gradle\caches\modules-2\files-2.1\org.jetbrains.kotlin\kotlin-reflect\1.3.50\b499f22fd7c3e9c2e5b6c4005221fa47fc7f9a7a\kotlin-reflect-1.3.50.jar;C:\Users\Marvin Marquez\.gradle\caches\modules-2\files-2.1\org.jetbrains.kotlin\kotlin-stdlib\1.3.50\b529d1738c7e98bbfa36a4134039528f2ce78ebf\kotlin-stdlib-1.3.50.jar;C:\Users\Marvin Marquez\.gradle\caches\modules-2\files-2.1\org.jetbrains.kotlin\kotlin-script-runtime\1.3.50\59492b8dfb92522ba0ddb5dd1c4d0ef0a4fca1af\kotlin-script-runtime-1.3.50.jar;C:\Users\Marvin Marquez\.gradle\caches\modules-2\files-2.1\org.jetbrains.kotlin\kotlin-daemon-embeddable\1.3.50\5cb93bb33f4c6f833ead0beca4c831668e00cf52\kotlin-daemon-embeddable-1.3.50.jar;C:\Users\Marvin Marquez\.gradle\caches\modules-2\files-2.1\org.jetbrains.intellij.deps\trove4j\1.0.20181211\216c2e14b070f334479d800987affe4054cd563f\trove4j-1.0.20181211.jar;C:\Users\Marvin Marquez\.gradle\caches\modules-2\files-2.1\org.jetbrains.kotlin\kotlin-stdlib-common\1.3.50\3d9cd3e1bc7b92e95f43d45be3bfbcf38e36ab87\kotlin-stdlib-common-1.3.50.jar;C:\Users\Marvin Marquez\.gradle\caches\modules-2\files-2.1\org.jetbrains\annotations\13.0\919f0dfe192fb4e063e7dacadee7f8bb9a2672a9\annotations-13.0.jar
Launcher Type: SUN_STANDARD

[Global flags]
     intx CICompilerCount                          = 4                                         {product} {ergonomic}
     uint ConcGCThreads                            = 2                                         {product} {ergonomic}
     uint G1ConcRefinementThreads                  = 8                                         {product} {ergonomic}
   size_t G1HeapRegionSize                         = 1048576                                   {product} {ergonomic}
    uintx GCDrainStackTargetSize                   = 64                                        {product} {ergonomic}
   size_t InitialHeapSize                          = 117440512                                 {product} {ergonomic}
   size_t MarkStackSize                            = 4194304                                   {product} {ergonomic}
   size_t MaxHeapSize                              = 1862270976                                {product} {ergonomic}
   size_t MaxNewSize                               = 1116733440                                {product} {ergonomic}
   size_t MinHeapDeltaBytes                        = 1048576                                   {product} {ergonomic}
    uintx NonNMethodCodeHeapSize                   = 5836300                                {pd product} {ergonomic}
    uintx NonProfiledCodeHeapSize                  = 122910970                              {pd product} {ergonomic}
    uintx ProfiledCodeHeapSize                     = 122910970                              {pd product} {ergonomic}
    uintx ReservedCodeCacheSize                    = 251658240                              {pd product} {ergonomic}
     bool SegmentedCodeCache                       = true                                      {product} {ergonomic}
     bool UseCompressedClassPointers               = true                                 {lp64_product} {ergonomic}
     bool UseCompressedOops                        = true                                 {lp64_product} {ergonomic}
     bool UseG1GC                                  = true                                      {product} {ergonomic}
     bool UseLargePagesIndividualAllocation        = false                                  {pd product} {ergonomic}

Logging:
Log output configuration:
 #0: stdout all=warning uptime,level,tags
 #1: stderr all=off uptime,level,tags

Environment Variables:
JAVA_HOME=C:\Users\Marvin Marquez\AppData\Local\Programs\Eclipse Adoptium\jdk-17.0.2.8-hotspot\
PATH=C:\ProgramData\Oracle\Java\javapath;C:\Program Files\Common Files\Oracle\Java\javapath;C:\Windows\system32;C:\Windows;C:\Windows\System32\Wbem;C:\Windows\System32\WindowsPowerShell\v1.0\;C:\Windows\System32\OpenSSH\;C:\Program Files\Git\cmd;C:\Program Files\CMake\bin;C:\Program Files (x86)\Microsoft SQL Server\100\Tools\Binn\;C:\Program Files\Microsoft SQL Server\100\Tools\Binn\;C:\Program Files\Microsoft SQL Server\100\DTS\Binn\;C:\Program Files\Calibre2\;C:\Program Files\dotnet\;C:\Users\Marvin Marquez\AppData\Local\Programs\Eclipse Adoptium\jdk-17.0.2.8-hotspot\bin;C:\Users\Marvin Marquez\AppData\Local\Microsoft\WindowsApps;C:\Users\Marvin Marquez\AppData\Local\Programs\Microsoft VS Code\bin;C:\msys64\mingw64\bin;C:\MinGW\bin;
USERNAME=Marvin Marquez
OS=Windows_NT
PROCESSOR_IDENTIFIER=AMD64 Family 23 Model 24 Stepping 1, AuthenticAMD



---------------  S Y S T E M  ---------------

OS: Windows 10 , 64 bit Build 19041 (10.0.19041.2364)
OS uptime: 0 days 2:54 hours

CPU:total 8 (initial active 8) (8 cores per cpu, 2 threads per core) family 23 model 24 stepping 1 microcode 0x0, cmov, cx8, fxsr, mmx, sse, sse2, sse3, ssse3, sse4.1, sse4.2, popcnt, avx, avx2, aes, clmul, mmxext, 3dnowpref, lzcnt, sse4a, ht, tsc, tscinvbit, tscinv, bmi1, bmi2, adx, s

Memory: 4k page, system-wide physical 7103M (738M free)
TotalPageFile size 9151M (AvailPageFile size 5M)
current process WorkingSet (physical memory assigned to process): 89M, peak: 89M
current process commit charge ("private bytes"): 207M, peak: 207M

vm_info: OpenJDK 64-Bit Server VM (11.0.11+9-b60-7590822) for windows-amd64 JRE (11.0.11+9-b60-7590822), built on Jul 29 2021 21:43:44 by "builder" with MS VC++ 14.0 (VS2015)

END.
