#
# There is insufficient memory for the Java Runtime Environment to continue.
# Native memory allocation (malloc) failed to allocate 1364176 bytes for Chunk::new
# Possible reasons:
#   The system is out of physical RAM or swap space
#   The process is running with CompressedOops enabled, and the Java Heap may be blocking the growth of the native heap
# Possible solutions:
#   Reduce memory load on the system
#   Increase physical memory or swap space
#   Check if swap backing store is full
#   Decrease Java heap size (-Xmx/-Xms)
#   Decrease number of Java threads
#   Decrease Java thread stack sizes (-Xss)
#   Set larger code cache with -XX:ReservedCodeCacheSize=
#   JVM is running with Unscaled Compressed Oops mode in which the Java heap is
#     placed in the first 4GB address space. The Java Heap base address is the
#     maximum limit for the native heap growth. Please use -XX:HeapBaseMinAddress
#     to set the Java Heap base and to place the Java Heap above 4GB virtual address.
# This output file may be truncated or incomplete.
#
#  Out of Memory Error (./src/hotspot/share/memory/arena.cpp:197), pid=16344, tid=3288
#
# JRE version: OpenJDK Runtime Environment (11.0.11+9) (build 11.0.11+9-b60-7590822)
# Java VM: OpenJDK 64-Bit Server VM (11.0.11+9-b60-7590822, mixed mode, tiered, compressed oops, g1 gc, windows-amd64)
# No core dump will be written. Minidumps are not enabled by default on client versions of Windows
#

---------------  S U M M A R Y ------------

Command Line: --add-opens=java.base/java.util=ALL-UNNAMED --add-opens=java.base/java.lang=ALL-UNNAMED --add-opens=java.base/java.lang.invoke=ALL-UNNAMED --add-opens=java.prefs/java.util.prefs=ALL-UNNAMED -Xmx1536m -Dfile.encoding=windows-1252 -Duser.country=US -Duser.language=en -Duser.variant org.gradle.launcher.daemon.bootstrap.GradleDaemon 6.8

Host: AMD Ryzen 5 3500U with Radeon Vega Mobile Gfx  , 8 cores, 6G,  Windows 10 , 64 bit Build 19041 (10.0.19041.2364)
Time: Tue Feb 14 06:02:14 2023 Malay Peninsula Standard Time elapsed time: 5.126804 seconds (0d 0h 0m 5s)

---------------  T H R E A D  ---------------

Current thread (0x000002a224a3a000):  JavaThread "C2 CompilerThread0" daemon [_thread_in_native, id=3288, stack(0x000000ea8d800000,0x000000ea8d900000)]


Current CompileTask:
C2:   5126 1983   !   4       java.lang.ClassLoader::loadClass (122 bytes)

Stack: [0x000000ea8d800000,0x000000ea8d900000]
Native frames: (J=compiled Java code, j=interpreted, Vv=VM code, C=native code)
V  [jvm.dll+0x5f214a]
V  [jvm.dll+0x726fb5]
V  [jvm.dll+0x7285cd]
V  [jvm.dll+0x728c83]
V  [jvm.dll+0x243278]
V  [jvm.dll+0xbc53c]
V  [jvm.dll+0xbca3c]
V  [jvm.dll+0x353e7d]
V  [jvm.dll+0x19895c]
V  [jvm.dll+0x1fc2ee]
V  [jvm.dll+0x1fb3d4]
V  [jvm.dll+0x183d6c]
V  [jvm.dll+0x209a57]
V  [jvm.dll+0x2082a1]
V  [jvm.dll+0x6ef58f]
V  [jvm.dll+0x6e80b5]
V  [jvm.dll+0x5f1036]
C  [ucrtbase.dll+0x21bb2]
C  [KERNEL32.DLL+0x17614]
C  [ntdll.dll+0x526a1]


---------------  P R O C E S S  ---------------

Threads class SMR info:
_java_thread_list=0x000002a22768d9e0, length=23, elements={
0x000002a20992d800, 0x000002a224a0a800, 0x000002a224a0b800, 0x000002a224a28800,
0x000002a224a2a800, 0x000002a224a2d800, 0x000002a224a3a000, 0x000002a224a3e800,
0x000002a224a3f800, 0x000002a225529000, 0x000002a227662800, 0x000002a2274a4800,
0x000002a226068000, 0x000002a227cd4800, 0x000002a2273be000, 0x000002a226dbe800,
0x000002a2278f5800, 0x000002a226dfe800, 0x000002a227765800, 0x000002a227767000,
0x000002a22776a800, 0x000002a22776b000, 0x000002a227768000
}

Java Threads: ( => current thread )
  0x000002a20992d800 JavaThread "main" [_thread_blocked, id=1308, stack(0x000000ea8cc00000,0x000000ea8cd00000)]
  0x000002a224a0a800 JavaThread "Reference Handler" daemon [_thread_blocked, id=5588, stack(0x000000ea8d300000,0x000000ea8d400000)]
  0x000002a224a0b800 JavaThread "Finalizer" daemon [_thread_blocked, id=14448, stack(0x000000ea8d400000,0x000000ea8d500000)]
  0x000002a224a28800 JavaThread "Signal Dispatcher" daemon [_thread_blocked, id=2932, stack(0x000000ea8d500000,0x000000ea8d600000)]
  0x000002a224a2a800 JavaThread "Attach Listener" daemon [_thread_blocked, id=6504, stack(0x000000ea8d600000,0x000000ea8d700000)]
  0x000002a224a2d800 JavaThread "Service Thread" daemon [_thread_blocked, id=3044, stack(0x000000ea8d700000,0x000000ea8d800000)]
=>0x000002a224a3a000 JavaThread "C2 CompilerThread0" daemon [_thread_in_native, id=3288, stack(0x000000ea8d800000,0x000000ea8d900000)]
  0x000002a224a3e800 JavaThread "C1 CompilerThread0" daemon [_thread_blocked, id=11800, stack(0x000000ea8d900000,0x000000ea8da00000)]
  0x000002a224a3f800 JavaThread "Sweeper thread" daemon [_thread_blocked, id=14124, stack(0x000000ea8da00000,0x000000ea8db00000)]
  0x000002a225529000 JavaThread "Common-Cleaner" daemon [_thread_blocked, id=9620, stack(0x000000ea8db00000,0x000000ea8dc00000)]
  0x000002a227662800 JavaThread "Daemon health stats" [_thread_blocked, id=16300, stack(0x000000ea8e000000,0x000000ea8e100000)]
  0x000002a2274a4800 JavaThread "Incoming local TCP Connector on port 50581" [_thread_in_native, id=13400, stack(0x000000ea8e100000,0x000000ea8e200000)]
  0x000002a226068000 JavaThread "Daemon periodic checks" [_thread_blocked, id=14528, stack(0x000000ea8e200000,0x000000ea8e300000)]
  0x000002a227cd4800 JavaThread "Daemon" [_thread_blocked, id=14620, stack(0x000000ea8e300000,0x000000ea8e400000)]
  0x000002a2273be000 JavaThread "Handler for socket connection from /127.0.0.1:50581 to /127.0.0.1:50582" [_thread_in_native, id=16360, stack(0x000000ea8e400000,0x000000ea8e500000)]
  0x000002a226dbe800 JavaThread "Cancel handler" [_thread_blocked, id=11472, stack(0x000000ea8e600000,0x000000ea8e700000)]
  0x000002a2278f5800 JavaThread "Daemon worker" [_thread_in_Java, id=14816, stack(0x000000ea8e700000,0x000000ea8e800000)]
  0x000002a226dfe800 JavaThread "Asynchronous log dispatcher for DefaultDaemonConnection: socket connection from /127.0.0.1:50581 to /127.0.0.1:50582" [_thread_blocked, id=11788, stack(0x000000ea8e900000,0x000000ea8ea00000)]
  0x000002a227765800 JavaThread "Stdin handler" [_thread_blocked, id=272, stack(0x000000ea8ea00000,0x000000ea8eb00000)]
  0x000002a227767000 JavaThread "Daemon client event forwarder" [_thread_blocked, id=14596, stack(0x000000ea8eb00000,0x000000ea8ec00000)]
  0x000002a22776a800 JavaThread "Cache worker for file hash cache (C:\Users\Marvin Marquez\.gradle\caches\6.8\fileHashes)" [_thread_blocked, id=14872, stack(0x000000ea8e500000,0x000000ea8e600000)]
  0x000002a22776b000 JavaThread "File lock request listener" [_thread_in_native, id=14884, stack(0x000000ea8e800000,0x000000ea8e900000)]
  0x000002a227768000 JavaThread "Cache worker for journal cache (C:\Users\Marvin Marquez\.gradle\caches\journal-1)" [_thread_blocked, id=10064, stack(0x000000ea8f300000,0x000000ea8f400000)]

Other Threads:
  0x000002a2249e4800 VMThread "VM Thread" [stack: 0x000000ea8d200000,0x000000ea8d300000] [id=11200]
  0x000002a225567800 WatcherThread [stack: 0x000000ea8dc00000,0x000000ea8dd00000] [id=3280]
  0x000002a209944000 GCTaskThread "GC Thread#0" [stack: 0x000000ea8cd00000,0x000000ea8ce00000] [id=12676]
  0x000002a226175800 GCTaskThread "GC Thread#1" [stack: 0x000000ea8de00000,0x000000ea8df00000] [id=8688]
  0x000002a2275a5000 GCTaskThread "GC Thread#2" [stack: 0x000000ea8ec00000,0x000000ea8ed00000] [id=10848]
  0x000002a2275a6000 GCTaskThread "GC Thread#3" [stack: 0x000000ea8ed00000,0x000000ea8ee00000] [id=10036]
  0x000002a2275a6800 GCTaskThread "GC Thread#4" [stack: 0x000000ea8ee00000,0x000000ea8ef00000] [id=12216]
  0x000002a226f1d800 GCTaskThread "GC Thread#5" [stack: 0x000000ea8ef00000,0x000000ea8f000000] [id=7912]
  0x000002a226f1e800 GCTaskThread "GC Thread#6" [stack: 0x000000ea8f000000,0x000000ea8f100000] [id=9544]
  0x000002a226f1f000 GCTaskThread "GC Thread#7" [stack: 0x000000ea8f100000,0x000000ea8f200000] [id=932]
  0x000002a20996b800 ConcurrentGCThread "G1 Main Marker" [stack: 0x000000ea8ce00000,0x000000ea8cf00000] [id=13560]
  0x000002a20996c800 ConcurrentGCThread "G1 Conc#0" [stack: 0x000000ea8cf00000,0x000000ea8d000000] [id=16136]
  0x000002a2277ae000 ConcurrentGCThread "G1 Conc#1" [stack: 0x000000ea8f200000,0x000000ea8f300000] [id=17732]
  0x000002a2099fd800 ConcurrentGCThread "G1 Refine#0" [stack: 0x000000ea8d000000,0x000000ea8d100000] [id=7528]
  0x000002a209a00800 ConcurrentGCThread "G1 Young RemSet Sampling" [stack: 0x000000ea8d100000,0x000000ea8d200000] [id=3068]

Threads with active compile tasks:
C2 CompilerThread0   5192 1983   !   4       java.lang.ClassLoader::loadClass (122 bytes)

VM state:not at safepoint (normal execution)

VM Mutex/Monitor currently owned by a thread: None

Heap address: 0x00000000a0000000, size: 1536 MB, Compressed Oops mode: 32-bit
Narrow klass base: 0x0000000000000000, Narrow klass shift: 3
Compressed class space size: 1073741824 Address: 0x0000000100000000

Heap:
 garbage-first heap   total 114688K, used 47253K [0x00000000a0000000, 0x0000000100000000)
  region size 1024K, 33 young (33792K), 2 survivors (2048K)
 Metaspace       used 23779K, capacity 24371K, committed 24496K, reserved 1071104K
  class space    used 3033K, capacity 3222K, committed 3328K, reserved 1048576K
Heap Regions: E=young(eden), S=young(survivor), O=old, HS=humongous(starts), HC=humongous(continues), CS=collection set, F=free, A=archive, TAMS=top-at-mark-start (previous, next)
|   0|0x00000000a0000000, 0x00000000a0100000, 0x00000000a0100000|100%| O|  |TAMS 0x00000000a0100000, 0x00000000a0000000| Untracked 
|   1|0x00000000a0100000, 0x00000000a0200000, 0x00000000a0200000|100%| O|  |TAMS 0x00000000a0200000, 0x00000000a0100000| Untracked 
|   2|0x00000000a0200000, 0x00000000a0300000, 0x00000000a0300000|100%| O|  |TAMS 0x00000000a0300000, 0x00000000a0200000| Untracked 
|   3|0x00000000a0300000, 0x00000000a0400000, 0x00000000a0400000|100%|HS|  |TAMS 0x00000000a0400000, 0x00000000a0300000| Complete 
|   4|0x00000000a0400000, 0x00000000a0500000, 0x00000000a0500000|100%|HC|  |TAMS 0x00000000a0500000, 0x00000000a0400000| Complete 
|   5|0x00000000a0500000, 0x00000000a0600000, 0x00000000a0600000|100%|HC|  |TAMS 0x00000000a0600000, 0x00000000a0500000| Complete 
|   6|0x00000000a0600000, 0x00000000a0700000, 0x00000000a0700000|100%| O|  |TAMS 0x00000000a0700000, 0x00000000a0600000| Untracked 
|   7|0x00000000a0700000, 0x00000000a0800000, 0x00000000a0800000|100%| O|  |TAMS 0x00000000a0800000, 0x00000000a0700000| Untracked 
|   8|0x00000000a0800000, 0x00000000a0900000, 0x00000000a0900000|100%| O|  |TAMS 0x00000000a0900000, 0x00000000a0800000| Untracked 
|   9|0x00000000a0900000, 0x00000000a0a00000, 0x00000000a0a00000|100%| O|  |TAMS 0x00000000a0a00000, 0x00000000a0900000| Untracked 
|  10|0x00000000a0a00000, 0x00000000a0b00000, 0x00000000a0b00000|100%| O|  |TAMS 0x00000000a0b00000, 0x00000000a0a00000| Untracked 
|  11|0x00000000a0b00000, 0x00000000a0c00000, 0x00000000a0c00000|100%| O|  |TAMS 0x00000000a0c00000, 0x00000000a0b00000| Untracked 
|  12|0x00000000a0c00000, 0x00000000a0d00000, 0x00000000a0d00000|100%| O|  |TAMS 0x00000000a0d00000, 0x00000000a0c00000| Untracked 
|  13|0x00000000a0d00000, 0x00000000a0e00000, 0x00000000a0e00000|100%| O|  |TAMS 0x00000000a0e00000, 0x00000000a0d00000| Untracked 
|  14|0x00000000a0e00000, 0x00000000a0ee8800, 0x00000000a0f00000| 90%| O|  |TAMS 0x00000000a0ee8800, 0x00000000a0e00000| Untracked 
|  15|0x00000000a0f00000, 0x00000000a0f00000, 0x00000000a1000000|  0%| F|  |TAMS 0x00000000a0f00000, 0x00000000a0f00000| Untracked 
|  16|0x00000000a1000000, 0x00000000a1000000, 0x00000000a1100000|  0%| F|  |TAMS 0x00000000a1000000, 0x00000000a1000000| Untracked 
|  17|0x00000000a1100000, 0x00000000a1100000, 0x00000000a1200000|  0%| F|  |TAMS 0x00000000a1100000, 0x00000000a1100000| Untracked 
|  18|0x00000000a1200000, 0x00000000a1200000, 0x00000000a1300000|  0%| F|  |TAMS 0x00000000a1200000, 0x00000000a1200000| Untracked 
|  19|0x00000000a1300000, 0x00000000a1300000, 0x00000000a1400000|  0%| F|  |TAMS 0x00000000a1300000, 0x00000000a1300000| Untracked 
|  20|0x00000000a1400000, 0x00000000a1400000, 0x00000000a1500000|  0%| F|  |TAMS 0x00000000a1400000, 0x00000000a1400000| Untracked 
|  21|0x00000000a1500000, 0x00000000a1500000, 0x00000000a1600000|  0%| F|  |TAMS 0x00000000a1500000, 0x00000000a1500000| Untracked 
|  22|0x00000000a1600000, 0x00000000a1600000, 0x00000000a1700000|  0%| F|  |TAMS 0x00000000a1600000, 0x00000000a1600000| Untracked 
|  23|0x00000000a1700000, 0x00000000a1700000, 0x00000000a1800000|  0%| F|  |TAMS 0x00000000a1700000, 0x00000000a1700000| Untracked 
|  24|0x00000000a1800000, 0x00000000a1800000, 0x00000000a1900000|  0%| F|  |TAMS 0x00000000a1800000, 0x00000000a1800000| Untracked 
|  25|0x00000000a1900000, 0x00000000a1900000, 0x00000000a1a00000|  0%| F|  |TAMS 0x00000000a1900000, 0x00000000a1900000| Untracked 
|  26|0x00000000a1a00000, 0x00000000a1a00000, 0x00000000a1b00000|  0%| F|  |TAMS 0x00000000a1a00000, 0x00000000a1a00000| Untracked 
|  27|0x00000000a1b00000, 0x00000000a1b00000, 0x00000000a1c00000|  0%| F|  |TAMS 0x00000000a1b00000, 0x00000000a1b00000| Untracked 
|  28|0x00000000a1c00000, 0x00000000a1c00000, 0x00000000a1d00000|  0%| F|  |TAMS 0x00000000a1c00000, 0x00000000a1c00000| Untracked 
|  29|0x00000000a1d00000, 0x00000000a1d00000, 0x00000000a1e00000|  0%| F|  |TAMS 0x00000000a1d00000, 0x00000000a1d00000| Untracked 
|  30|0x00000000a1e00000, 0x00000000a1e00000, 0x00000000a1f00000|  0%| F|  |TAMS 0x00000000a1e00000, 0x00000000a1e00000| Untracked 
|  31|0x00000000a1f00000, 0x00000000a1f00000, 0x00000000a2000000|  0%| F|  |TAMS 0x00000000a1f00000, 0x00000000a1f00000| Untracked 
|  32|0x00000000a2000000, 0x00000000a2000000, 0x00000000a2100000|  0%| F|  |TAMS 0x00000000a2000000, 0x00000000a2000000| Untracked 
|  33|0x00000000a2100000, 0x00000000a2100000, 0x00000000a2200000|  0%| F|  |TAMS 0x00000000a2100000, 0x00000000a2100000| Untracked 
|  34|0x00000000a2200000, 0x00000000a2200000, 0x00000000a2300000|  0%| F|  |TAMS 0x00000000a2200000, 0x00000000a2200000| Untracked 
|  35|0x00000000a2300000, 0x00000000a2300000, 0x00000000a2400000|  0%| F|  |TAMS 0x00000000a2300000, 0x00000000a2300000| Untracked 
|  36|0x00000000a2400000, 0x00000000a2400000, 0x00000000a2500000|  0%| F|  |TAMS 0x00000000a2400000, 0x00000000a2400000| Untracked 
|  37|0x00000000a2500000, 0x00000000a2500000, 0x00000000a2600000|  0%| F|  |TAMS 0x00000000a2500000, 0x00000000a2500000| Untracked 
|  38|0x00000000a2600000, 0x00000000a2600000, 0x00000000a2700000|  0%| F|  |TAMS 0x00000000a2600000, 0x00000000a2600000| Untracked 
|  39|0x00000000a2700000, 0x00000000a2700000, 0x00000000a2800000|  0%| F|  |TAMS 0x00000000a2700000, 0x00000000a2700000| Untracked 
|  40|0x00000000a2800000, 0x00000000a2800000, 0x00000000a2900000|  0%| F|  |TAMS 0x00000000a2800000, 0x00000000a2800000| Untracked 
|  41|0x00000000a2900000, 0x00000000a2900000, 0x00000000a2a00000|  0%| F|  |TAMS 0x00000000a2900000, 0x00000000a2900000| Untracked 
|  42|0x00000000a2a00000, 0x00000000a2a00000, 0x00000000a2b00000|  0%| F|  |TAMS 0x00000000a2a00000, 0x00000000a2a00000| Untracked 
|  43|0x00000000a2b00000, 0x00000000a2b00000, 0x00000000a2c00000|  0%| F|  |TAMS 0x00000000a2b00000, 0x00000000a2b00000| Untracked 
|  44|0x00000000a2c00000, 0x00000000a2c00000, 0x00000000a2d00000|  0%| F|  |TAMS 0x00000000a2c00000, 0x00000000a2c00000| Untracked 
|  45|0x00000000a2d00000, 0x00000000a2d00000, 0x00000000a2e00000|  0%| F|  |TAMS 0x00000000a2d00000, 0x00000000a2d00000| Untracked 
|  46|0x00000000a2e00000, 0x00000000a2e00000, 0x00000000a2f00000|  0%| F|  |TAMS 0x00000000a2e00000, 0x00000000a2e00000| Untracked 
|  47|0x00000000a2f00000, 0x00000000a2f00000, 0x00000000a3000000|  0%| F|  |TAMS 0x00000000a2f00000, 0x00000000a2f00000| Untracked 
|  48|0x00000000a3000000, 0x00000000a3000000, 0x00000000a3100000|  0%| F|  |TAMS 0x00000000a3000000, 0x00000000a3000000| Untracked 
|  49|0x00000000a3100000, 0x00000000a3100000, 0x00000000a3200000|  0%| F|  |TAMS 0x00000000a3100000, 0x00000000a3100000| Untracked 
|  50|0x00000000a3200000, 0x00000000a3200000, 0x00000000a3300000|  0%| F|  |TAMS 0x00000000a3200000, 0x00000000a3200000| Untracked 
|  51|0x00000000a3300000, 0x00000000a3300000, 0x00000000a3400000|  0%| F|  |TAMS 0x00000000a3300000, 0x00000000a3300000| Untracked 
|  52|0x00000000a3400000, 0x00000000a3400000, 0x00000000a3500000|  0%| F|  |TAMS 0x00000000a3400000, 0x00000000a3400000| Untracked 
|  53|0x00000000a3500000, 0x00000000a3500000, 0x00000000a3600000|  0%| F|  |TAMS 0x00000000a3500000, 0x00000000a3500000| Untracked 
|  54|0x00000000a3600000, 0x00000000a3600000, 0x00000000a3700000|  0%| F|  |TAMS 0x00000000a3600000, 0x00000000a3600000| Untracked 
|  55|0x00000000a3700000, 0x00000000a3700000, 0x00000000a3800000|  0%| F|  |TAMS 0x00000000a3700000, 0x00000000a3700000| Untracked 
|  56|0x00000000a3800000, 0x00000000a3800000, 0x00000000a3900000|  0%| F|  |TAMS 0x00000000a3800000, 0x00000000a3800000| Untracked 
|  57|0x00000000a3900000, 0x00000000a3900000, 0x00000000a3a00000|  0%| F|  |TAMS 0x00000000a3900000, 0x00000000a3900000| Untracked 
|  58|0x00000000a3a00000, 0x00000000a3a00000, 0x00000000a3b00000|  0%| F|  |TAMS 0x00000000a3a00000, 0x00000000a3a00000| Untracked 
|  59|0x00000000a3b00000, 0x00000000a3b00000, 0x00000000a3c00000|  0%| F|  |TAMS 0x00000000a3b00000, 0x00000000a3b00000| Untracked 
|  60|0x00000000a3c00000, 0x00000000a3c00000, 0x00000000a3d00000|  0%| F|  |TAMS 0x00000000a3c00000, 0x00000000a3c00000| Untracked 
|  61|0x00000000a3d00000, 0x00000000a3d00000, 0x00000000a3e00000|  0%| F|  |TAMS 0x00000000a3d00000, 0x00000000a3d00000| Untracked 
|  62|0x00000000a3e00000, 0x00000000a3e00000, 0x00000000a3f00000|  0%| F|  |TAMS 0x00000000a3e00000, 0x00000000a3e00000| Untracked 
|  63|0x00000000a3f00000, 0x00000000a3f00000, 0x00000000a4000000|  0%| F|  |TAMS 0x00000000a3f00000, 0x00000000a3f00000| Untracked 
|  64|0x00000000a4000000, 0x00000000a4000000, 0x00000000a4100000|  0%| F|  |TAMS 0x00000000a4000000, 0x00000000a4000000| Untracked 
|  65|0x00000000a4100000, 0x00000000a4100000, 0x00000000a4200000|  0%| F|  |TAMS 0x00000000a4100000, 0x00000000a4100000| Untracked 
|  66|0x00000000a4200000, 0x00000000a4200000, 0x00000000a4300000|  0%| F|  |TAMS 0x00000000a4200000, 0x00000000a4200000| Untracked 
|  67|0x00000000a4300000, 0x00000000a4300000, 0x00000000a4400000|  0%| F|  |TAMS 0x00000000a4300000, 0x00000000a4300000| Untracked 
|  68|0x00000000a4400000, 0x00000000a4400000, 0x00000000a4500000|  0%| F|  |TAMS 0x00000000a4400000, 0x00000000a4400000| Untracked 
|  69|0x00000000a4500000, 0x00000000a4500000, 0x00000000a4600000|  0%| F|  |TAMS 0x00000000a4500000, 0x00000000a4500000| Untracked 
|  70|0x00000000a4600000, 0x00000000a4600000, 0x00000000a4700000|  0%| F|  |TAMS 0x00000000a4600000, 0x00000000a4600000| Untracked 
|  71|0x00000000a4700000, 0x00000000a4700000, 0x00000000a4800000|  0%| F|  |TAMS 0x00000000a4700000, 0x00000000a4700000| Untracked 
|  72|0x00000000a4800000, 0x00000000a4800000, 0x00000000a4900000|  0%| F|  |TAMS 0x00000000a4800000, 0x00000000a4800000| Untracked 
|  73|0x00000000a4900000, 0x00000000a4900000, 0x00000000a4a00000|  0%| F|  |TAMS 0x00000000a4900000, 0x00000000a4900000| Untracked 
|  74|0x00000000a4a00000, 0x00000000a4a00000, 0x00000000a4b00000|  0%| F|  |TAMS 0x00000000a4a00000, 0x00000000a4a00000| Untracked 
|  75|0x00000000a4b00000, 0x00000000a4b00000, 0x00000000a4c00000|  0%| F|  |TAMS 0x00000000a4b00000, 0x00000000a4b00000| Untracked 
|  76|0x00000000a4c00000, 0x00000000a4c00000, 0x00000000a4d00000|  0%| F|  |TAMS 0x00000000a4c00000, 0x00000000a4c00000| Untracked 
|  77|0x00000000a4d00000, 0x00000000a4d00000, 0x00000000a4e00000|  0%| F|  |TAMS 0x00000000a4d00000, 0x00000000a4d00000| Untracked 
|  78|0x00000000a4e00000, 0x00000000a4e00000, 0x00000000a4f00000|  0%| F|  |TAMS 0x00000000a4e00000, 0x00000000a4e00000| Untracked 
|  79|0x00000000a4f00000, 0x00000000a5000000, 0x00000000a5000000|100%| E|  |TAMS 0x00000000a4f00000, 0x00000000a4f00000| Complete 
|  80|0x00000000a5000000, 0x00000000a5100000, 0x00000000a5100000|100%| E|CS|TAMS 0x00000000a5000000, 0x00000000a5000000| Complete 
|  81|0x00000000a5100000, 0x00000000a5200000, 0x00000000a5200000|100%| E|CS|TAMS 0x00000000a5100000, 0x00000000a5100000| Complete 
|  82|0x00000000a5200000, 0x00000000a5300000, 0x00000000a5300000|100%| E|CS|TAMS 0x00000000a5200000, 0x00000000a5200000| Complete 
|  83|0x00000000a5300000, 0x00000000a5400000, 0x00000000a5400000|100%| E|CS|TAMS 0x00000000a5300000, 0x00000000a5300000| Complete 
|  84|0x00000000a5400000, 0x00000000a5500000, 0x00000000a5500000|100%| E|CS|TAMS 0x00000000a5400000, 0x00000000a5400000| Complete 
|  85|0x00000000a5500000, 0x00000000a553cdf8, 0x00000000a5600000| 23%| S|CS|TAMS 0x00000000a5500000, 0x00000000a5500000| Complete 
|  86|0x00000000a5600000, 0x00000000a5700000, 0x00000000a5700000|100%| S|CS|TAMS 0x00000000a5600000, 0x00000000a5600000| Complete 
|  87|0x00000000a5700000, 0x00000000a5800000, 0x00000000a5800000|100%| E|CS|TAMS 0x00000000a5700000, 0x00000000a5700000| Complete 
|  88|0x00000000a5800000, 0x00000000a5900000, 0x00000000a5900000|100%| E|CS|TAMS 0x00000000a5800000, 0x00000000a5800000| Complete 
|  89|0x00000000a5900000, 0x00000000a5a00000, 0x00000000a5a00000|100%| E|CS|TAMS 0x00000000a5900000, 0x00000000a5900000| Complete 
|  90|0x00000000a5a00000, 0x00000000a5b00000, 0x00000000a5b00000|100%| E|CS|TAMS 0x00000000a5a00000, 0x00000000a5a00000| Complete 
|  91|0x00000000a5b00000, 0x00000000a5c00000, 0x00000000a5c00000|100%| E|CS|TAMS 0x00000000a5b00000, 0x00000000a5b00000| Complete 
|  92|0x00000000a5c00000, 0x00000000a5d00000, 0x00000000a5d00000|100%| E|CS|TAMS 0x00000000a5c00000, 0x00000000a5c00000| Complete 
|  93|0x00000000a5d00000, 0x00000000a5e00000, 0x00000000a5e00000|100%| E|CS|TAMS 0x00000000a5d00000, 0x00000000a5d00000| Complete 
|  94|0x00000000a5e00000, 0x00000000a5f00000, 0x00000000a5f00000|100%| E|CS|TAMS 0x00000000a5e00000, 0x00000000a5e00000| Complete 
|  95|0x00000000a5f00000, 0x00000000a6000000, 0x00000000a6000000|100%| E|CS|TAMS 0x00000000a5f00000, 0x00000000a5f00000| Complete 
|  96|0x00000000a6000000, 0x00000000a6100000, 0x00000000a6100000|100%| E|CS|TAMS 0x00000000a6000000, 0x00000000a6000000| Complete 
|  97|0x00000000a6100000, 0x00000000a6200000, 0x00000000a6200000|100%| E|CS|TAMS 0x00000000a6100000, 0x00000000a6100000| Complete 
|  98|0x00000000a6200000, 0x00000000a6300000, 0x00000000a6300000|100%| E|CS|TAMS 0x00000000a6200000, 0x00000000a6200000| Complete 
|  99|0x00000000a6300000, 0x00000000a6400000, 0x00000000a6400000|100%| E|CS|TAMS 0x00000000a6300000, 0x00000000a6300000| Complete 
| 100|0x00000000a6400000, 0x00000000a6500000, 0x00000000a6500000|100%| E|CS|TAMS 0x00000000a6400000, 0x00000000a6400000| Complete 
| 101|0x00000000a6500000, 0x00000000a6600000, 0x00000000a6600000|100%| E|CS|TAMS 0x00000000a6500000, 0x00000000a6500000| Complete 
| 102|0x00000000a6600000, 0x00000000a6700000, 0x00000000a6700000|100%| E|CS|TAMS 0x00000000a6600000, 0x00000000a6600000| Complete 
| 103|0x00000000a6700000, 0x00000000a6800000, 0x00000000a6800000|100%| E|CS|TAMS 0x00000000a6700000, 0x00000000a6700000| Complete 
| 104|0x00000000a6800000, 0x00000000a6900000, 0x00000000a6900000|100%| E|CS|TAMS 0x00000000a6800000, 0x00000000a6800000| Complete 
| 105|0x00000000a6900000, 0x00000000a6a00000, 0x00000000a6a00000|100%| E|CS|TAMS 0x00000000a6900000, 0x00000000a6900000| Complete 
| 106|0x00000000a6a00000, 0x00000000a6b00000, 0x00000000a6b00000|100%| E|CS|TAMS 0x00000000a6a00000, 0x00000000a6a00000| Complete 
| 107|0x00000000a6b00000, 0x00000000a6c00000, 0x00000000a6c00000|100%| E|CS|TAMS 0x00000000a6b00000, 0x00000000a6b00000| Complete 
| 108|0x00000000a6c00000, 0x00000000a6d00000, 0x00000000a6d00000|100%| E|CS|TAMS 0x00000000a6c00000, 0x00000000a6c00000| Complete 
| 109|0x00000000a6d00000, 0x00000000a6e00000, 0x00000000a6e00000|100%| E|CS|TAMS 0x00000000a6d00000, 0x00000000a6d00000| Complete 
| 110|0x00000000a6e00000, 0x00000000a6f00000, 0x00000000a6f00000|100%| E|CS|TAMS 0x00000000a6e00000, 0x00000000a6e00000| Complete 
| 111|0x00000000a6f00000, 0x00000000a7000000, 0x00000000a7000000|100%| E|CS|TAMS 0x00000000a6f00000, 0x00000000a6f00000| Complete 

Card table byte_map: [0x000002a21e970000,0x000002a21ec70000] _byte_map_base: 0x000002a21e470000

Marking Bits (Prev, Next): (CMBitMap*) 0x000002a2099648f0, (CMBitMap*) 0x000002a2099648b8
 Prev Bits: [0x000002a220770000, 0x000002a221f70000)
 Next Bits: [0x000002a21ef70000, 0x000002a220770000)

Polling page: 0x000002a209a10000

Metaspace:

Usage:
  Non-class:     20.65 MB capacity,    20.26 MB ( 98%) used,   351.97 KB (  2%) free+waste,    45.88 KB ( <1%) overhead. 
      Class:      3.15 MB capacity,     2.96 MB ( 94%) used,   165.13 KB (  5%) free+waste,    23.00 KB ( <1%) overhead. 
       Both:     23.80 MB capacity,    23.23 MB ( 98%) used,   517.09 KB (  2%) free+waste,    68.88 KB ( <1%) overhead. 

Virtual space:
  Non-class space:       22.00 MB reserved,      20.67 MB ( 94%) committed 
      Class space:        1.00 GB reserved,       3.25 MB ( <1%) committed 
             Both:        1.02 GB reserved,      23.92 MB (  2%) committed 

Chunk freelists:
   Non-Class:  19.00 KB
       Class:  10.00 KB
        Both:  29.00 KB

MaxMetaspaceSize: 17179869184.00 GB
CompressedClassSpaceSize: 1.00 GB

CodeHeap 'non-profiled nmethods': size=120000Kb used=939Kb max_used=939Kb free=119060Kb
 bounds [0x000002a2166e0000, 0x000002a216950000, 0x000002a21dc10000]
CodeHeap 'profiled nmethods': size=120000Kb used=4448Kb max_used=4448Kb free=115551Kb
 bounds [0x000002a20f1b0000, 0x000002a20f610000, 0x000002a2166e0000]
CodeHeap 'non-nmethods': size=5760Kb used=1152Kb max_used=1164Kb free=4607Kb
 bounds [0x000002a20ec10000, 0x000002a20ee80000, 0x000002a20f1b0000]
 total_blobs=2555 nmethods=2065 adapters=401
 compilation: enabled
              stopped_count=0, restarted_count=0
 full_count=0

Compilation events (20 events):
Event: 4.940 Thread 0x000002a224a3e800 nmethod 2055 0x000002a2167ca910 code [0x000002a2167caac0, 0x000002a2167cab78]
Event: 4.991 Thread 0x000002a224a3e800 2057       3       jdk.internal.reflect.Reflection::filter (217 bytes)
Event: 4.992 Thread 0x000002a224a3e800 nmethod 2057 0x000002a20f602790 code [0x000002a20f6029e0, 0x000002a20f603568]
Event: 5.090 Thread 0x000002a224a3e800 2058       3       java.nio.Buffer::nextGetIndex (32 bytes)
Event: 5.091 Thread 0x000002a224a3e800 nmethod 2058 0x000002a20f603a10 code [0x000002a20f603be0, 0x000002a20f603da8]
Event: 5.093 Thread 0x000002a224a3e800 2059       3       org.gradle.internal.service.DefaultServiceRegistry::access$1500 (6 bytes)
Event: 5.093 Thread 0x000002a224a3e800 nmethod 2059 0x000002a20f603e90 code [0x000002a20f604040, 0x000002a20f604148]
Event: 5.093 Thread 0x000002a224a3e800 2060       3       jdk.internal.org.objectweb.asm.Frame::pop (53 bytes)
Event: 5.094 Thread 0x000002a224a3e800 nmethod 2060 0x000002a20f604210 code [0x000002a20f604460, 0x000002a20f604b98]
Event: 5.094 Thread 0x000002a224a3e800 2061       3       java.lang.invoke.LambdaForm$Name::withConstraint (20 bytes)
Event: 5.095 Thread 0x000002a224a3e800 nmethod 2061 0x000002a20f604e90 code [0x000002a20f605060, 0x000002a20f605248]
Event: 5.095 Thread 0x000002a224a3e800 2063       3       java.lang.invoke.LambdaFormBuffer::changeName (149 bytes)
Event: 5.096 Thread 0x000002a224a3e800 nmethod 2063 0x000002a20f605310 code [0x000002a20f605500, 0x000002a20f605a28]
Event: 5.113 Thread 0x000002a224a3e800 2064       3       org.gradle.internal.service.DefaultServiceRegistry$ManagedObjectServiceProvider::requiredBy (20 bytes)
Event: 5.114 Thread 0x000002a224a3e800 nmethod 2064 0x000002a20f605c10 code [0x000002a20f605e00, 0x000002a20f6062c8]
Event: 5.114 Thread 0x000002a224a3e800 2065       3       org.gradle.internal.service.DefaultServiceRegistry$ManagedObjectServiceProvider::fromSameRegistry (27 bytes)
Event: 5.114 Thread 0x000002a224a3e800 nmethod 2065 0x000002a20f606410 code [0x000002a20f6065e0, 0x000002a20f606958]
Event: 5.121 Thread 0x000002a224a3e800 2066       3       java.net.URLConnection::<init> (62 bytes)
Event: 5.123 Thread 0x000002a224a3e800 nmethod 2066 0x000002a20f606a10 code [0x000002a20f606c40, 0x000002a20f607308]
Event: 5.123 Thread 0x000002a224a3e800 2067       3       java.net.URLConnection::getDefaultUseCaches (30 bytes)

GC Heap History (6 events):
Event: 1.214 GC heap before
{Heap before GC invocations=0 (full 0):
 garbage-first heap   total 114688K, used 29696K [0x00000000a0000000, 0x0000000100000000)
  region size 1024K, 24 young (24576K), 0 survivors (0K)
 Metaspace       used 10089K, capacity 10288K, committed 10368K, reserved 1058816K
  class space    used 1042K, capacity 1092K, committed 1152K, reserved 1048576K
}
Event: 1.224 GC heap after
{Heap after GC invocations=1 (full 0):
 garbage-first heap   total 114688K, used 8553K [0x00000000a0000000, 0x0000000100000000)
  region size 1024K, 3 young (3072K), 3 survivors (3072K)
 Metaspace       used 10089K, capacity 10288K, committed 10368K, reserved 1058816K
  class space    used 1042K, capacity 1092K, committed 1152K, reserved 1048576K
}
Event: 3.405 GC heap before
{Heap before GC invocations=1 (full 0):
 garbage-first heap   total 114688K, used 73065K [0x00000000a0000000, 0x0000000100000000)
  region size 1024K, 67 young (68608K), 3 survivors (3072K)
 Metaspace       used 17525K, capacity 17935K, committed 18048K, reserved 1064960K
  class space    used 2039K, capacity 2174K, committed 2176K, reserved 1048576K
}
Event: 3.413 GC heap after
{Heap after GC invocations=2 (full 0):
 garbage-first heap   total 114688K, used 15237K [0x00000000a0000000, 0x0000000100000000)
  region size 1024K, 9 young (9216K), 9 survivors (9216K)
 Metaspace       used 17525K, capacity 17935K, committed 18048K, reserved 1064960K
  class space    used 2039K, capacity 2174K, committed 2176K, reserved 1048576K
}
Event: 4.174 GC heap before
{Heap before GC invocations=2 (full 0):
 garbage-first heap   total 114688K, used 39813K [0x00000000a0000000, 0x0000000100000000)
  region size 1024K, 34 young (34816K), 9 survivors (9216K)
 Metaspace       used 20573K, capacity 21123K, committed 21296K, reserved 1069056K
  class space    used 2497K, capacity 2688K, committed 2688K, reserved 1048576K
}
Event: 4.188 GC heap after
{Heap after GC invocations=3 (full 0):
 garbage-first heap   total 114688K, used 16533K [0x00000000a0000000, 0x0000000100000000)
  region size 1024K, 2 young (2048K), 2 survivors (2048K)
 Metaspace       used 20573K, capacity 21123K, committed 21296K, reserved 1069056K
  class space    used 2497K, capacity 2688K, committed 2688K, reserved 1048576K
}

Deoptimization events (20 events):
Event: 4.574 Thread 0x000002a2278f5800 DEOPT PACKING pc=0x000002a216724808 sp=0x000000ea8e7fad10
Event: 4.574 Thread 0x000002a2278f5800 DEOPT UNPACKING pc=0x000002a20ec3662f sp=0x000000ea8e7fac10 mode 2
Event: 4.574 Thread 0x000002a2278f5800 Uncommon trap: trap_request=0xffffff4d fr.pc=0x000002a2167225a8 relative=0x00000000000001e8
Event: 4.574 Thread 0x000002a2278f5800 Uncommon trap: reason=unstable_if action=reinterpret pc=0x000002a2167225a8 method=java.util.HashMap.getNode(ILjava/lang/Object;)Ljava/util/HashMap$Node; @ 129 c2
Event: 4.574 Thread 0x000002a2278f5800 DEOPT PACKING pc=0x000002a2167225a8 sp=0x000000ea8e7fac70
Event: 4.574 Thread 0x000002a2278f5800 DEOPT UNPACKING pc=0x000002a20ec3662f sp=0x000000ea8e7fabf8 mode 2
Event: 4.763 Thread 0x000002a2278f5800 Uncommon trap: trap_request=0xffffff4d fr.pc=0x000002a2167c3ea8 relative=0x0000000000000168
Event: 4.763 Thread 0x000002a2278f5800 Uncommon trap: reason=unstable_if action=reinterpret pc=0x000002a2167c3ea8 method=java.util.HashMap.getNode(ILjava/lang/Object;)Ljava/util/HashMap$Node; @ 129 c2
Event: 4.763 Thread 0x000002a2278f5800 DEOPT PACKING pc=0x000002a2167c3ea8 sp=0x000000ea8e7fcf00
Event: 4.763 Thread 0x000002a2278f5800 DEOPT UNPACKING pc=0x000002a20ec3662f sp=0x000000ea8e7fce10 mode 2
Event: 4.788 Thread 0x000002a2278f5800 Uncommon trap: trap_request=0xffffff4d fr.pc=0x000002a21673f354 relative=0x0000000000000094
Event: 4.788 Thread 0x000002a2278f5800 Uncommon trap: reason=unstable_if action=reinterpret pc=0x000002a21673f354 method=java.util.LinkedHashMap.afterNodeInsertion(Z)V @ 1 c2
Event: 4.788 Thread 0x000002a2278f5800 DEOPT PACKING pc=0x000002a21673f354 sp=0x000000ea8e7fcb30
Event: 4.788 Thread 0x000002a2278f5800 DEOPT UNPACKING pc=0x000002a20ec3662f sp=0x000000ea8e7fcab0 mode 2
Event: 4.794 Thread 0x000002a2278f5800 Uncommon trap: trap_request=0xffffff4d fr.pc=0x000002a21672f3fc relative=0x000000000000023c
Event: 4.794 Thread 0x000002a2278f5800 Uncommon trap: reason=unstable_if action=reinterpret pc=0x000002a21672f3fc method=java.util.concurrent.ConcurrentHashMap.get(Ljava/lang/Object;)Ljava/lang/Object; @ 76 c2
Event: 4.794 Thread 0x000002a2278f5800 DEOPT PACKING pc=0x000002a21672f3fc sp=0x000000ea8e7fac50
Event: 4.794 Thread 0x000002a2278f5800 DEOPT UNPACKING pc=0x000002a20ec3662f sp=0x000000ea8e7fabb8 mode 2
Event: 4.805 Thread 0x000002a2278f5800 DEOPT PACKING pc=0x000002a20f4a6e78 sp=0x000000ea8e7faba0
Event: 4.805 Thread 0x000002a2278f5800 DEOPT UNPACKING pc=0x000002a20ec36dde sp=0x000000ea8e7fa108 mode 0

Classes redefined (0 events):
No events

Internal exceptions (20 events):
Event: 3.260 Thread 0x000002a2273be000 Exception <a 'java/lang/NoSuchMethodError'{0x00000000a32d8e20}: <clinit>> (0x00000000a32d8e20) thrown at [./src/hotspot/share/prims/jni.cpp, line 1362]
Event: 3.365 Thread 0x000002a2278f5800 Exception <a 'java/lang/NoSuchMethodError'{0x00000000a2e94b30}: 'void java.lang.invoke.DelegatingMethodHandle$Holder.reinvoke_L(java.lang.Object, java.lang.Object, java.lang.Object, java.lang.Object)'> (0x00000000a2e94b30) thrown at [./src/hotspot/share/interpreter/linkResolver.cpp, line 773]
Event: 3.372 Thread 0x000002a2278f5800 Exception <a 'java/lang/NoSuchMethodError'{0x00000000a2ec5648}: 'long java.lang.invoke.DirectMethodHandle$Holder.invokeInterface(java.lang.Object, java.lang.Object)'> (0x00000000a2ec5648) thrown at [./src/hotspot/share/interpreter/linkResolver.cpp, line 773]
Event: 3.376 Thread 0x000002a2278f5800 Exception <a 'java/lang/NoSuchMethodError'{0x00000000a2ee70a0}: 'void java.lang.invoke.DelegatingMethodHandle$Holder.reinvoke_L(java.lang.Object, java.lang.Object, java.lang.Object, java.lang.Object, java.lang.Object, java.lang.Object, java.lang.Object)'> (0x00000000a2ee70a0) thrown at [./src/hotspot/share/interpreter/linkResolver.cpp, line 773]
Event: 3.771 Thread 0x000002a2278f5800 Exception <a 'java/lang/NoSuchMethodError'{0x00000000a62bc770}: 'java.lang.Object java.lang.invoke.DirectMethodHandle$Holder.invokeVirtual(java.lang.Object, java.lang.Object, java.lang.Object)'> (0x00000000a62bc770) thrown at [./src/hotspot/share/interpreter/linkResolver.cpp, line 773]
Event: 3.860 Thread 0x000002a2278f5800 Exception <a 'java/lang/NoSuchMethodError'{0x00000000a5e7b528}: 'void java.lang.invoke.DirectMethodHandle$Holder.invokeStaticInit(java.lang.Object)'> (0x00000000a5e7b528) thrown at [./src/hotspot/share/interpreter/linkResolver.cpp, line 773]
Event: 3.943 Thread 0x000002a2278f5800 Exception <a 'java/lang/NoSuchMethodError'{0x00000000a5ceb6b8}: 'java.lang.Object java.lang.invoke.DirectMethodHandle$Holder.invokeStatic(java.lang.Object, java.lang.Object, java.lang.Object, int)'> (0x00000000a5ceb6b8) thrown at [./src/hotspot/share/interpreter/linkResolver.cpp, line 773]
Event: 3.944 Thread 0x000002a2278f5800 Exception <a 'java/lang/NoSuchMethodError'{0x00000000a5cef880}: 'java.lang.Object java.lang.invoke.DirectMethodHandle$Holder.invokeSpecial(java.lang.Object, java.lang.Object, java.lang.Object, java.lang.Object, int)'> (0x00000000a5cef880) thrown at [./src/hotspot/share/interpreter/linkResolver.cpp, line 773]
Event: 3.945 Thread 0x000002a2278f5800 Exception <a 'java/lang/NoSuchMethodError'{0x00000000a5cf3268}: 'java.lang.Object java.lang.invoke.Invokers$Holder.linkToTargetMethod(java.lang.Object, java.lang.Object, int, java.lang.Object)'> (0x00000000a5cf3268) thrown at [./src/hotspot/share/interpreter/linkResolver.cpp, line 773]
Event: 4.173 Thread 0x000002a2278f5800 Exception <a 'java/lang/NoSuchMethodError'{0x00000000a571b4b0}: 'int java.lang.invoke.DirectMethodHandle$Holder.invokeSpecialIFC(java.lang.Object, java.lang.Object, java.lang.Object, java.lang.Object)'> (0x00000000a571b4b0) thrown at [./src/hotspot/share/interpreter/linkResolver.cpp, line 773]
Event: 4.191 Thread 0x000002a2278f5800 Exception <a 'java/lang/NoSuchMethodError'{0x00000000a6f07e20}: 'java.lang.Object java.lang.invoke.DirectMethodHandle$Holder.invokeInterface(java.lang.Object, java.lang.Object, java.lang.Object)'> (0x00000000a6f07e20) thrown at [./src/hotspot/share/interpreter/linkResolver.cpp, line 773]
Event: 4.192 Thread 0x000002a2278f5800 Exception <a 'java/lang/IncompatibleClassChangeError'{0x00000000a6f0b2f8}: Found class java.lang.Object, but interface was expected> (0x00000000a6f0b2f8) thrown at [./src/hotspot/share/interpreter/linkResolver.cpp, line 839]
Event: 4.215 Thread 0x000002a2278f5800 Exception <a 'java/lang/NoSuchMethodError'{0x00000000a6fc7db0}: 'void java.lang.invoke.DirectMethodHandle$Holder.invokeStatic(java.lang.Object, java.lang.Object, java.lang.Object, java.lang.Object, java.lang.Object)'> (0x00000000a6fc7db0) thrown at [./src/hotspot/share/interpreter/linkResolver.cpp, line 773]
Event: 4.387 Thread 0x000002a2278f5800 Exception <a 'java/lang/NoSuchMethodError'{0x00000000a6a42588}: 'void java.lang.invoke.DirectMethodHandle$Holder.invokeSpecial(java.lang.Object, java.lang.Object)'> (0x00000000a6a42588) thrown at [./src/hotspot/share/interpreter/linkResolver.cpp, line 773]
Event: 4.616 Thread 0x000002a2278f5800 Exception <a 'java/lang/NoSuchMethodError'{0x00000000a5f90998}: 'java.lang.Object java.lang.invoke.DirectMethodHandle$Holder.invokeVirtual(java.lang.Object, java.lang.Object, java.lang.Object, java.lang.Object)'> (0x00000000a5f90998) thrown at [./src/hotspot/share/interpreter/linkResolver.cpp, line 773]
Event: 4.696 Thread 0x000002a2278f5800 Exception <a 'java/lang/NoSuchMethodError'{0x00000000a5ce0b58}: 'java.lang.Object java.lang.invoke.Invokers$Holder.invoker(java.lang.Object, java.lang.Object, java.lang.Object, java.lang.Object, java.lang.Object)'> (0x00000000a5ce0b58) thrown at [./src/hotspot/share/interpreter/linkResolver.cpp, line 773]
Event: 4.876 Thread 0x000002a2278f5800 Exception <a 'java/lang/NoSuchMethodError'{0x00000000a58df0d8}: 'void java.lang.invoke.DirectMethodHandle$Holder.invokeSpecial(java.lang.Object, java.lang.Object, java.lang.Object, java.lang.Object, java.lang.Object, java.lang.Object)'> (0x00000000a58df0d8) thrown at [./src/hotspot/share/interpreter/linkResolver.cpp, line 773]
Event: 4.898 Thread 0x000002a2278f5800 Exception <a 'java/lang/NoSuchMethodError'{0x00000000a57431e8}: 'void java.lang.invoke.DirectMethodHandle$Holder.invokeSpecial(java.lang.Object, java.lang.Object, java.lang.Object, java.lang.Object, java.lang.Object, java.lang.Object, java.lang.Object)'> (0x00000000a57431e8) thrown at [./src/hotspot/share/interpreter/linkResolver.cpp, line 773]
Event: 4.899 Thread 0x000002a2278f5800 Exception <a 'java/lang/NoSuchMethodError'{0x00000000a574b430}: 'java.lang.Object java.lang.invoke.Invokers$Holder.linkToTargetMethod(java.lang.Object, java.lang.Object, java.lang.Object, java.lang.Object, java.lang.Object, java.lang.Object)'> (0x00000000a574b430) thrown at [./src/hotspot/share/interpreter/linkResolver.cpp, line 773]
Event: 5.093 Thread 0x000002a2278f5800 Exception <a 'java/lang/NoSuchMethodError'{0x00000000a51b0d90}: 'java.lang.Object java.lang.invoke.Invokers$Holder.invoker(java.lang.Object, java.lang.Object, java.lang.Object)'> (0x00000000a51b0d90) thrown at [./src/hotspot/share/interpreter/linkResolver.cpp, line 773]

Events (20 events):
Event: 5.116 loading class org/gradle/initialization/buildsrc/BuildSourceBuilder$1
Event: 5.116 loading class org/gradle/initialization/buildsrc/BuildSourceBuilder$1 done
Event: 5.117 loading class org/gradle/initialization/buildsrc/BuildSrcBuildListenerFactory
Event: 5.117 loading class org/gradle/initialization/buildsrc/BuildSrcBuildListenerFactory done
Event: 5.117 loading class org/gradle/initialization/buildsrc/BuildSrcProjectConfigurationAction
Event: 5.118 loading class org/gradle/initialization/buildsrc/BuildSrcProjectConfigurationAction done
Event: 5.118 loading class org/gradle/configuration/project/PluginsProjectConfigureActions
Event: 5.118 loading class org/gradle/configuration/project/PluginsProjectConfigureActions done
Event: 5.119 loading class org/gradle/configuration/project/ProjectConfigureAction
Event: 5.119 loading class org/gradle/configuration/project/ProjectConfigureAction done
Event: 5.119 loading class org/gradle/api/internal/InternalAction
Event: 5.119 loading class org/gradle/api/internal/InternalAction done
Event: 5.120 Executing VM operation: RevokeBias
Event: 5.120 Executing VM operation: RevokeBias done
Event: 5.120 Executing VM operation: RevokeBias
Event: 5.120 Executing VM operation: RevokeBias done
Event: 5.120 Executing VM operation: RevokeBias
Event: 5.120 Executing VM operation: RevokeBias done
Event: 5.122 loading class org/gradle/initialization/buildsrc/GroovyBuildSrcProjectConfigurationAction
Event: 5.122 loading class org/gradle/initialization/buildsrc/GroovyBuildSrcProjectConfigurationAction done


Dynamic libraries:
0x00007ff676830000 - 0x00007ff67683a000 	C:\Program Files\Android\Android Studio\jre\bin\java.exe
0x00007ffcddcf0000 - 0x00007ffcddee8000 	C:\Windows\SYSTEM32\ntdll.dll
0x00007ffcddbf0000 - 0x00007ffcddcaf000 	C:\Windows\System32\KERNEL32.DLL
0x00007ffcdb480000 - 0x00007ffcdb752000 	C:\Windows\System32\KERNELBASE.dll
0x00007ffcdb9f0000 - 0x00007ffcdbaf0000 	C:\Windows\System32\ucrtbase.dll
0x00007ffcd61f0000 - 0x00007ffcd6209000 	C:\Program Files\Android\Android Studio\jre\bin\jli.dll
0x00007ffcd35c0000 - 0x00007ffcd35d7000 	C:\Program Files\Android\Android Studio\jre\bin\VCRUNTIME140.dll
0x00007ffcdd9a0000 - 0x00007ffcddb41000 	C:\Windows\System32\USER32.dll
0x00007ffcc8350000 - 0x00007ffcc85ea000 	C:\Windows\WinSxS\amd64_microsoft.windows.common-controls_6595b64144ccf1df_6.0.19041.1110_none_60b5254171f9507e\COMCTL32.dll
0x00007ffcdbaf0000 - 0x00007ffcdbb12000 	C:\Windows\System32\win32u.dll
0x00007ffcdc0d0000 - 0x00007ffcdc16e000 	C:\Windows\System32\msvcrt.dll
0x00007ffcdc690000 - 0x00007ffcdc6bb000 	C:\Windows\System32\GDI32.dll
0x00007ffcdb790000 - 0x00007ffcdb89f000 	C:\Windows\System32\gdi32full.dll
0x00007ffcdb3e0000 - 0x00007ffcdb47d000 	C:\Windows\System32\msvcp_win.dll
0x00007ffcdbef0000 - 0x00007ffcdbf22000 	C:\Windows\System32\IMM32.DLL
0x00007ffcc9bf0000 - 0x00007ffcc9c8d000 	C:\Program Files\Android\Android Studio\jre\bin\msvcp140.dll
0x00007ffca8470000 - 0x00007ffca8f45000 	C:\Program Files\Android\Android Studio\jre\bin\server\jvm.dll
0x00007ffcdc020000 - 0x00007ffcdc0ce000 	C:\Windows\System32\ADVAPI32.dll
0x00007ffcdc6c0000 - 0x00007ffcdc75c000 	C:\Windows\System32\sechost.dll
0x00007ffcdd5b0000 - 0x00007ffcdd6d5000 	C:\Windows\System32\RPCRT4.dll
0x00007ffcdd740000 - 0x00007ffcdd748000 	C:\Windows\System32\PSAPI.DLL
0x00007ffcd84e0000 - 0x00007ffcd8507000 	C:\Windows\SYSTEM32\WINMM.dll
0x00007ffcd13c0000 - 0x00007ffcd13ca000 	C:\Windows\SYSTEM32\VERSION.dll
0x00007ffcd4770000 - 0x00007ffcd4779000 	C:\Windows\SYSTEM32\WSOCK32.dll
0x00007ffcdc810000 - 0x00007ffcdc87b000 	C:\Windows\System32\WS2_32.dll
0x00007ffcd9c30000 - 0x00007ffcd9c42000 	C:\Windows\SYSTEM32\kernel.appcore.dll
0x00007ffcd61c0000 - 0x00007ffcd61d1000 	C:\Program Files\Android\Android Studio\jre\bin\verify.dll
0x00007ffcd8ce0000 - 0x00007ffcd8ec4000 	C:\Windows\SYSTEM32\DBGHELP.DLL
0x00007ffcc3fb0000 - 0x00007ffcc3fe5000 	C:\Windows\SYSTEM32\dbgcore.DLL
0x00007ffcdb960000 - 0x00007ffcdb9e2000 	C:\Windows\System32\bcryptPrimitives.dll
0x00007ffcd4e70000 - 0x00007ffcd4e99000 	C:\Program Files\Android\Android Studio\jre\bin\java.dll
0x00007ffcd6330000 - 0x00007ffcd633b000 	C:\Program Files\Android\Android Studio\jre\bin\jimage.dll
0x00007ffcd4bf0000 - 0x00007ffcd4c08000 	C:\Program Files\Android\Android Studio\jre\bin\zip.dll
0x00007ffcdcd20000 - 0x00007ffcdd464000 	C:\Windows\System32\SHELL32.dll
0x00007ffcd9480000 - 0x00007ffcd9c12000 	C:\Windows\SYSTEM32\windows.storage.dll
0x00007ffcdc880000 - 0x00007ffcdcbd5000 	C:\Windows\System32\combase.dll
0x00007ffcdad60000 - 0x00007ffcdad90000 	C:\Windows\SYSTEM32\Wldp.dll
0x00007ffcdc170000 - 0x00007ffcdc21d000 	C:\Windows\System32\SHCORE.dll
0x00007ffcdd6e0000 - 0x00007ffcdd735000 	C:\Windows\System32\shlwapi.dll
0x00007ffcdb320000 - 0x00007ffcdb33f000 	C:\Windows\SYSTEM32\profapi.dll
0x00007ffcd4bd0000 - 0x00007ffcd4bea000 	C:\Program Files\Android\Android Studio\jre\bin\net.dll
0x00007ffcd1990000 - 0x00007ffcd1a9c000 	C:\Windows\SYSTEM32\WINHTTP.dll
0x00007ffcdaac0000 - 0x00007ffcdab2a000 	C:\Windows\system32\mswsock.dll
0x00007ffcd4bb0000 - 0x00007ffcd4bc4000 	C:\Program Files\Android\Android Studio\jre\bin\nio.dll
0x00007ffccdcf0000 - 0x00007ffccdd17000 	C:\Users\Marvin Marquez\.gradle\native\fdc75f09e3144964f2cf3f50f0aa648679c211496f362492102eb8c894070792\windows-amd64\native-platform.dll
0x00007ffca80d0000 - 0x00007ffca8266000 	C:\Users\Marvin Marquez\.gradle\native\12488b8bf47d2d4c9fbf2f6322a914ad602e24e48041cd04a747c6da556b65c4\windows-amd64\native-platform-file-events.dll
0x00007ffcd46b0000 - 0x00007ffcd46ba000 	C:\Program Files\Android\Android Studio\jre\bin\management.dll
0x00007ffcd46a0000 - 0x00007ffcd46ad000 	C:\Program Files\Android\Android Studio\jre\bin\management_ext.dll
0x00007ffcdacb0000 - 0x00007ffcdacc8000 	C:\Windows\SYSTEM32\CRYPTSP.dll
0x00007ffcda3e0000 - 0x00007ffcda414000 	C:\Windows\system32\rsaenh.dll
0x00007ffcdb760000 - 0x00007ffcdb787000 	C:\Windows\System32\bcrypt.dll
0x00007ffcdb2e0000 - 0x00007ffcdb30e000 	C:\Windows\SYSTEM32\USERENV.dll
0x00007ffcdacd0000 - 0x00007ffcdacdc000 	C:\Windows\SYSTEM32\CRYPTBASE.dll
0x00007ffcda7b0000 - 0x00007ffcda7eb000 	C:\Windows\SYSTEM32\IPHLPAPI.DLL
0x00007ffcdbd30000 - 0x00007ffcdbd38000 	C:\Windows\System32\NSI.dll
0x00007ffcd22f0000 - 0x00007ffcd2307000 	C:\Windows\SYSTEM32\dhcpcsvc6.DLL
0x00007ffcd2c40000 - 0x00007ffcd2c5d000 	C:\Windows\SYSTEM32\dhcpcsvc.DLL
0x00007ffcda7f0000 - 0x00007ffcda8ba000 	C:\Windows\SYSTEM32\DNSAPI.dll
0x00007ffcd3680000 - 0x00007ffcd368b000 	C:\Windows\SYSTEM32\WINNSI.DLL

dbghelp: loaded successfully - version: 4.0.5 - missing functions: none
symbol engine: initialized successfully - sym options: 0x614 - pdb path: .;C:\Program Files\Android\Android Studio\jre\bin;C:\Windows\SYSTEM32;C:\Windows\WinSxS\amd64_microsoft.windows.common-controls_6595b64144ccf1df_6.0.19041.1110_none_60b5254171f9507e;C:\Program Files\Android\Android Studio\jre\bin\server;C:\Users\Marvin Marquez\.gradle\native\fdc75f09e3144964f2cf3f50f0aa648679c211496f362492102eb8c894070792\windows-amd64;C:\Users\Marvin Marquez\.gradle\native\12488b8bf47d2d4c9fbf2f6322a914ad602e24e48041cd04a747c6da556b65c4\windows-amd64

VM Arguments:
jvm_args: --add-opens=java.base/java.util=ALL-UNNAMED --add-opens=java.base/java.lang=ALL-UNNAMED --add-opens=java.base/java.lang.invoke=ALL-UNNAMED --add-opens=java.prefs/java.util.prefs=ALL-UNNAMED -Xmx1536m -Dfile.encoding=windows-1252 -Duser.country=US -Duser.language=en -Duser.variant 
java_command: org.gradle.launcher.daemon.bootstrap.GradleDaemon 6.8
java_class_path (initial): C:\Users\Marvin Marquez\.gradle\wrapper\dists\gradle-6.8-bin\1jblhjyydfkclfzx1agp92nyl\gradle-6.8\lib\gradle-launcher-6.8.jar
Launcher Type: SUN_STANDARD

[Global flags]
     intx CICompilerCount                          = 4                                         {product} {ergonomic}
     uint ConcGCThreads                            = 2                                         {product} {ergonomic}
     uint G1ConcRefinementThreads                  = 8                                         {product} {ergonomic}
   size_t G1HeapRegionSize                         = 1048576                                   {product} {ergonomic}
    uintx GCDrainStackTargetSize                   = 64                                        {product} {ergonomic}
   size_t InitialHeapSize                          = 117440512                                 {product} {ergonomic}
   size_t MarkStackSize                            = 4194304                                   {product} {ergonomic}
   size_t MaxHeapSize                              = 1610612736                                {product} {command line}
   size_t MaxNewSize                               = 965738496                                 {product} {ergonomic}
   size_t MinHeapDeltaBytes                        = 1048576                                   {product} {ergonomic}
    uintx NonNMethodCodeHeapSize                   = 5836300                                {pd product} {ergonomic}
    uintx NonProfiledCodeHeapSize                  = 122910970                              {pd product} {ergonomic}
    uintx ProfiledCodeHeapSize                     = 122910970                              {pd product} {ergonomic}
    uintx ReservedCodeCacheSize                    = 251658240                              {pd product} {ergonomic}
     bool SegmentedCodeCache                       = true                                      {product} {ergonomic}
     bool UseCompressedClassPointers               = true                                 {lp64_product} {ergonomic}
     bool UseCompressedOops                        = true                                 {lp64_product} {ergonomic}
     bool UseG1GC                                  = true                                      {product} {ergonomic}
     bool UseLargePagesIndividualAllocation        = false                                  {pd product} {ergonomic}

Logging:
Log output configuration:
 #0: stdout all=warning uptime,level,tags
 #1: stderr all=off uptime,level,tags

Environment Variables:
JAVA_HOME=C:\Users\Marvin Marquez\AppData\Local\Programs\Eclipse Adoptium\jdk-17.0.2.8-hotspot\
PATH=C:\ProgramData\Oracle\Java\javapath;C:\Program Files\Common Files\Oracle\Java\javapath;C:\Windows\system32;C:\Windows;C:\Windows\System32\Wbem;C:\Windows\System32\WindowsPowerShell\v1.0\;C:\Windows\System32\OpenSSH\;C:\Program Files\Git\cmd;C:\Program Files\CMake\bin;C:\Program Files (x86)\Microsoft SQL Server\100\Tools\Binn\;C:\Program Files\Microsoft SQL Server\100\Tools\Binn\;C:\Program Files\Microsoft SQL Server\100\DTS\Binn\;C:\Program Files\Calibre2\;C:\Program Files\dotnet\;C:\Users\Marvin Marquez\AppData\Local\Programs\Eclipse Adoptium\jdk-17.0.2.8-hotspot\bin;C:\Users\Marvin Marquez\AppData\Local\Microsoft\WindowsApps;C:\Users\Marvin Marquez\AppData\Local\Programs\Microsoft VS Code\bin;C:\msys64\mingw64\bin;C:\MinGW\bin;
USERNAME=Marvin Marquez
OS=Windows_NT
PROCESSOR_IDENTIFIER=AMD64 Family 23 Model 24 Stepping 1, AuthenticAMD



---------------  S Y S T E M  ---------------

OS: Windows 10 , 64 bit Build 19041 (10.0.19041.2364)
OS uptime: 0 days 12:57 hours

CPU:total 8 (initial active 8) (8 cores per cpu, 2 threads per core) family 23 model 24 stepping 1 microcode 0x0, cmov, cx8, fxsr, mmx, sse, sse2, sse3, ssse3, sse4.1, sse4.2, popcnt, avx, avx2, aes, clmul, mmxext, 3dnowpref, lzcnt, sse4a, ht, tsc, tscinvbit, tscinv, bmi1, bmi2, adx, s

Memory: 4k page, system-wide physical 7103M (727M free)
TotalPageFile size 9151M (AvailPageFile size 5M)
current process WorkingSet (physical memory assigned to process): 189M, peak: 191M
current process commit charge ("private bytes"): 252M, peak: 253M

vm_info: OpenJDK 64-Bit Server VM (11.0.11+9-b60-7590822) for windows-amd64 JRE (11.0.11+9-b60-7590822), built on Jul 29 2021 21:43:44 by "builder" with MS VC++ 14.0 (VS2015)

END.
