#
# There is insufficient memory for the Java Runtime Environment to continue.
# Native memory allocation (mmap) failed to map 24117248 bytes for Failed to commit area from 0x00000000a7000000 to 0x00000000a8700000 of length 24117248.
# Possible reasons:
#   The system is out of physical RAM or swap space
#   The process is running with CompressedOops enabled, and the Java Heap may be blocking the growth of the native heap
# Possible solutions:
#   Reduce memory load on the system
#   Increase physical memory or swap space
#   Check if swap backing store is full
#   Decrease Java heap size (-Xmx/-Xms)
#   Decrease number of Java threads
#   Decrease Java thread stack sizes (-Xss)
#   Set larger code cache with -XX:ReservedCodeCacheSize=
#   JVM is running with Unscaled Compressed Oops mode in which the Java heap is
#     placed in the first 4GB address space. The Java Heap base address is the
#     maximum limit for the native heap growth. Please use -XX:HeapBaseMinAddress
#     to set the Java Heap base and to place the Java Heap above 4GB virtual address.
# This output file may be truncated or incomplete.
#
#  Out of Memory Error (./src/hotspot/os/windows/os_windows.cpp:3301), pid=13168, tid=2660
#
# JRE version: OpenJDK Runtime Environment (11.0.11+9) (build 11.0.11+9-b60-7590822)
# Java VM: OpenJDK 64-Bit Server VM (11.0.11+9-b60-7590822, mixed mode, tiered, compressed oops, g1 gc, windows-amd64)
# No core dump will be written. Minidumps are not enabled by default on client versions of Windows
#

---------------  S U M M A R Y ------------

Command Line: --add-opens=java.base/java.util=ALL-UNNAMED --add-opens=java.base/java.lang=ALL-UNNAMED --add-opens=java.base/java.lang.invoke=ALL-UNNAMED --add-opens=java.prefs/java.util.prefs=ALL-UNNAMED -Xmx1536m -Dfile.encoding=windows-1252 -Duser.country=US -Duser.language=en -Duser.variant org.gradle.launcher.daemon.bootstrap.GradleDaemon 6.8

Host: AMD Ryzen 5 3500U with Radeon Vega Mobile Gfx  , 8 cores, 6G,  Windows 10 , 64 bit Build 19041 (10.0.19041.2364)
Time: Tue Feb 14 06:04:05 2023 Malay Peninsula Standard Time elapsed time: 6.648559 seconds (0d 0h 0m 6s)

---------------  T H R E A D  ---------------

Current thread (0x0000024449c77000):  VMThread "VM Thread" [stack: 0x000000f8f6900000,0x000000f8f6a00000] [id=2660]

Stack: [0x000000f8f6900000,0x000000f8f6a00000]
[error occurred during error reporting (printing stack bounds), id 0xc0000005, EXCEPTION_ACCESS_VIOLATION (0xc0000005) at pc=0x0000024433e70f2d]

Native frames: (J=compiled Java code, j=interpreted, Vv=VM code, C=native code)
V  [jvm.dll+0x5f214a]
V  [jvm.dll+0x726fb5]
V  [jvm.dll+0x7285cd]
V  [jvm.dll+0x728be5]
V  [jvm.dll+0x728b9b]
V  [jvm.dll+0x5f14e8]
V  [jvm.dll+0x5f1c78]
C  [ntdll.dll+0xa241f]
C  [ntdll.dll+0x514a4]
C  [ntdll.dll+0xa0f4e]
C  0x0000024433e70f2d

VM_Operation (0x000000f8f7ef56f0): G1CollectForAllocation, mode: safepoint, requested by thread 0x000002444bef8800


---------------  P R O C E S S  ---------------

Threads class SMR info:
_java_thread_list=0x0000024451698de0, length=36, elements={
0x000002442eb8e000, 0x0000024449c9a000, 0x0000024449c9f800, 0x0000024449cbb000,
0x0000024449cbd000, 0x0000024449cbe800, 0x0000024449cc2800, 0x0000024449cc4000,
0x0000024449ccb000, 0x000002444a7a3800, 0x000002444b575000, 0x000002444cee7800,
0x000002444a8e3800, 0x000002444db0b800, 0x000002444d9ff800, 0x000002444df27000,
0x000002444bef8800, 0x000002444d375000, 0x000002444d375800, 0x000002444d372800,
0x000002444d371800, 0x000002444d374000, 0x000002444d373000, 0x000002444c049000,
0x000002444d376800, 0x000002444d371000, 0x000002444d377800, 0x000002444da42000,
0x000002444da44800, 0x000002444da43800, 0x000002444da42800, 0x000002444da45000,
0x000002444da41000, 0x000002444da46000, 0x000002444da40000, 0x000002444f284000
}

Java Threads: ( => current thread )
  0x000002442eb8e000 JavaThread "main" [_thread_blocked, id=2308, stack(0x000000f8f6300000,0x000000f8f6400000)]
  0x0000024449c9a000 JavaThread "Reference Handler" daemon [_thread_blocked, id=15068, stack(0x000000f8f6a00000,0x000000f8f6b00000)]
  0x0000024449c9f800 JavaThread "Finalizer" daemon [_thread_blocked, id=10436, stack(0x000000f8f6b00000,0x000000f8f6c00000)]
  0x0000024449cbb000 JavaThread "Signal Dispatcher" daemon [_thread_blocked, id=10076, stack(0x000000f8f6c00000,0x000000f8f6d00000)]
  0x0000024449cbd000 JavaThread "Attach Listener" daemon [_thread_blocked, id=4976, stack(0x000000f8f6d00000,0x000000f8f6e00000)]
  0x0000024449cbe800 JavaThread "Service Thread" daemon [_thread_blocked, id=10960, stack(0x000000f8f6e00000,0x000000f8f6f00000)]
  0x0000024449cc2800 JavaThread "C2 CompilerThread0" daemon [_thread_in_native, id=7392, stack(0x000000f8f6f00000,0x000000f8f7000000)]
  0x0000024449cc4000 JavaThread "C1 CompilerThread0" daemon [_thread_blocked, id=13536, stack(0x000000f8f7000000,0x000000f8f7100000)]
  0x0000024449ccb000 JavaThread "Sweeper thread" daemon [_thread_blocked, id=5172, stack(0x000000f8f7100000,0x000000f8f7200000)]
  0x000002444a7a3800 JavaThread "Common-Cleaner" daemon [_thread_blocked, id=7360, stack(0x000000f8f7200000,0x000000f8f7300000)]
  0x000002444b575000 JavaThread "Daemon health stats" [_thread_blocked, id=14488, stack(0x000000f8f7700000,0x000000f8f7800000)]
  0x000002444cee7800 JavaThread "Incoming local TCP Connector on port 50626" [_thread_in_native, id=9000, stack(0x000000f8f7800000,0x000000f8f7900000)]
  0x000002444a8e3800 JavaThread "Daemon periodic checks" [_thread_blocked, id=12680, stack(0x000000f8f7900000,0x000000f8f7a00000)]
  0x000002444db0b800 JavaThread "Daemon" [_thread_blocked, id=9536, stack(0x000000f8f7a00000,0x000000f8f7b00000)]
  0x000002444d9ff800 JavaThread "Handler for socket connection from /127.0.0.1:50626 to /127.0.0.1:50627" [_thread_in_native, id=13408, stack(0x000000f8f7b00000,0x000000f8f7c00000)]
  0x000002444df27000 JavaThread "Cancel handler" [_thread_blocked, id=15736, stack(0x000000f8f7d00000,0x000000f8f7e00000)]
  0x000002444bef8800 JavaThread "Daemon worker" [_thread_blocked, id=11776, stack(0x000000f8f7e00000,0x000000f8f7f00000)]
  0x000002444d375000 JavaThread "Asynchronous log dispatcher for DefaultDaemonConnection: socket connection from /127.0.0.1:50626 to /127.0.0.1:50627" [_thread_blocked, id=11236, stack(0x000000f8f7f00000,0x000000f8f8000000)]
  0x000002444d375800 JavaThread "Stdin handler" [_thread_blocked, id=15760, stack(0x000000f8f8000000,0x000000f8f8100000)]
  0x000002444d372800 JavaThread "Daemon client event forwarder" [_thread_blocked, id=16904, stack(0x000000f8f8100000,0x000000f8f8200000)]
  0x000002444d371800 JavaThread "Cache worker for file hash cache (C:\Users\Marvin Marquez\.gradle\caches\6.8\fileHashes)" [_thread_blocked, id=3496, stack(0x000000f8f8900000,0x000000f8f8a00000)]
  0x000002444d374000 JavaThread "File lock request listener" [_thread_in_native, id=10476, stack(0x000000f8f8a00000,0x000000f8f8b00000)]
  0x000002444d373000 JavaThread "Cache worker for journal cache (C:\Users\Marvin Marquez\.gradle\caches\journal-1)" [_thread_blocked, id=16848, stack(0x000000f8f8b00000,0x000000f8f8c00000)]
  0x000002444c049000 JavaThread "C2 CompilerThread1" daemon [_thread_in_native, id=17640, stack(0x000000f8f8c00000,0x000000f8f8d00000)]
  0x000002444d376800 JavaThread "Cache worker for file hash cache (C:\Users\Marvin Marquez\Desktop\MyApplication05\MyApplication05\.gradle\6.8\fileHashes)" [_thread_blocked, id=4132, stack(0x000000f8f8e00000,0x000000f8f8f00000)]
  0x000002444d371000 JavaThread "jar transforms" [_thread_blocked, id=7096, stack(0x000000f8f8f00000,0x000000f8f9000000)]
  0x000002444d377800 JavaThread "jar transforms Thread 2" [_thread_blocked, id=2868, stack(0x000000f8f9000000,0x000000f8f9100000)]
  0x000002444da42000 JavaThread "jar transforms Thread 3" [_thread_blocked, id=9556, stack(0x000000f8f9100000,0x000000f8f9200000)]
  0x000002444da44800 JavaThread "jar transforms Thread 4" [_thread_blocked, id=10368, stack(0x000000f8f9200000,0x000000f8f9300000)]
  0x000002444da43800 JavaThread "jar transforms Thread 5" [_thread_blocked, id=11452, stack(0x000000f8f9300000,0x000000f8f9400000)]
  0x000002444da42800 JavaThread "Cache worker for checksums cache (C:\Users\Marvin Marquez\Desktop\MyApplication05\MyApplication05\.gradle\checksums)" [_thread_blocked, id=13932, stack(0x000000f8f9400000,0x000000f8f9500000)]
  0x000002444da45000 JavaThread "Cache worker for cache directory md-supplier (C:\Users\Marvin Marquez\.gradle\caches\6.8\md-supplier)" [_thread_blocked, id=8736, stack(0x000000f8f9500000,0x000000f8f9600000)]
  0x000002444da41000 JavaThread "Cache worker for cache directory md-rule (C:\Users\Marvin Marquez\.gradle\caches\6.8\md-rule)" [_thread_blocked, id=5760, stack(0x000000f8f9600000,0x000000f8f9700000)]
  0x000002444da46000 JavaThread "Cache worker for execution history cache (C:\Users\Marvin Marquez\.gradle\caches\6.8\executionHistory)" [_thread_blocked, id=18388, stack(0x000000f8f9700000,0x000000f8f9800000)]
  0x000002444da40000 JavaThread "Cache worker for file content cache (C:\Users\Marvin Marquez\.gradle\caches\6.8\fileContent)" [_thread_blocked, id=4292, stack(0x000000f8f8d00000,0x000000f8f8e00000)]
  0x000002444f284000 JavaThread "C2 CompilerThread2" daemon [_thread_blocked, id=11464, stack(0x000000f8f9800000,0x000000f8f9900000)]

Other Threads:
=>0x0000024449c77000 VMThread "VM Thread" [stack: 0x000000f8f6900000,0x000000f8f6a00000] [id=2660]
  0x000002444a7b6800 WatcherThread [stack: 0x000000f8f7300000,0x000000f8f7400000] [id=16592]
  0x000002442eba4800 GCTaskThread "GC Thread#0" [stack: 0x000000f8f6400000,0x000000f8f6500000] [id=9864]
  0x000002444b11a000 GCTaskThread "GC Thread#1" [stack: 0x000000f8f7500000,0x000000f8f7600000] [id=12924]
  0x000002444c6e9800 GCTaskThread "GC Thread#2" [stack: 0x000000f8f8200000,0x000000f8f8300000] [id=8988]
  0x000002444ca37000 GCTaskThread "GC Thread#3" [stack: 0x000000f8f8300000,0x000000f8f8400000] [id=17752]
  0x000002444d19a000 GCTaskThread "GC Thread#4" [stack: 0x000000f8f8400000,0x000000f8f8500000] [id=15100]
  0x000002444de95800 GCTaskThread "GC Thread#5" [stack: 0x000000f8f8500000,0x000000f8f8600000] [id=6932]
  0x000002444b864800 GCTaskThread "GC Thread#6" [stack: 0x000000f8f8600000,0x000000f8f8700000] [id=17724]
  0x000002444d190000 GCTaskThread "GC Thread#7" [stack: 0x000000f8f8700000,0x000000f8f8800000] [id=14180]
  0x000002442ebce000 ConcurrentGCThread "G1 Main Marker" [stack: 0x000000f8f6500000,0x000000f8f6600000] [id=15300]
  0x000002442ebcf000 ConcurrentGCThread "G1 Conc#0" [stack: 0x000000f8f6600000,0x000000f8f6700000] [id=2704]
  0x000002444dc1a800 ConcurrentGCThread "G1 Conc#1" [stack: 0x000000f8f7c00000,0x000000f8f7d00000] [id=11496]
  0x000002442ec5a000 ConcurrentGCThread "G1 Refine#0" [stack: 0x000000f8f6700000,0x000000f8f6800000] [id=11796]
  0x000002444b2a1800 ConcurrentGCThread "G1 Refine#1" [stack: 0x000000f8f8800000,0x000000f8f8900000] [id=7740]
  0x000002442ec5b000 ConcurrentGCThread "G1 Young RemSet Sampling" [stack: 0x000000f8f6800000,0x000000f8f6900000] [id=7772]

Threads with active compile tasks:
C2 CompilerThread0   6660 3119       4       org.codehaus.groovy.reflection.CachedMethod::compareTo (25 bytes)
C2 CompilerThread1   6660 3219       4       org.objectweb.asm.Frame::execute (2318 bytes)
C2 CompilerThread2   6660 3255       4       org.codehaus.groovy.runtime.metaclass.MetaMethodIndex::isMatchingMethod (65 bytes)

VM state:at safepoint (normal execution)

VM Mutex/Monitor currently owned by a thread:  ([mutex/lock_event])
[0x000002442eb8b360] Threads_lock - owner thread: 0x0000024449c77000
[0x000002442eb8a430] Heap_lock - owner thread: 0x000002444bef8800

Heap address: 0x00000000a0000000, size: 1536 MB, Compressed Oops mode: 32-bit
Narrow klass base: 0x0000000000000000, Narrow klass shift: 3
Compressed class space size: 1073741824 Address: 0x0000000100000000

Heap:
 garbage-first heap   total 138240K, used 36771K [0x00000000a0000000, 0x0000000100000000)
  region size 1024K, 5 young (5120K), 5 survivors (5120K)
 Metaspace       used 42463K, capacity 43500K, committed 43592K, reserved 1087488K
  class space    used 5466K, capacity 5841K, committed 5888K, reserved 1048576K
Heap Regions: E=young(eden), S=young(survivor), O=old, HS=humongous(starts), HC=humongous(continues), CS=collection set, F=free, A=archive, TAMS=top-at-mark-start (previous, next)
|   0|0x00000000a0000000, 0x00000000a0100000, 0x00000000a0100000|100%| O|  |TAMS 0x00000000a0100000, 0x00000000a0000000| Untracked 
|   1|0x00000000a0100000, 0x00000000a0200000, 0x00000000a0200000|100%| O|  |TAMS 0x00000000a0200000, 0x00000000a0100000| Untracked 
|   2|0x00000000a0200000, 0x00000000a0300000, 0x00000000a0300000|100%| O|  |TAMS 0x00000000a0300000, 0x00000000a0200000| Untracked 
|   3|0x00000000a0300000, 0x00000000a0400000, 0x00000000a0400000|100%|HS|  |TAMS 0x00000000a0400000, 0x00000000a0300000| Complete 
|   4|0x00000000a0400000, 0x00000000a0500000, 0x00000000a0500000|100%|HC|  |TAMS 0x00000000a0500000, 0x00000000a0400000| Complete 
|   5|0x00000000a0500000, 0x00000000a0600000, 0x00000000a0600000|100%|HC|  |TAMS 0x00000000a0600000, 0x00000000a0500000| Complete 
|   6|0x00000000a0600000, 0x00000000a0700000, 0x00000000a0700000|100%| O|  |TAMS 0x00000000a0700000, 0x00000000a0600000| Untracked 
|   7|0x00000000a0700000, 0x00000000a0800000, 0x00000000a0800000|100%| O|  |TAMS 0x00000000a0800000, 0x00000000a0700000| Untracked 
|   8|0x00000000a0800000, 0x00000000a0900000, 0x00000000a0900000|100%| O|  |TAMS 0x00000000a0900000, 0x00000000a0800000| Untracked 
|   9|0x00000000a0900000, 0x00000000a0a00000, 0x00000000a0a00000|100%| O|  |TAMS 0x00000000a0a00000, 0x00000000a0900000| Untracked 
|  10|0x00000000a0a00000, 0x00000000a0b00000, 0x00000000a0b00000|100%| O|  |TAMS 0x00000000a0b00000, 0x00000000a0a00000| Untracked 
|  11|0x00000000a0b00000, 0x00000000a0c00000, 0x00000000a0c00000|100%| O|  |TAMS 0x00000000a0c00000, 0x00000000a0b00000| Untracked 
|  12|0x00000000a0c00000, 0x00000000a0d00000, 0x00000000a0d00000|100%| O|  |TAMS 0x00000000a0d00000, 0x00000000a0c00000| Untracked 
|  13|0x00000000a0d00000, 0x00000000a0e00000, 0x00000000a0e00000|100%| O|  |TAMS 0x00000000a0e00000, 0x00000000a0d00000| Untracked 
|  14|0x00000000a0e00000, 0x00000000a0f00000, 0x00000000a0f00000|100%| O|  |TAMS 0x00000000a0f00000, 0x00000000a0e00000| Untracked 
|  15|0x00000000a0f00000, 0x00000000a1000000, 0x00000000a1000000|100%|HS|  |TAMS 0x00000000a1000000, 0x00000000a0f00000| Complete 
|  16|0x00000000a1000000, 0x00000000a1100000, 0x00000000a1100000|100%|HC|  |TAMS 0x00000000a1100000, 0x00000000a1000000| Complete 
|  17|0x00000000a1100000, 0x00000000a1200000, 0x00000000a1200000|100%|HS|  |TAMS 0x00000000a1200000, 0x00000000a1100000| Complete 
|  18|0x00000000a1200000, 0x00000000a1300000, 0x00000000a1300000|100%|HC|  |TAMS 0x00000000a1300000, 0x00000000a1200000| Complete 
|  19|0x00000000a1300000, 0x00000000a1400000, 0x00000000a1400000|100%|HC|  |TAMS 0x00000000a1400000, 0x00000000a1300000| Complete 
|  20|0x00000000a1400000, 0x00000000a1500000, 0x00000000a1500000|100%|HS|  |TAMS 0x00000000a1500000, 0x00000000a1400000| Complete 
|  21|0x00000000a1500000, 0x00000000a1600000, 0x00000000a1600000|100%|HC|  |TAMS 0x00000000a1600000, 0x00000000a1500000| Complete 
|  22|0x00000000a1600000, 0x00000000a1700000, 0x00000000a1700000|100%|HC|  |TAMS 0x00000000a1700000, 0x00000000a1600000| Complete 
|  23|0x00000000a1700000, 0x00000000a1800000, 0x00000000a1800000|100%|HC|  |TAMS 0x00000000a1800000, 0x00000000a1700000| Complete 
|  24|0x00000000a1800000, 0x00000000a1900000, 0x00000000a1900000|100%| O|  |TAMS 0x00000000a1900000, 0x00000000a1800000| Untracked 
|  25|0x00000000a1900000, 0x00000000a1a00000, 0x00000000a1a00000|100%| O|  |TAMS 0x00000000a1a00000, 0x00000000a1900000| Untracked 
|  26|0x00000000a1a00000, 0x00000000a1b00000, 0x00000000a1b00000|100%| O|  |TAMS 0x00000000a1a60800, 0x00000000a1a00000| Untracked 
|  27|0x00000000a1b00000, 0x00000000a1c00000, 0x00000000a1c00000|100%| O|  |TAMS 0x00000000a1b00000, 0x00000000a1b00000| Untracked 
|  28|0x00000000a1c00000, 0x00000000a1c86200, 0x00000000a1d00000| 52%| O|  |TAMS 0x00000000a1c00000, 0x00000000a1c00000| Untracked 
|  29|0x00000000a1d00000, 0x00000000a1d00000, 0x00000000a1e00000|  0%| F|  |TAMS 0x00000000a1d00000, 0x00000000a1d00000| Untracked 
|  30|0x00000000a1e00000, 0x00000000a1e00000, 0x00000000a1f00000|  0%| F|  |TAMS 0x00000000a1e00000, 0x00000000a1e00000| Untracked 
|  31|0x00000000a1f00000, 0x00000000a2000000, 0x00000000a2000000|100%| O|  |TAMS 0x00000000a1f00000, 0x00000000a1f00000| Untracked 
|  32|0x00000000a2000000, 0x00000000a2100000, 0x00000000a2100000|100%| O|  |TAMS 0x00000000a2000000, 0x00000000a2000000| Untracked 
|  33|0x00000000a2100000, 0x00000000a2200000, 0x00000000a2200000|100%| O|  |TAMS 0x00000000a2100000, 0x00000000a2100000| Untracked 
|  34|0x00000000a2200000, 0x00000000a2200000, 0x00000000a2300000|  0%| F|  |TAMS 0x00000000a2200000, 0x00000000a2200000| Untracked 
|  35|0x00000000a2300000, 0x00000000a2300000, 0x00000000a2400000|  0%| F|  |TAMS 0x00000000a2300000, 0x00000000a2300000| Untracked 
|  36|0x00000000a2400000, 0x00000000a2400000, 0x00000000a2500000|  0%| F|  |TAMS 0x00000000a2400000, 0x00000000a2400000| Untracked 
|  37|0x00000000a2500000, 0x00000000a2500000, 0x00000000a2600000|  0%| F|  |TAMS 0x00000000a2500000, 0x00000000a2500000| Untracked 
|  38|0x00000000a2600000, 0x00000000a2600000, 0x00000000a2700000|  0%| F|  |TAMS 0x00000000a2600000, 0x00000000a2600000| Untracked 
|  39|0x00000000a2700000, 0x00000000a2700000, 0x00000000a2800000|  0%| F|  |TAMS 0x00000000a2700000, 0x00000000a2700000| Untracked 
|  40|0x00000000a2800000, 0x00000000a2800000, 0x00000000a2900000|  0%| F|  |TAMS 0x00000000a2800000, 0x00000000a2800000| Untracked 
|  41|0x00000000a2900000, 0x00000000a2900000, 0x00000000a2a00000|  0%| F|  |TAMS 0x00000000a2900000, 0x00000000a2900000| Untracked 
|  42|0x00000000a2a00000, 0x00000000a2a00000, 0x00000000a2b00000|  0%| F|  |TAMS 0x00000000a2a00000, 0x00000000a2a00000| Untracked 
|  43|0x00000000a2b00000, 0x00000000a2b00000, 0x00000000a2c00000|  0%| F|  |TAMS 0x00000000a2b00000, 0x00000000a2b00000| Untracked 
|  44|0x00000000a2c00000, 0x00000000a2c00000, 0x00000000a2d00000|  0%| F|  |TAMS 0x00000000a2c00000, 0x00000000a2c00000| Untracked 
|  45|0x00000000a2d00000, 0x00000000a2d00000, 0x00000000a2e00000|  0%| F|  |TAMS 0x00000000a2d00000, 0x00000000a2d00000| Untracked 
|  46|0x00000000a2e00000, 0x00000000a2e00000, 0x00000000a2f00000|  0%| F|  |TAMS 0x00000000a2e00000, 0x00000000a2e00000| Untracked 
|  47|0x00000000a2f00000, 0x00000000a2f00000, 0x00000000a3000000|  0%| F|  |TAMS 0x00000000a2f00000, 0x00000000a2f00000| Untracked 
|  48|0x00000000a3000000, 0x00000000a3000000, 0x00000000a3100000|  0%| F|  |TAMS 0x00000000a3000000, 0x00000000a3000000| Untracked 
|  49|0x00000000a3100000, 0x00000000a3100000, 0x00000000a3200000|  0%| F|  |TAMS 0x00000000a3100000, 0x00000000a3100000| Untracked 
|  50|0x00000000a3200000, 0x00000000a3200000, 0x00000000a3300000|  0%| F|  |TAMS 0x00000000a3200000, 0x00000000a3200000| Untracked 
|  51|0x00000000a3300000, 0x00000000a3300000, 0x00000000a3400000|  0%| F|  |TAMS 0x00000000a3300000, 0x00000000a3300000| Untracked 
|  52|0x00000000a3400000, 0x00000000a3400000, 0x00000000a3500000|  0%| F|  |TAMS 0x00000000a3400000, 0x00000000a3400000| Untracked 
|  53|0x00000000a3500000, 0x00000000a3500000, 0x00000000a3600000|  0%| F|  |TAMS 0x00000000a3500000, 0x00000000a3500000| Untracked 
|  54|0x00000000a3600000, 0x00000000a3600000, 0x00000000a3700000|  0%| F|  |TAMS 0x00000000a3600000, 0x00000000a3600000| Untracked 
|  55|0x00000000a3700000, 0x00000000a3700000, 0x00000000a3800000|  0%| F|  |TAMS 0x00000000a3700000, 0x00000000a3700000| Untracked 
|  56|0x00000000a3800000, 0x00000000a3800000, 0x00000000a3900000|  0%| F|  |TAMS 0x00000000a3800000, 0x00000000a3800000| Untracked 
|  57|0x00000000a3900000, 0x00000000a3900000, 0x00000000a3a00000|  0%| F|  |TAMS 0x00000000a3900000, 0x00000000a3900000| Untracked 
|  58|0x00000000a3a00000, 0x00000000a3a00000, 0x00000000a3b00000|  0%| F|  |TAMS 0x00000000a3a00000, 0x00000000a3a00000| Untracked 
|  59|0x00000000a3b00000, 0x00000000a3b00000, 0x00000000a3c00000|  0%| F|  |TAMS 0x00000000a3b00000, 0x00000000a3b00000| Untracked 
|  60|0x00000000a3c00000, 0x00000000a3c00000, 0x00000000a3d00000|  0%| F|  |TAMS 0x00000000a3c00000, 0x00000000a3c00000| Untracked 
|  61|0x00000000a3d00000, 0x00000000a3d62b80, 0x00000000a3e00000| 38%| S|CS|TAMS 0x00000000a3d00000, 0x00000000a3d00000| Complete 
|  62|0x00000000a3e00000, 0x00000000a3e00000, 0x00000000a3f00000|  0%| F|  |TAMS 0x00000000a3e00000, 0x00000000a3e00000| Untracked 
|  63|0x00000000a3f00000, 0x00000000a3f00000, 0x00000000a4000000|  0%| F|  |TAMS 0x00000000a3f00000, 0x00000000a3f00000| Untracked 
|  64|0x00000000a4000000, 0x00000000a4000000, 0x00000000a4100000|  0%| F|  |TAMS 0x00000000a4000000, 0x00000000a4000000| Untracked 
|  65|0x00000000a4100000, 0x00000000a4100000, 0x00000000a4200000|  0%| F|  |TAMS 0x00000000a4100000, 0x00000000a4100000| Untracked 
|  66|0x00000000a4200000, 0x00000000a4200000, 0x00000000a4300000|  0%| F|  |TAMS 0x00000000a4200000, 0x00000000a4200000| Untracked 
|  67|0x00000000a4300000, 0x00000000a4400000, 0x00000000a4400000|100%| S|CS|TAMS 0x00000000a4300000, 0x00000000a4300000| Complete 
|  68|0x00000000a4400000, 0x00000000a4500000, 0x00000000a4500000|100%| S|CS|TAMS 0x00000000a4400000, 0x00000000a4400000| Complete 
|  69|0x00000000a4500000, 0x00000000a4600000, 0x00000000a4600000|100%| S|CS|TAMS 0x00000000a4500000, 0x00000000a4500000| Complete 
|  70|0x00000000a4600000, 0x00000000a4700000, 0x00000000a4700000|100%| S|CS|TAMS 0x00000000a4600000, 0x00000000a4600000| Complete 
|  71|0x00000000a4700000, 0x00000000a4700000, 0x00000000a4800000|  0%| F|  |TAMS 0x00000000a4700000, 0x00000000a4700000| Untracked 
|  72|0x00000000a4800000, 0x00000000a4800000, 0x00000000a4900000|  0%| F|  |TAMS 0x00000000a4800000, 0x00000000a4800000| Untracked 
|  73|0x00000000a4900000, 0x00000000a4900000, 0x00000000a4a00000|  0%| F|  |TAMS 0x00000000a4900000, 0x00000000a4900000| Untracked 
|  74|0x00000000a4a00000, 0x00000000a4a00000, 0x00000000a4b00000|  0%| F|  |TAMS 0x00000000a4a00000, 0x00000000a4a00000| Untracked 
|  75|0x00000000a4b00000, 0x00000000a4b00000, 0x00000000a4c00000|  0%| F|  |TAMS 0x00000000a4b00000, 0x00000000a4b00000| Untracked 
|  76|0x00000000a4c00000, 0x00000000a4c00000, 0x00000000a4d00000|  0%| F|  |TAMS 0x00000000a4c00000, 0x00000000a4c00000| Untracked 
|  77|0x00000000a4d00000, 0x00000000a4d00000, 0x00000000a4e00000|  0%| F|  |TAMS 0x00000000a4d00000, 0x00000000a4d00000| Untracked 
|  78|0x00000000a4e00000, 0x00000000a4e00000, 0x00000000a4f00000|  0%| F|  |TAMS 0x00000000a4e00000, 0x00000000a4e00000| Untracked 
|  79|0x00000000a4f00000, 0x00000000a4f00000, 0x00000000a5000000|  0%| F|  |TAMS 0x00000000a4f00000, 0x00000000a4f00000| Untracked 
|  80|0x00000000a5000000, 0x00000000a5000000, 0x00000000a5100000|  0%| F|  |TAMS 0x00000000a5000000, 0x00000000a5000000| Untracked 
|  81|0x00000000a5100000, 0x00000000a5100000, 0x00000000a5200000|  0%| F|  |TAMS 0x00000000a5100000, 0x00000000a5100000| Untracked 
|  82|0x00000000a5200000, 0x00000000a5200000, 0x00000000a5300000|  0%| F|  |TAMS 0x00000000a5200000, 0x00000000a5200000| Untracked 
|  83|0x00000000a5300000, 0x00000000a5300000, 0x00000000a5400000|  0%| F|  |TAMS 0x00000000a5300000, 0x00000000a5300000| Untracked 
|  84|0x00000000a5400000, 0x00000000a5400000, 0x00000000a5500000|  0%| F|  |TAMS 0x00000000a5400000, 0x00000000a5400000| Untracked 
|  85|0x00000000a5500000, 0x00000000a5500000, 0x00000000a5600000|  0%| F|  |TAMS 0x00000000a5500000, 0x00000000a5500000| Untracked 
|  86|0x00000000a5600000, 0x00000000a5600000, 0x00000000a5700000|  0%| F|  |TAMS 0x00000000a5600000, 0x00000000a5600000| Untracked 
|  87|0x00000000a5700000, 0x00000000a5700000, 0x00000000a5800000|  0%| F|  |TAMS 0x00000000a5700000, 0x00000000a5700000| Untracked 
|  88|0x00000000a5800000, 0x00000000a5800000, 0x00000000a5900000|  0%| F|  |TAMS 0x00000000a5800000, 0x00000000a5800000| Untracked 
|  89|0x00000000a5900000, 0x00000000a5900000, 0x00000000a5a00000|  0%| F|  |TAMS 0x00000000a5900000, 0x00000000a5900000| Untracked 
|  90|0x00000000a5a00000, 0x00000000a5a00000, 0x00000000a5b00000|  0%| F|  |TAMS 0x00000000a5a00000, 0x00000000a5a00000| Untracked 
|  91|0x00000000a5b00000, 0x00000000a5b00000, 0x00000000a5c00000|  0%| F|  |TAMS 0x00000000a5b00000, 0x00000000a5b00000| Untracked 
|  92|0x00000000a5c00000, 0x00000000a5c00000, 0x00000000a5d00000|  0%| F|  |TAMS 0x00000000a5c00000, 0x00000000a5c00000| Untracked 
|  93|0x00000000a5d00000, 0x00000000a5d00000, 0x00000000a5e00000|  0%| F|  |TAMS 0x00000000a5d00000, 0x00000000a5d00000| Untracked 
|  94|0x00000000a5e00000, 0x00000000a5e00000, 0x00000000a5f00000|  0%| F|  |TAMS 0x00000000a5e00000, 0x00000000a5e00000| Untracked 
|  95|0x00000000a5f00000, 0x00000000a5f00000, 0x00000000a6000000|  0%| F|  |TAMS 0x00000000a5f00000, 0x00000000a5f00000| Untracked 
|  96|0x00000000a6000000, 0x00000000a6000000, 0x00000000a6100000|  0%| F|  |TAMS 0x00000000a6000000, 0x00000000a6000000| Untracked 
|  97|0x00000000a6100000, 0x00000000a6100000, 0x00000000a6200000|  0%| F|  |TAMS 0x00000000a6100000, 0x00000000a6100000| Untracked 
|  98|0x00000000a6200000, 0x00000000a6200000, 0x00000000a6300000|  0%| F|  |TAMS 0x00000000a6200000, 0x00000000a6200000| Untracked 
|  99|0x00000000a6300000, 0x00000000a6300000, 0x00000000a6400000|  0%| F|  |TAMS 0x00000000a6300000, 0x00000000a6300000| Untracked 
| 100|0x00000000a6400000, 0x00000000a6400000, 0x00000000a6500000|  0%| F|  |TAMS 0x00000000a6400000, 0x00000000a6400000| Untracked 
| 101|0x00000000a6500000, 0x00000000a6500000, 0x00000000a6600000|  0%| F|  |TAMS 0x00000000a6500000, 0x00000000a6500000| Untracked 
| 102|0x00000000a6600000, 0x00000000a6600000, 0x00000000a6700000|  0%| F|  |TAMS 0x00000000a6600000, 0x00000000a6600000| Untracked 
| 103|0x00000000a6700000, 0x00000000a6700000, 0x00000000a6800000|  0%| F|  |TAMS 0x00000000a6700000, 0x00000000a6700000| Untracked 
| 104|0x00000000a6800000, 0x00000000a6800000, 0x00000000a6900000|  0%| F|  |TAMS 0x00000000a6800000, 0x00000000a6800000| Untracked 
| 105|0x00000000a6900000, 0x00000000a6900000, 0x00000000a6a00000|  0%| F|  |TAMS 0x00000000a6900000, 0x00000000a6900000| Untracked 
| 106|0x00000000a6a00000, 0x00000000a6a00000, 0x00000000a6b00000|  0%| F|  |TAMS 0x00000000a6a00000, 0x00000000a6a00000| Untracked 
| 107|0x00000000a6b00000, 0x00000000a6b00000, 0x00000000a6c00000|  0%| F|  |TAMS 0x00000000a6b00000, 0x00000000a6b00000| Untracked 
| 108|0x00000000a6c00000, 0x00000000a6c00000, 0x00000000a6d00000|  0%| F|  |TAMS 0x00000000a6c00000, 0x00000000a6c00000| Untracked 
| 109|0x00000000a6d00000, 0x00000000a6d00000, 0x00000000a6e00000|  0%| F|  |TAMS 0x00000000a6d00000, 0x00000000a6d00000| Untracked 
| 110|0x00000000a6e00000, 0x00000000a6e00000, 0x00000000a6f00000|  0%| F|  |TAMS 0x00000000a6e00000, 0x00000000a6e00000| Untracked 
| 111|0x00000000a6f00000, 0x00000000a6f00000, 0x00000000a7000000|  0%| F|  |TAMS 0x00000000a6f00000, 0x00000000a6f00000| Untracked 

Card table byte_map: [0x0000024443bf0000,0x0000024443ef0000] _byte_map_base: 0x00000244436f0000

Marking Bits (Prev, Next): (CMBitMap*) 0x000002442ebc7098, (CMBitMap*) 0x000002442ebc70d0
 Prev Bits: [0x00000244441f0000, 0x00000244459f0000)
 Next Bits: [0x00000244459f0000, 0x00000244471f0000)

Polling page: 0x000002442ec70000

Metaspace:

Usage:
  Non-class:     36.78 MB capacity,    36.13 MB ( 98%) used,   574.40 KB (  2%) free+waste,    87.75 KB ( <1%) overhead. 
      Class:      5.70 MB capacity,     5.34 MB ( 94%) used,   332.16 KB (  6%) free+waste,    42.50 KB ( <1%) overhead. 
       Both:     42.48 MB capacity,    41.47 MB ( 98%) used,   906.56 KB (  2%) free+waste,   130.25 KB ( <1%) overhead. 

Virtual space:
  Non-class space:       38.00 MB reserved,      36.82 MB ( 97%) committed 
      Class space:        1.00 GB reserved,       5.75 MB ( <1%) committed 
             Both:        1.04 GB reserved,      42.57 MB (  4%) committed 

Chunk freelists:
   Non-Class:  45.00 KB
       Class:  15.00 KB
        Both:  60.00 KB

MaxMetaspaceSize: 17179869184.00 GB
CompressedClassSpaceSize: 1.00 GB

CodeHeap 'non-profiled nmethods': size=120000Kb used=1912Kb max_used=1912Kb free=118087Kb
 bounds [0x000002443b940000, 0x000002443bbb0000, 0x0000024442e70000]
CodeHeap 'profiled nmethods': size=120000Kb used=7161Kb max_used=7161Kb free=112838Kb
 bounds [0x0000024434410000, 0x0000024434b10000, 0x000002443b940000]
CodeHeap 'non-nmethods': size=5760Kb used=2230Kb max_used=2248Kb free=3530Kb
 bounds [0x0000024433e70000, 0x00000244340e0000, 0x0000024434410000]
 total_blobs=4049 nmethods=3286 adapters=671
 compilation: enabled
              stopped_count=0, restarted_count=0
 full_count=0

Compilation events (20 events):
Event: 6.519 Thread 0x0000024449cc4000 3284       3       java.lang.invoke.MethodHandles$Lookup::getDirectMethodForConstant (72 bytes)
Event: 6.522 Thread 0x0000024449cc4000 nmethod 3284 0x0000024434aff090 code [0x0000024434aff420, 0x0000024434b00a48]
Event: 6.522 Thread 0x0000024449cc4000 3285       3       java.lang.invoke.InfoFromMemberName::getDeclaringClass (8 bytes)
Event: 6.522 Thread 0x0000024449cc4000 nmethod 3285 0x0000024434b01210 code [0x0000024434b013c0, 0x0000024434b014d8]
Event: 6.531 Thread 0x0000024449cc4000 3286       3       java.net.URI$Parser::scan (76 bytes)
Event: 6.533 Thread 0x0000024449cc4000 nmethod 3286 0x0000024434b01590 code [0x0000024434b017e0, 0x0000024434b020b8]
Event: 6.534 Thread 0x0000024449cc4000 3287   !   3       java.lang.invoke.MethodHandles$Lookup::canBeCached (150 bytes)
Event: 6.538 Thread 0x0000024449cc4000 nmethod 3287 0x0000024434b02490 code [0x0000024434b028a0, 0x0000024434b04908]
Event: 6.538 Thread 0x0000024449cc4000 3288       3       java.util.concurrent.locks.AbstractQueuedSynchronizer$Node::setPrevRelaxed (9 bytes)
Event: 6.539 Thread 0x0000024449cc4000 nmethod 3288 0x0000024434b05410 code [0x0000024434b05660, 0x0000024434b05e58]
Event: 6.542 Thread 0x0000024449cc4000 3289  s    3       sun.net.www.protocol.file.Handler::openConnection (7 bytes)
Event: 6.542 Thread 0x0000024449cc4000 nmethod 3289 0x0000024434b06110 code [0x0000024434b062e0, 0x0000024434b065a8]
Event: 6.542 Thread 0x0000024449cc4000 3290  s!   3       sun.net.www.protocol.file.Handler::openConnection (273 bytes)
Event: 6.545 Thread 0x0000024449cc4000 nmethod 3290 0x0000024434b06690 code [0x0000024434b06c40, 0x0000024434b09628]
Event: 6.545 Thread 0x0000024449cc4000 3291       3       sun.net.www.protocol.file.Handler::createFileURLConnection (10 bytes)
Event: 6.545 Thread 0x0000024449cc4000 nmethod 3291 0x0000024434b0a710 code [0x0000024434b0a8c0, 0x0000024434b0aa68]
Event: 6.551 Thread 0x0000024449cc4000 3292       3       java.util.concurrent.locks.AbstractQueuedSynchronizer::compareAndSetTail (10 bytes)
Event: 6.552 Thread 0x0000024449cc4000 nmethod 3292 0x0000024434b0ab10 code [0x0000024434b0ada0, 0x0000024434b0b858]
Event: 6.598 Thread 0x0000024449cc4000 3293       3       java.util.concurrent.locks.AbstractQueuedSynchronizer$ConditionObject::awaitNanos (181 bytes)
Event: 6.602 Thread 0x0000024449cc4000 nmethod 3293 0x0000024434b0bc10 code [0x0000024434b0c020, 0x0000024434b0dbf8]

GC Heap History (15 events):
Event: 1.019 GC heap before
{Heap before GC invocations=0 (full 0):
 garbage-first heap   total 114688K, used 29696K [0x00000000a0000000, 0x0000000100000000)
  region size 1024K, 24 young (24576K), 0 survivors (0K)
 Metaspace       used 10084K, capacity 10228K, committed 10368K, reserved 1058816K
  class space    used 1042K, capacity 1092K, committed 1152K, reserved 1048576K
}
Event: 1.028 GC heap after
{Heap after GC invocations=1 (full 0):
 garbage-first heap   total 114688K, used 8580K [0x00000000a0000000, 0x0000000100000000)
  region size 1024K, 3 young (3072K), 3 survivors (3072K)
 Metaspace       used 10084K, capacity 10228K, committed 10368K, reserved 1058816K
  class space    used 1042K, capacity 1092K, committed 1152K, reserved 1048576K
}
Event: 2.996 GC heap before
{Heap before GC invocations=1 (full 0):
 garbage-first heap   total 114688K, used 73092K [0x00000000a0000000, 0x0000000100000000)
  region size 1024K, 67 young (68608K), 3 survivors (3072K)
 Metaspace       used 17550K, capacity 17971K, committed 18176K, reserved 1064960K
  class space    used 2047K, capacity 2206K, committed 2304K, reserved 1048576K
}
Event: 3.006 GC heap after
{Heap after GC invocations=2 (full 0):
 garbage-first heap   total 114688K, used 15124K [0x00000000a0000000, 0x0000000100000000)
  region size 1024K, 9 young (9216K), 9 survivors (9216K)
 Metaspace       used 17550K, capacity 17971K, committed 18176K, reserved 1064960K
  class space    used 2047K, capacity 2206K, committed 2304K, reserved 1048576K
}
Event: 3.349 GC heap before
{Heap before GC invocations=2 (full 0):
 garbage-first heap   total 114688K, used 37652K [0x00000000a0000000, 0x0000000100000000)
  region size 1024K, 33 young (33792K), 9 survivors (9216K)
 Metaspace       used 20563K, capacity 21127K, committed 21296K, reserved 1069056K
  class space    used 2498K, capacity 2688K, committed 2688K, reserved 1048576K
}
Event: 3.359 GC heap after
{Heap after GC invocations=3 (full 0):
 garbage-first heap   total 114688K, used 16286K [0x00000000a0000000, 0x0000000100000000)
  region size 1024K, 1 young (1024K), 1 survivors (1024K)
 Metaspace       used 20563K, capacity 21127K, committed 21296K, reserved 1069056K
  class space    used 2498K, capacity 2688K, committed 2688K, reserved 1048576K
}
Event: 4.025 GC heap before
{Heap before GC invocations=4 (full 0):
 garbage-first heap   total 114688K, used 59294K [0x00000000a0000000, 0x0000000100000000)
  region size 1024K, 44 young (45056K), 1 survivors (1024K)
 Metaspace       used 25247K, capacity 25882K, committed 26032K, reserved 1071104K
  class space    used 3282K, capacity 3491K, committed 3584K, reserved 1048576K
}
Event: 4.029 GC heap after
{Heap after GC invocations=5 (full 0):
 garbage-first heap   total 114688K, used 17944K [0x00000000a0000000, 0x0000000100000000)
  region size 1024K, 3 young (3072K), 3 survivors (3072K)
 Metaspace       used 25247K, capacity 25882K, committed 26032K, reserved 1071104K
  class space    used 3282K, capacity 3491K, committed 3584K, reserved 1048576K
}
Event: 4.860 GC heap before
{Heap before GC invocations=5 (full 0):
 garbage-first heap   total 114688K, used 73240K [0x00000000a0000000, 0x0000000100000000)
  region size 1024K, 49 young (50176K), 3 survivors (3072K)
 Metaspace       used 29734K, capacity 30557K, committed 30640K, reserved 1075200K
  class space    used 3989K, capacity 4274K, committed 4352K, reserved 1048576K
}
Event: 4.866 GC heap after
{Heap after GC invocations=6 (full 0):
 garbage-first heap   total 114688K, used 30466K [0x00000000a0000000, 0x0000000100000000)
  region size 1024K, 6 young (6144K), 6 survivors (6144K)
 Metaspace       used 29734K, capacity 30557K, committed 30640K, reserved 1075200K
  class space    used 3989K, capacity 4274K, committed 4352K, reserved 1048576K
}
Event: 5.302 GC heap before
{Heap before GC invocations=6 (full 0):
 garbage-first heap   total 114688K, used 46850K [0x00000000a0000000, 0x0000000100000000)
  region size 1024K, 24 young (24576K), 6 survivors (6144K)
 Metaspace       used 34890K, capacity 35656K, committed 35708K, reserved 1081344K
  class space    used 4553K, capacity 4846K, committed 4864K, reserved 1048576K
}
Event: 5.314 GC heap after
{Heap after GC invocations=7 (full 0):
 garbage-first heap   total 114688K, used 32702K [0x00000000a0000000, 0x0000000100000000)
  region size 1024K, 6 young (6144K), 6 survivors (6144K)
 Metaspace       used 34890K, capacity 35656K, committed 35708K, reserved 1081344K
  class space    used 4553K, capacity 4846K, committed 4864K, reserved 1048576K
}
Event: 5.995 GC heap before
{Heap before GC invocations=8 (full 0):
 garbage-first heap   total 114688K, used 75710K [0x00000000a0000000, 0x0000000100000000)
  region size 1024K, 45 young (46080K), 6 survivors (6144K)
 Metaspace       used 39881K, capacity 40798K, committed 40904K, reserved 1085440K
  class space    used 5082K, capacity 5448K, committed 5504K, reserved 1048576K
}
Event: 6.007 GC heap after
{Heap after GC invocations=9 (full 0):
 garbage-first heap   total 114688K, used 34305K [0x00000000a0000000, 0x0000000100000000)
  region size 1024K, 5 young (5120K), 5 survivors (5120K)
 Metaspace       used 39881K, capacity 40798K, committed 40904K, reserved 1085440K
  class space    used 5082K, capacity 5448K, committed 5504K, reserved 1048576K
}
Event: 6.637 GC heap before
{Heap before GC invocations=9 (full 0):
 garbage-first heap   total 114688K, used 76289K [0x00000000a0000000, 0x0000000100000000)
  region size 1024K, 46 young (47104K), 5 survivors (5120K)
 Metaspace       used 42463K, capacity 43500K, committed 43592K, reserved 1087488K
  class space    used 5466K, capacity 5841K, committed 5888K, reserved 1048576K
}

Deoptimization events (20 events):
Event: 5.847 Thread 0x000002444bef8800 Uncommon trap: trap_request=0xffffff4d fr.pc=0x000002443baa2708 relative=0x00000000000000e8
Event: 5.847 Thread 0x000002444bef8800 Uncommon trap: reason=unstable_if action=reinterpret pc=0x000002443baa2708 method=org.objectweb.asm.ByteVector.putShort(I)Lorg/objectweb/asm/ByteVector; @ 13 c2
Event: 5.847 Thread 0x000002444bef8800 DEOPT PACKING pc=0x000002443baa2708 sp=0x000000f8f7ef9310
Event: 5.847 Thread 0x000002444bef8800 DEOPT UNPACKING pc=0x0000024433e9662f sp=0x000000f8f7ef92a8 mode 2
Event: 5.964 Thread 0x000002444bef8800 Uncommon trap: trap_request=0xffffff4d fr.pc=0x000002443ba8290c relative=0x0000000000005cac
Event: 5.964 Thread 0x000002444bef8800 Uncommon trap: reason=unstable_if action=reinterpret pc=0x000002443ba8290c method=java.net.URLClassLoader.defineClass(Ljava/lang/String;Ljdk/internal/loader/Resource;)Ljava/lang/Class; @ 21 c2
Event: 5.964 Thread 0x000002444bef8800 DEOPT PACKING pc=0x000002443ba8290c sp=0x000000f8f7ef8b20
Event: 5.964 Thread 0x000002444bef8800 DEOPT UNPACKING pc=0x0000024433e9662f sp=0x000000f8f7ef8ad8 mode 2
Event: 6.420 Thread 0x000002444bef8800 Uncommon trap: trap_request=0xffffff4d fr.pc=0x000002443b9aae90 relative=0x00000000000001d0
Event: 6.420 Thread 0x000002444bef8800 Uncommon trap: reason=unstable_if action=reinterpret pc=0x000002443b9aae90 method=java.net.URI$Parser.scan(IILjava/lang/String;)I @ 26 c2
Event: 6.420 Thread 0x000002444bef8800 DEOPT PACKING pc=0x000002443b9aae90 sp=0x000000f8f7ef8c50
Event: 6.420 Thread 0x000002444bef8800 DEOPT UNPACKING pc=0x0000024433e9662f sp=0x000000f8f7ef8be0 mode 2
Event: 6.420 Thread 0x000002444bef8800 Uncommon trap: trap_request=0xffffff4d fr.pc=0x000002443b986668 relative=0x0000000000000148
Event: 6.420 Thread 0x000002444bef8800 Uncommon trap: reason=unstable_if action=reinterpret pc=0x000002443b986668 method=java.net.URI.match(CJJ)Z @ 45 c2
Event: 6.420 Thread 0x000002444bef8800 DEOPT PACKING pc=0x000002443b986668 sp=0x000000f8f7ef89c0
Event: 6.420 Thread 0x000002444bef8800 DEOPT UNPACKING pc=0x0000024433e9662f sp=0x000000f8f7ef88f8 mode 2
Event: 6.423 Thread 0x000002444bef8800 Uncommon trap: trap_request=0xffffff4d fr.pc=0x000002443b95ca44 relative=0x00000000000000a4
Event: 6.423 Thread 0x000002444bef8800 Uncommon trap: reason=unstable_if action=reinterpret pc=0x000002443b95ca44 method=java.net.URI.match(CJJ)Z @ 45 c2
Event: 6.423 Thread 0x000002444bef8800 DEOPT PACKING pc=0x000002443b95ca44 sp=0x000000f8f7ef8950
Event: 6.423 Thread 0x000002444bef8800 DEOPT UNPACKING pc=0x0000024433e9662f sp=0x000000f8f7ef8900 mode 2

Classes redefined (0 events):
No events

Internal exceptions (20 events):
Event: 6.133 Thread 0x000002444bef8800 Exception <a 'java/lang/ClassNotFoundException'{0x00000000a6523e00}: java/util/AbstractCollectionCustomizer> (0x00000000a6523e00) thrown at [./src/hotspot/share/classfile/systemDictionary.cpp, line 231]
Event: 6.136 Thread 0x000002444bef8800 Exception <a 'java/lang/ClassNotFoundException'{0x00000000a6552910}: org/gradle/api/internal/DefaultDomainObjectCollectionCustomizer> (0x00000000a6552910) thrown at [./src/hotspot/share/classfile/systemDictionary.cpp, line 231]
Event: 6.141 Thread 0x000002444bef8800 Exception <a 'java/lang/ClassNotFoundException'{0x00000000a6596980}: org/gradle/api/internal/DefaultNamedDomainObjectCollectionCustomizer> (0x00000000a6596980) thrown at [./src/hotspot/share/classfile/systemDictionary.cpp, line 231]
Event: 6.147 Thread 0x000002444bef8800 Exception <a 'java/lang/ClassNotFoundException'{0x00000000a65edf60}: org/gradle/api/internal/DefaultNamedDomainObjectListCustomizer> (0x00000000a65edf60) thrown at [./src/hotspot/share/classfile/systemDictionary.cpp, line 231]
Event: 6.151 Thread 0x000002444bef8800 Exception <a 'java/lang/ClassNotFoundException'{0x00000000a643dfa0}: org/gradle/api/internal/artifacts/DefaultArtifactRepositoryContainerCustomizer> (0x00000000a643dfa0) thrown at [./src/hotspot/share/classfile/systemDictionary.cpp, line 231]
Event: 6.153 Thread 0x000002444bef8800 Exception <a 'java/lang/ClassNotFoundException'{0x00000000a64838a8}: org/gradle/api/internal/artifacts/dsl/DefaultRepositoryHandlerCustomizer> (0x00000000a64838a8) thrown at [./src/hotspot/share/classfile/systemDictionary.cpp, line 231]
Event: 6.157 Thread 0x000002444bef8800 Exception <a 'java/lang/ClassNotFoundException'{0x00000000a64da6e0}: org/gradle/api/internal/artifacts/dsl/DefaultRepositoryHandler_DecoratedCustomizer> (0x00000000a64da6e0) thrown at [./src/hotspot/share/classfile/systemDictionary.cpp, line 231]
Event: 6.227 Thread 0x000002444bef8800 Exception <a 'java/lang/NoSuchMethodError'{0x00000000a60a2f20}: 'int java.lang.invoke.DirectMethodHandle$Holder.invokeStaticInit(java.lang.Object, java.lang.Object, java.lang.Object, java.lang.Object)'> (0x00000000a60a2f20) thrown at [./src/hotspot/share/interpreter/linkResolver.cpp, line 773]
Event: 6.358 Thread 0x000002444bef8800 Exception <a 'java/lang/ClassNotFoundException'{0x00000000a5847df8}: org/gradle/api/internal/artifacts/dsl/dependencies/DefaultDependencyHandler_DecoratedBeanInfo> (0x00000000a5847df8) thrown at [./src/hotspot/share/classfile/systemDictionary.cpp, line 231]
Event: 6.359 Thread 0x000002444bef8800 Exception <a 'java/lang/ClassNotFoundException'{0x00000000a5880d98}: org/gradle/api/internal/artifacts/dsl/dependencies/DefaultDependencyHandlerBeanInfo> (0x00000000a5880d98) thrown at [./src/hotspot/share/classfile/systemDictionary.cpp, line 231]
Event: 6.361 Thread 0x000002444bef8800 Exception <a 'java/lang/ClassNotFoundException'{0x00000000a58b9c30}: org/gradle/api/internal/artifacts/dsl/dependencies/DefaultDependencyHandlerCustomizer> (0x00000000a58b9c30) thrown at [./src/hotspot/share/classfile/systemDictionary.cpp, line 231]
Event: 6.364 Thread 0x000002444bef8800 Exception <a 'java/lang/ClassNotFoundException'{0x00000000a571b160}: org/gradle/api/internal/artifacts/dsl/dependencies/DefaultDependencyHandler_DecoratedCustomizer> (0x00000000a571b160) thrown at [./src/hotspot/share/classfile/systemDictionary.cpp, line 231]
Event: 6.389 Thread 0x000002444bef8800 Exception <a 'java/lang/ClassNotFoundException'{0x00000000a56b29d8}: groovy/lang/GString$1BeanInfo> (0x00000000a56b29d8) thrown at [./src/hotspot/share/classfile/systemDictionary.cpp, line 231]
Event: 6.390 Thread 0x000002444bef8800 Exception <a 'java/lang/ClassNotFoundException'{0x00000000a56d0288}: groovy/lang/GStringBeanInfo> (0x00000000a56d0288) thrown at [./src/hotspot/share/classfile/systemDictionary.cpp, line 231]
Event: 6.391 Thread 0x000002444bef8800 Exception <a 'java/lang/ClassNotFoundException'{0x00000000a56ed6b0}: groovy/lang/GStringCustomizer> (0x00000000a56ed6b0) thrown at [./src/hotspot/share/classfile/systemDictionary.cpp, line 231]
Event: 6.393 Thread 0x000002444bef8800 Exception <a 'java/lang/ClassNotFoundException'{0x00000000a5514788}: groovy/lang/GString$1Customizer> (0x00000000a5514788) thrown at [./src/hotspot/share/classfile/systemDictionary.cpp, line 231]
Event: 6.401 Thread 0x000002444bef8800 Exception <a 'java/lang/ClassNotFoundException'{0x00000000a55b19b8}: org/codehaus/groovy/runtime/GStringImplBeanInfo> (0x00000000a55b19b8) thrown at [./src/hotspot/share/classfile/systemDictionary.cpp, line 231]
Event: 6.402 Thread 0x000002444bef8800 Exception <a 'java/lang/ClassNotFoundException'{0x00000000a55d2170}: org/codehaus/groovy/runtime/GStringImplCustomizer> (0x00000000a55d2170) thrown at [./src/hotspot/share/classfile/systemDictionary.cpp, line 231]
Event: 6.405 Thread 0x000002444bef8800 Exception <a 'java/lang/NoSuchMethodError'{0x00000000a55e09f8}: 'java.lang.Object java.lang.invoke.DirectMethodHandle$Holder.invokeStatic(java.lang.Object, java.lang.Object, int, java.lang.Object)'> (0x00000000a55e09f8) thrown at [./src/hotspot/share/interpreter/linkResolver.cpp, line 773]
Event: 6.406 Thread 0x000002444bef8800 Exception <a 'java/lang/NoSuchMethodError'{0x00000000a55e7b90}: 'java.lang.Object java.lang.invoke.Invokers$Holder.linkToTargetMethod(java.lang.Object, int, java.lang.Object, java.lang.Object)'> (0x00000000a55e7b90) thrown at [./src/hotspot/share/interpreter/linkResolver.cpp, line 773]

Events (20 events):
Event: 6.631 loading class org/gradle/api/internal/artifacts/dsl/ModuleVersionSelectorParsers done
Event: 6.631 loading class org/gradle/api/internal/artifacts/dsl/ModuleVersionSelectorParsers$StringConverter
Event: 6.631 loading class org/gradle/api/internal/artifacts/dsl/ModuleVersionSelectorParsers$StringConverter done
Event: 6.632 loading class org/gradle/api/internal/artifacts/dsl/ModuleVersionSelectorParsers$MapConverter
Event: 6.632 loading class org/gradle/api/internal/artifacts/dsl/ModuleVersionSelectorParsers$MapConverter done
Event: 6.633 loading class org/gradle/internal/typeconversion/FlatteningNotationParser
Event: 6.633 loading class org/gradle/internal/typeconversion/FlatteningNotationParser done
Event: 6.634 loading class org/gradle/api/Action
Event: 6.634 loading class org/gradle/api/Action done
Event: 6.634 loading class org/gradle/api/internal/artifacts/ivyservice/dependencysubstitution/DependencySubstitutionRules
Event: 6.634 loading class org/gradle/api/internal/artifacts/ivyservice/dependencysubstitution/DependencySubstitutionRules done
Event: 6.634 loading class org/gradle/api/Transformer
Event: 6.634 loading class org/gradle/api/Transformer done
Event: 6.634 loading class org/gradle/api/internal/artifacts/DependencySubstitutionInternal
Event: 6.634 loading class org/gradle/api/internal/artifacts/DependencySubstitutionInternal done
Event: 6.635 loading class org/gradle/api/internal/artifacts/ivyservice/dependencysubstitution/NoOpSubstitution
Event: 6.635 loading class org/gradle/api/internal/artifacts/ivyservice/dependencysubstitution/NoOpSubstitution done
Event: 6.636 loading class org/gradle/api/internal/artifacts/ivyservice/dependencysubstitution/DependencySubstitutionApplicator$SubstitutionResult
Event: 6.636 loading class org/gradle/api/internal/artifacts/ivyservice/dependencysubstitution/DependencySubstitutionApplicator$SubstitutionResult done
Event: 6.637 Executing VM operation: G1CollectForAllocation


Dynamic libraries:
0x00007ff676830000 - 0x00007ff67683a000 	C:\Program Files\Android\Android Studio\jre\bin\java.exe
0x00007ffcddcf0000 - 0x00007ffcddee8000 	C:\Windows\SYSTEM32\ntdll.dll
0x00007ffcddbf0000 - 0x00007ffcddcaf000 	C:\Windows\System32\KERNEL32.DLL
0x00007ffcdb480000 - 0x00007ffcdb752000 	C:\Windows\System32\KERNELBASE.dll
0x00007ffcdb9f0000 - 0x00007ffcdbaf0000 	C:\Windows\System32\ucrtbase.dll
0x00007ffcc9b70000 - 0x00007ffcc9b87000 	C:\Program Files\Android\Android Studio\jre\bin\VCRUNTIME140.dll
0x00007ffccdf80000 - 0x00007ffccdf99000 	C:\Program Files\Android\Android Studio\jre\bin\jli.dll
0x00007ffcdd9a0000 - 0x00007ffcddb41000 	C:\Windows\System32\USER32.dll
0x00007ffcc8350000 - 0x00007ffcc85ea000 	C:\Windows\WinSxS\amd64_microsoft.windows.common-controls_6595b64144ccf1df_6.0.19041.1110_none_60b5254171f9507e\COMCTL32.dll
0x00007ffcdbaf0000 - 0x00007ffcdbb12000 	C:\Windows\System32\win32u.dll
0x00007ffcdc0d0000 - 0x00007ffcdc16e000 	C:\Windows\System32\msvcrt.dll
0x00007ffcdc690000 - 0x00007ffcdc6bb000 	C:\Windows\System32\GDI32.dll
0x00007ffcdb790000 - 0x00007ffcdb89f000 	C:\Windows\System32\gdi32full.dll
0x00007ffcdb3e0000 - 0x00007ffcdb47d000 	C:\Windows\System32\msvcp_win.dll
0x00007ffcdbef0000 - 0x00007ffcdbf22000 	C:\Windows\System32\IMM32.DLL
0x00007ffcba2c0000 - 0x00007ffcba35d000 	C:\Program Files\Android\Android Studio\jre\bin\msvcp140.dll
0x00007ffca8470000 - 0x00007ffca8f45000 	C:\Program Files\Android\Android Studio\jre\bin\server\jvm.dll
0x00007ffcdc020000 - 0x00007ffcdc0ce000 	C:\Windows\System32\ADVAPI32.dll
0x00007ffcdc6c0000 - 0x00007ffcdc75c000 	C:\Windows\System32\sechost.dll
0x00007ffcdd5b0000 - 0x00007ffcdd6d5000 	C:\Windows\System32\RPCRT4.dll
0x00007ffcdd740000 - 0x00007ffcdd748000 	C:\Windows\System32\PSAPI.DLL
0x00007ffcd84e0000 - 0x00007ffcd8507000 	C:\Windows\SYSTEM32\WINMM.dll
0x00007ffcd4770000 - 0x00007ffcd4779000 	C:\Windows\SYSTEM32\WSOCK32.dll
0x00007ffcd13c0000 - 0x00007ffcd13ca000 	C:\Windows\SYSTEM32\VERSION.dll
0x00007ffcdc810000 - 0x00007ffcdc87b000 	C:\Windows\System32\WS2_32.dll
0x00007ffcd9c30000 - 0x00007ffcd9c42000 	C:\Windows\SYSTEM32\kernel.appcore.dll
0x00007ffcd61c0000 - 0x00007ffcd61d1000 	C:\Program Files\Android\Android Studio\jre\bin\verify.dll
0x00007ffcd8ce0000 - 0x00007ffcd8ec4000 	C:\Windows\SYSTEM32\DBGHELP.DLL
0x00007ffcc3fb0000 - 0x00007ffcc3fe5000 	C:\Windows\SYSTEM32\dbgcore.DLL
0x00007ffcdb960000 - 0x00007ffcdb9e2000 	C:\Windows\System32\bcryptPrimitives.dll
0x00007ffcd4e70000 - 0x00007ffcd4e99000 	C:\Program Files\Android\Android Studio\jre\bin\java.dll
0x00007ffcd6330000 - 0x00007ffcd633b000 	C:\Program Files\Android\Android Studio\jre\bin\jimage.dll
0x00007ffcd4bf0000 - 0x00007ffcd4c08000 	C:\Program Files\Android\Android Studio\jre\bin\zip.dll
0x00007ffcdcd20000 - 0x00007ffcdd464000 	C:\Windows\System32\SHELL32.dll
0x00007ffcd9480000 - 0x00007ffcd9c12000 	C:\Windows\SYSTEM32\windows.storage.dll
0x00007ffcdc880000 - 0x00007ffcdcbd5000 	C:\Windows\System32\combase.dll
0x00007ffcdad60000 - 0x00007ffcdad90000 	C:\Windows\SYSTEM32\Wldp.dll
0x00007ffcdc170000 - 0x00007ffcdc21d000 	C:\Windows\System32\SHCORE.dll
0x00007ffcdd6e0000 - 0x00007ffcdd735000 	C:\Windows\System32\shlwapi.dll
0x00007ffcdb320000 - 0x00007ffcdb33f000 	C:\Windows\SYSTEM32\profapi.dll
0x00007ffcd4bd0000 - 0x00007ffcd4bea000 	C:\Program Files\Android\Android Studio\jre\bin\net.dll
0x00007ffcd1990000 - 0x00007ffcd1a9c000 	C:\Windows\SYSTEM32\WINHTTP.dll
0x00007ffcdaac0000 - 0x00007ffcdab2a000 	C:\Windows\system32\mswsock.dll
0x00007ffcd4bb0000 - 0x00007ffcd4bc4000 	C:\Program Files\Android\Android Studio\jre\bin\nio.dll
0x00007ffccdcf0000 - 0x00007ffccdd17000 	C:\Users\Marvin Marquez\.gradle\native\fdc75f09e3144964f2cf3f50f0aa648679c211496f362492102eb8c894070792\windows-amd64\native-platform.dll
0x00007ffca80d0000 - 0x00007ffca8266000 	C:\Users\Marvin Marquez\.gradle\native\12488b8bf47d2d4c9fbf2f6322a914ad602e24e48041cd04a747c6da556b65c4\windows-amd64\native-platform-file-events.dll
0x00007ffcd46b0000 - 0x00007ffcd46ba000 	C:\Program Files\Android\Android Studio\jre\bin\management.dll
0x00007ffcd46a0000 - 0x00007ffcd46ad000 	C:\Program Files\Android\Android Studio\jre\bin\management_ext.dll
0x00007ffcdacb0000 - 0x00007ffcdacc8000 	C:\Windows\SYSTEM32\CRYPTSP.dll
0x00007ffcda3e0000 - 0x00007ffcda414000 	C:\Windows\system32\rsaenh.dll
0x00007ffcdb760000 - 0x00007ffcdb787000 	C:\Windows\System32\bcrypt.dll
0x00007ffcdb2e0000 - 0x00007ffcdb30e000 	C:\Windows\SYSTEM32\USERENV.dll
0x00007ffcdacd0000 - 0x00007ffcdacdc000 	C:\Windows\SYSTEM32\CRYPTBASE.dll
0x00007ffcda7b0000 - 0x00007ffcda7eb000 	C:\Windows\SYSTEM32\IPHLPAPI.DLL
0x00007ffcdbd30000 - 0x00007ffcdbd38000 	C:\Windows\System32\NSI.dll
0x00007ffcd22f0000 - 0x00007ffcd2307000 	C:\Windows\SYSTEM32\dhcpcsvc6.DLL
0x00007ffcd2c40000 - 0x00007ffcd2c5d000 	C:\Windows\SYSTEM32\dhcpcsvc.DLL
0x00007ffcda7f0000 - 0x00007ffcda8ba000 	C:\Windows\SYSTEM32\DNSAPI.dll
0x00007ffcd3680000 - 0x00007ffcd368b000 	C:\Windows\SYSTEM32\WINNSI.DLL

dbghelp: loaded successfully - version: 4.0.5 - missing functions: none
symbol engine: initialized successfully - sym options: 0x614 - pdb path: .;C:\Program Files\Android\Android Studio\jre\bin;C:\Windows\SYSTEM32;C:\Windows\WinSxS\amd64_microsoft.windows.common-controls_6595b64144ccf1df_6.0.19041.1110_none_60b5254171f9507e;C:\Program Files\Android\Android Studio\jre\bin\server;C:\Users\Marvin Marquez\.gradle\native\fdc75f09e3144964f2cf3f50f0aa648679c211496f362492102eb8c894070792\windows-amd64;C:\Users\Marvin Marquez\.gradle\native\12488b8bf47d2d4c9fbf2f6322a914ad602e24e48041cd04a747c6da556b65c4\windows-amd64

VM Arguments:
jvm_args: --add-opens=java.base/java.util=ALL-UNNAMED --add-opens=java.base/java.lang=ALL-UNNAMED --add-opens=java.base/java.lang.invoke=ALL-UNNAMED --add-opens=java.prefs/java.util.prefs=ALL-UNNAMED -Xmx1536m -Dfile.encoding=windows-1252 -Duser.country=US -Duser.language=en -Duser.variant 
java_command: org.gradle.launcher.daemon.bootstrap.GradleDaemon 6.8
java_class_path (initial): C:\Users\Marvin Marquez\.gradle\wrapper\dists\gradle-6.8-bin\1jblhjyydfkclfzx1agp92nyl\gradle-6.8\lib\gradle-launcher-6.8.jar
Launcher Type: SUN_STANDARD

[Global flags]
     intx CICompilerCount                          = 4                                         {product} {ergonomic}
     uint ConcGCThreads                            = 2                                         {product} {ergonomic}
     uint G1ConcRefinementThreads                  = 8                                         {product} {ergonomic}
   size_t G1HeapRegionSize                         = 1048576                                   {product} {ergonomic}
    uintx GCDrainStackTargetSize                   = 64                                        {product} {ergonomic}
   size_t InitialHeapSize                          = 117440512                                 {product} {ergonomic}
   size_t MarkStackSize                            = 4194304                                   {product} {ergonomic}
   size_t MaxHeapSize                              = 1610612736                                {product} {command line}
   size_t MaxNewSize                               = 965738496                                 {product} {ergonomic}
   size_t MinHeapDeltaBytes                        = 1048576                                   {product} {ergonomic}
    uintx NonNMethodCodeHeapSize                   = 5836300                                {pd product} {ergonomic}
    uintx NonProfiledCodeHeapSize                  = 122910970                              {pd product} {ergonomic}
    uintx ProfiledCodeHeapSize                     = 122910970                              {pd product} {ergonomic}
    uintx ReservedCodeCacheSize                    = 251658240                              {pd product} {ergonomic}
     bool SegmentedCodeCache                       = true                                      {product} {ergonomic}
     bool UseCompressedClassPointers               = true                                 {lp64_product} {ergonomic}
     bool UseCompressedOops                        = true                                 {lp64_product} {ergonomic}
     bool UseG1GC                                  = true                                      {product} {ergonomic}
     bool UseLargePagesIndividualAllocation        = false                                  {pd product} {ergonomic}

Logging:
Log output configuration:
 #0: stdout all=warning uptime,level,tags
 #1: stderr all=off uptime,level,tags

Environment Variables:
JAVA_HOME=C:\Users\Marvin Marquez\AppData\Local\Programs\Eclipse Adoptium\jdk-17.0.2.8-hotspot\
PATH=C:\ProgramData\Oracle\Java\javapath;C:\Program Files\Common Files\Oracle\Java\javapath;C:\Windows\system32;C:\Windows;C:\Windows\System32\Wbem;C:\Windows\System32\WindowsPowerShell\v1.0\;C:\Windows\System32\OpenSSH\;C:\Program Files\Git\cmd;C:\Program Files\CMake\bin;C:\Program Files (x86)\Microsoft SQL Server\100\Tools\Binn\;C:\Program Files\Microsoft SQL Server\100\Tools\Binn\;C:\Program Files\Microsoft SQL Server\100\DTS\Binn\;C:\Program Files\Calibre2\;C:\Program Files\dotnet\;C:\Users\Marvin Marquez\AppData\Local\Programs\Eclipse Adoptium\jdk-17.0.2.8-hotspot\bin;C:\Users\Marvin Marquez\AppData\Local\Microsoft\WindowsApps;C:\Users\Marvin Marquez\AppData\Local\Programs\Microsoft VS Code\bin;C:\msys64\mingw64\bin;C:\MinGW\bin;
USERNAME=Marvin Marquez
OS=Windows_NT
PROCESSOR_IDENTIFIER=AMD64 Family 23 Model 24 Stepping 1, AuthenticAMD



---------------  S Y S T E M  ---------------

OS: Windows 10 , 64 bit Build 19041 (10.0.19041.2364)
OS uptime: 0 days 12:59 hours

CPU:total 8 (initial active 8) (8 cores per cpu, 2 threads per core) family 23 model 24 stepping 1 microcode 0x0, cmov, cx8, fxsr, mmx, sse, sse2, sse3, ssse3, sse4.1, sse4.2, popcnt, avx, avx2, aes, clmul, mmxext, 3dnowpref, lzcnt, sse4a, ht, tsc, tscinvbit, tscinv, bmi1, bmi2, adx, s

Memory: 4k page, system-wide physical 7103M (984M free)
TotalPageFile size 9151M (AvailPageFile size 20M)
current process WorkingSet (physical memory assigned to process): 274M, peak: 275M
current process commit charge ("private bytes"): 315M, peak: 338M

vm_info: OpenJDK 64-Bit Server VM (11.0.11+9-b60-7590822) for windows-amd64 JRE (11.0.11+9-b60-7590822), built on Jul 29 2021 21:43:44 by "builder" with MS VC++ 14.0 (VS2015)

END.
