#
# There is insufficient memory for the Java Runtime Environment to continue.
# Native memory allocation (malloc) failed to allocate 924736 bytes for Chunk::new
# Possible reasons:
#   The system is out of physical RAM or swap space
#   The process is running with CompressedOops enabled, and the Java Heap may be blocking the growth of the native heap
# Possible solutions:
#   Reduce memory load on the system
#   Increase physical memory or swap space
#   Check if swap backing store is full
#   Decrease Java heap size (-Xmx/-Xms)
#   Decrease number of Java threads
#   Decrease Java thread stack sizes (-Xss)
#   Set larger code cache with -XX:ReservedCodeCacheSize=
#   JVM is running with Unscaled Compressed Oops mode in which the Java heap is
#     placed in the first 4GB address space. The Java Heap base address is the
#     maximum limit for the native heap growth. Please use -XX:HeapBaseMinAddress
#     to set the Java Heap base and to place the Java Heap above 4GB virtual address.
# This output file may be truncated or incomplete.
#
#  Out of Memory Error (./src/hotspot/share/memory/arena.cpp:197), pid=12216, tid=6504
#
# JRE version: OpenJDK Runtime Environment (11.0.11+9) (build 11.0.11+9-b60-7590822)
# Java VM: OpenJDK 64-Bit Server VM (11.0.11+9-b60-7590822, mixed mode, tiered, compressed oops, g1 gc, windows-amd64)
# No core dump will be written. Minidumps are not enabled by default on client versions of Windows
#

---------------  S U M M A R Y ------------

Command Line: org.jetbrains.kotlin.cli.jvm.K2JVMCompiler -Xallow-no-source-files -classpath C:\Users\Marvin Marquez\Desktop\MyApplication05\MyApplication05\app\libs\javax.mail-1.6.2.jar;C:\Users\Marvin Marquez\.gradle\caches\modules-2\files-2.1\org.jetbrains.kotlin\kotlin-android-extensions-runtime\1.3.50\bec16087637a7cafe54894e73d38037977cb30d2\kotlin-android-extensions-runtime-1.3.50.jar;C:\Users\Marvin Marquez\.gradle\caches\transforms-3\4813ba349f94c7a66629ac77c439fe76\transformed\activity-ktx-1.2.3-api.jar;C:\Users\Marvin Marquez\.gradle\caches\modules-2\files-2.1\org.jetbrains.kotlin\kotlin-stdlib-jdk7\1.3.50\50ad05ea1c2595fb31b800e76db464d08d599af3\kotlin-stdlib-jdk7-1.3.50.jar;C:\Users\Marvin Marquez\.gradle\caches\transforms-3\9a4175e9b6b18403b1eefc0ff0013cdb\transformed\core-ktx-1.1.0-api.jar;C:\Users\Marvin Marquez\.gradle\caches\transforms-3\7795437edaf2b9f397937b00add13d0c\transformed\lifecycle-runtime-ktx-2.3.1-api.jar;C:\Users\Marvin Marquez\.gradle\caches\transforms-3\210082358c15d2e08e638b5959edef6f\transformed\lifecycle-viewmodel-ktx-2.3.1-api.jar;C:\Users\Marvin Marquez\.gradle\caches\transforms-3\dfe8beb0cdc847caa3757f818624ce7c\transformed\savedstate-ktx-1.1.0-api.jar;C:\Users\Marvin Marquez\.gradle\caches\modules-2\files-2.1\org.jetbrains.kotlinx\kotlinx-coroutines-android\1.4.1\2349e3c971098c0c5379403b64a844d0c3cc2f3d\kotlinx-coroutines-android-1.4.1.jar;C:\Users\Marvin Marquez\.gradle\caches\modules-2\files-2.1\org.jetbrains.kotlinx\kotlinx-coroutines-core-jvm\1.4.1\936067d1e0195f638396f60e71da745bb14a35ca\kotlinx-coroutines-core-jvm-1.4.1.jar;C:\Users\Marvin Marquez\.gradle\caches\modules-2\files-2.1\org.jetbrains.kotlin\kotlin-stdlib\1.4.20\9be77b243a362b745e365f286627b8724337009c\kotlin-stdlib-1.4.20.jar;C:\Users\Marvin Marquez\.gradle\caches\modules-2\files-2.1\org.jetbrains.kotlin\kotlin-stdlib-common\1.4.20\c6761d7805b5312302f2bbd78cda68c976ce0c70\kotlin-stdlib-common-1.4.20.jar;C:\Users\Marvin Marquez\.gradle\caches\modules-2\files-2.1\org.jetbrains\annotations\13.0\919f0dfe192fb4e063e7dacadee7f8bb9a2672a9\annotations-13.0.jar;C:\Users\Marvin Marquez\.gradle\caches\transforms-3\39372b4fbfcdec77c33315b68ca80b0f\transformed\appcompat-1.3.1-api.jar;C:\Users\Marvin Marquez\.gradle\caches\transforms-3\5397fed6eda926447baad9d1cc77138f\transformed\recyclerview-1.1.0-api.jar;C:\Users\Marvin Marquez\.gradle\caches\transforms-3\94245202864371a3fcddb8549543e7f2\transformed\cardview-1.0.0-api.jar;C:\Users\Marvin Marquez\.gradle\caches\transforms-3\eda190ea2f28224bb24cee39d8e00040\transformed\fragment-1.3.6-api.jar;C:\Users\Marvin Marquez\.gradle\caches\transforms-3\75fac76669ade9e2b0b26bb475aa4f89\transformed\activity-1.2.4-api.jar;C:\Users\Marvin Marquez\.gradle\caches\transforms-3\e725e0c47bf58ff31bcc3e75e10c468e\transformed\appcompat-resources-1.3.1-api.jar;C:\Users\Marvin Marquez\.gradle\caches\transforms-3\7067229f9650e0b23cf6dc08faed1220\transformed\drawerlayout-1.0.0-api.jar;C:\Users\Marvin Marquez\.gradle\caches\transforms-3\df1bd54e810a4598239a7877ba6f8799\transformed\viewpager-1.0.0-api.jar;C:\Users\Marvin Marquez\.gradle\caches\transforms-3\06ad7a0d74cc04042b80668e61548b8c\transformed\customview-1.0.0-api.jar;C:\Users\Marvin Marquez\.gradle\caches\transforms-3\b6e94da955003c91704f475e19647b61\transformed\loader-1.0.0-api.jar;C:\Users\Marvin Marquez\.gradle\caches\transforms-3\11dc652a1717cbad981a5ff4848c570a\transformed\vectordrawable-animated-1.1.0-api.jar;C:\Users\Marvin Marquez\.gradle\caches\transforms-3\cd0e074e29ad8237d5b0957061738abf\transformed\vectordrawable-1.1.0-api.jar;C:\Users\Marvin Marquez\.gradle\caches\transforms-3\a95fb42f449477bd07a71ea1c7f11dd6\transformed\core-1.5.0-api.jar;C:\Users\Marvin Marquez\.gradle\caches\transforms-3\13575f784bec46eefeb6e8af495a5a65\transformed\cursoradapter-1.0.0-api.jar;C:\Users\Marvin Marquez\.gradle\caches\transforms-3\fbbd891779b5a4b82018f0ec2c4064a3\transformed\lifecycle-viewmodel-savedstate-2.3.1-api.jar;C:\Users\Marvin Marquez\.gradle\caches\transforms-3\a4cfebfd15a1f65229cca8f02f7c49d5\transformed\savedstate-1.1.0-api.jar;C:\Users\Marvin Marquez\.gradle\caches\transforms-3\cfe807bdaf4571399d873d3b7c97f1c8\transformed\versionedparcelable-1.1.1-api.jar;C:\Users\Marvin Marquez\.gradle\caches\modules-2\files-2.1\androidx.collection\collection\1.1.0\1f27220b47669781457de0d600849a5de0e89909\collection-1.1.0.jar;C:\Users\Marvin Marquez\.gradle\caches\transforms-3\c4529822e9810a7f17253ef21ba0c236\transformed\lifecycle-runtime-2.3.1-api.jar;C:\Users\Marvin Marquez\.gradle\caches\transforms-3\fa753753bb5a95d6f7e5c6ccfc789999\transformed\lifecycle-viewmodel-2.3.1-api.jar;C:\Users\Marvin Marquez\.gradle\caches\transforms-3\631366eeb92d81d78910fd5179865d3c\transformed\lifecycle-livedata-2.0.0-api.jar;C:\Users\Marvin Marquez\.gradle\caches\transforms-3\c560833b818c2e2210c3a200f661893f\transformed\lifecycle-livedata-core-2.3.1-api.jar;C:\Users\Marvin Marquez\.gradle\caches\modules-2\files-2.1\androidx.lifecycle\lifecycle-common\2.3.1\fc466261d52f4433863642fb40d12441ae274a98\lifecycle-common-2.3.1.jar;C:\Users\Marvin Marquez\.gradle\caches\transforms-3\11c995fa5e40f57e0bac76dae967fc83\transformed\core-runtime-2.1.0-api.jar;C:\Users\Marvin Marquez\.gradle\caches\modules-2\files-2.1\androidx.arch.core\core-common\2.1.0\b3152fc64428c9354344bd89848ecddc09b6f07e\core-common-2.1.0.jar;C:\Users\Marvin Marquez\.gradle\caches\transforms-3\2895632ba7348a874c316d689b03845c\transformed\interpolator-1.0.0-api.jar;C:\Users\Marvin Marquez\.gradle\caches\modules-2\files-2.1\androidx.annotation\annotation\1.2.0\57136ff68ee784c6e19db34ed4a175338fadfde1\annotation-1.2.0.jar;C:\Users\Marvin Marquez\.gradle\caches\transforms-3\fa6c88f66c10251ca3062893411668d0\transformed\annotation-experimental-1.0.0-api.jar;C:\Users\Marvin Marquez\.gradle\caches\transforms-3\af59cc8131e2eddcddda2c7e41424b27\transformed\constraintlayout-1.1.3-api.jar;C:\Users\Marvin Marquez\.gradle\caches\modules-2\files-2.1\androidx.constraintlayout\constraintlayout-solver\1.1.3\54abe9ffb22cc9019b0b6fcc10f185cc4e67b34e\constraintlayout-solver-1.1.3.jar;C:\Users\Marvin Marquez\.gradle\caches\transforms-3\0e7be825ff86ac6755ddc1635fb360fc\transformed\jetified-volley-1.1.1-api.jar;C:\Users\Marvin Marquez\.gradle\caches\transforms-3\2e0a8b56c4e11de251b1645b0ac1a952\transformed\jetified-android-pdf-viewer-3.2.0-beta.1-api.jar;C:\Users\Marvin Marquez\.gradle\caches\transforms-3\bef99462fc7399410ea157c225b424f9\transformed\jetified-pdfium-android-1.9.0-api.jar;C:\Users\Marvin Marquez\.gradle\caches\transforms-3\55db0d1d4d0ac90a29d2a2be199d146b\transformed\zxing-android-embedded-4.3.0-api.jar;C:\Users\Marvin Marquez\.gradle\caches\modules-2\files-2.1\com.google.zxing\core\3.4.1\1869da97e9b2b60b5ff2fcaf55899174b93ae25d\core-3.4.1.jar;C:\Users\Marvin Marquez\.gradle\caches\modules-2\files-2.1\com.sun.mail\android-activation\1.6.7\be2313e85510e68188c58f52eb7e5c043c3c005c\android-activation-1.6.7.jar;C:\Users\Marvin Marquez\AppData\Local\Android\Sdk\platforms\android-30\android.jar;C:\Users\Marvin Marquez\AppData\Local\Android\Sdk\build-tools\29.0.2\core-lambda-stubs.jar -d C:\Users\Marvin Marquez\Desktop\MyApplication05\MyApplication05\app\build\tmp\kotlin-classes\debug -Xjava-source-roots=C:\Users\Marvin Marquez\Desktop\MyApplication05\MyApplication05\app\build\generated\not_namespaced_r_class_sources\debug\r,C:\Users\Marvin Marquez\Desktop\MyApplication05\MyApplication05\app\src\main\java,C:\Users\Marvin Marquez\Desktop\MyApplication05\MyApplication05\app\build\generated\source\buildConfig\debug -module-name app_debug -no-jdk -no-reflect -no-stdlib -Xcommon-sources=C:\Users\Marvin Marquez\Desktop\MyApplication05\MyApplication05\app\src\main\java\com\example\myapplication05\AaDAtabaseDesign.kt,C:\Users\Marvin Marquez\Desktop\MyApplication05\MyApplication05\app\src\main\java\com\example\myapplication05\ActivityAdapter.kt,C:\Users\Marvin Marquez\Desktop\MyApplication05\MyApplication05\app\src\main\java\com\example\myapplication05\ActivityMain.kt,C:\Users\Marvin Marquez\Desktop\MyApplication05\MyApplication05\app\src\main\java\com\example\myapplication05\AttendabceIndividualAdapter.kt,C:\Users\Marvin Marquez\Desktop\MyApplication05\MyApplication05\app\src\main\java\com\example\myapplication05\AttendanceAdapter.kt,C:\Users\Marvin Marquez\Desktop\MyApplication05\MyApplication05\app\src\main\java\com\example\myapplication05\AttendanceIndividualAdapter.kt,C:\Users\Marvin Marquez\Desktop\MyApplication05\MyApplication05\app\src\main\java\com\example\myapplication05\AttendanceMain.kt,C:\Users\Marvin Marquez\Desktop\MyApplication05\MyApplication05\app\src\main\java\com\example\myapplication05\AttendanceScanAdapter.kt,C:\Users\Marvin Marquez\Desktop\MyApplication05\MyApplication05\app\src\main\java\com\example\myapplication05\CaptureAct.java,C:\Users\Marvin Marquez\Desktop\MyApplication05\MyApplication05\app\src\main\java\com\example\myapplication05\CodeCompilation.kt,C:\Users\Marvin Marquez\Desktop\MyApplication05\MyApplication05\app\src\main\java\com\example\myapplication05\DatabaseHandler.kt,C:\Users\Marvin Marquez\Desktop\MyApplication05\MyApplication05\app\src\main\java\com\example\myapplication05\EnrolleAdapter.kt,C:\Users\Marvin Marquez\Desktop\MyApplication05\MyApplication05\app\src\main\java\com\example\myapplication05\EnrolleMain.kt,C:\Users\Marvin Marquez\Desktop\MyApplication05\MyApplication05\app\src\main\java\com\example\myapplication05\FileChooser.kt,C:\Users\Marvin Marquez\Desktop\MyApplication05\MyApplication05\app\src\main\java\com\example\myapplication05\GradeAdapter.kt,C:\Users\Marvin Marquez\Desktop\MyApplication05\MyApplication05\app\src\main\java\com\example\myapplication05\GradeAverageAdapter.kt,C:\Users\Marvin Marquez\Desktop\MyApplication05\MyApplication05\app\src\main\java\com\example\myapplication05\GradeMain.kt,C:\Users\Marvin Marquez\Desktop\MyApplication05\MyApplication05\app\src\main\java\com\example\myapplication05\Grades.kt,C:\Users\Marvin Marquez\Desktop\MyApplication05\MyApplication05\app\src\main\java\com\example\myapplication05\GroupAdapter.kt,C:\Users\Marvin Marquez\Desktop\MyApplication05\MyApplication05\app\src\main\java\com\example\myapplication05\hhh.java,C:\Users\Marvin Marquez\Desktop\MyApplication05\MyApplication05\app\src\main\java\com\example\myapplication05\IndividualAdapter.kt,C:\Users\Marvin Marquez\Desktop\MyApplication05\MyApplication05\app\src\main\java\com\example\myapplication05\Individualmain.kt,C:\Users\Marvin Marquez\Desktop\MyApplication05\MyApplication05\app\src\main\java\com\example\myapplication05\IndividualStudenht.kt,C:\Users\Marvin Marquez\Desktop\MyApplication05\MyApplication05\app\src\main\java\com\example\myapplication05\LogAdapter.kt,C:\Users\Marvin Marquez\Desktop\MyApplication05\MyApplication05\app\src\main\java\com\example\myapplication05\LogMain.kt,C:\Users\Marvin Marquez\Desktop\MyApplication05\MyApplication05\app\src\main\java\com\example\myapplication05\MainActivity.kt,C:\Users\Marvin Marquez\Desktop\MyApplication05\MyApplication05\app\src\main\java\com\example\myapplication05\MiscAdapter.kt,C:\Users\Marvin Marquez\Desktop\MyApplication05\MyApplication05\app\src\main\java\com\example\myapplication05\MiscMain.kt,C:\Users\Marvin Marquez\Desktop\MyApplication05\MyApplication05\app\src\main\java\com\example\myapplication05\MiscOption.kt,C:\Users\Marvin Marquez\Desktop\MyApplication05\MyApplication05\app\src\main\java\com\example\myapplication05\MiscOptionAdapter.kt,C:\Users\Marvin Marquez\Desktop\MyApplication05\MyApplication05\app\src\main\java\com\example\myapplication05\MiscStudent.kt,C:\Users\Marvin Marquez\Desktop\MyApplication05\MyApplication05\app\src\main\java\com\example\myapplication05\MissingAdapter.kt,C:\Users\Marvin Marquez\Desktop\MyApplication05\MyApplication05\app\src\main\java\com\example\myapplication05\MissingMain.kt,C:\Users\Marvin Marquez\Desktop\MyApplication05\MyApplication05\app\src\main\java\com\example\myapplication05\Model.kt,C:\Users\Marvin Marquez\Desktop\MyApplication05\MyApplication05\app\src\main\java\com\example\myapplication05\OpenNewPDF.kt,C:\Users\Marvin Marquez\Desktop\MyApplication05\MyApplication05\app\src\main\java\com\example\myapplication05\OpenPdf_Adapter.kt,C:\Users\Marvin Marquez\Desktop\MyApplication05\MyApplication05\app\src\main\java\com\example\myapplication05\PdfRecordAdapter.kt,C:\Users\Marvin Marquez\Desktop\MyApplication05\MyApplication05\app\src\main\java\com\example\myapplication05\RandomAdapter.kt,C:\Users\Marvin Marquez\Desktop\MyApplication05\MyApplication05\app\src\main\java\com\example\myapplication05\RandomMain.kt,C:\Users\Marvin Marquez\Desktop\MyApplication05\MyApplication05\app\src\main\java\com\example\myapplication05\Reading.kt,C:\Users\Marvin Marquez\Desktop\MyApplication05\MyApplication05\app\src\main\java\com\example\myapplication05\Sample.kt,C:\Users\Marvin Marquez\Desktop\MyApplication05\MyApplication05\app\src\main\java\com\example\myapplication05\Sample1.kt,C:\Users\Marvin Marquez\Desktop\MyApplication05\MyApplication05\app\src\main\java\com\example\myapplication05\ScanQRcode.kt,C:\Users\Marvin Marquez\Desktop\MyApplication05\MyApplication05\app\src\main\java\com\example\myapplication05\SchedMain.kt,C:\Users\Marvin Marquez\Desktop\MyApplication05\MyApplication05\app\src\main\java\com\example\myapplication05\ScheduleAdapter.kt,C:\Users\Marvin Marquez\Desktop\MyApplication05\MyApplication05\app\src\main\java\com\example\myapplication05\ScoreAdapter.kt,C:\Users\Marvin Marquez\Desktop\MyApplication05\MyApplication05\app\src\main\java\com\example\myapplication05\ScoreIndividualAdapter.kt,C:\Users\Marvin Marquez\Desktop\MyApplication05\MyApplication05\app\src\main\java\com\example\myapplication05\ScoreIndividualMain.kt,C:\Users\Marvin Marquez\Desktop\MyApplication05\MyApplication05\app\src\main\java\com\example\myapplication05\ScoreMain.kt,C:\Users\Marvin Marquez\Desktop\MyApplication05\MyApplication05\app\src\main\java\com\example\myapplication05\SearchAdapter.kt,C:\Users\Marvin Marquez\Desktop\MyApplication05\MyApplication05\app\src\main\java\com\example\myapplication05\SearchStudent.kt,C:\Users\Marvin Marquez\Desktop\MyApplication05\MyApplication05\app\src\main\java\com\example\myapplication05\SectionAdapter.kt,C:\Users\Marvin Marquez\Desktop\MyApplication05\MyApplication05\app\src\main\java\com\example\myapplication05\SectionMain.kt,C:\Users\Marvin Marquez\Desktop\MyApplication05\MyApplication05\app\src\main\java\com\example\myapplication05\SpeaK.kt,C:\Users\Marvin Marquez\Desktop\MyApplication05\MyApplication05\app\src\main\java\com\example\myapplication05\SpeakAdapter.kt,C:\Users\Marvin Marquez\Desktop\MyApplication05\MyApplication05\app\src\main\java\com\example\myapplication05\SpeakAnswerAdapter.kt,C:\Users\Marvin Marquez\Desktop\MyApplication05\MyApplication05\app\src\main\java\com\example\myapplication05\SpeakAnswerMain.kt,C:\Users\Marvin Marquez\Desktop\MyApplication05\MyApplication05\app\src\main\java\com\example\myapplication05\SpeakRow.kt,C:\Users\Marvin Marquez\Desktop\MyApplication05\MyApplication05\app\src\main\java\com\example\myapplication05\StudentAdapter.kt,C:\Users\Marvin Marquez\Desktop\MyApplication05\MyApplication05\app\src\main\java\com\example\myapplication05\StudentMain.kt,C:\Users\Marvin Marquez\Desktop\MyApplication05\MyApplication05\app\src\main\java\com\example\myapplication05\StudentRandom.kt,C:\Users\Marvin Marquez\Desktop\MyApplication05\MyApplication05\app\src\main\java\com\example\myapplication05\SubjectAdapter.kt,C:\Users\Marvin Marquez\Desktop\MyApplication05\MyApplication05\app\src\main\java\com\example\myapplication05\SubjectMain.kt,C:\Users\Marvin Marquez\Desktop\MyApplication05\MyApplication05\app\src\main\java\com\example\myapplication05\SummaryAdapter.kt,C:\Users\Marvin Marquez\Desktop\MyApplication05\MyApplication05\app\src\main\java\com\example\myapplication05\SummaryMain.kt,C:\Users\Marvin Marquez\Desktop\MyApplication05\MyApplication05\app\src\main\java\com\example\myapplication05\TableAttendance.kt,C:\Users\Marvin Marquez\Desktop\MyApplication05\MyApplication05\app\src\main\java\com\example\myapplication05\TableRandom.kt,C:\Users\Marvin Marquez\Desktop\MyApplication05\MyApplication05\app\src\main\java\com\example\myapplication05\TableSstudent.kt,C:\Users\Marvin Marquez\Desktop\MyApplication05\MyApplication05\app\src\main\java\com\example\myapplication05\TablrActivity.kt,C:\Users\Marvin Marquez\Desktop\MyApplication05\MyApplication05\app\src\main\java\com\example\myapplication05\Utilities.kt -Xplugin=C:\Users\Marvin Marquez\.gradle\caches\modules-2\files-2.1\org.jetbrains.intellij.deps\trove4j\1.0.20181211\216c2e14b070f334479d800987affe4054cd563f\trove4j-1.0.20181211.jar,C:\Users\Marvin Marquez\.gradle\caches\modules-2\files-2.1\org.jetbrains.kotlin\kotlin-android-extensions\1.3.50\f16428b9ce307d0f5842bd8ed9af1e43a141edd3\kotlin-android-extensions-1.3.50.jar,C:\Users\Marvin Marquez\.gradle\caches\modules-2\files-2.1\org.jetbrains.kotlin\kotlin-compiler-embeddable\1.3.50\1251c1768e5769b06c2487d6f6cf8acf6efb8960\kotlin-compiler-embeddable-1.3.50.jar,C:\Users\Marvin Marquez\.gradle\caches\modules-2\files-2.1\org.jetbrains.kotlin\kotlin-daemon-embeddable\1.3.50\5cb93bb33f4c6f833ead0beca4c831668e00cf52\kotlin-daemon-embeddable-1.3.50.jar,C:\Users\Marvin Marquez\.gradle\caches\modules-2\files-2.1\org.jetbrains.kotlin\kotlin-reflect\1.3.50\b499f22fd7c3e9c2e5b6c4005221fa47fc7f9a7a\kotlin-reflect-1.3.50.jar,C:\Users\Marvin Marquez\.gradle\caches\modules-2\files-2.1\org.jetbrains.kotlin\kotlin-script-runtime\1.3.50\59492b8dfb92522ba0ddb5dd1c4d0ef0a4fca1af\kotlin-script-runtime-1.3.50.jar,C:\Users\Marvin Marquez\.gradle\caches\modules-2\files-2.1\org.jetbrains.kotlin\kotlin-stdlib-common\1.3.50\3d9cd3e1bc7b92e95f43d45be3bfbcf38e36ab87\kotlin-stdlib-common-1.3.50.jar,C:\Users\Marvin Marquez\.gradle\caches\modules-2\files-2.1\org.jetbrains.kotlin\kotlin-stdlib\1.3.50\b529d1738c7e98bbfa36a4134039528f2ce78ebf\kotlin-stdlib-1.3.50.jar,C:\Users\Marvin Marquez\.gradle\caches\modules-2\files-2.1\org.jetbrains\annotations\13.0\919f0dfe192fb4e063e7dacadee7f8bb9a2672a9\annotations-13.0.jar -P plugin:org.jetbrains.kotlin.android:configuration=rO0ABXexAAAAAwAIZmVhdHVyZXMAAAABAA92aWV3cyxwYXJjZWxpemUAB3BhY2thZ2UAAAABABtjb20uZXhhbXBsZS5teWFwcGxpY2F0aW9uMDUAB3ZhcmlhbnQAAAABAFVtYWluO0M6XFVzZXJzXE1hcnZpbiBNYXJxdWV6XERlc2t0b3BcTXlBcHBsaWNhdGlvbjA1XE15QXBwbGljYXRpb24wNVxhcHBcc3JjXG1haW5ccmVz C:\Users\Marvin Marquez\Desktop\MyApplication05\MyApplication05\app\src\main\java\com\example\myapplication05\AaDAtabaseDesign.kt C:\Users\Marvin Marquez\Desktop\MyApplication05\MyApplication05\app\src\main\java\com\example\myapplication05\ActivityAdapter.kt C:\Users\Marvin Marquez\Desktop\MyApplication05\MyApplication05\app\src\main\java\com\example\myapplication05\ActivityMain.kt C:\Users\Marvin Marquez\Desktop\MyApplication05\MyApplication05\app\src\main\java\com\example\myapplication05\AttendabceIndividualAdapter.kt C:\Users\Marvin Marquez\Desktop\MyApplication05\MyApplication05\app\src\main\java\com\example\myapplication05\AttendanceAdapter.kt C:\Users\Marvin Marquez\Desktop\MyApplication05\MyApplication05\app\src\main\java\com\example\myapplication05\AttendanceIndividualAdapter.kt C:\Users\Marvin Marquez\Desktop\MyApplication05\MyApplication05\app\src\main\java\com\example\myapplication05\AttendanceMain.kt C:\Users\Marvin Marquez\Desktop\MyApplication05\MyApplication05\app\src\main\java\com\example\myapplication05\AttendanceScanAdapter.kt C:\Users\Marvin Marquez\Desktop\MyApplication05\MyApplication05\app\src\main\java\com\example\myapplication05\CodeCompilation.kt C:\Users\Marvin Marquez\Desktop\MyApplication05\MyApplication05\app\src\main\java\com\example\myapplication05\DatabaseHandler.kt C:\Users\Marvin Marquez\Desktop\MyApplication05\MyApplication05\app\src\main\java\com\example\myapplication05\EnrolleAdapter.kt C:\Users\Marvin Marquez\Desktop\MyApplication05\MyApplication05\app\src\main\java\com\example\myapplication05\EnrolleMain.kt C:\Users\Marvin Marquez\Desktop\MyApplication05\MyApplication05\app\src\main\java\com\example\myapplication05\FileChooser.kt C:\Users\Marvin Marquez\Desktop\MyApplication05\MyApplication05\app\src\main\java\com\example\myapplication05\GradeAdapter.kt C:\Users\Marvin Marquez\Desktop\MyApplication05\MyApplication05\app\src\main\java\com\example\myapplication05\GradeAverageAdapter.kt C:\Users\Marvin Marquez\Desktop\MyApplication05\MyApplication05\app\src\main\java\com\example\myapplication05\GradeMain.kt C:\Users\Marvin Marquez\Desktop\MyApplication05\MyApplication05\app\src\main\java\com\example\myapplication05\Grades.kt C:\Users\Marvin Marquez\Desktop\MyApplication05\MyApplication05\app\src\main\java\com\example\myapplication05\GroupAdapter.kt C:\Users\Marvin Marquez\Desktop\MyApplication05\MyApplication05\app\src\main\java\com\example\myapplication05\IndividualAdapter.kt C:\Users\Marvin Marquez\Desktop\MyApplication05\MyApplication05\app\src\main\java\com\example\myapplication05\Individualmain.kt C:\Users\Marvin Marquez\Desktop\MyApplication05\MyApplication05\app\src\main\java\com\example\myapplication05\IndividualStudenht.kt C:\Users\Marvin Marquez\Desktop\MyApplication05\MyApplication05\app\src\main\java\com\example\myapplication05\LogAdapter.kt C:\Users\Marvin Marquez\Desktop\MyApplication05\MyApplication05\app\src\main\java\com\example\myapplication05\LogMain.kt C:\Users\Marvin Marquez\Desktop\MyApplication05\MyApplication05\app\src\main\java\com\example\myapplication05\MainActivity.kt C:\Users\Marvin Marquez\Desktop\MyApplication05\MyApplication05\app\src\main\java\com\example\myapplication05\MiscAdapter.kt C:\Users\Marvin Marquez\Desktop\MyApplication05\MyApplication05\app\src\main\java\com\example\myapplication05\MiscMain.kt C:\Users\Marvin Marquez\Desktop\MyApplication05\MyApplication05\app\src\main\java\com\example\myapplication05\MiscOption.kt C:\Users\Marvin Marquez\Desktop\MyApplication05\MyApplication05\app\src\main\java\com\example\myapplication05\MiscOptionAdapter.kt C:\Users\Marvin Marquez\Desktop\MyApplication05\MyApplication05\app\src\main\java\com\example\myapplication05\MiscStudent.kt C:\Users\Marvin Marquez\Desktop\MyApplication05\MyApplication05\app\src\main\java\com\example\myapplication05\MissingAdapter.kt C:\Users\Marvin Marquez\Desktop\MyApplication05\MyApplication05\app\src\main\java\com\example\myapplication05\MissingMain.kt C:\Users\Marvin Marquez\Desktop\MyApplication05\MyApplication05\app\src\main\java\com\example\myapplication05\Model.kt C:\Users\Marvin Marquez\Desktop\MyApplication05\MyApplication05\app\src\main\java\com\example\myapplication05\OpenNewPDF.kt C:\Users\Marvin Marquez\Desktop\MyApplication05\MyApplication05\app\src\main\java\com\example\myapplication05\OpenPdf_Adapter.kt C:\Users\Marvin Marquez\Desktop\MyApplication05\MyApplication05\app\src\main\java\com\example\myapplication05\PdfRecordAdapter.kt C:\Users\Marvin Marquez\Desktop\MyApplication05\MyApplication05\app\src\main\java\com\example\myapplication05\RandomAdapter.kt C:\Users\Marvin Marquez\Desktop\MyApplication05\MyApplication05\app\src\main\java\com\example\myapplication05\RandomMain.kt C:\Users\Marvin Marquez\Desktop\MyApplication05\MyApplication05\app\src\main\java\com\example\myapplication05\Reading.kt C:\Users\Marvin Marquez\Desktop\MyApplication05\MyApplication05\app\src\main\java\com\example\myapplication05\Sample.kt C:\Users\Marvin Marquez\Desktop\MyApplication05\MyApplication05\app\src\main\java\com\example\myapplication05\Sample1.kt C:\Users\Marvin Marquez\Desktop\MyApplication05\MyApplication05\app\src\main\java\com\example\myapplication05\ScanQRcode.kt C:\Users\Marvin Marquez\Desktop\MyApplication05\MyApplication05\app\src\main\java\com\example\myapplication05\SchedMain.kt C:\Users\Marvin Marquez\Desktop\MyApplication05\MyApplication05\app\src\main\java\com\example\myapplication05\ScheduleAdapter.kt C:\Users\Marvin Marquez\Desktop\MyApplication05\MyApplication05\app\src\main\java\com\example\myapplication05\ScoreAdapter.kt C:\Users\Marvin Marquez\Desktop\MyApplication05\MyApplication05\app\src\main\java\com\example\myapplication05\ScoreIndividualAdapter.kt C:\Users\Marvin Marquez\Desktop\MyApplication05\MyApplication05\app\src\main\java\com\example\myapplication05\ScoreIndividualMain.kt C:\Users\Marvin Marquez\Desktop\MyApplication05\MyApplication05\app\src\main\java\com\example\myapplication05\ScoreMain.kt C:\Users\Marvin Marquez\Desktop\MyApplication05\MyApplication05\app\src\main\java\com\example\myapplication05\SearchAdapter.kt C:\Users\Marvin Marquez\Desktop\MyApplication05\MyApplication05\app\src\main\java\com\example\myapplication05\SearchStudent.kt C:\Users\Marvin Marquez\Desktop\MyApplication05\MyApplication05\app\src\main\java\com\example\myapplication05\SectionAdapter.kt C:\Users\Marvin Marquez\Desktop\MyApplication05\MyApplication05\app\src\main\java\com\example\myapplication05\SectionMain.kt C:\Users\Marvin Marquez\Desktop\MyApplication05\MyApplication05\app\src\main\java\com\example\myapplication05\SpeaK.kt C:\Users\Marvin Marquez\Desktop\MyApplication05\MyApplication05\app\src\main\java\com\example\myapplication05\SpeakAdapter.kt C:\Users\Marvin Marquez\Desktop\MyApplication05\MyApplication05\app\src\main\java\com\example\myapplication05\SpeakAnswerAdapter.kt C:\Users\Marvin Marquez\Desktop\MyApplication05\MyApplication05\app\src\main\java\com\example\myapplication05\SpeakAnswerMain.kt C:\Users\Marvin Marquez\Desktop\MyApplication05\MyApplication05\app\src\main\java\com\example\myapplication05\SpeakRow.kt C:\Users\Marvin Marquez\Desktop\MyApplication05\MyApplication05\app\src\main\java\com\example\myapplication05\StudentAdapter.kt C:\Users\Marvin Marquez\Desktop\MyApplication05\MyApplication05\app\src\main\java\com\example\myapplication05\StudentMain.kt C:\Users\Marvin Marquez\Desktop\MyApplication05\MyApplication05\app\src\main\java\com\example\myapplication05\StudentRandom.kt C:\Users\Marvin Marquez\Desktop\MyApplication05\MyApplication05\app\src\main\java\com\example\myapplication05\SubjectAdapter.kt C:\Users\Marvin Marquez\Desktop\MyApplication05\MyApplication05\app\src\main\java\com\example\myapplication05\SubjectMain.kt C:\Users\Marvin Marquez\Desktop\MyApplication05\MyApplication05\app\src\main\java\com\example\myapplication05\SummaryAdapter.kt C:\Users\Marvin Marquez\Desktop\MyApplication05\MyApplication05\app\src\main\java\com\example\myapplication05\SummaryMain.kt C:\Users\Marvin Marquez\Desktop\MyApplication05\MyApplication05\app\src\main\java\com\example\myapplication05\TableAttendance.kt C:\Users\Marvin Marquez\Desktop\MyApplication05\MyApplication05\app\src\main\java\com\example\myapplication05\TableRandom.kt C:\Users\Marvin Marquez\Desktop\MyApplication05\MyApplication05\app\src\main\java\com\example\myapplication05\TableSstudent.kt C:\Users\Marvin Marquez\Desktop\MyApplication05\MyApplication05\app\src\main\java\com\example\myapplication05\TablrActivity.kt C:\Users\Marvin Marquez\Desktop\MyApplication05\MyApplication05\app\src\main\java\com\example\myapplication05\Utilities.kt

Host: AMD Ryzen 5 3500U with Radeon Vega Mobile Gfx  , 8 cores, 6G,  Windows 10 , 64 bit Build 19041 (10.0.19041.2364)
Time: Thu Feb 16 17:22:03 2023 Malay Peninsula Standard Time elapsed time: 30.003448 seconds (0d 0h 0m 30s)

---------------  T H R E A D  ---------------

Current thread (0x0000014f407ba000):  JavaThread "C2 CompilerThread1" daemon [_thread_in_native, id=6504, stack(0x0000003327400000,0x0000003327500000)]


Current CompileTask:
C2:  30003 16527       4       org.jetbrains.kotlin.load.kotlin.TypeSignatureMappingKt::mapBuiltInType (329 bytes)

Stack: [0x0000003327400000,0x0000003327500000]
Native frames: (J=compiled Java code, j=interpreted, Vv=VM code, C=native code)
V  [jvm.dll+0x5f214a]
V  [jvm.dll+0x726fb5]
V  [jvm.dll+0x7285cd]
V  [jvm.dll+0x728c83]
V  [jvm.dll+0x243278]
V  [jvm.dll+0xbc53c]
V  [jvm.dll+0xbca3c]
V  [jvm.dll+0x2b5c34]
V  [jvm.dll+0x508488]
V  [jvm.dll+0x203d53]
V  [jvm.dll+0x1fdbac]
V  [jvm.dll+0x1fb35f]
V  [jvm.dll+0x183d6c]
V  [jvm.dll+0x209a57]
V  [jvm.dll+0x2082a1]
V  [jvm.dll+0x6ef58f]
V  [jvm.dll+0x6e80b5]
V  [jvm.dll+0x5f1036]
C  [ucrtbase.dll+0x21bb2]
C  [KERNEL32.DLL+0x17614]
C  [ntdll.dll+0x526a1]


---------------  P R O C E S S  ---------------

Threads class SMR info:
_java_thread_list=0x0000014f407c9ef0, length=12, elements={
0x0000014f26343000, 0x0000014f3fdb8000, 0x0000014f3fdc0800, 0x0000014f40604000,
0x0000014f40605800, 0x0000014f40606800, 0x0000014f4060b800, 0x0000014f40652800,
0x0000014f40653800, 0x0000014f407b6000, 0x0000014f407ba000, 0x0000014f407bb000
}

Java Threads: ( => current thread )
  0x0000014f26343000 JavaThread "main" [_thread_in_native, id=15284, stack(0x0000003326300000,0x0000003326400000)]
  0x0000014f3fdb8000 JavaThread "Reference Handler" daemon [_thread_blocked, id=15976, stack(0x0000003326a00000,0x0000003326b00000)]
  0x0000014f3fdc0800 JavaThread "Finalizer" daemon [_thread_blocked, id=16184, stack(0x0000003326b00000,0x0000003326c00000)]
  0x0000014f40604000 JavaThread "Signal Dispatcher" daemon [_thread_blocked, id=2776, stack(0x0000003326c00000,0x0000003326d00000)]
  0x0000014f40605800 JavaThread "Attach Listener" daemon [_thread_blocked, id=14820, stack(0x0000003326d00000,0x0000003326e00000)]
  0x0000014f40606800 JavaThread "Service Thread" daemon [_thread_blocked, id=5552, stack(0x0000003326e00000,0x0000003326f00000)]
  0x0000014f4060b800 JavaThread "C2 CompilerThread0" daemon [_thread_in_vm, id=9948, stack(0x0000003326f00000,0x0000003327000000)]
  0x0000014f40652800 JavaThread "C1 CompilerThread0" daemon [_thread_blocked, id=8572, stack(0x0000003327000000,0x0000003327100000)]
  0x0000014f40653800 JavaThread "Sweeper thread" daemon [_thread_blocked, id=6648, stack(0x0000003327100000,0x0000003327200000)]
  0x0000014f407b6000 JavaThread "Common-Cleaner" daemon [_thread_blocked, id=12140, stack(0x0000003327300000,0x0000003327400000)]
=>0x0000014f407ba000 JavaThread "C2 CompilerThread1" daemon [_thread_in_native, id=6504, stack(0x0000003327400000,0x0000003327500000)]
  0x0000014f407bb000 JavaThread "C2 CompilerThread2" daemon [_thread_in_native, id=3932, stack(0x0000003327500000,0x0000003327600000)]

Other Threads:
  0x0000014f405f6800 VMThread "VM Thread" [stack: 0x0000003326900000,0x0000003326a00000] [id=15376]
  0x0000014f407b5800 WatcherThread [stack: 0x0000003327200000,0x0000003327300000] [id=12536]
  0x0000014f26359000 GCTaskThread "GC Thread#0" [stack: 0x0000003326400000,0x0000003326500000] [id=7344]
  0x0000014f40e1e000 GCTaskThread "GC Thread#1" [stack: 0x0000003327600000,0x0000003327700000] [id=16120]
  0x0000014f4309a800 GCTaskThread "GC Thread#2" [stack: 0x0000003327a00000,0x0000003327b00000] [id=15608]
  0x0000014f42401800 GCTaskThread "GC Thread#3" [stack: 0x0000003327e00000,0x0000003327f00000] [id=1828]
  0x0000014f48452800 GCTaskThread "GC Thread#4" [stack: 0x0000003327f00000,0x0000003328000000] [id=11268]
  0x0000014f26383800 ConcurrentGCThread "G1 Main Marker" [stack: 0x0000003326500000,0x0000003326600000] [id=1524]
  0x0000014f26386000 ConcurrentGCThread "G1 Conc#0" [stack: 0x0000003326600000,0x0000003326700000] [id=3356]
  0x0000014f41efc800 ConcurrentGCThread "G1 Conc#1" [stack: 0x0000003327700000,0x0000003327800000] [id=16276]
  0x0000014f3fc22800 ConcurrentGCThread "G1 Refine#0" [stack: 0x0000003326700000,0x0000003326800000] [id=10340]
  0x0000014f45232800 ConcurrentGCThread "G1 Refine#1" [stack: 0x0000003327800000,0x0000003327900000] [id=14684]
  0x0000014f45233000 ConcurrentGCThread "G1 Refine#2" [stack: 0x0000003327900000,0x0000003327a00000] [id=14764]
  0x0000014f454c0000 ConcurrentGCThread "G1 Refine#3" [stack: 0x0000003327b00000,0x0000003327c00000] [id=7420]
  0x0000014f44b18800 ConcurrentGCThread "G1 Refine#4" [stack: 0x0000003327c00000,0x0000003327d00000] [id=10456]
  0x0000014f451a5000 ConcurrentGCThread "G1 Refine#5" [stack: 0x0000003327d00000,0x0000003327e00000] [id=16272]
  0x0000014f3fc23800 ConcurrentGCThread "G1 Young RemSet Sampling" [stack: 0x0000003326800000,0x0000003326900000] [id=10732]

Threads with active compile tasks:
C2 CompilerThread0  30016 16619       4       java.util.LinkedList$ListItr::next (56 bytes)
C2 CompilerThread1  30016 16527       4       org.jetbrains.kotlin.load.kotlin.TypeSignatureMappingKt::mapBuiltInType (329 bytes)
C2 CompilerThread2  30016 16435       4       org.jetbrains.kotlin.load.kotlin.TypeSignatureMappingKt::mapType (890 bytes)

VM state:not at safepoint (normal execution)

VM Mutex/Monitor currently owned by a thread: None

Heap address: 0x0000000091000000, size: 1776 MB, Compressed Oops mode: 32-bit
Narrow klass base: 0x0000000000000000, Narrow klass shift: 3
Compressed class space size: 1073741824 Address: 0x0000000100000000

Heap:
 garbage-first heap   total 236544K, used 201707K [0x0000000091000000, 0x0000000100000000)
  region size 1024K, 70 young (71680K), 4 survivors (4096K)
 Metaspace       used 70130K, capacity 71220K, committed 71504K, reserved 1112064K
  class space    used 7709K, capacity 8107K, committed 8192K, reserved 1048576K
Heap Regions: E=young(eden), S=young(survivor), O=old, HS=humongous(starts), HC=humongous(continues), CS=collection set, F=free, A=archive, TAMS=top-at-mark-start (previous, next)
|   0|0x0000000091000000, 0x0000000091100000, 0x0000000091100000|100%|HS|  |TAMS 0x0000000091100000, 0x0000000091000000| Complete 
|   1|0x0000000091100000, 0x0000000091200000, 0x0000000091200000|100%|HC|  |TAMS 0x0000000091200000, 0x0000000091100000| Complete 
|   2|0x0000000091200000, 0x0000000091300000, 0x0000000091300000|100%|HC|  |TAMS 0x0000000091300000, 0x0000000091200000| Complete 
|   3|0x0000000091300000, 0x0000000091400000, 0x0000000091400000|100%| O|  |TAMS 0x0000000091400000, 0x0000000091300000| Untracked 
|   4|0x0000000091400000, 0x0000000091500000, 0x0000000091500000|100%| O|  |TAMS 0x0000000091500000, 0x0000000091400000| Untracked 
|   5|0x0000000091500000, 0x0000000091600000, 0x0000000091600000|100%| O|  |TAMS 0x0000000091600000, 0x0000000091500000| Untracked 
|   6|0x0000000091600000, 0x0000000091700000, 0x0000000091700000|100%| O|  |TAMS 0x0000000091700000, 0x0000000091600000| Untracked 
|   7|0x0000000091700000, 0x0000000091800000, 0x0000000091800000|100%| O|  |TAMS 0x0000000091800000, 0x0000000091700000| Untracked 
|   8|0x0000000091800000, 0x0000000091900000, 0x0000000091900000|100%| O|  |TAMS 0x0000000091900000, 0x0000000091800000| Untracked 
|   9|0x0000000091900000, 0x0000000091a00000, 0x0000000091a00000|100%| O|  |TAMS 0x0000000091a00000, 0x0000000091900000| Untracked 
|  10|0x0000000091a00000, 0x0000000091b00000, 0x0000000091b00000|100%| O|  |TAMS 0x0000000091b00000, 0x0000000091a00000| Untracked 
|  11|0x0000000091b00000, 0x0000000091c00000, 0x0000000091c00000|100%| O|  |TAMS 0x0000000091c00000, 0x0000000091b00000| Untracked 
|  12|0x0000000091c00000, 0x0000000091d00000, 0x0000000091d00000|100%| O|  |TAMS 0x0000000091d00000, 0x0000000091c00000| Untracked 
|  13|0x0000000091d00000, 0x0000000091e00000, 0x0000000091e00000|100%| O|  |TAMS 0x0000000091e00000, 0x0000000091d00000| Untracked 
|  14|0x0000000091e00000, 0x0000000091f00000, 0x0000000091f00000|100%| O|  |TAMS 0x0000000091f00000, 0x0000000091e00000| Untracked 
|  15|0x0000000091f00000, 0x0000000092000000, 0x0000000092000000|100%|HS|  |TAMS 0x0000000092000000, 0x0000000091f00000| Complete 
|  16|0x0000000092000000, 0x0000000092100000, 0x0000000092100000|100%|HC|  |TAMS 0x0000000092100000, 0x0000000092000000| Complete 
|  17|0x0000000092100000, 0x0000000092200000, 0x0000000092200000|100%| O|  |TAMS 0x0000000092200000, 0x0000000092100000| Untracked 
|  18|0x0000000092200000, 0x0000000092300000, 0x0000000092300000|100%| O|  |TAMS 0x0000000092300000, 0x0000000092200000| Untracked 
|  19|0x0000000092300000, 0x0000000092400000, 0x0000000092400000|100%| O|  |TAMS 0x0000000092400000, 0x0000000092300000| Untracked 
|  20|0x0000000092400000, 0x0000000092500000, 0x0000000092500000|100%| O|  |TAMS 0x0000000092500000, 0x0000000092400000| Untracked 
|  21|0x0000000092500000, 0x0000000092600000, 0x0000000092600000|100%| O|  |TAMS 0x0000000092600000, 0x0000000092500000| Untracked 
|  22|0x0000000092600000, 0x0000000092700000, 0x0000000092700000|100%| O|  |TAMS 0x0000000092700000, 0x0000000092600000| Untracked 
|  23|0x0000000092700000, 0x0000000092800000, 0x0000000092800000|100%| O|  |TAMS 0x0000000092800000, 0x0000000092700000| Untracked 
|  24|0x0000000092800000, 0x0000000092900000, 0x0000000092900000|100%| O|  |TAMS 0x0000000092900000, 0x0000000092800000| Untracked 
|  25|0x0000000092900000, 0x0000000092a00000, 0x0000000092a00000|100%| O|  |TAMS 0x0000000092a00000, 0x0000000092900000| Untracked 
|  26|0x0000000092a00000, 0x0000000092b00000, 0x0000000092b00000|100%| O|  |TAMS 0x0000000092b00000, 0x0000000092a00000| Untracked 
|  27|0x0000000092b00000, 0x0000000092c00000, 0x0000000092c00000|100%| O|  |TAMS 0x0000000092c00000, 0x0000000092b00000| Untracked 
|  28|0x0000000092c00000, 0x0000000092d00000, 0x0000000092d00000|100%| O|  |TAMS 0x0000000092d00000, 0x0000000092c00000| Untracked 
|  29|0x0000000092d00000, 0x0000000092e00000, 0x0000000092e00000|100%| O|  |TAMS 0x0000000092e00000, 0x0000000092d00000| Untracked 
|  30|0x0000000092e00000, 0x0000000092f00000, 0x0000000092f00000|100%|HS|  |TAMS 0x0000000092f00000, 0x0000000092e00000| Complete 
|  31|0x0000000092f00000, 0x0000000093000000, 0x0000000093000000|100%|HC|  |TAMS 0x0000000093000000, 0x0000000092f00000| Complete 
|  32|0x0000000093000000, 0x0000000093100000, 0x0000000093100000|100%| O|  |TAMS 0x0000000093100000, 0x0000000093000000| Untracked 
|  33|0x0000000093100000, 0x0000000093200000, 0x0000000093200000|100%| O|  |TAMS 0x0000000093200000, 0x0000000093100000| Untracked 
|  34|0x0000000093200000, 0x0000000093300000, 0x0000000093300000|100%| O|  |TAMS 0x0000000093300000, 0x0000000093200000| Untracked 
|  35|0x0000000093300000, 0x0000000093400000, 0x0000000093400000|100%| O|  |TAMS 0x0000000093400000, 0x0000000093300000| Untracked 
|  36|0x0000000093400000, 0x0000000093500000, 0x0000000093500000|100%| O|  |TAMS 0x0000000093500000, 0x0000000093400000| Untracked 
|  37|0x0000000093500000, 0x0000000093600000, 0x0000000093600000|100%| O|  |TAMS 0x0000000093600000, 0x0000000093500000| Untracked 
|  38|0x0000000093600000, 0x0000000093700000, 0x0000000093700000|100%| O|  |TAMS 0x0000000093700000, 0x0000000093600000| Untracked 
|  39|0x0000000093700000, 0x0000000093800000, 0x0000000093800000|100%| O|  |TAMS 0x0000000093800000, 0x0000000093700000| Untracked 
|  40|0x0000000093800000, 0x0000000093900000, 0x0000000093900000|100%| O|  |TAMS 0x0000000093900000, 0x0000000093800000| Untracked 
|  41|0x0000000093900000, 0x0000000093a00000, 0x0000000093a00000|100%| O|  |TAMS 0x0000000093a00000, 0x0000000093900000| Untracked 
|  42|0x0000000093a00000, 0x0000000093b00000, 0x0000000093b00000|100%| O|  |TAMS 0x0000000093b00000, 0x0000000093a00000| Untracked 
|  43|0x0000000093b00000, 0x0000000093c00000, 0x0000000093c00000|100%| O|  |TAMS 0x0000000093c00000, 0x0000000093b00000| Untracked 
|  44|0x0000000093c00000, 0x0000000093d00000, 0x0000000093d00000|100%| O|  |TAMS 0x0000000093d00000, 0x0000000093c00000| Untracked 
|  45|0x0000000093d00000, 0x0000000093e00000, 0x0000000093e00000|100%| O|  |TAMS 0x0000000093e00000, 0x0000000093d00000| Untracked 
|  46|0x0000000093e00000, 0x0000000093f00000, 0x0000000093f00000|100%| O|  |TAMS 0x0000000093f00000, 0x0000000093e00000| Untracked 
|  47|0x0000000093f00000, 0x0000000094000000, 0x0000000094000000|100%| O|  |TAMS 0x0000000094000000, 0x0000000093f00000| Untracked 
|  48|0x0000000094000000, 0x0000000094100000, 0x0000000094100000|100%| O|  |TAMS 0x0000000094100000, 0x0000000094000000| Untracked 
|  49|0x0000000094100000, 0x0000000094200000, 0x0000000094200000|100%| O|  |TAMS 0x0000000094200000, 0x0000000094100000| Untracked 
|  50|0x0000000094200000, 0x0000000094300000, 0x0000000094300000|100%| O|  |TAMS 0x0000000094300000, 0x0000000094200000| Untracked 
|  51|0x0000000094300000, 0x0000000094400000, 0x0000000094400000|100%| O|  |TAMS 0x0000000094400000, 0x0000000094300000| Untracked 
|  52|0x0000000094400000, 0x0000000094500000, 0x0000000094500000|100%| O|  |TAMS 0x0000000094500000, 0x0000000094400000| Untracked 
|  53|0x0000000094500000, 0x0000000094600000, 0x0000000094600000|100%| O|  |TAMS 0x0000000094600000, 0x0000000094500000| Untracked 
|  54|0x0000000094600000, 0x0000000094700000, 0x0000000094700000|100%| O|  |TAMS 0x0000000094700000, 0x0000000094600000| Untracked 
|  55|0x0000000094700000, 0x0000000094800000, 0x0000000094800000|100%| O|  |TAMS 0x0000000094800000, 0x0000000094700000| Untracked 
|  56|0x0000000094800000, 0x0000000094900000, 0x0000000094900000|100%| O|  |TAMS 0x0000000094900000, 0x0000000094800000| Untracked 
|  57|0x0000000094900000, 0x0000000094a00000, 0x0000000094a00000|100%| O|  |TAMS 0x0000000094a00000, 0x0000000094900000| Untracked 
|  58|0x0000000094a00000, 0x0000000094b00000, 0x0000000094b00000|100%| O|  |TAMS 0x0000000094b00000, 0x0000000094a00000| Untracked 
|  59|0x0000000094b00000, 0x0000000094c00000, 0x0000000094c00000|100%| O|  |TAMS 0x0000000094c00000, 0x0000000094b00000| Untracked 
|  60|0x0000000094c00000, 0x0000000094d00000, 0x0000000094d00000|100%| O|  |TAMS 0x0000000094d00000, 0x0000000094c00000| Untracked 
|  61|0x0000000094d00000, 0x0000000094e00000, 0x0000000094e00000|100%| O|  |TAMS 0x0000000094e00000, 0x0000000094d00000| Untracked 
|  62|0x0000000094e00000, 0x0000000094f00000, 0x0000000094f00000|100%| O|  |TAMS 0x0000000094f00000, 0x0000000094e00000| Untracked 
|  63|0x0000000094f00000, 0x0000000095000000, 0x0000000095000000|100%| O|  |TAMS 0x0000000095000000, 0x0000000094f00000| Untracked 
|  64|0x0000000095000000, 0x0000000095100000, 0x0000000095100000|100%| O|  |TAMS 0x0000000095100000, 0x0000000095000000| Untracked 
|  65|0x0000000095100000, 0x0000000095200000, 0x0000000095200000|100%| O|  |TAMS 0x0000000095200000, 0x0000000095100000| Untracked 
|  66|0x0000000095200000, 0x0000000095300000, 0x0000000095300000|100%| O|  |TAMS 0x0000000095300000, 0x0000000095200000| Untracked 
|  67|0x0000000095300000, 0x0000000095400000, 0x0000000095400000|100%| O|  |TAMS 0x0000000095400000, 0x0000000095300000| Untracked 
|  68|0x0000000095400000, 0x0000000095500000, 0x0000000095500000|100%| O|  |TAMS 0x0000000095500000, 0x0000000095400000| Untracked 
|  69|0x0000000095500000, 0x0000000095600000, 0x0000000095600000|100%| O|  |TAMS 0x0000000095600000, 0x0000000095500000| Untracked 
|  70|0x0000000095600000, 0x0000000095700000, 0x0000000095700000|100%| O|  |TAMS 0x0000000095700000, 0x0000000095600000| Untracked 
|  71|0x0000000095700000, 0x0000000095800000, 0x0000000095800000|100%| O|  |TAMS 0x0000000095800000, 0x0000000095700000| Untracked 
|  72|0x0000000095800000, 0x0000000095900000, 0x0000000095900000|100%| O|  |TAMS 0x0000000095900000, 0x0000000095800000| Untracked 
|  73|0x0000000095900000, 0x0000000095a00000, 0x0000000095a00000|100%| O|  |TAMS 0x0000000095a00000, 0x0000000095900000| Untracked 
|  74|0x0000000095a00000, 0x0000000095b00000, 0x0000000095b00000|100%| O|  |TAMS 0x0000000095b00000, 0x0000000095a00000| Untracked 
|  75|0x0000000095b00000, 0x0000000095c00000, 0x0000000095c00000|100%| O|  |TAMS 0x0000000095c00000, 0x0000000095b00000| Untracked 
|  76|0x0000000095c00000, 0x0000000095d00000, 0x0000000095d00000|100%| O|  |TAMS 0x0000000095d00000, 0x0000000095c00000| Untracked 
|  77|0x0000000095d00000, 0x0000000095e00000, 0x0000000095e00000|100%| O|  |TAMS 0x0000000095e00000, 0x0000000095d00000| Untracked 
|  78|0x0000000095e00000, 0x0000000095f00000, 0x0000000095f00000|100%| O|  |TAMS 0x0000000095f00000, 0x0000000095e00000| Untracked 
|  79|0x0000000095f00000, 0x0000000096000000, 0x0000000096000000|100%| O|  |TAMS 0x0000000096000000, 0x0000000095f00000| Untracked 
|  80|0x0000000096000000, 0x0000000096100000, 0x0000000096100000|100%| O|  |TAMS 0x0000000096100000, 0x0000000096000000| Untracked 
|  81|0x0000000096100000, 0x0000000096200000, 0x0000000096200000|100%| O|  |TAMS 0x0000000096200000, 0x0000000096100000| Untracked 
|  82|0x0000000096200000, 0x0000000096300000, 0x0000000096300000|100%| O|  |TAMS 0x0000000096300000, 0x0000000096200000| Untracked 
|  83|0x0000000096300000, 0x0000000096400000, 0x0000000096400000|100%| O|  |TAMS 0x0000000096400000, 0x0000000096300000| Untracked 
|  84|0x0000000096400000, 0x0000000096500000, 0x0000000096500000|100%| O|  |TAMS 0x0000000096500000, 0x0000000096400000| Untracked 
|  85|0x0000000096500000, 0x0000000096600000, 0x0000000096600000|100%| O|  |TAMS 0x0000000096600000, 0x0000000096500000| Untracked 
|  86|0x0000000096600000, 0x0000000096700000, 0x0000000096700000|100%| O|  |TAMS 0x0000000096700000, 0x0000000096600000| Untracked 
|  87|0x0000000096700000, 0x0000000096800000, 0x0000000096800000|100%| O|  |TAMS 0x0000000096800000, 0x0000000096700000| Untracked 
|  88|0x0000000096800000, 0x0000000096900000, 0x0000000096900000|100%| O|  |TAMS 0x0000000096900000, 0x0000000096800000| Untracked 
|  89|0x0000000096900000, 0x0000000096a00000, 0x0000000096a00000|100%| O|  |TAMS 0x0000000096a00000, 0x0000000096900000| Untracked 
|  90|0x0000000096a00000, 0x0000000096b00000, 0x0000000096b00000|100%|HS|  |TAMS 0x0000000096b00000, 0x0000000096a00000| Complete 
|  91|0x0000000096b00000, 0x0000000096c00000, 0x0000000096c00000|100%|HC|  |TAMS 0x0000000096c00000, 0x0000000096b00000| Complete 
|  92|0x0000000096c00000, 0x0000000096d00000, 0x0000000096d00000|100%|HC|  |TAMS 0x0000000096d00000, 0x0000000096c00000| Complete 
|  93|0x0000000096d00000, 0x0000000096e00000, 0x0000000096e00000|100%|HC|  |TAMS 0x0000000096e00000, 0x0000000096d00000| Complete 
|  94|0x0000000096e00000, 0x0000000096f00000, 0x0000000096f00000|100%|HC|  |TAMS 0x0000000096f00000, 0x0000000096e00000| Complete 
|  95|0x0000000096f00000, 0x0000000097000000, 0x0000000097000000|100%|HC|  |TAMS 0x0000000097000000, 0x0000000096f00000| Complete 
|  96|0x0000000097000000, 0x0000000097100000, 0x0000000097100000|100%|HC|  |TAMS 0x0000000097100000, 0x0000000097000000| Complete 
|  97|0x0000000097100000, 0x0000000097200000, 0x0000000097200000|100%|HC|  |TAMS 0x0000000097200000, 0x0000000097100000| Complete 
|  98|0x0000000097200000, 0x0000000097300000, 0x0000000097300000|100%|HC|  |TAMS 0x0000000097300000, 0x0000000097200000| Complete 
|  99|0x0000000097300000, 0x0000000097400000, 0x0000000097400000|100%| O|  |TAMS 0x0000000097400000, 0x0000000097300000| Untracked 
| 100|0x0000000097400000, 0x0000000097500000, 0x0000000097500000|100%| O|  |TAMS 0x0000000097500000, 0x0000000097400000| Untracked 
| 101|0x0000000097500000, 0x0000000097600000, 0x0000000097600000|100%| O|  |TAMS 0x0000000097600000, 0x0000000097500000| Untracked 
| 102|0x0000000097600000, 0x0000000097700000, 0x0000000097700000|100%| O|  |TAMS 0x0000000097700000, 0x0000000097600000| Untracked 
| 103|0x0000000097700000, 0x0000000097800000, 0x0000000097800000|100%| O|  |TAMS 0x0000000097800000, 0x0000000097700000| Untracked 
| 104|0x0000000097800000, 0x0000000097900000, 0x0000000097900000|100%| O|  |TAMS 0x0000000097900000, 0x0000000097800000| Untracked 
| 105|0x0000000097900000, 0x0000000097a00000, 0x0000000097a00000|100%| O|  |TAMS 0x0000000097a00000, 0x0000000097900000| Untracked 
| 106|0x0000000097a00000, 0x0000000097b00000, 0x0000000097b00000|100%| O|  |TAMS 0x0000000097b00000, 0x0000000097a00000| Untracked 
| 107|0x0000000097b00000, 0x0000000097c00000, 0x0000000097c00000|100%| O|  |TAMS 0x0000000097c00000, 0x0000000097b00000| Untracked 
| 108|0x0000000097c00000, 0x0000000097d00000, 0x0000000097d00000|100%| O|  |TAMS 0x0000000097d00000, 0x0000000097c00000| Untracked 
| 109|0x0000000097d00000, 0x0000000097e00000, 0x0000000097e00000|100%| O|  |TAMS 0x0000000097e00000, 0x0000000097d00000| Untracked 
| 110|0x0000000097e00000, 0x0000000097f00000, 0x0000000097f00000|100%| O|  |TAMS 0x0000000097f00000, 0x0000000097e00000| Untracked 
| 111|0x0000000097f00000, 0x0000000098000000, 0x0000000098000000|100%| O|  |TAMS 0x0000000098000000, 0x0000000097f00000| Untracked 
| 112|0x0000000098000000, 0x0000000098100000, 0x0000000098100000|100%| O|  |TAMS 0x0000000098100000, 0x0000000098000000| Untracked 
| 113|0x0000000098100000, 0x0000000098200000, 0x0000000098200000|100%| O|  |TAMS 0x0000000098200000, 0x0000000098100000| Untracked 
| 114|0x0000000098200000, 0x0000000098300000, 0x0000000098300000|100%| O|  |TAMS 0x0000000098300000, 0x0000000098200000| Untracked 
| 115|0x0000000098300000, 0x0000000098400000, 0x0000000098400000|100%| O|  |TAMS 0x0000000098400000, 0x0000000098300000| Untracked 
| 116|0x0000000098400000, 0x0000000098500000, 0x0000000098500000|100%| O|  |TAMS 0x0000000098500000, 0x0000000098400000| Untracked 
| 117|0x0000000098500000, 0x0000000098600000, 0x0000000098600000|100%| O|  |TAMS 0x0000000098600000, 0x0000000098500000| Untracked 
| 118|0x0000000098600000, 0x0000000098700000, 0x0000000098700000|100%| O|  |TAMS 0x0000000098700000, 0x0000000098600000| Untracked 
| 119|0x0000000098700000, 0x0000000098800000, 0x0000000098800000|100%| O|  |TAMS 0x0000000098800000, 0x0000000098700000| Untracked 
| 120|0x0000000098800000, 0x0000000098900000, 0x0000000098900000|100%| O|  |TAMS 0x0000000098900000, 0x0000000098800000| Untracked 
| 121|0x0000000098900000, 0x0000000098a00000, 0x0000000098a00000|100%| O|  |TAMS 0x0000000098a00000, 0x0000000098900000| Untracked 
| 122|0x0000000098a00000, 0x0000000098b00000, 0x0000000098b00000|100%| O|  |TAMS 0x0000000098b00000, 0x0000000098a00000| Untracked 
| 123|0x0000000098b00000, 0x0000000098c00000, 0x0000000098c00000|100%| O|  |TAMS 0x0000000098c00000, 0x0000000098b00000| Untracked 
| 124|0x0000000098c00000, 0x0000000098d00000, 0x0000000098d00000|100%| O|  |TAMS 0x0000000098d00000, 0x0000000098c00000| Untracked 
| 125|0x0000000098d00000, 0x0000000098e00000, 0x0000000098e00000|100%| O|  |TAMS 0x0000000098e00000, 0x0000000098d00000| Untracked 
| 126|0x0000000098e00000, 0x0000000098f00000, 0x0000000098f00000|100%| O|  |TAMS 0x0000000098f00000, 0x0000000098e00000| Untracked 
| 127|0x0000000098f00000, 0x0000000099000000, 0x0000000099000000|100%| O|  |TAMS 0x0000000099000000, 0x0000000098f00000| Untracked 
| 128|0x0000000099000000, 0x00000000990fac00, 0x0000000099100000| 97%| O|  |TAMS 0x00000000990fac00, 0x0000000099000000| Untracked 
| 129|0x0000000099100000, 0x0000000099100000, 0x0000000099200000|  0%| F|  |TAMS 0x0000000099100000, 0x0000000099100000| Untracked 
| 130|0x0000000099200000, 0x0000000099200000, 0x0000000099300000|  0%| F|  |TAMS 0x0000000099200000, 0x0000000099200000| Untracked 
| 131|0x0000000099300000, 0x0000000099300000, 0x0000000099400000|  0%| F|  |TAMS 0x0000000099300000, 0x0000000099300000| Untracked 
| 132|0x0000000099400000, 0x0000000099400000, 0x0000000099500000|  0%| F|  |TAMS 0x0000000099400000, 0x0000000099400000| Untracked 
| 133|0x0000000099500000, 0x0000000099500000, 0x0000000099600000|  0%| F|  |TAMS 0x0000000099500000, 0x0000000099500000| Untracked 
| 134|0x0000000099600000, 0x0000000099600000, 0x0000000099700000|  0%| F|  |TAMS 0x0000000099600000, 0x0000000099600000| Untracked 
| 135|0x0000000099700000, 0x0000000099700000, 0x0000000099800000|  0%| F|  |TAMS 0x0000000099700000, 0x0000000099700000| Untracked 
| 136|0x0000000099800000, 0x0000000099800000, 0x0000000099900000|  0%| F|  |TAMS 0x0000000099800000, 0x0000000099800000| Untracked 
| 137|0x0000000099900000, 0x0000000099900000, 0x0000000099a00000|  0%| F|  |TAMS 0x0000000099900000, 0x0000000099900000| Untracked 
| 138|0x0000000099a00000, 0x0000000099a00000, 0x0000000099b00000|  0%| F|  |TAMS 0x0000000099a00000, 0x0000000099a00000| Untracked 
| 139|0x0000000099b00000, 0x0000000099b00000, 0x0000000099c00000|  0%| F|  |TAMS 0x0000000099b00000, 0x0000000099b00000| Untracked 
| 140|0x0000000099c00000, 0x0000000099c00000, 0x0000000099d00000|  0%| F|  |TAMS 0x0000000099c00000, 0x0000000099c00000| Untracked 
| 141|0x0000000099d00000, 0x0000000099d00000, 0x0000000099e00000|  0%| F|  |TAMS 0x0000000099d00000, 0x0000000099d00000| Untracked 
| 142|0x0000000099e00000, 0x0000000099e00000, 0x0000000099f00000|  0%| F|  |TAMS 0x0000000099e00000, 0x0000000099e00000| Untracked 
| 143|0x0000000099f00000, 0x0000000099f00000, 0x000000009a000000|  0%| F|  |TAMS 0x0000000099f00000, 0x0000000099f00000| Untracked 
| 144|0x000000009a000000, 0x000000009a000000, 0x000000009a100000|  0%| F|  |TAMS 0x000000009a000000, 0x000000009a000000| Untracked 
| 145|0x000000009a100000, 0x000000009a100000, 0x000000009a200000|  0%| F|  |TAMS 0x000000009a100000, 0x000000009a100000| Untracked 
| 146|0x000000009a200000, 0x000000009a200000, 0x000000009a300000|  0%| F|  |TAMS 0x000000009a200000, 0x000000009a200000| Untracked 
| 147|0x000000009a300000, 0x000000009a300000, 0x000000009a400000|  0%| F|  |TAMS 0x000000009a300000, 0x000000009a300000| Untracked 
| 148|0x000000009a400000, 0x000000009a400000, 0x000000009a500000|  0%| F|  |TAMS 0x000000009a400000, 0x000000009a400000| Untracked 
| 149|0x000000009a500000, 0x000000009a500000, 0x000000009a600000|  0%| F|  |TAMS 0x000000009a500000, 0x000000009a500000| Untracked 
| 150|0x000000009a600000, 0x000000009a600000, 0x000000009a700000|  0%| F|  |TAMS 0x000000009a600000, 0x000000009a600000| Untracked 
| 151|0x000000009a700000, 0x000000009a700000, 0x000000009a800000|  0%| F|  |TAMS 0x000000009a700000, 0x000000009a700000| Untracked 
| 152|0x000000009a800000, 0x000000009a800000, 0x000000009a900000|  0%| F|  |TAMS 0x000000009a800000, 0x000000009a800000| Untracked 
| 153|0x000000009a900000, 0x000000009a900000, 0x000000009aa00000|  0%| F|  |TAMS 0x000000009a900000, 0x000000009a900000| Untracked 
| 154|0x000000009aa00000, 0x000000009aa00000, 0x000000009ab00000|  0%| F|  |TAMS 0x000000009aa00000, 0x000000009aa00000| Untracked 
| 155|0x000000009ab00000, 0x000000009ab00000, 0x000000009ac00000|  0%| F|  |TAMS 0x000000009ab00000, 0x000000009ab00000| Untracked 
| 156|0x000000009ac00000, 0x000000009ac00000, 0x000000009ad00000|  0%| F|  |TAMS 0x000000009ac00000, 0x000000009ac00000| Untracked 
| 157|0x000000009ad00000, 0x000000009ad00000, 0x000000009ae00000|  0%| F|  |TAMS 0x000000009ad00000, 0x000000009ad00000| Untracked 
| 158|0x000000009ae00000, 0x000000009ae00000, 0x000000009af00000|  0%| F|  |TAMS 0x000000009ae00000, 0x000000009ae00000| Untracked 
| 159|0x000000009af00000, 0x000000009b000000, 0x000000009b000000|100%| S|CS|TAMS 0x000000009af00000, 0x000000009af00000| Complete 
| 160|0x000000009b000000, 0x000000009b000000, 0x000000009b100000|  0%| F|  |TAMS 0x000000009b000000, 0x000000009b000000| Untracked 
| 161|0x000000009b100000, 0x000000009b200000, 0x000000009b200000|100%| S|CS|TAMS 0x000000009b100000, 0x000000009b100000| Complete 
| 162|0x000000009b200000, 0x000000009b300000, 0x000000009b300000|100%| S|CS|TAMS 0x000000009b200000, 0x000000009b200000| Complete 
| 163|0x000000009b300000, 0x000000009b400000, 0x000000009b400000|100%| S|CS|TAMS 0x000000009b300000, 0x000000009b300000| Complete 
| 164|0x000000009b400000, 0x000000009b400000, 0x000000009b500000|  0%| F|  |TAMS 0x000000009b400000, 0x000000009b400000| Untracked 
| 165|0x000000009b500000, 0x000000009b600000, 0x000000009b600000|100%| E|  |TAMS 0x000000009b500000, 0x000000009b500000| Complete 
| 166|0x000000009b600000, 0x000000009b700000, 0x000000009b700000|100%| E|CS|TAMS 0x000000009b600000, 0x000000009b600000| Complete 
| 167|0x000000009b700000, 0x000000009b800000, 0x000000009b800000|100%| E|CS|TAMS 0x000000009b700000, 0x000000009b700000| Complete 
| 168|0x000000009b800000, 0x000000009b900000, 0x000000009b900000|100%| E|CS|TAMS 0x000000009b800000, 0x000000009b800000| Complete 
| 169|0x000000009b900000, 0x000000009ba00000, 0x000000009ba00000|100%| E|CS|TAMS 0x000000009b900000, 0x000000009b900000| Complete 
| 170|0x000000009ba00000, 0x000000009bb00000, 0x000000009bb00000|100%| E|CS|TAMS 0x000000009ba00000, 0x000000009ba00000| Complete 
| 171|0x000000009bb00000, 0x000000009bc00000, 0x000000009bc00000|100%| E|CS|TAMS 0x000000009bb00000, 0x000000009bb00000| Complete 
| 172|0x000000009bc00000, 0x000000009bd00000, 0x000000009bd00000|100%| E|CS|TAMS 0x000000009bc00000, 0x000000009bc00000| Complete 
| 173|0x000000009bd00000, 0x000000009be00000, 0x000000009be00000|100%| E|  |TAMS 0x000000009bd00000, 0x000000009bd00000| Complete 
| 174|0x000000009be00000, 0x000000009bf00000, 0x000000009bf00000|100%| E|CS|TAMS 0x000000009be00000, 0x000000009be00000| Complete 
| 175|0x000000009bf00000, 0x000000009c000000, 0x000000009c000000|100%| E|CS|TAMS 0x000000009bf00000, 0x000000009bf00000| Complete 
| 176|0x000000009c000000, 0x000000009c100000, 0x000000009c100000|100%| E|CS|TAMS 0x000000009c000000, 0x000000009c000000| Complete 
| 177|0x000000009c100000, 0x000000009c200000, 0x000000009c200000|100%| E|CS|TAMS 0x000000009c100000, 0x000000009c100000| Complete 
| 178|0x000000009c200000, 0x000000009c300000, 0x000000009c300000|100%| E|CS|TAMS 0x000000009c200000, 0x000000009c200000| Complete 
| 179|0x000000009c300000, 0x000000009c400000, 0x000000009c400000|100%| E|CS|TAMS 0x000000009c300000, 0x000000009c300000| Complete 
| 180|0x000000009c400000, 0x000000009c500000, 0x000000009c500000|100%| E|CS|TAMS 0x000000009c400000, 0x000000009c400000| Complete 
| 181|0x000000009c500000, 0x000000009c600000, 0x000000009c600000|100%| E|CS|TAMS 0x000000009c500000, 0x000000009c500000| Complete 
| 182|0x000000009c600000, 0x000000009c700000, 0x000000009c700000|100%| E|CS|TAMS 0x000000009c600000, 0x000000009c600000| Complete 
| 183|0x000000009c700000, 0x000000009c800000, 0x000000009c800000|100%| E|CS|TAMS 0x000000009c700000, 0x000000009c700000| Complete 
| 184|0x000000009c800000, 0x000000009c900000, 0x000000009c900000|100%| E|CS|TAMS 0x000000009c800000, 0x000000009c800000| Complete 
| 185|0x000000009c900000, 0x000000009ca00000, 0x000000009ca00000|100%| E|CS|TAMS 0x000000009c900000, 0x000000009c900000| Complete 
| 186|0x000000009ca00000, 0x000000009cb00000, 0x000000009cb00000|100%| E|CS|TAMS 0x000000009ca00000, 0x000000009ca00000| Complete 
| 187|0x000000009cb00000, 0x000000009cc00000, 0x000000009cc00000|100%| E|CS|TAMS 0x000000009cb00000, 0x000000009cb00000| Complete 
| 188|0x000000009cc00000, 0x000000009cd00000, 0x000000009cd00000|100%| E|CS|TAMS 0x000000009cc00000, 0x000000009cc00000| Complete 
| 189|0x000000009cd00000, 0x000000009ce00000, 0x000000009ce00000|100%| E|CS|TAMS 0x000000009cd00000, 0x000000009cd00000| Complete 
| 190|0x000000009ce00000, 0x000000009cf00000, 0x000000009cf00000|100%| E|CS|TAMS 0x000000009ce00000, 0x000000009ce00000| Complete 
| 191|0x000000009cf00000, 0x000000009d000000, 0x000000009d000000|100%| E|CS|TAMS 0x000000009cf00000, 0x000000009cf00000| Complete 
| 192|0x000000009d000000, 0x000000009d100000, 0x000000009d100000|100%| E|CS|TAMS 0x000000009d000000, 0x000000009d000000| Complete 
| 193|0x000000009d100000, 0x000000009d200000, 0x000000009d200000|100%| E|CS|TAMS 0x000000009d100000, 0x000000009d100000| Complete 
| 194|0x000000009d200000, 0x000000009d300000, 0x000000009d300000|100%| E|CS|TAMS 0x000000009d200000, 0x000000009d200000| Complete 
| 195|0x000000009d300000, 0x000000009d400000, 0x000000009d400000|100%| E|CS|TAMS 0x000000009d300000, 0x000000009d300000| Complete 
| 196|0x000000009d400000, 0x000000009d500000, 0x000000009d500000|100%| E|CS|TAMS 0x000000009d400000, 0x000000009d400000| Complete 
| 197|0x000000009d500000, 0x000000009d600000, 0x000000009d600000|100%| E|CS|TAMS 0x000000009d500000, 0x000000009d500000| Complete 
| 198|0x000000009d600000, 0x000000009d700000, 0x000000009d700000|100%| E|CS|TAMS 0x000000009d600000, 0x000000009d600000| Complete 
| 199|0x000000009d700000, 0x000000009d800000, 0x000000009d800000|100%| E|CS|TAMS 0x000000009d700000, 0x000000009d700000| Complete 
| 200|0x000000009d800000, 0x000000009d900000, 0x000000009d900000|100%| E|CS|TAMS 0x000000009d800000, 0x000000009d800000| Complete 
| 201|0x000000009d900000, 0x000000009da00000, 0x000000009da00000|100%| E|CS|TAMS 0x000000009d900000, 0x000000009d900000| Complete 
| 202|0x000000009da00000, 0x000000009db00000, 0x000000009db00000|100%| E|CS|TAMS 0x000000009da00000, 0x000000009da00000| Complete 
| 203|0x000000009db00000, 0x000000009dc00000, 0x000000009dc00000|100%| E|CS|TAMS 0x000000009db00000, 0x000000009db00000| Complete 
| 204|0x000000009dc00000, 0x000000009dd00000, 0x000000009dd00000|100%| E|CS|TAMS 0x000000009dc00000, 0x000000009dc00000| Complete 
| 205|0x000000009dd00000, 0x000000009de00000, 0x000000009de00000|100%| E|CS|TAMS 0x000000009dd00000, 0x000000009dd00000| Complete 
| 206|0x000000009de00000, 0x000000009df00000, 0x000000009df00000|100%| E|CS|TAMS 0x000000009de00000, 0x000000009de00000| Complete 
| 207|0x000000009df00000, 0x000000009e000000, 0x000000009e000000|100%| E|CS|TAMS 0x000000009df00000, 0x000000009df00000| Complete 
| 208|0x000000009e000000, 0x000000009e100000, 0x000000009e100000|100%| E|CS|TAMS 0x000000009e000000, 0x000000009e000000| Complete 
| 209|0x000000009e100000, 0x000000009e200000, 0x000000009e200000|100%| E|CS|TAMS 0x000000009e100000, 0x000000009e100000| Complete 
| 210|0x000000009e200000, 0x000000009e300000, 0x000000009e300000|100%| E|CS|TAMS 0x000000009e200000, 0x000000009e200000| Complete 
| 211|0x000000009e300000, 0x000000009e400000, 0x000000009e400000|100%| E|CS|TAMS 0x000000009e300000, 0x000000009e300000| Complete 
| 212|0x000000009e400000, 0x000000009e500000, 0x000000009e500000|100%| E|CS|TAMS 0x000000009e400000, 0x000000009e400000| Complete 
| 213|0x000000009e500000, 0x000000009e600000, 0x000000009e600000|100%| E|CS|TAMS 0x000000009e500000, 0x000000009e500000| Complete 
| 214|0x000000009e600000, 0x000000009e700000, 0x000000009e700000|100%| E|CS|TAMS 0x000000009e600000, 0x000000009e600000| Complete 
| 215|0x000000009e700000, 0x000000009e800000, 0x000000009e800000|100%| E|CS|TAMS 0x000000009e700000, 0x000000009e700000| Complete 
| 216|0x000000009e800000, 0x000000009e900000, 0x000000009e900000|100%| E|CS|TAMS 0x000000009e800000, 0x000000009e800000| Complete 
| 217|0x000000009e900000, 0x000000009ea00000, 0x000000009ea00000|100%| E|CS|TAMS 0x000000009e900000, 0x000000009e900000| Complete 
| 218|0x000000009ea00000, 0x000000009eb00000, 0x000000009eb00000|100%| E|CS|TAMS 0x000000009ea00000, 0x000000009ea00000| Complete 
| 219|0x000000009eb00000, 0x000000009ec00000, 0x000000009ec00000|100%| E|CS|TAMS 0x000000009eb00000, 0x000000009eb00000| Complete 
| 220|0x000000009ec00000, 0x000000009ed00000, 0x000000009ed00000|100%| E|CS|TAMS 0x000000009ec00000, 0x000000009ec00000| Complete 
| 221|0x000000009ed00000, 0x000000009ee00000, 0x000000009ee00000|100%| E|CS|TAMS 0x000000009ed00000, 0x000000009ed00000| Complete 
| 222|0x000000009ee00000, 0x000000009ef00000, 0x000000009ef00000|100%| E|CS|TAMS 0x000000009ee00000, 0x000000009ee00000| Complete 
| 223|0x000000009ef00000, 0x000000009f000000, 0x000000009f000000|100%| E|CS|TAMS 0x000000009ef00000, 0x000000009ef00000| Complete 
| 224|0x000000009f000000, 0x000000009f100000, 0x000000009f100000|100%| E|CS|TAMS 0x000000009f000000, 0x000000009f000000| Complete 
| 225|0x000000009f100000, 0x000000009f200000, 0x000000009f200000|100%| E|CS|TAMS 0x000000009f100000, 0x000000009f100000| Complete 
| 226|0x000000009f200000, 0x000000009f300000, 0x000000009f300000|100%| E|CS|TAMS 0x000000009f200000, 0x000000009f200000| Complete 
| 227|0x000000009f300000, 0x000000009f400000, 0x000000009f400000|100%| E|CS|TAMS 0x000000009f300000, 0x000000009f300000| Complete 
| 228|0x000000009f400000, 0x000000009f500000, 0x000000009f500000|100%| E|CS|TAMS 0x000000009f400000, 0x000000009f400000| Complete 
| 229|0x000000009f500000, 0x000000009f600000, 0x000000009f600000|100%| E|CS|TAMS 0x000000009f500000, 0x000000009f500000| Complete 
| 230|0x000000009f600000, 0x000000009f700000, 0x000000009f700000|100%| E|CS|TAMS 0x000000009f600000, 0x000000009f600000| Complete 

Card table byte_map: [0x0000014f394c0000,0x0000014f39840000] _byte_map_base: 0x0000014f39038000

Marking Bits (Prev, Next): (CMBitMap*) 0x0000014f2637bea8, (CMBitMap*) 0x0000014f2637bee0
 Prev Bits: [0x0000014f39bc0000, 0x0000014f3b780000)
 Next Bits: [0x0000014f3b780000, 0x0000014f3d340000)

Polling page: 0x0000014f242b0000

Metaspace:

Usage:
  Non-class:     61.70 MB capacity,    61.01 MB ( 99%) used,   570.78 KB ( <1%) free+waste,   135.06 KB ( <1%) overhead. 
      Class:      7.92 MB capacity,     7.53 MB ( 95%) used,   333.67 KB (  4%) free+waste,    59.69 KB ( <1%) overhead. 
       Both:     69.62 MB capacity,    68.54 MB ( 98%) used,   904.45 KB (  1%) free+waste,   194.75 KB ( <1%) overhead. 

Virtual space:
  Non-class space:       62.00 MB reserved,      61.83 MB (>99%) committed 
      Class space:        1.00 GB reserved,       8.00 MB ( <1%) committed 
             Both:        1.06 GB reserved,      69.83 MB (  6%) committed 

Chunk freelists:
   Non-Class:  5.00 KB
       Class:  20.00 KB
        Both:  25.00 KB

MaxMetaspaceSize: 17179869184.00 GB
CompressedClassSpaceSize: 1.00 GB

CodeHeap 'non-profiled nmethods': size=120000Kb used=15521Kb max_used=15521Kb free=104478Kb
 bounds [0x0000014f318e0000, 0x0000014f32810000, 0x0000014f38e10000]
CodeHeap 'profiled nmethods': size=120000Kb used=32666Kb max_used=32666Kb free=87333Kb
 bounds [0x0000014f2a3b0000, 0x0000014f2c3c0000, 0x0000014f318e0000]
CodeHeap 'non-nmethods': size=5760Kb used=1196Kb max_used=1288Kb free=4563Kb
 bounds [0x0000014f29e10000, 0x0000014f2a080000, 0x0000014f2a3b0000]
 total_blobs=14370 nmethods=13830 adapters=449
 compilation: enabled
              stopped_count=0, restarted_count=0
 full_count=0

Compilation events (20 events):
Event: 29.996 Thread 0x0000014f40652800 16648       3       org.jetbrains.org.objectweb.asm.MethodVisitor::visitInsn (16 bytes)
Event: 29.996 Thread 0x0000014f40652800 nmethod 16648 0x0000014f2c3a5310 code [0x0000014f2c3a54c0, 0x0000014f2c3a56a8]
Event: 29.997 Thread 0x0000014f40652800 16649       3       org.jetbrains.kotlin.resolve.DescriptorUtils::isNonCompanionObject (28 bytes)
Event: 29.997 Thread 0x0000014f40652800 nmethod 16649 0x0000014f2c3a5790 code [0x0000014f2c3a59a0, 0x0000014f2c3a60b8]
Event: 29.997 Thread 0x0000014f40652800 16650       3       org.jetbrains.kotlin.codegen.CodegenUtilKt::isJvmStaticInObjectOrClassOrInterface (18 bytes)
Event: 29.997 Thread 0x0000014f40652800 nmethod 16650 0x0000014f2c3a6210 code [0x0000014f2c3a63e0, 0x0000014f2c3a65d8]
Event: 29.997 Thread 0x0000014f40652800 16651       3       org.jetbrains.kotlin.codegen.CodegenUtilKt$isJvmStaticInObjectOrClassOrInterface$1::invoke (12 bytes)
Event: 29.998 Thread 0x0000014f40652800 nmethod 16651 0x0000014f2c3a6710 code [0x0000014f2c3a69a0, 0x0000014f2c3a7418]
Event: 29.998 Thread 0x0000014f40652800 16652       3       org.jetbrains.kotlin.codegen.CodegenUtilKt$isJvmStaticInObjectOrClassOrInterface$1::invoke (33 bytes)
Event: 29.999 Thread 0x0000014f40652800 nmethod 16652 0x0000014f2c3a7710 code [0x0000014f2c3a7960, 0x0000014f2c3a81b8]
Event: 29.999 Thread 0x0000014f40652800 16653       1       org.jetbrains.kotlin.codegen.ArgumentAndDeclIndex::getDeclIndex (5 bytes)
Event: 29.999 Thread 0x0000014f40652800 nmethod 16653 0x0000014f32808990 code [0x0000014f32808b40, 0x0000014f32808bf8]
Event: 29.999 Thread 0x0000014f40652800 16654       3       org.jetbrains.kotlin.codegen.context.CodegenContext::findParentContextWithDescriptor (34 bytes)
Event: 29.999 Thread 0x0000014f40652800 nmethod 16654 0x0000014f2c3a8410 code [0x0000014f2c3a8620, 0x0000014f2c3a8ca8]
Event: 30.000 Thread 0x0000014f40652800 16655       3       org.jetbrains.kotlin.codegen.state.KotlinTypeMapper::mapType (11 bytes)
Event: 30.000 Thread 0x0000014f40652800 nmethod 16655 0x0000014f2c3a8e90 code [0x0000014f2c3a9060, 0x0000014f2c3a9228]
Event: 30.000 Thread 0x0000014f40652800 16656       3       gnu.trove.TObjectIntIterator::nextIndex (62 bytes)
Event: 30.001 Thread 0x0000014f40652800 nmethod 16656 0x0000014f2c3a9310 code [0x0000014f2c3a9500, 0x0000014f2c3a99b8]
Event: 30.001 Thread 0x0000014f40652800 16657       3       org.jetbrains.kotlin.codegen.ExpressionCodegen::genQualified (8 bytes)
Event: 30.001 Thread 0x0000014f40652800 nmethod 16657 0x0000014f2b565710 code [0x0000014f2b5658c0, 0x0000014f2b5659e8]

GC Heap History (20 events):
Event: 24.961 GC heap before
{Heap before GC invocations=32 (full 0):
 garbage-first heap   total 196608K, used 168335K [0x0000000091000000, 0x0000000100000000)
  region size 1024K, 51 young (52224K), 5 survivors (5120K)
 Metaspace       used 64247K, capacity 65313K, committed 65488K, reserved 1107968K
  class space    used 7190K, capacity 7540K, committed 7552K, reserved 1048576K
}
Event: 24.974 GC heap after
{Heap after GC invocations=33 (full 0):
 garbage-first heap   total 196608K, used 123521K [0x0000000091000000, 0x0000000100000000)
  region size 1024K, 5 young (5120K), 5 survivors (5120K)
 Metaspace       used 64247K, capacity 65313K, committed 65488K, reserved 1107968K
  class space    used 7190K, capacity 7540K, committed 7552K, reserved 1048576K
}
Event: 25.464 GC heap before
{Heap before GC invocations=33 (full 0):
 garbage-first heap   total 196608K, used 169601K [0x0000000091000000, 0x0000000100000000)
  region size 1024K, 50 young (51200K), 5 survivors (5120K)
 Metaspace       used 64276K, capacity 65313K, committed 65488K, reserved 1107968K
  class space    used 7190K, capacity 7540K, committed 7552K, reserved 1048576K
}
Event: 25.477 GC heap after
{Heap after GC invocations=34 (full 0):
 garbage-first heap   total 196608K, used 125690K [0x0000000091000000, 0x0000000100000000)
  region size 1024K, 5 young (5120K), 5 survivors (5120K)
 Metaspace       used 64276K, capacity 65313K, committed 65488K, reserved 1107968K
  class space    used 7190K, capacity 7540K, committed 7552K, reserved 1048576K
}
Event: 26.032 GC heap before
{Heap before GC invocations=35 (full 0):
 garbage-first heap   total 196608K, used 168698K [0x0000000091000000, 0x0000000100000000)
  region size 1024K, 47 young (48128K), 5 survivors (5120K)
 Metaspace       used 64306K, capacity 65326K, committed 65488K, reserved 1107968K
  class space    used 7191K, capacity 7542K, committed 7552K, reserved 1048576K
}
Event: 26.045 GC heap after
{Heap after GC invocations=36 (full 0):
 garbage-first heap   total 196608K, used 127724K [0x0000000091000000, 0x0000000100000000)
  region size 1024K, 5 young (5120K), 5 survivors (5120K)
 Metaspace       used 64306K, capacity 65326K, committed 65488K, reserved 1107968K
  class space    used 7191K, capacity 7542K, committed 7552K, reserved 1048576K
}
Event: 26.527 GC heap before
{Heap before GC invocations=36 (full 0):
 garbage-first heap   total 196608K, used 168684K [0x0000000091000000, 0x0000000100000000)
  region size 1024K, 45 young (46080K), 5 survivors (5120K)
 Metaspace       used 64322K, capacity 65390K, committed 65488K, reserved 1107968K
  class space    used 7191K, capacity 7542K, committed 7552K, reserved 1048576K
}
Event: 26.540 GC heap after
{Heap after GC invocations=37 (full 0):
 garbage-first heap   total 196608K, used 130336K [0x0000000091000000, 0x0000000100000000)
  region size 1024K, 5 young (5120K), 5 survivors (5120K)
 Metaspace       used 64322K, capacity 65390K, committed 65488K, reserved 1107968K
  class space    used 7191K, capacity 7542K, committed 7552K, reserved 1048576K
}
Event: 26.994 GC heap before
{Heap before GC invocations=38 (full 0):
 garbage-first heap   total 196608K, used 169248K [0x0000000091000000, 0x0000000100000000)
  region size 1024K, 43 young (44032K), 5 survivors (5120K)
 Metaspace       used 64338K, capacity 65390K, committed 65488K, reserved 1107968K
  class space    used 7192K, capacity 7542K, committed 7552K, reserved 1048576K
}
Event: 27.007 GC heap after
{Heap after GC invocations=39 (full 0):
 garbage-first heap   total 196608K, used 132488K [0x0000000091000000, 0x0000000100000000)
  region size 1024K, 5 young (5120K), 5 survivors (5120K)
 Metaspace       used 64338K, capacity 65390K, committed 65488K, reserved 1107968K
  class space    used 7192K, capacity 7542K, committed 7552K, reserved 1048576K
}
Event: 27.359 GC heap before
{Heap before GC invocations=39 (full 0):
 garbage-first heap   total 196608K, used 170376K [0x0000000091000000, 0x0000000100000000)
  region size 1024K, 42 young (43008K), 5 survivors (5120K)
 Metaspace       used 64703K, capacity 65747K, committed 65872K, reserved 1107968K
  class space    used 7215K, capacity 7576K, committed 7680K, reserved 1048576K
}
Event: 27.369 GC heap after
{Heap after GC invocations=40 (full 0):
 garbage-first heap   total 236544K, used 133021K [0x0000000091000000, 0x0000000100000000)
  region size 1024K, 3 young (3072K), 3 survivors (3072K)
 Metaspace       used 64703K, capacity 65747K, committed 65872K, reserved 1107968K
  class space    used 7215K, capacity 7576K, committed 7680K, reserved 1048576K
}
Event: 27.872 GC heap before
{Heap before GC invocations=41 (full 0):
 garbage-first heap   total 236544K, used 196509K [0x0000000091000000, 0x0000000100000000)
  region size 1024K, 65 young (66560K), 3 survivors (3072K)
 Metaspace       used 64825K, capacity 65875K, committed 66128K, reserved 1107968K
  class space    used 7222K, capacity 7576K, committed 7680K, reserved 1048576K
}
Event: 27.882 GC heap after
{Heap after GC invocations=42 (full 0):
 garbage-first heap   total 236544K, used 135218K [0x0000000091000000, 0x0000000100000000)
  region size 1024K, 5 young (5120K), 5 survivors (5120K)
 Metaspace       used 64825K, capacity 65875K, committed 66128K, reserved 1107968K
  class space    used 7222K, capacity 7576K, committed 7680K, reserved 1048576K
}
Event: 28.122 GC heap before
{Heap before GC invocations=42 (full 0):
 garbage-first heap   total 236544K, used 198706K [0x0000000091000000, 0x0000000100000000)
  region size 1024K, 67 young (68608K), 5 survivors (5120K)
 Metaspace       used 64846K, capacity 65875K, committed 66128K, reserved 1107968K
  class space    used 7222K, capacity 7576K, committed 7680K, reserved 1048576K
}
Event: 28.130 GC heap after
{Heap after GC invocations=43 (full 0):
 garbage-first heap   total 236544K, used 134468K [0x0000000091000000, 0x0000000100000000)
  region size 1024K, 3 young (3072K), 3 survivors (3072K)
 Metaspace       used 64846K, capacity 65875K, committed 66128K, reserved 1107968K
  class space    used 7222K, capacity 7576K, committed 7680K, reserved 1048576K
}
Event: 28.534 GC heap before
{Heap before GC invocations=44 (full 0):
 garbage-first heap   total 236544K, used 200004K [0x0000000091000000, 0x0000000100000000)
  region size 1024K, 67 young (68608K), 3 survivors (3072K)
 Metaspace       used 64884K, capacity 65939K, committed 66128K, reserved 1107968K
  class space    used 7224K, capacity 7576K, committed 7680K, reserved 1048576K
}
Event: 28.543 GC heap after
{Heap after GC invocations=45 (full 0):
 garbage-first heap   total 236544K, used 135559K [0x0000000091000000, 0x0000000100000000)
  region size 1024K, 4 young (4096K), 4 survivors (4096K)
 Metaspace       used 64884K, capacity 65939K, committed 66128K, reserved 1107968K
  class space    used 7224K, capacity 7576K, committed 7680K, reserved 1048576K
}
Event: 28.798 GC heap before
{Heap before GC invocations=45 (full 0):
 garbage-first heap   total 236544K, used 201095K [0x0000000091000000, 0x0000000100000000)
  region size 1024K, 68 young (69632K), 4 survivors (4096K)
 Metaspace       used 64887K, capacity 65939K, committed 66128K, reserved 1107968K
  class space    used 7224K, capacity 7576K, committed 7680K, reserved 1048576K
}
Event: 28.805 GC heap after
{Heap after GC invocations=46 (full 0):
 garbage-first heap   total 236544K, used 136171K [0x0000000091000000, 0x0000000100000000)
  region size 1024K, 4 young (4096K), 4 survivors (4096K)
 Metaspace       used 64887K, capacity 65939K, committed 66128K, reserved 1107968K
  class space    used 7224K, capacity 7576K, committed 7680K, reserved 1048576K
}

Deoptimization events (20 events):
Event: 29.865 Thread 0x0000014f26343000 Uncommon trap: trap_request=0xffffffde fr.pc=0x0000014f31da424c relative=0x000000000000020c
Event: 29.865 Thread 0x0000014f26343000 Uncommon trap: reason=class_check action=maybe_recompile pc=0x0000014f31da424c method=gnu.trove.TObjectHash.contains(Ljava/lang/Object;)Z @ 2 c2
Event: 29.865 Thread 0x0000014f26343000 DEOPT PACKING pc=0x0000014f31da424c sp=0x00000033263fc530
Event: 29.865 Thread 0x0000014f26343000 DEOPT UNPACKING pc=0x0000014f29e3662f sp=0x00000033263fc4e8 mode 2
Event: 29.870 Thread 0x0000014f26343000 Uncommon trap: trap_request=0xffffffc6 fr.pc=0x0000014f32624b9c relative=0x00000000000000dc
Event: 29.870 Thread 0x0000014f26343000 Uncommon trap: reason=bimorphic_or_optimized_type_check action=maybe_recompile pc=0x0000014f32624b9c method=kotlin.collections.CollectionsKt___CollectionsKt.singleOrNull(Ljava/util/List;)Ljava/lang/Object; @ 19 c2
Event: 29.870 Thread 0x0000014f26343000 DEOPT PACKING pc=0x0000014f32624b9c sp=0x00000033263fcd50
Event: 29.870 Thread 0x0000014f26343000 DEOPT UNPACKING pc=0x0000014f29e3662f sp=0x00000033263fcce8 mode 2
Event: 29.870 Thread 0x0000014f26343000 Uncommon trap: trap_request=0xffffffc6 fr.pc=0x0000014f32624b9c relative=0x00000000000000dc
Event: 29.870 Thread 0x0000014f26343000 Uncommon trap: reason=bimorphic_or_optimized_type_check action=maybe_recompile pc=0x0000014f32624b9c method=kotlin.collections.CollectionsKt___CollectionsKt.singleOrNull(Ljava/util/List;)Ljava/lang/Object; @ 19 c2
Event: 29.870 Thread 0x0000014f26343000 DEOPT PACKING pc=0x0000014f32624b9c sp=0x00000033263fcfa0
Event: 29.870 Thread 0x0000014f26343000 DEOPT UNPACKING pc=0x0000014f29e3662f sp=0x00000033263fcf38 mode 2
Event: 29.871 Thread 0x0000014f26343000 Uncommon trap: trap_request=0xffffffc6 fr.pc=0x0000014f32624b9c relative=0x00000000000000dc
Event: 29.871 Thread 0x0000014f26343000 Uncommon trap: reason=bimorphic_or_optimized_type_check action=maybe_recompile pc=0x0000014f32624b9c method=kotlin.collections.CollectionsKt___CollectionsKt.singleOrNull(Ljava/util/List;)Ljava/lang/Object; @ 19 c2
Event: 29.871 Thread 0x0000014f26343000 DEOPT PACKING pc=0x0000014f32624b9c sp=0x00000033263fc270
Event: 29.871 Thread 0x0000014f26343000 DEOPT UNPACKING pc=0x0000014f29e3662f sp=0x00000033263fc208 mode 2
Event: 29.971 Thread 0x0000014f26343000 Uncommon trap: trap_request=0xffffffde fr.pc=0x0000014f31b20efc relative=0x000000000000115c
Event: 29.971 Thread 0x0000014f26343000 Uncommon trap: reason=class_check action=maybe_recompile pc=0x0000014f31b20efc method=org.jetbrains.kotlin.load.java.lazy.descriptors.LazyJavaScope.getContributedVariables(Lorg/jetbrains/kotlin/name/Name;Lorg/jetbrains/kotlin/incremental/components/Lookup
Event: 29.971 Thread 0x0000014f26343000 DEOPT PACKING pc=0x0000014f31b20efc sp=0x00000033263fdaf0
Event: 29.971 Thread 0x0000014f26343000 DEOPT UNPACKING pc=0x0000014f29e3662f sp=0x00000033263fdac0 mode 2

Classes redefined (0 events):
No events

Internal exceptions (20 events):
Event: 7.566 Thread 0x0000014f26343000 Exception <a 'java/lang/NoSuchMethodError'{0x000000009c3b5518}: 'java.lang.Object java.lang.invoke.Invokers$Holder.linkToTargetMethod(java.lang.Object, java.lang.Object, java.lang.Object, java.lang.Object, java.lang.Object, java.lang.Object, java.lang.Object)'> (0x000000009c3b5518) thrown at [./src/hotspot/share/interpreter/linkResolver.cpp, line 773]
Event: 10.857 Thread 0x0000014f26343000 Implicit null exception at 0x0000014f31eb440c to 0x0000014f31eb4814
Event: 11.159 Thread 0x0000014f26343000 Implicit null exception at 0x0000014f31f1b961 to 0x0000014f31f1bdc4
Event: 11.159 Thread 0x0000014f26343000 Implicit null exception at 0x0000014f31f1b961 to 0x0000014f31f1bdc4
Event: 11.159 Thread 0x0000014f26343000 Implicit null exception at 0x0000014f31f1b961 to 0x0000014f31f1bdc4
Event: 11.159 Thread 0x0000014f26343000 Implicit null exception at 0x0000014f31f1b961 to 0x0000014f31f1bdc4
Event: 12.415 Thread 0x0000014f26343000 Implicit null exception at 0x0000014f31d87077 to 0x0000014f31d872c8
Event: 12.592 Thread 0x0000014f26343000 Implicit null exception at 0x0000014f31f838cc to 0x0000014f31f83994
Event: 12.867 Thread 0x0000014f26343000 Implicit null exception at 0x0000014f31c9b4f5 to 0x0000014f31c9bb40
Event: 14.602 Thread 0x0000014f26343000 Implicit null exception at 0x0000014f32047270 to 0x0000014f32047d18
Event: 14.609 Thread 0x0000014f26343000 Implicit null exception at 0x0000014f3209dd19 to 0x0000014f320a29d4
Event: 21.127 Thread 0x0000014f26343000 Implicit null exception at 0x0000014f31dd2cb8 to 0x0000014f31dd2d79
Event: 23.429 Thread 0x0000014f26343000 Implicit null exception at 0x0000014f31ca3ac0 to 0x0000014f31ca428c
Event: 27.037 Thread 0x0000014f26343000 Implicit null exception at 0x0000014f31930e75 to 0x0000014f3193103c
Event: 27.046 Thread 0x0000014f26343000 Implicit null exception at 0x0000014f319a306c to 0x0000014f319a30ca
Event: 29.412 Thread 0x0000014f26343000 Implicit null exception at 0x0000014f31a530d2 to 0x0000014f31a5340f
Event: 29.569 Thread 0x0000014f26343000 Exception <a 'java/lang/NoSuchMethodError'{0x000000009c7904d0}: 'void java.lang.invoke.DirectMethodHandle$Holder.invokeStaticInit(java.lang.Object, java.lang.Object, java.lang.Object)'> (0x000000009c7904d0) thrown at [./src/hotspot/share/interpreter/linkResolver.cpp, line 773]
Event: 29.888 Thread 0x0000014f26343000 Exception <a 'java/lang/NoSuchMethodError'{0x000000009b991948}: 'java.lang.Object java.lang.invoke.DirectMethodHandle$Holder.invokeStatic(java.lang.Object, java.lang.Object, java.lang.Object, java.lang.Object, java.lang.Object, java.lang.Object, java.lang.Object, java.lang.Object, int)'> (0x000000009b991948) thrown at [./src/hotspot/share/interpreter/linkResolver.cpp, line 773]
Event: 29.889 Thread 0x0000014f26343000 Exception <a 'java/lang/NoSuchMethodError'{0x000000009b996388}: 'java.lang.Object java.lang.invoke.DirectMethodHandle$Holder.invokeSpecial(java.lang.Object, java.lang.Object, java.lang.Object, java.lang.Object, java.lang.Object, java.lang.Object, java.lang.Object, java.lang.Object, java.lang.Object, int)'> (0x000000009b996388) thrown at [./src/hotspot/share/interpreter/linkResolver.cpp, line 773]
Event: 29.900 Thread 0x0000014f26343000 Exception <a 'java/lang/NoSuchMethodError'{0x000000009b9c5c98}: 'java.lang.Object java.lang.invoke.DirectMethodHandle$Holder.invokeStatic(java.lang.Object, java.lang.Object, java.lang.Object, int, int, java.lang.Object, java.lang.Object, java.lang.Object, java.lang.Object)'> (0x000000009b9c5c98) thrown at [./src/hotspot/share/interpreter/linkResolver.cpp, line 773]

Events (20 events):
Event: 29.968 loading class org/jetbrains/kotlin/codegen/DefaultParameterValueLoader$1
Event: 29.968 loading class org/jetbrains/kotlin/codegen/DefaultParameterValueLoader$1 done
Event: 29.968 loading class org/jetbrains/kotlin/descriptors/ValueParameterDescriptor
Event: 29.968 loading class org/jetbrains/kotlin/descriptors/ValueParameterDescriptor done
Event: 29.968 loading class org/jetbrains/kotlin/descriptors/ValueParameterDescriptor
Event: 29.968 loading class org/jetbrains/kotlin/descriptors/ValueParameterDescriptor done
Event: 29.968 loading class org/jetbrains/kotlin/codegen/DefaultParameterValueLoader
Event: 29.968 loading class org/jetbrains/kotlin/codegen/DefaultParameterValueLoader done
Event: 29.968 loading class org/jetbrains/kotlin/descriptors/ValueParameterDescriptor
Event: 29.968 loading class org/jetbrains/kotlin/descriptors/ValueParameterDescriptor done
Event: 29.968 loading class kotlin/jvm/functions/Function1
Event: 29.968 loading class kotlin/jvm/functions/Function1 done
Event: 29.969 loading class org/jetbrains/kotlin/codegen/DefaultParameterValueSubstitutor
Event: 29.969 loading class org/jetbrains/kotlin/codegen/DefaultParameterValueSubstitutor done
Event: 29.970 loading class org/jetbrains/kotlin/codegen/DefaultParameterValueSubstitutor$Companion
Event: 29.970 loading class org/jetbrains/kotlin/codegen/DefaultParameterValueSubstitutor$Companion done
Event: 29.971 loading class org/jetbrains/annotations/NotNull
Event: 29.971 loading class org/jetbrains/annotations/NotNull done
Event: 29.987 loading class org/jetbrains/kotlin/codegen/FieldInfo
Event: 29.987 loading class org/jetbrains/kotlin/codegen/FieldInfo done


Dynamic libraries:
0x00007ff6c8590000 - 0x00007ff6c859a000 	C:\Program Files\Android\Android Studio\jre\bin\java.exe
0x00007fffa7590000 - 0x00007fffa7788000 	C:\Windows\SYSTEM32\ntdll.dll
0x00007fffa72f0000 - 0x00007fffa73af000 	C:\Windows\System32\KERNEL32.DLL
0x00007fffa4f20000 - 0x00007fffa51f2000 	C:\Windows\System32\KERNELBASE.dll
0x00007fffa54d0000 - 0x00007fffa55d0000 	C:\Windows\System32\ucrtbase.dll
0x00007fff9da30000 - 0x00007fff9da47000 	C:\Program Files\Android\Android Studio\jre\bin\VCRUNTIME140.dll
0x00007fff9da10000 - 0x00007fff9da29000 	C:\Program Files\Android\Android Studio\jre\bin\jli.dll
0x00007fffa6100000 - 0x00007fffa62a1000 	C:\Windows\System32\USER32.dll
0x00007fff8acd0000 - 0x00007fff8af6a000 	C:\Windows\WinSxS\amd64_microsoft.windows.common-controls_6595b64144ccf1df_6.0.19041.1110_none_60b5254171f9507e\COMCTL32.dll
0x00007fffa4ef0000 - 0x00007fffa4f12000 	C:\Windows\System32\win32u.dll
0x00007fffa5710000 - 0x00007fffa57ae000 	C:\Windows\System32\msvcrt.dll
0x00007fffa74e0000 - 0x00007fffa750b000 	C:\Windows\System32\GDI32.dll
0x00007fffa53c0000 - 0x00007fffa54cf000 	C:\Windows\System32\gdi32full.dll
0x00007fffa4e50000 - 0x00007fffa4eed000 	C:\Windows\System32\msvcp_win.dll
0x00007fffa7510000 - 0x00007fffa7542000 	C:\Windows\System32\IMM32.DLL
0x00007fff8eee0000 - 0x00007fff8ef7d000 	C:\Program Files\Android\Android Studio\jre\bin\msvcp140.dll
0x00007fff3d6e0000 - 0x00007fff3e1b5000 	C:\Program Files\Android\Android Studio\jre\bin\server\jvm.dll
0x00007fffa5bc0000 - 0x00007fffa5c6e000 	C:\Windows\System32\ADVAPI32.dll
0x00007fffa7080000 - 0x00007fffa711c000 	C:\Windows\System32\sechost.dll
0x00007fffa73b0000 - 0x00007fffa74d5000 	C:\Windows\System32\RPCRT4.dll
0x00007fffa68b0000 - 0x00007fffa68b8000 	C:\Windows\System32\PSAPI.DLL
0x00007fff9ac30000 - 0x00007fff9ac39000 	C:\Windows\SYSTEM32\WSOCK32.dll
0x00007fffa1d90000 - 0x00007fffa1db7000 	C:\Windows\SYSTEM32\WINMM.dll
0x00007fff98750000 - 0x00007fff9875a000 	C:\Windows\SYSTEM32\VERSION.dll
0x00007fffa68c0000 - 0x00007fffa692b000 	C:\Windows\System32\WS2_32.dll
0x00007fffa34d0000 - 0x00007fffa34e2000 	C:\Windows\SYSTEM32\kernel.appcore.dll
0x00007fff99740000 - 0x00007fff99751000 	C:\Program Files\Android\Android Studio\jre\bin\verify.dll
0x00007fffa2d30000 - 0x00007fffa2f14000 	C:\Windows\SYSTEM32\DBGHELP.DLL
0x00007fff9aa50000 - 0x00007fff9aa85000 	C:\Windows\SYSTEM32\dbgcore.DLL
0x00007fffa52b0000 - 0x00007fffa5332000 	C:\Windows\System32\bcryptPrimitives.dll
0x00007fff699d0000 - 0x00007fff699f9000 	C:\Program Files\Android\Android Studio\jre\bin\java.dll
0x00007fff9ac20000 - 0x00007fff9ac2b000 	C:\Program Files\Android\Android Studio\jre\bin\jimage.dll
0x00007fff72350000 - 0x00007fff72368000 	C:\Program Files\Android\Android Studio\jre\bin\zip.dll
0x00007fffa6930000 - 0x00007fffa7074000 	C:\Windows\System32\SHELL32.dll
0x00007fffa24c0000 - 0x00007fffa2c52000 	C:\Windows\SYSTEM32\windows.storage.dll
0x00007fffa6360000 - 0x00007fffa66b5000 	C:\Windows\System32\combase.dll
0x00007fffa4600000 - 0x00007fffa4630000 	C:\Windows\SYSTEM32\Wldp.dll
0x00007fffa6800000 - 0x00007fffa68ad000 	C:\Windows\System32\SHCORE.dll
0x00007fffa66c0000 - 0x00007fffa6715000 	C:\Windows\System32\shlwapi.dll
0x00007fffa4bc0000 - 0x00007fffa4bdf000 	C:\Windows\SYSTEM32\profapi.dll
0x00007fff9e450000 - 0x00007fff9e46a000 	C:\Program Files\Android\Android Studio\jre\bin\net.dll
0x00007fff9ad30000 - 0x00007fff9ae3c000 	C:\Windows\SYSTEM32\WINHTTP.dll
0x00007fffa4360000 - 0x00007fffa43ca000 	C:\Windows\system32\mswsock.dll
0x00007fff9da50000 - 0x00007fff9da64000 	C:\Program Files\Android\Android Studio\jre\bin\nio.dll

dbghelp: loaded successfully - version: 4.0.5 - missing functions: none
symbol engine: initialized successfully - sym options: 0x614 - pdb path: .;C:\Program Files\Android\Android Studio\jre\bin;C:\Windows\SYSTEM32;C:\Windows\WinSxS\amd64_microsoft.windows.common-controls_6595b64144ccf1df_6.0.19041.1110_none_60b5254171f9507e;C:\Program Files\Android\Android Studio\jre\bin\server

VM Arguments:
java_command: org.jetbrains.kotlin.cli.jvm.K2JVMCompiler -Xallow-no-source-files -classpath C:\Users\Marvin Marquez\Desktop\MyApplication05\MyApplication05\app\libs\javax.mail-1.6.2.jar;C:\Users\Marvin Marquez\.gradle\caches\modules-2\files-2.1\org.jetbrains.kotlin\kotlin-android-extensions-runtime\1.3.50\bec16087637a7cafe54894e73d38037977cb30d2\kotlin-android-extensions-runtime-1.3.50.jar;C:\Users\Marvin Marquez\.gradle\caches\transforms-3\4813ba349f94c7a66629ac77c439fe76\transformed\activity-ktx-1.2.3-api.jar;C:\Users\Marvin Marquez\.gradle\caches\modules-2\files-2.1\org.jetbrains.kotlin\kotlin-stdlib-jdk7\1.3.50\50ad05ea1c2595fb31b800e76db464d08d599af3\kotlin-stdlib-jdk7-1.3.50.jar;C:\Users\Marvin Marquez\.gradle\caches\transforms-3\9a4175e9b6b18403b1eefc0ff0013cdb\transformed\core-ktx-1.1.0-api.jar;C:\Users\Marvin Marquez\.gradle\caches\transforms-3\7795437edaf2b9f397937b00add13d0c\transformed\lifecycle-runtime-ktx-2.3.1-api.jar;C:\Users\Marvin Marquez\.gradle\caches\transforms-3\210082358c15d2e08e638b5959edef6f\transformed\lifecycle-viewmodel-ktx-2.3.1-api.jar;C:\Users\Marvin Marquez\.gradle\caches\transforms-3\dfe8beb0cdc847caa3757f818624ce7c\transformed\savedstate-ktx-1.1.0-api.jar;C:\Users\Marvin Marquez\.gradle\caches\modules-2\files-2.1\org.jetbrains.kotlinx\kotlinx-coroutines-android\1.4.1\2349e3c971098c0c5379403b64a844d0c3cc2f3d\kotlinx-coroutines-android-1.4.1.jar;C:\Users\Marvin Marquez\.gradle\caches\modules-2\files-2.1\org.jetbrains.kotlinx\kotlinx-coroutines-core-jvm\1.4.1\936067d1e0195f638396f60e71da745bb14a35ca\kotlinx-coroutines-core-jvm-1.4.1.jar;C:\Users\Marvin Marquez\.gradle\caches\modules-2\files-2.1\org.jetbrains.kotlin\kotlin-stdlib\1.4.20\9be77b243a362b745e365f286627b8724337009c\kotlin-stdlib-1.4.20.jar;C:\Users\Marvin Marquez\.gradle\caches\modules-2\files-2.1\org.jetbrains.kotlin\kotlin-stdlib-common\1.4.20\c6761d7805b5312302f2bbd78cda68c976ce0c70\kotlin-stdlib-common-1.4.20.jar;C:\Users\Marvin Marquez\.gradle\caches\modules-2\files-2
java_class_path (initial): C:\Users\Marvin Marquez\.gradle\caches\modules-2\files-2.1\org.jetbrains.kotlin\kotlin-compiler-embeddable\1.3.50\1251c1768e5769b06c2487d6f6cf8acf6efb8960\kotlin-compiler-embeddable-1.3.50.jar;C:\Users\Marvin Marquez\.gradle\caches\modules-2\files-2.1\org.jetbrains.kotlin\kotlin-reflect\1.3.50\b499f22fd7c3e9c2e5b6c4005221fa47fc7f9a7a\kotlin-reflect-1.3.50.jar;C:\Users\Marvin Marquez\.gradle\caches\modules-2\files-2.1\org.jetbrains.kotlin\kotlin-stdlib\1.3.50\b529d1738c7e98bbfa36a4134039528f2ce78ebf\kotlin-stdlib-1.3.50.jar;C:\Users\Marvin Marquez\.gradle\caches\modules-2\files-2.1\org.jetbrains.kotlin\kotlin-script-runtime\1.3.50\59492b8dfb92522ba0ddb5dd1c4d0ef0a4fca1af\kotlin-script-runtime-1.3.50.jar;C:\Users\Marvin Marquez\.gradle\caches\modules-2\files-2.1\org.jetbrains.kotlin\kotlin-daemon-embeddable\1.3.50\5cb93bb33f4c6f833ead0beca4c831668e00cf52\kotlin-daemon-embeddable-1.3.50.jar;C:\Users\Marvin Marquez\.gradle\caches\modules-2\files-2.1\org.jetbrains.intellij.deps\trove4j\1.0.20181211\216c2e14b070f334479d800987affe4054cd563f\trove4j-1.0.20181211.jar;C:\Users\Marvin Marquez\.gradle\caches\modules-2\files-2.1\org.jetbrains.kotlin\kotlin-stdlib-common\1.3.50\3d9cd3e1bc7b92e95f43d45be3bfbcf38e36ab87\kotlin-stdlib-common-1.3.50.jar;C:\Users\Marvin Marquez\.gradle\caches\modules-2\files-2.1\org.jetbrains\annotations\13.0\919f0dfe192fb4e063e7dacadee7f8bb9a2672a9\annotations-13.0.jar
Launcher Type: SUN_STANDARD

[Global flags]
     intx CICompilerCount                          = 4                                         {product} {ergonomic}
     uint ConcGCThreads                            = 2                                         {product} {ergonomic}
     uint G1ConcRefinementThreads                  = 8                                         {product} {ergonomic}
   size_t G1HeapRegionSize                         = 1048576                                   {product} {ergonomic}
    uintx GCDrainStackTargetSize                   = 64                                        {product} {ergonomic}
   size_t InitialHeapSize                          = 117440512                                 {product} {ergonomic}
   size_t MarkStackSize                            = 4194304                                   {product} {ergonomic}
   size_t MaxHeapSize                              = 1862270976                                {product} {ergonomic}
   size_t MaxNewSize                               = 1116733440                                {product} {ergonomic}
   size_t MinHeapDeltaBytes                        = 1048576                                   {product} {ergonomic}
    uintx NonNMethodCodeHeapSize                   = 5836300                                {pd product} {ergonomic}
    uintx NonProfiledCodeHeapSize                  = 122910970                              {pd product} {ergonomic}
    uintx ProfiledCodeHeapSize                     = 122910970                              {pd product} {ergonomic}
    uintx ReservedCodeCacheSize                    = 251658240                              {pd product} {ergonomic}
     bool SegmentedCodeCache                       = true                                      {product} {ergonomic}
     bool UseCompressedClassPointers               = true                                 {lp64_product} {ergonomic}
     bool UseCompressedOops                        = true                                 {lp64_product} {ergonomic}
     bool UseG1GC                                  = true                                      {product} {ergonomic}
     bool UseLargePagesIndividualAllocation        = false                                  {pd product} {ergonomic}

Logging:
Log output configuration:
 #0: stdout all=warning uptime,level,tags
 #1: stderr all=off uptime,level,tags

Environment Variables:
JAVA_HOME=C:\Users\Marvin Marquez\AppData\Local\Programs\Eclipse Adoptium\jdk-17.0.2.8-hotspot\
PATH=C:\ProgramData\Oracle\Java\javapath;C:\Program Files\Common Files\Oracle\Java\javapath;C:\Windows\system32;C:\Windows;C:\Windows\System32\Wbem;C:\Windows\System32\WindowsPowerShell\v1.0\;C:\Windows\System32\OpenSSH\;C:\Program Files\Git\cmd;C:\Program Files\CMake\bin;C:\Program Files (x86)\Microsoft SQL Server\100\Tools\Binn\;C:\Program Files\Microsoft SQL Server\100\Tools\Binn\;C:\Program Files\Microsoft SQL Server\100\DTS\Binn\;C:\Program Files\Calibre2\;C:\Program Files\dotnet\;C:\Users\Marvin Marquez\AppData\Local\Programs\Eclipse Adoptium\jdk-17.0.2.8-hotspot\bin;C:\Users\Marvin Marquez\AppData\Local\Microsoft\WindowsApps;C:\Users\Marvin Marquez\AppData\Local\Programs\Microsoft VS Code\bin;C:\msys64\mingw64\bin;C:\MinGW\bin;
USERNAME=Marvin Marquez
OS=Windows_NT
PROCESSOR_IDENTIFIER=AMD64 Family 23 Model 24 Stepping 1, AuthenticAMD



---------------  S Y S T E M  ---------------

OS: Windows 10 , 64 bit Build 19041 (10.0.19041.2364)
OS uptime: 0 days 1:58 hours

CPU:total 8 (initial active 8) (8 cores per cpu, 2 threads per core) family 23 model 24 stepping 1 microcode 0x0, cmov, cx8, fxsr, mmx, sse, sse2, sse3, ssse3, sse4.1, sse4.2, popcnt, avx, avx2, aes, clmul, mmxext, 3dnowpref, lzcnt, sse4a, ht, tsc, tscinvbit, tscinv, bmi1, bmi2, adx, s

Memory: 4k page, system-wide physical 7103M (1388M free)
TotalPageFile size 9151M (AvailPageFile size 5M)
current process WorkingSet (physical memory assigned to process): 472M, peak: 472M
current process commit charge ("private bytes"): 511M, peak: 512M

vm_info: OpenJDK 64-Bit Server VM (11.0.11+9-b60-7590822) for windows-amd64 JRE (11.0.11+9-b60-7590822), built on Jul 29 2021 21:43:44 by "builder" with MS VC++ 14.0 (VS2015)

END.
