#
# There is insufficient memory for the Java Runtime Environment to continue.
# Native memory allocation (malloc) failed to allocate 968816 bytes for Chunk::new
# Possible reasons:
#   The system is out of physical RAM or swap space
#   The process is running with CompressedOops enabled, and the Java Heap may be blocking the growth of the native heap
# Possible solutions:
#   Reduce memory load on the system
#   Increase physical memory or swap space
#   Check if swap backing store is full
#   Decrease Java heap size (-Xmx/-Xms)
#   Decrease number of Java threads
#   Decrease Java thread stack sizes (-Xss)
#   Set larger code cache with -XX:ReservedCodeCacheSize=
#   JVM is running with Unscaled Compressed Oops mode in which the Java heap is
#     placed in the first 4GB address space. The Java Heap base address is the
#     maximum limit for the native heap growth. Please use -XX:HeapBaseMinAddress
#     to set the Java Heap base and to place the Java Heap above 4GB virtual address.
# This output file may be truncated or incomplete.
#
#  Out of Memory Error (./src/hotspot/share/memory/arena.cpp:197), pid=14232, tid=9328
#
# JRE version: OpenJDK Runtime Environment (11.0.11+9) (build 11.0.11+9-b60-7590822)
# Java VM: OpenJDK 64-Bit Server VM (11.0.11+9-b60-7590822, mixed mode, tiered, compressed oops, g1 gc, windows-amd64)
# No core dump will be written. Minidumps are not enabled by default on client versions of Windows
#

---------------  S U M M A R Y ------------

Command Line: --add-opens=java.base/java.util=ALL-UNNAMED --add-opens=java.base/java.lang=ALL-UNNAMED --add-opens=java.base/java.lang.invoke=ALL-UNNAMED --add-opens=java.prefs/java.util.prefs=ALL-UNNAMED -Xmx1536m -Dfile.encoding=windows-1252 -Duser.country=US -Duser.language=en -Duser.variant org.gradle.launcher.daemon.bootstrap.GradleDaemon 6.8

Host: AMD Ryzen 5 3500U with Radeon Vega Mobile Gfx  , 8 cores, 6G,  Windows 10 , 64 bit Build 19041 (10.0.19041.2364)
Time: Tue Feb 14 06:04:21 2023 Malay Peninsula Standard Time elapsed time: 7.110282 seconds (0d 0h 0m 7s)

---------------  T H R E A D  ---------------

Current thread (0x0000026a9cdb4800):  JavaThread "C2 CompilerThread2" daemon [_thread_in_native, id=9328, stack(0x0000009722900000,0x0000009722a00000)]


Current CompileTask:
C2:   7110 3803       4       java.lang.invoke.MethodType::makeImpl (108 bytes)

Stack: [0x0000009722900000,0x0000009722a00000]
Native frames: (J=compiled Java code, j=interpreted, Vv=VM code, C=native code)
V  [jvm.dll+0x5f214a]
V  [jvm.dll+0x726fb5]
V  [jvm.dll+0x7285cd]
V  [jvm.dll+0x728c83]
V  [jvm.dll+0x243278]
V  [jvm.dll+0xbc53c]
V  [jvm.dll+0xbca3c]
V  [jvm.dll+0x353e3b]
V  [jvm.dll+0x19875c]
V  [jvm.dll+0x1fc2ee]
V  [jvm.dll+0x1fb3d4]
V  [jvm.dll+0x183d6c]
V  [jvm.dll+0x209a57]
V  [jvm.dll+0x2082a1]
V  [jvm.dll+0x6ef58f]
V  [jvm.dll+0x6e80b5]
V  [jvm.dll+0x5f1036]
C  [ucrtbase.dll+0x21bb2]
C  [KERNEL32.DLL+0x17614]
C  [ntdll.dll+0x526a1]


---------------  P R O C E S S  ---------------

Threads class SMR info:
_java_thread_list=0x0000026a9ce300a0, length=112, elements={
0x0000026afe8dd800, 0x0000026a9984a000, 0x0000026a99855800, 0x0000026a99869000,
0x0000026a9986b000, 0x0000026a9986c000, 0x0000026a99872000, 0x0000026a99873000,
0x0000026a99874000, 0x0000026a9a34e800, 0x0000026a9ba99800, 0x0000026a9b650000,
0x0000026a9c0de000, 0x0000026a9b044800, 0x0000026a9b045800, 0x0000026a9b4ad000,
0x0000026a9c890000, 0x0000026a9c8d9000, 0x0000026a9c20d800, 0x0000026a9c20e000,
0x0000026a9c88d800, 0x0000026a9c88c800, 0x0000026a9c888000, 0x0000026a9c888800,
0x0000026a9c88c000, 0x0000026a9c88e800, 0x0000026a9c889800, 0x0000026a9c88a800,
0x0000026a9c88b000, 0x0000026a9cd4c000, 0x0000026a9cdb4800, 0x0000026a9cd48000,
0x0000026a9cd4d000, 0x0000026a9cd47000, 0x0000026a9cd48800, 0x0000026a9cd4a800,
0x0000026a9cd50000, 0x0000026a9cd4e800, 0x0000026a9cd4f000, 0x0000026a9cd51000,
0x0000026a9cd4b000, 0x0000026a9cd54000, 0x0000026a9cd51800, 0x0000026a9cd52800,
0x0000026a9cd53800, 0x0000026a9cd55800, 0x0000026a9cd55000, 0x0000026a9f912000,
0x0000026a9f90e000, 0x0000026a9f90f800, 0x0000026a9f910800, 0x0000026a9f90f000,
0x0000026a9f90d000, 0x0000026a9f915800, 0x0000026a9f916000, 0x0000026a9f917000,
0x0000026a9f914800, 0x0000026a9f913000, 0x0000026a9f911000, 0x0000026a9f919800,
0x0000026a9f918000, 0x0000026a9f913800, 0x0000026a9f91c000, 0x0000026a9f918800,
0x0000026a9f91a000, 0x0000026a9f91b000, 0x0000026a9fbb9000, 0x0000026a9fbba000,
0x0000026a9fbb7800, 0x0000026a9fbba800, 0x0000026a9fbb6800, 0x0000026a9fbbb800,
0x0000026a9fbb6000, 0x0000026a9fbbd000, 0x0000026a9fbbe000, 0x0000026a9fbbc800,
0x0000026a9fbb8800, 0x0000026a9fbc0800, 0x0000026a9fbbf800, 0x0000026a9fbc1000,
0x0000026a9fbc4800, 0x0000026a9fbc2000, 0x0000026a9fbbf000, 0x0000026a9fbc3800,
0x0000026a9fbc3000, 0x0000026a9f87d000, 0x0000026a9f87d800, 0x0000026a9f87e800,
0x0000026a9f883800, 0x0000026a9f87f800, 0x0000026a9f884000, 0x0000026a9f880000,
0x0000026a9f886800, 0x0000026a9f881000, 0x0000026a9f887800, 0x0000026a9f885000,
0x0000026a9f886000, 0x0000026a9f882000, 0x0000026a9f888800, 0x0000026a9f882800,
0x0000026a9f88b800, 0x0000026a9f88b000, 0x0000026a9f889000, 0x0000026a9f88a000,
0x0000026a9eb90800, 0x0000026a9eb93000, 0x0000026a9eb8e000, 0x0000026a9eb91800,
0x0000026a9eb8f000, 0x0000026a9eb8f800, 0x0000026a9eb92000, 0x0000026a9eb8d800
}

Java Threads: ( => current thread )
  0x0000026afe8dd800 JavaThread "main" [_thread_blocked, id=10884, stack(0x000000971f900000,0x000000971fa00000)]
  0x0000026a9984a000 JavaThread "Reference Handler" daemon [_thread_blocked, id=15712, stack(0x0000009720000000,0x0000009720100000)]
  0x0000026a99855800 JavaThread "Finalizer" daemon [_thread_blocked, id=5924, stack(0x0000009720100000,0x0000009720200000)]
  0x0000026a99869000 JavaThread "Signal Dispatcher" daemon [_thread_blocked, id=17988, stack(0x0000009720200000,0x0000009720300000)]
  0x0000026a9986b000 JavaThread "Attach Listener" daemon [_thread_blocked, id=16068, stack(0x0000009720300000,0x0000009720400000)]
  0x0000026a9986c000 JavaThread "Service Thread" daemon [_thread_blocked, id=11204, stack(0x0000009720400000,0x0000009720500000)]
  0x0000026a99872000 JavaThread "C2 CompilerThread0" daemon [_thread_blocked, id=9316, stack(0x0000009720500000,0x0000009720600000)]
  0x0000026a99873000 JavaThread "C1 CompilerThread0" daemon [_thread_in_native, id=5432, stack(0x0000009720600000,0x0000009720700000)]
  0x0000026a99874000 JavaThread "Sweeper thread" daemon [_thread_blocked, id=17308, stack(0x0000009720700000,0x0000009720800000)]
  0x0000026a9a34e800 JavaThread "Common-Cleaner" daemon [_thread_blocked, id=8864, stack(0x0000009720800000,0x0000009720900000)]
  0x0000026a9ba99800 JavaThread "Daemon health stats" [_thread_blocked, id=16964, stack(0x0000009720d00000,0x0000009720e00000)]
  0x0000026a9b650000 JavaThread "Incoming local TCP Connector on port 50632" [_thread_in_native, id=15264, stack(0x0000009720e00000,0x0000009720f00000)]
  0x0000026a9c0de000 JavaThread "Daemon periodic checks" [_thread_blocked, id=10556, stack(0x0000009720f00000,0x0000009721000000)]
  0x0000026a9b044800 JavaThread "Daemon" [_thread_blocked, id=17464, stack(0x0000009721000000,0x0000009721100000)]
  0x0000026a9b045800 JavaThread "Handler for socket connection from /127.0.0.1:50632 to /127.0.0.1:50633" [_thread_in_native, id=6612, stack(0x0000009721100000,0x0000009721200000)]
  0x0000026a9b4ad000 JavaThread "C2 CompilerThread1" daemon [_thread_blocked, id=2512, stack(0x0000009721200000,0x0000009721300000)]
  0x0000026a9c890000 JavaThread "Cancel handler" [_thread_blocked, id=14348, stack(0x0000009721300000,0x0000009721400000)]
  0x0000026a9c8d9000 JavaThread "Daemon worker" [_thread_blocked, id=3620, stack(0x0000009721400000,0x0000009721500000)]
  0x0000026a9c20d800 JavaThread "Asynchronous log dispatcher for DefaultDaemonConnection: socket connection from /127.0.0.1:50632 to /127.0.0.1:50633" [_thread_blocked, id=852, stack(0x0000009721500000,0x0000009721600000)]
  0x0000026a9c20e000 JavaThread "Stdin handler" [_thread_blocked, id=15048, stack(0x0000009721600000,0x0000009721700000)]
  0x0000026a9c88d800 JavaThread "Daemon client event forwarder" [_thread_blocked, id=7128, stack(0x0000009721700000,0x0000009721800000)]
  0x0000026a9c88c800 JavaThread "Cache worker for file hash cache (C:\Users\Marvin Marquez\.gradle\caches\6.8\fileHashes)" [_thread_blocked, id=2176, stack(0x0000009721f00000,0x0000009722000000)]
  0x0000026a9c888000 JavaThread "File lock request listener" [_thread_in_native, id=11244, stack(0x0000009722000000,0x0000009722100000)]
  0x0000026a9c888800 JavaThread "Cache worker for journal cache (C:\Users\Marvin Marquez\.gradle\caches\journal-1)" [_thread_blocked, id=18224, stack(0x0000009722200000,0x0000009722300000)]
  0x0000026a9c88c000 JavaThread "Cache worker for file hash cache (C:\Users\Marvin Marquez\Desktop\MyApplication05\MyApplication05\.gradle\6.8\fileHashes)" [_thread_blocked, id=17044, stack(0x0000009722300000,0x0000009722400000)]
  0x0000026a9c88e800 JavaThread "jar transforms" [_thread_blocked, id=15056, stack(0x0000009722400000,0x0000009722500000)]
  0x0000026a9c889800 JavaThread "jar transforms Thread 2" [_thread_blocked, id=7148, stack(0x0000009722500000,0x0000009722600000)]
  0x0000026a9c88a800 JavaThread "jar transforms Thread 3" [_thread_blocked, id=16380, stack(0x0000009722600000,0x0000009722700000)]
  0x0000026a9c88b000 JavaThread "jar transforms Thread 4" [_thread_blocked, id=2832, stack(0x0000009722700000,0x0000009722800000)]
  0x0000026a9cd4c000 JavaThread "jar transforms Thread 5" [_thread_blocked, id=17240, stack(0x0000009722800000,0x0000009722900000)]
=>0x0000026a9cdb4800 JavaThread "C2 CompilerThread2" daemon [_thread_in_native, id=9328, stack(0x0000009722900000,0x0000009722a00000)]
  0x0000026a9cd48000 JavaThread "Cache worker for checksums cache (C:\Users\Marvin Marquez\Desktop\MyApplication05\MyApplication05\.gradle\checksums)" [_thread_blocked, id=12224, stack(0x0000009722a00000,0x0000009722b00000)]
  0x0000026a9cd4d000 JavaThread "Cache worker for cache directory md-supplier (C:\Users\Marvin Marquez\.gradle\caches\6.8\md-supplier)" [_thread_blocked, id=14404, stack(0x0000009722b00000,0x0000009722c00000)]
  0x0000026a9cd47000 JavaThread "Cache worker for cache directory md-rule (C:\Users\Marvin Marquez\.gradle\caches\6.8\md-rule)" [_thread_blocked, id=13568, stack(0x0000009722c00000,0x0000009722d00000)]
  0x0000026a9cd48800 JavaThread "Cache worker for execution history cache (C:\Users\Marvin Marquez\.gradle\caches\6.8\executionHistory)" [_thread_blocked, id=17136, stack(0x0000009722d00000,0x0000009722e00000)]
  0x0000026a9cd4a800 JavaThread "Cache worker for file content cache (C:\Users\Marvin Marquez\.gradle\caches\6.8\fileContent)" [_thread_blocked, id=17144, stack(0x0000009722e00000,0x0000009722f00000)]
  0x0000026a9cd50000 JavaThread "Cache worker for Build Output Cleanup Cache (C:\Users\Marvin Marquez\Desktop\MyApplication05\MyApplication05\.gradle\buildOutputCleanup)" [_thread_blocked, id=14940, stack(0x0000009722f00000,0x0000009723000000)]
  0x0000026a9cd4e800 JavaThread "Build operations" [_thread_blocked, id=3872, stack(0x0000009723000000,0x0000009723100000)]
  0x0000026a9cd4f000 JavaThread "Build operations Thread 2" [_thread_blocked, id=16092, stack(0x0000009723100000,0x0000009723200000)]
  0x0000026a9cd51000 JavaThread "Build operations Thread 3" [_thread_blocked, id=17500, stack(0x0000009723200000,0x0000009723300000)]
  0x0000026a9cd4b000 JavaThread "Build operations Thread 4" [_thread_blocked, id=7284, stack(0x0000009723300000,0x0000009723400000)]
  0x0000026a9cd54000 JavaThread "Build operations Thread 5" [_thread_blocked, id=9492, stack(0x0000009723400000,0x0000009723500000)]
  0x0000026a9cd51800 JavaThread "Build operations Thread 6" [_thread_blocked, id=3944, stack(0x0000009723500000,0x0000009723600000)]
  0x0000026a9cd52800 JavaThread "Build operations Thread 7" [_thread_blocked, id=11396, stack(0x0000009723600000,0x0000009723700000)]
  0x0000026a9cd53800 JavaThread "Build operations Thread 8" [_thread_blocked, id=2624, stack(0x0000009723700000,0x0000009723800000)]
  0x0000026a9cd55800 JavaThread "jar transforms Thread 6" [_thread_blocked, id=12256, stack(0x0000009723800000,0x0000009723900000)]
  0x0000026a9cd55000 JavaThread "jar transforms Thread 7" [_thread_blocked, id=3684, stack(0x0000009723900000,0x0000009723a00000)]
  0x0000026a9f912000 JavaThread "jar transforms Thread 8" [_thread_blocked, id=7880, stack(0x0000009723a00000,0x0000009723b00000)]
  0x0000026a9f90e000 JavaThread "jar transforms Thread 9" [_thread_blocked, id=12844, stack(0x0000009723b00000,0x0000009723c00000)]
  0x0000026a9f90f800 JavaThread "jar transforms Thread 10" [_thread_blocked, id=15768, stack(0x0000009723c00000,0x0000009723d00000)]
  0x0000026a9f910800 JavaThread "jar transforms Thread 11" [_thread_blocked, id=15412, stack(0x0000009723d00000,0x0000009723e00000)]
  0x0000026a9f90f000 JavaThread "jar transforms Thread 12" [_thread_blocked, id=12656, stack(0x0000009723e00000,0x0000009723f00000)]
  0x0000026a9f90d000 JavaThread "jar transforms Thread 13" [_thread_blocked, id=12436, stack(0x0000009723f00000,0x0000009724000000)]
  0x0000026a9f915800 JavaThread "jar transforms Thread 14" [_thread_blocked, id=15024, stack(0x0000009724000000,0x0000009724100000)]
  0x0000026a9f916000 JavaThread "jar transforms Thread 15" [_thread_blocked, id=9208, stack(0x0000009724100000,0x0000009724200000)]
  0x0000026a9f917000 JavaThread "jar transforms Thread 16" [_thread_blocked, id=10068, stack(0x0000009724200000,0x0000009724300000)]
  0x0000026a9f914800 JavaThread "jar transforms Thread 17" [_thread_blocked, id=692, stack(0x0000009724300000,0x0000009724400000)]
  0x0000026a9f913000 JavaThread "jar transforms Thread 18" [_thread_blocked, id=6204, stack(0x0000009724400000,0x0000009724500000)]
  0x0000026a9f911000 JavaThread "jar transforms Thread 19" [_thread_blocked, id=4048, stack(0x0000009724500000,0x0000009724600000)]
  0x0000026a9f919800 JavaThread "jar transforms Thread 20" [_thread_blocked, id=18176, stack(0x0000009724600000,0x0000009724700000)]
  0x0000026a9f918000 JavaThread "jar transforms Thread 21" [_thread_blocked, id=1516, stack(0x0000009724700000,0x0000009724800000)]
  0x0000026a9f913800 JavaThread "jar transforms Thread 22" [_thread_blocked, id=14704, stack(0x0000009724800000,0x0000009724900000)]
  0x0000026a9f91c000 JavaThread "jar transforms Thread 23" [_thread_blocked, id=13052, stack(0x0000009724900000,0x0000009724a00000)]
  0x0000026a9f918800 JavaThread "jar transforms Thread 24" [_thread_blocked, id=16112, stack(0x0000009724a00000,0x0000009724b00000)]
  0x0000026a9f91a000 JavaThread "jar transforms Thread 25" [_thread_blocked, id=11900, stack(0x0000009724b00000,0x0000009724c00000)]
  0x0000026a9f91b000 JavaThread "jar transforms Thread 26" [_thread_blocked, id=11592, stack(0x0000009724c00000,0x0000009724d00000)]
  0x0000026a9fbb9000 JavaThread "jar transforms Thread 27" [_thread_blocked, id=12200, stack(0x0000009724d00000,0x0000009724e00000)]
  0x0000026a9fbba000 JavaThread "jar transforms Thread 28" [_thread_blocked, id=5204, stack(0x0000009724e00000,0x0000009724f00000)]
  0x0000026a9fbb7800 JavaThread "jar transforms Thread 29" [_thread_blocked, id=17016, stack(0x0000009724f00000,0x0000009725000000)]
  0x0000026a9fbba800 JavaThread "jar transforms Thread 30" [_thread_blocked, id=3364, stack(0x0000009725000000,0x0000009725100000)]
  0x0000026a9fbb6800 JavaThread "jar transforms Thread 31" [_thread_blocked, id=10140, stack(0x0000009725100000,0x0000009725200000)]
  0x0000026a9fbbb800 JavaThread "jar transforms Thread 32" [_thread_blocked, id=13576, stack(0x0000009725200000,0x0000009725300000)]
  0x0000026a9fbb6000 JavaThread "jar transforms Thread 33" [_thread_blocked, id=13580, stack(0x0000009725300000,0x0000009725400000)]
  0x0000026a9fbbd000 JavaThread "jar transforms Thread 34" [_thread_blocked, id=15120, stack(0x0000009725400000,0x0000009725500000)]
  0x0000026a9fbbe000 JavaThread "jar transforms Thread 35" [_thread_blocked, id=3648, stack(0x0000009725500000,0x0000009725600000)]
  0x0000026a9fbbc800 JavaThread "jar transforms Thread 36" [_thread_blocked, id=8616, stack(0x0000009725600000,0x0000009725700000)]
  0x0000026a9fbb8800 JavaThread "jar transforms Thread 37" [_thread_blocked, id=7432, stack(0x0000009725700000,0x0000009725800000)]
  0x0000026a9fbc0800 JavaThread "jar transforms Thread 38" [_thread_blocked, id=2396, stack(0x0000009725800000,0x0000009725900000)]
  0x0000026a9fbbf800 JavaThread "jar transforms Thread 39" [_thread_blocked, id=16484, stack(0x0000009725900000,0x0000009725a00000)]
  0x0000026a9fbc1000 JavaThread "jar transforms Thread 40" [_thread_blocked, id=9988, stack(0x0000009725a00000,0x0000009725b00000)]
  0x0000026a9fbc4800 JavaThread "jar transforms Thread 41" [_thread_blocked, id=7792, stack(0x0000009725b00000,0x0000009725c00000)]
  0x0000026a9fbc2000 JavaThread "jar transforms Thread 42" [_thread_blocked, id=15180, stack(0x0000009725c00000,0x0000009725d00000)]
  0x0000026a9fbbf000 JavaThread "jar transforms Thread 43" [_thread_blocked, id=17424, stack(0x0000009725d00000,0x0000009725e00000)]
  0x0000026a9fbc3800 JavaThread "jar transforms Thread 44" [_thread_blocked, id=11812, stack(0x0000009725e00000,0x0000009725f00000)]
  0x0000026a9fbc3000 JavaThread "jar transforms Thread 45" [_thread_blocked, id=2960, stack(0x0000009725f00000,0x0000009726000000)]
  0x0000026a9f87d000 JavaThread "jar transforms Thread 46" [_thread_blocked, id=8700, stack(0x0000009726000000,0x0000009726100000)]
  0x0000026a9f87d800 JavaThread "jar transforms Thread 47" [_thread_blocked, id=13156, stack(0x0000009726100000,0x0000009726200000)]
  0x0000026a9f87e800 JavaThread "jar transforms Thread 48" [_thread_blocked, id=17756, stack(0x0000009726200000,0x0000009726300000)]
  0x0000026a9f883800 JavaThread "jar transforms Thread 49" [_thread_blocked, id=11448, stack(0x0000009726300000,0x0000009726400000)]
  0x0000026a9f87f800 JavaThread "jar transforms Thread 50" [_thread_blocked, id=17260, stack(0x0000009726400000,0x0000009726500000)]
  0x0000026a9f884000 JavaThread "jar transforms Thread 51" [_thread_blocked, id=16968, stack(0x0000009726500000,0x0000009726600000)]
  0x0000026a9f880000 JavaThread "jar transforms Thread 52" [_thread_blocked, id=14052, stack(0x0000009726600000,0x0000009726700000)]
  0x0000026a9f886800 JavaThread "jar transforms Thread 53" [_thread_blocked, id=14484, stack(0x0000009726700000,0x0000009726800000)]
  0x0000026a9f881000 JavaThread "jar transforms Thread 54" [_thread_blocked, id=7572, stack(0x0000009726800000,0x0000009726900000)]
  0x0000026a9f887800 JavaThread "jar transforms Thread 55" [_thread_blocked, id=12144, stack(0x0000009726900000,0x0000009726a00000)]
  0x0000026a9f885000 JavaThread "jar transforms Thread 56" [_thread_blocked, id=5200, stack(0x0000009726a00000,0x0000009726b00000)]
  0x0000026a9f886000 JavaThread "jar transforms Thread 57" [_thread_blocked, id=12112, stack(0x0000009726b00000,0x0000009726c00000)]
  0x0000026a9f882000 JavaThread "jar transforms Thread 58" [_thread_blocked, id=16032, stack(0x0000009726c00000,0x0000009726d00000)]
  0x0000026a9f888800 JavaThread "jar transforms Thread 59" [_thread_in_vm, id=11400, stack(0x0000009726d00000,0x0000009726e00000)]
  0x0000026a9f882800 JavaThread "jar transforms Thread 60" [_thread_blocked, id=3720, stack(0x0000009726e00000,0x0000009726f00000)]
  0x0000026a9f88b800 JavaThread "jar transforms Thread 61" [_thread_blocked, id=17256, stack(0x0000009726f00000,0x0000009727000000)]
  0x0000026a9f88b000 JavaThread "jar transforms Thread 62" [_thread_blocked, id=14732, stack(0x0000009727000000,0x0000009727100000)]
  0x0000026a9f889000 JavaThread "jar transforms Thread 63" [_thread_blocked, id=9288, stack(0x0000009727100000,0x0000009727200000)]
  0x0000026a9f88a000 JavaThread "jar transforms Thread 64" [_thread_blocked, id=12736, stack(0x0000009727200000,0x0000009727300000)]
  0x0000026a9eb90800 JavaThread "jar transforms Thread 65" [_thread_blocked, id=16984, stack(0x0000009727300000,0x0000009727400000)]
  0x0000026a9eb93000 JavaThread "jar transforms Thread 66" [_thread_blocked, id=2712, stack(0x0000009727400000,0x0000009727500000)]
  0x0000026a9eb8e000 JavaThread "jar transforms Thread 67" [_thread_blocked, id=18396, stack(0x0000009727500000,0x0000009727600000)]
  0x0000026a9eb91800 JavaThread "jar transforms Thread 68" [_thread_blocked, id=12872, stack(0x0000009727600000,0x0000009727700000)]
  0x0000026a9eb8f000 JavaThread "jar transforms Thread 69" [_thread_blocked, id=1568, stack(0x0000009727700000,0x0000009727800000)]
  0x0000026a9eb8f800 JavaThread "jar transforms Thread 70" [_thread_blocked, id=18084, stack(0x0000009727800000,0x0000009727900000)]
  0x0000026a9eb92000 JavaThread "jar transforms Thread 71" [_thread_blocked, id=17680, stack(0x0000009727900000,0x0000009727a00000)]
  0x0000026a9eb8d800 JavaThread "jar transforms Thread 72" [_thread_blocked, id=12696, stack(0x0000009727a00000,0x0000009727b00000)]
  0x0000026a9eb98000 JavaThread "jar transforms Thread 73" [_thread_blocked, id=17624, stack(0x0000009727b00000,0x0000009727c00000)]
  0x0000026a9eb98800 JavaThread "jar transforms Thread 74" [_thread_blocked, id=17628, stack(0x0000009727c00000,0x0000009727d00000)]

Other Threads:
  0x0000026a99826000 VMThread "VM Thread" [stack: 0x000000971ff00000,0x0000009720000000] [id=1768]
  0x0000026a9a389000 WatcherThread [stack: 0x0000009720900000,0x0000009720a00000] [id=3860]
  0x0000026afe8f4000 GCTaskThread "GC Thread#0" [stack: 0x000000971fa00000,0x000000971fb00000] [id=10536]
  0x0000026a9a8ca000 GCTaskThread "GC Thread#1" [stack: 0x0000009720b00000,0x0000009720c00000] [id=7544]
  0x0000026a9ba49800 GCTaskThread "GC Thread#2" [stack: 0x0000009721800000,0x0000009721900000] [id=1664]
  0x0000026a9ba32000 GCTaskThread "GC Thread#3" [stack: 0x0000009721900000,0x0000009721a00000] [id=3484]
  0x0000026a9bb74800 GCTaskThread "GC Thread#4" [stack: 0x0000009721a00000,0x0000009721b00000] [id=12912]
  0x0000026a9bb75000 GCTaskThread "GC Thread#5" [stack: 0x0000009721b00000,0x0000009721c00000] [id=18144]
  0x0000026a9b83f800 GCTaskThread "GC Thread#6" [stack: 0x0000009721c00000,0x0000009721d00000] [id=14888]
  0x0000026a9b840000 GCTaskThread "GC Thread#7" [stack: 0x0000009721d00000,0x0000009721e00000] [id=15560]
  0x0000026afe91b000 ConcurrentGCThread "G1 Main Marker" [stack: 0x000000971fb00000,0x000000971fc00000] [id=15996]
  0x0000026afe91d000 ConcurrentGCThread "G1 Conc#0" [stack: 0x000000971fc00000,0x000000971fd00000] [id=15312]
  0x0000026a9b83a800 ConcurrentGCThread "G1 Conc#1" [stack: 0x0000009722100000,0x0000009722200000] [id=9680]
  0x0000026afe9aa800 ConcurrentGCThread "G1 Refine#0" [stack: 0x000000971fd00000,0x000000971fe00000] [id=13132]
  0x0000026a9b867000 ConcurrentGCThread "G1 Refine#1" [stack: 0x0000009721e00000,0x0000009721f00000] [id=14824]
  0x0000026afe9ab800 ConcurrentGCThread "G1 Young RemSet Sampling" [stack: 0x000000971fe00000,0x000000971ff00000] [id=16784]

Threads with active compile tasks:
C2 CompilerThread2   7142 3803       4       java.lang.invoke.MethodType::makeImpl (108 bytes)

VM state:not at safepoint (normal execution)

VM Mutex/Monitor currently owned by a thread: None

OutOfMemory and StackOverflow Exception counts:
OutOfMemoryError java_heap_errors=1
LinkageErrors=82

Heap address: 0x00000000a0000000, size: 1536 MB, Compressed Oops mode: 32-bit
Narrow klass base: 0x0000000000000000, Narrow klass shift: 3
Compressed class space size: 1073741824 Address: 0x0000000100000000

Heap:
 garbage-first heap   total 138240K, used 79076K [0x00000000a0000000, 0x0000000100000000)
  region size 1024K, 46 young (47104K), 5 survivors (5120K)
 Metaspace       used 44999K, capacity 46176K, committed 46280K, reserved 1089536K
  class space    used 5794K, capacity 6245K, committed 6272K, reserved 1048576K
Heap Regions: E=young(eden), S=young(survivor), O=old, HS=humongous(starts), HC=humongous(continues), CS=collection set, F=free, A=archive, TAMS=top-at-mark-start (previous, next)
|   0|0x00000000a0000000, 0x00000000a0100000, 0x00000000a0100000|100%| O|  |TAMS 0x00000000a0100000, 0x00000000a0000000| Untracked 
|   1|0x00000000a0100000, 0x00000000a0200000, 0x00000000a0200000|100%| O|  |TAMS 0x00000000a0200000, 0x00000000a0100000| Untracked 
|   2|0x00000000a0200000, 0x00000000a0300000, 0x00000000a0300000|100%| O|  |TAMS 0x00000000a0300000, 0x00000000a0200000| Untracked 
|   3|0x00000000a0300000, 0x00000000a0400000, 0x00000000a0400000|100%|HS|  |TAMS 0x00000000a0400000, 0x00000000a0300000| Complete 
|   4|0x00000000a0400000, 0x00000000a0500000, 0x00000000a0500000|100%|HC|  |TAMS 0x00000000a0500000, 0x00000000a0400000| Complete 
|   5|0x00000000a0500000, 0x00000000a0600000, 0x00000000a0600000|100%|HC|  |TAMS 0x00000000a0600000, 0x00000000a0500000| Complete 
|   6|0x00000000a0600000, 0x00000000a0700000, 0x00000000a0700000|100%| O|  |TAMS 0x00000000a0700000, 0x00000000a0600000| Untracked 
|   7|0x00000000a0700000, 0x00000000a0800000, 0x00000000a0800000|100%| O|  |TAMS 0x00000000a0800000, 0x00000000a0700000| Untracked 
|   8|0x00000000a0800000, 0x00000000a0900000, 0x00000000a0900000|100%| O|  |TAMS 0x00000000a0900000, 0x00000000a0800000| Untracked 
|   9|0x00000000a0900000, 0x00000000a0a00000, 0x00000000a0a00000|100%| O|  |TAMS 0x00000000a0a00000, 0x00000000a0900000| Untracked 
|  10|0x00000000a0a00000, 0x00000000a0b00000, 0x00000000a0b00000|100%| O|  |TAMS 0x00000000a0b00000, 0x00000000a0a00000| Untracked 
|  11|0x00000000a0b00000, 0x00000000a0c00000, 0x00000000a0c00000|100%| O|  |TAMS 0x00000000a0c00000, 0x00000000a0b00000| Untracked 
|  12|0x00000000a0c00000, 0x00000000a0d00000, 0x00000000a0d00000|100%| O|  |TAMS 0x00000000a0d00000, 0x00000000a0c00000| Untracked 
|  13|0x00000000a0d00000, 0x00000000a0e00000, 0x00000000a0e00000|100%| O|  |TAMS 0x00000000a0e00000, 0x00000000a0d00000| Untracked 
|  14|0x00000000a0e00000, 0x00000000a0f00000, 0x00000000a0f00000|100%| O|  |TAMS 0x00000000a0f00000, 0x00000000a0e00000| Untracked 
|  15|0x00000000a0f00000, 0x00000000a1000000, 0x00000000a1000000|100%| O|  |TAMS 0x00000000a1000000, 0x00000000a0f00000| Untracked 
|  16|0x00000000a1000000, 0x00000000a1100000, 0x00000000a1100000|100%|HS|  |TAMS 0x00000000a1100000, 0x00000000a1000000| Complete 
|  17|0x00000000a1100000, 0x00000000a1200000, 0x00000000a1200000|100%|HC|  |TAMS 0x00000000a1200000, 0x00000000a1100000| Complete 
|  18|0x00000000a1200000, 0x00000000a1300000, 0x00000000a1300000|100%|HS|  |TAMS 0x00000000a1300000, 0x00000000a1200000| Complete 
|  19|0x00000000a1300000, 0x00000000a1400000, 0x00000000a1400000|100%|HC|  |TAMS 0x00000000a1400000, 0x00000000a1300000| Complete 
|  20|0x00000000a1400000, 0x00000000a1500000, 0x00000000a1500000|100%|HC|  |TAMS 0x00000000a1500000, 0x00000000a1400000| Complete 
|  21|0x00000000a1500000, 0x00000000a1600000, 0x00000000a1600000|100%|HS|  |TAMS 0x00000000a1600000, 0x00000000a1500000| Complete 
|  22|0x00000000a1600000, 0x00000000a1700000, 0x00000000a1700000|100%|HC|  |TAMS 0x00000000a1700000, 0x00000000a1600000| Complete 
|  23|0x00000000a1700000, 0x00000000a1800000, 0x00000000a1800000|100%|HC|  |TAMS 0x00000000a1800000, 0x00000000a1700000| Complete 
|  24|0x00000000a1800000, 0x00000000a1900000, 0x00000000a1900000|100%|HC|  |TAMS 0x00000000a1900000, 0x00000000a1800000| Complete 
|  25|0x00000000a1900000, 0x00000000a1a00000, 0x00000000a1a00000|100%| O|  |TAMS 0x00000000a1a00000, 0x00000000a1900000| Untracked 
|  26|0x00000000a1a00000, 0x00000000a1b00000, 0x00000000a1b00000|100%| O|  |TAMS 0x00000000a1ab9200, 0x00000000a1a00000| Untracked 
|  27|0x00000000a1b00000, 0x00000000a1c00000, 0x00000000a1c00000|100%| O|  |TAMS 0x00000000a1b00000, 0x00000000a1b00000| Untracked 
|  28|0x00000000a1c00000, 0x00000000a1c6a200, 0x00000000a1d00000| 41%| O|  |TAMS 0x00000000a1c00000, 0x00000000a1c00000| Untracked 
|  29|0x00000000a1d00000, 0x00000000a1d00000, 0x00000000a1e00000|  0%| F|  |TAMS 0x00000000a1d00000, 0x00000000a1d00000| Untracked 
|  30|0x00000000a1e00000, 0x00000000a1e00000, 0x00000000a1f00000|  0%| F|  |TAMS 0x00000000a1e00000, 0x00000000a1e00000| Untracked 
|  31|0x00000000a1f00000, 0x00000000a2000000, 0x00000000a2000000|100%| O|  |TAMS 0x00000000a1f00000, 0x00000000a1f00000| Untracked 
|  32|0x00000000a2000000, 0x00000000a2100000, 0x00000000a2100000|100%| O|  |TAMS 0x00000000a2000000, 0x00000000a2000000| Untracked 
|  33|0x00000000a2100000, 0x00000000a2200000, 0x00000000a2200000|100%| O|  |TAMS 0x00000000a2100000, 0x00000000a2100000| Untracked 
|  34|0x00000000a2200000, 0x00000000a2300000, 0x00000000a2300000|100%| O|  |TAMS 0x00000000a2200000, 0x00000000a2200000| Untracked 
|  35|0x00000000a2300000, 0x00000000a2300000, 0x00000000a2400000|  0%| F|  |TAMS 0x00000000a2300000, 0x00000000a2300000| Untracked 
|  36|0x00000000a2400000, 0x00000000a2400000, 0x00000000a2500000|  0%| F|  |TAMS 0x00000000a2400000, 0x00000000a2400000| Untracked 
|  37|0x00000000a2500000, 0x00000000a2500000, 0x00000000a2600000|  0%| F|  |TAMS 0x00000000a2500000, 0x00000000a2500000| Untracked 
|  38|0x00000000a2600000, 0x00000000a2600000, 0x00000000a2700000|  0%| F|  |TAMS 0x00000000a2600000, 0x00000000a2600000| Untracked 
|  39|0x00000000a2700000, 0x00000000a2700000, 0x00000000a2800000|  0%| F|  |TAMS 0x00000000a2700000, 0x00000000a2700000| Untracked 
|  40|0x00000000a2800000, 0x00000000a2800000, 0x00000000a2900000|  0%| F|  |TAMS 0x00000000a2800000, 0x00000000a2800000| Untracked 
|  41|0x00000000a2900000, 0x00000000a2900000, 0x00000000a2a00000|  0%| F|  |TAMS 0x00000000a2900000, 0x00000000a2900000| Untracked 
|  42|0x00000000a2a00000, 0x00000000a2a00000, 0x00000000a2b00000|  0%| F|  |TAMS 0x00000000a2a00000, 0x00000000a2a00000| Untracked 
|  43|0x00000000a2b00000, 0x00000000a2b00000, 0x00000000a2c00000|  0%| F|  |TAMS 0x00000000a2b00000, 0x00000000a2b00000| Untracked 
|  44|0x00000000a2c00000, 0x00000000a2c00000, 0x00000000a2d00000|  0%| F|  |TAMS 0x00000000a2c00000, 0x00000000a2c00000| Untracked 
|  45|0x00000000a2d00000, 0x00000000a2d00000, 0x00000000a2e00000|  0%| F|  |TAMS 0x00000000a2d00000, 0x00000000a2d00000| Untracked 
|  46|0x00000000a2e00000, 0x00000000a2e00000, 0x00000000a2f00000|  0%| F|  |TAMS 0x00000000a2e00000, 0x00000000a2e00000| Untracked 
|  47|0x00000000a2f00000, 0x00000000a2f00000, 0x00000000a3000000|  0%| F|  |TAMS 0x00000000a2f00000, 0x00000000a2f00000| Untracked 
|  48|0x00000000a3000000, 0x00000000a3000000, 0x00000000a3100000|  0%| F|  |TAMS 0x00000000a3000000, 0x00000000a3000000| Untracked 
|  49|0x00000000a3100000, 0x00000000a3100000, 0x00000000a3200000|  0%| F|  |TAMS 0x00000000a3100000, 0x00000000a3100000| Untracked 
|  50|0x00000000a3200000, 0x00000000a3200000, 0x00000000a3300000|  0%| F|  |TAMS 0x00000000a3200000, 0x00000000a3200000| Untracked 
|  51|0x00000000a3300000, 0x00000000a3300000, 0x00000000a3400000|  0%| F|  |TAMS 0x00000000a3300000, 0x00000000a3300000| Untracked 
|  52|0x00000000a3400000, 0x00000000a3400000, 0x00000000a3500000|  0%| F|  |TAMS 0x00000000a3400000, 0x00000000a3400000| Untracked 
|  53|0x00000000a3500000, 0x00000000a3500000, 0x00000000a3600000|  0%| F|  |TAMS 0x00000000a3500000, 0x00000000a3500000| Untracked 
|  54|0x00000000a3600000, 0x00000000a3600000, 0x00000000a3700000|  0%| F|  |TAMS 0x00000000a3600000, 0x00000000a3600000| Untracked 
|  55|0x00000000a3700000, 0x00000000a3700000, 0x00000000a3800000|  0%| F|  |TAMS 0x00000000a3700000, 0x00000000a3700000| Untracked 
|  56|0x00000000a3800000, 0x00000000a3800000, 0x00000000a3900000|  0%| F|  |TAMS 0x00000000a3800000, 0x00000000a3800000| Untracked 
|  57|0x00000000a3900000, 0x00000000a3900000, 0x00000000a3a00000|  0%| F|  |TAMS 0x00000000a3900000, 0x00000000a3900000| Untracked 
|  58|0x00000000a3a00000, 0x00000000a3a00000, 0x00000000a3b00000|  0%| F|  |TAMS 0x00000000a3a00000, 0x00000000a3a00000| Untracked 
|  59|0x00000000a3b00000, 0x00000000a3b00000, 0x00000000a3c00000|  0%| F|  |TAMS 0x00000000a3b00000, 0x00000000a3b00000| Untracked 
|  60|0x00000000a3c00000, 0x00000000a3c00000, 0x00000000a3d00000|  0%| F|  |TAMS 0x00000000a3c00000, 0x00000000a3c00000| Untracked 
|  61|0x00000000a3d00000, 0x00000000a3d00000, 0x00000000a3e00000|  0%| F|  |TAMS 0x00000000a3d00000, 0x00000000a3d00000| Untracked 
|  62|0x00000000a3e00000, 0x00000000a3e00000, 0x00000000a3f00000|  0%| F|  |TAMS 0x00000000a3e00000, 0x00000000a3e00000| Untracked 
|  63|0x00000000a3f00000, 0x00000000a3f00000, 0x00000000a4000000|  0%| F|  |TAMS 0x00000000a3f00000, 0x00000000a3f00000| Untracked 
|  64|0x00000000a4000000, 0x00000000a4000000, 0x00000000a4100000|  0%| F|  |TAMS 0x00000000a4000000, 0x00000000a4000000| Untracked 
|  65|0x00000000a4100000, 0x00000000a41cf0c0, 0x00000000a4200000| 80%| S|CS|TAMS 0x00000000a4100000, 0x00000000a4100000| Complete 
|  66|0x00000000a4200000, 0x00000000a4300000, 0x00000000a4300000|100%| S|CS|TAMS 0x00000000a4200000, 0x00000000a4200000| Complete 
|  67|0x00000000a4300000, 0x00000000a4400000, 0x00000000a4400000|100%| S|CS|TAMS 0x00000000a4300000, 0x00000000a4300000| Complete 
|  68|0x00000000a4400000, 0x00000000a4500000, 0x00000000a4500000|100%| S|CS|TAMS 0x00000000a4400000, 0x00000000a4400000| Complete 
|  69|0x00000000a4500000, 0x00000000a4600000, 0x00000000a4600000|100%| S|CS|TAMS 0x00000000a4500000, 0x00000000a4500000| Complete 
|  70|0x00000000a4600000, 0x00000000a4600000, 0x00000000a4700000|  0%| F|  |TAMS 0x00000000a4600000, 0x00000000a4600000| Untracked 
|  71|0x00000000a4700000, 0x00000000a4700000, 0x00000000a4800000|  0%| F|  |TAMS 0x00000000a4700000, 0x00000000a4700000| Untracked 
|  72|0x00000000a4800000, 0x00000000a4800000, 0x00000000a4900000|  0%| F|  |TAMS 0x00000000a4800000, 0x00000000a4800000| Untracked 
|  73|0x00000000a4900000, 0x00000000a4900000, 0x00000000a4a00000|  0%| F|  |TAMS 0x00000000a4900000, 0x00000000a4900000| Untracked 
|  74|0x00000000a4a00000, 0x00000000a4a00000, 0x00000000a4b00000|  0%| F|  |TAMS 0x00000000a4a00000, 0x00000000a4a00000| Untracked 
|  75|0x00000000a4b00000, 0x00000000a4b00000, 0x00000000a4c00000|  0%| F|  |TAMS 0x00000000a4b00000, 0x00000000a4b00000| Untracked 
|  76|0x00000000a4c00000, 0x00000000a4c00000, 0x00000000a4d00000|  0%| F|  |TAMS 0x00000000a4c00000, 0x00000000a4c00000| Untracked 
|  77|0x00000000a4d00000, 0x00000000a4d00000, 0x00000000a4e00000|  0%| F|  |TAMS 0x00000000a4d00000, 0x00000000a4d00000| Untracked 
|  78|0x00000000a4e00000, 0x00000000a4e00000, 0x00000000a4f00000|  0%| F|  |TAMS 0x00000000a4e00000, 0x00000000a4e00000| Untracked 
|  79|0x00000000a4f00000, 0x00000000a4f00000, 0x00000000a5000000|  0%| F|  |TAMS 0x00000000a4f00000, 0x00000000a4f00000| Untracked 
|  80|0x00000000a5000000, 0x00000000a5000000, 0x00000000a5100000|  0%| F|  |TAMS 0x00000000a5000000, 0x00000000a5000000| Untracked 
|  81|0x00000000a5100000, 0x00000000a5100000, 0x00000000a5200000|  0%| F|  |TAMS 0x00000000a5100000, 0x00000000a5100000| Untracked 
|  82|0x00000000a5200000, 0x00000000a5200000, 0x00000000a5300000|  0%| F|  |TAMS 0x00000000a5200000, 0x00000000a5200000| Untracked 
|  83|0x00000000a5300000, 0x00000000a5300000, 0x00000000a5400000|  0%| F|  |TAMS 0x00000000a5300000, 0x00000000a5300000| Untracked 
|  84|0x00000000a5400000, 0x00000000a5400000, 0x00000000a5500000|  0%| F|  |TAMS 0x00000000a5400000, 0x00000000a5400000| Untracked 
|  85|0x00000000a5500000, 0x00000000a5500000, 0x00000000a5600000|  0%| F|  |TAMS 0x00000000a5500000, 0x00000000a5500000| Untracked 
|  86|0x00000000a5600000, 0x00000000a5600000, 0x00000000a5700000|  0%| F|  |TAMS 0x00000000a5600000, 0x00000000a5600000| Untracked 
|  87|0x00000000a5700000, 0x00000000a5700000, 0x00000000a5800000|  0%| F|  |TAMS 0x00000000a5700000, 0x00000000a5700000| Untracked 
|  88|0x00000000a5800000, 0x00000000a5800000, 0x00000000a5900000|  0%| F|  |TAMS 0x00000000a5800000, 0x00000000a5800000| Untracked 
|  89|0x00000000a5900000, 0x00000000a5900000, 0x00000000a5a00000|  0%| F|  |TAMS 0x00000000a5900000, 0x00000000a5900000| Untracked 
|  90|0x00000000a5a00000, 0x00000000a5a00000, 0x00000000a5b00000|  0%| F|  |TAMS 0x00000000a5a00000, 0x00000000a5a00000| Untracked 
|  91|0x00000000a5b00000, 0x00000000a5b00000, 0x00000000a5c00000|  0%| F|  |TAMS 0x00000000a5b00000, 0x00000000a5b00000| Untracked 
|  92|0x00000000a5c00000, 0x00000000a5c00000, 0x00000000a5d00000|  0%| F|  |TAMS 0x00000000a5c00000, 0x00000000a5c00000| Untracked 
|  93|0x00000000a5d00000, 0x00000000a5d00000, 0x00000000a5e00000|  0%| F|  |TAMS 0x00000000a5d00000, 0x00000000a5d00000| Untracked 
|  94|0x00000000a5e00000, 0x00000000a5e2c0a8, 0x00000000a5f00000| 17%| E|  |TAMS 0x00000000a5e00000, 0x00000000a5e00000| Complete 
|  95|0x00000000a5f00000, 0x00000000a6000000, 0x00000000a6000000|100%| E|CS|TAMS 0x00000000a5f00000, 0x00000000a5f00000| Complete 
|  96|0x00000000a6000000, 0x00000000a6100000, 0x00000000a6100000|100%| E|CS|TAMS 0x00000000a6000000, 0x00000000a6000000| Complete 
|  97|0x00000000a6100000, 0x00000000a6200000, 0x00000000a6200000|100%| E|CS|TAMS 0x00000000a6100000, 0x00000000a6100000| Complete 
|  98|0x00000000a6200000, 0x00000000a6300000, 0x00000000a6300000|100%| E|CS|TAMS 0x00000000a6200000, 0x00000000a6200000| Complete 
|  99|0x00000000a6300000, 0x00000000a6400000, 0x00000000a6400000|100%| E|CS|TAMS 0x00000000a6300000, 0x00000000a6300000| Complete 
| 100|0x00000000a6400000, 0x00000000a6500000, 0x00000000a6500000|100%| E|CS|TAMS 0x00000000a6400000, 0x00000000a6400000| Complete 
| 101|0x00000000a6500000, 0x00000000a6600000, 0x00000000a6600000|100%| E|CS|TAMS 0x00000000a6500000, 0x00000000a6500000| Complete 
| 102|0x00000000a6600000, 0x00000000a6700000, 0x00000000a6700000|100%| E|CS|TAMS 0x00000000a6600000, 0x00000000a6600000| Complete 
| 103|0x00000000a6700000, 0x00000000a6800000, 0x00000000a6800000|100%| E|CS|TAMS 0x00000000a6700000, 0x00000000a6700000| Complete 
| 104|0x00000000a6800000, 0x00000000a6900000, 0x00000000a6900000|100%| E|CS|TAMS 0x00000000a6800000, 0x00000000a6800000| Complete 
| 105|0x00000000a6900000, 0x00000000a6a00000, 0x00000000a6a00000|100%| E|CS|TAMS 0x00000000a6900000, 0x00000000a6900000| Complete 
| 106|0x00000000a6a00000, 0x00000000a6b00000, 0x00000000a6b00000|100%| E|CS|TAMS 0x00000000a6a00000, 0x00000000a6a00000| Complete 
| 107|0x00000000a6b00000, 0x00000000a6c00000, 0x00000000a6c00000|100%| E|CS|TAMS 0x00000000a6b00000, 0x00000000a6b00000| Complete 
| 108|0x00000000a6c00000, 0x00000000a6d00000, 0x00000000a6d00000|100%| E|CS|TAMS 0x00000000a6c00000, 0x00000000a6c00000| Complete 
| 109|0x00000000a6d00000, 0x00000000a6e00000, 0x00000000a6e00000|100%| E|CS|TAMS 0x00000000a6d00000, 0x00000000a6d00000| Complete 
| 110|0x00000000a6e00000, 0x00000000a6f00000, 0x00000000a6f00000|100%| E|CS|TAMS 0x00000000a6e00000, 0x00000000a6e00000| Complete 
| 111|0x00000000a6f00000, 0x00000000a7000000, 0x00000000a7000000|100%| E|CS|TAMS 0x00000000a6f00000, 0x00000000a6f00000| Complete 
| 112|0x00000000a7000000, 0x00000000a7100000, 0x00000000a7100000|100%| E|CS|TAMS 0x00000000a7000000, 0x00000000a7000000| Complete 
| 113|0x00000000a7100000, 0x00000000a7200000, 0x00000000a7200000|100%| E|CS|TAMS 0x00000000a7100000, 0x00000000a7100000| Complete 
| 114|0x00000000a7200000, 0x00000000a7300000, 0x00000000a7300000|100%| E|CS|TAMS 0x00000000a7200000, 0x00000000a7200000| Complete 
| 115|0x00000000a7300000, 0x00000000a7400000, 0x00000000a7400000|100%| E|CS|TAMS 0x00000000a7300000, 0x00000000a7300000| Complete 
| 116|0x00000000a7400000, 0x00000000a7500000, 0x00000000a7500000|100%| E|CS|TAMS 0x00000000a7400000, 0x00000000a7400000| Complete 
| 117|0x00000000a7500000, 0x00000000a7600000, 0x00000000a7600000|100%| E|CS|TAMS 0x00000000a7500000, 0x00000000a7500000| Complete 
| 118|0x00000000a7600000, 0x00000000a7700000, 0x00000000a7700000|100%| E|CS|TAMS 0x00000000a7600000, 0x00000000a7600000| Complete 
| 119|0x00000000a7700000, 0x00000000a7800000, 0x00000000a7800000|100%| E|CS|TAMS 0x00000000a7700000, 0x00000000a7700000| Complete 
| 120|0x00000000a7800000, 0x00000000a7900000, 0x00000000a7900000|100%| E|CS|TAMS 0x00000000a7800000, 0x00000000a7800000| Complete 
| 121|0x00000000a7900000, 0x00000000a7a00000, 0x00000000a7a00000|100%| E|CS|TAMS 0x00000000a7900000, 0x00000000a7900000| Complete 
| 122|0x00000000a7a00000, 0x00000000a7b00000, 0x00000000a7b00000|100%| E|CS|TAMS 0x00000000a7a00000, 0x00000000a7a00000| Complete 
| 123|0x00000000a7b00000, 0x00000000a7c00000, 0x00000000a7c00000|100%| E|CS|TAMS 0x00000000a7b00000, 0x00000000a7b00000| Complete 
| 124|0x00000000a7c00000, 0x00000000a7d00000, 0x00000000a7d00000|100%| E|CS|TAMS 0x00000000a7c00000, 0x00000000a7c00000| Complete 
| 125|0x00000000a7d00000, 0x00000000a7e00000, 0x00000000a7e00000|100%| E|CS|TAMS 0x00000000a7d00000, 0x00000000a7d00000| Complete 
| 126|0x00000000a7e00000, 0x00000000a7f00000, 0x00000000a7f00000|100%| E|CS|TAMS 0x00000000a7e00000, 0x00000000a7e00000| Complete 
| 127|0x00000000a7f00000, 0x00000000a8000000, 0x00000000a8000000|100%| E|CS|TAMS 0x00000000a7f00000, 0x00000000a7f00000| Complete 
| 128|0x00000000a8000000, 0x00000000a8100000, 0x00000000a8100000|100%| E|CS|TAMS 0x00000000a8000000, 0x00000000a8000000| Complete 
| 129|0x00000000a8100000, 0x00000000a8200000, 0x00000000a8200000|100%| E|CS|TAMS 0x00000000a8100000, 0x00000000a8100000| Complete 
| 130|0x00000000a8200000, 0x00000000a8300000, 0x00000000a8300000|100%| E|CS|TAMS 0x00000000a8200000, 0x00000000a8200000| Complete 
| 131|0x00000000a8300000, 0x00000000a8400000, 0x00000000a8400000|100%| E|CS|TAMS 0x00000000a8300000, 0x00000000a8300000| Complete 
| 132|0x00000000a8400000, 0x00000000a8500000, 0x00000000a8500000|100%| E|CS|TAMS 0x00000000a8400000, 0x00000000a8400000| Complete 
| 133|0x00000000a8500000, 0x00000000a8600000, 0x00000000a8600000|100%| E|CS|TAMS 0x00000000a8500000, 0x00000000a8500000| Complete 
| 134|0x00000000a8600000, 0x00000000a8700000, 0x00000000a8700000|100%| E|CS|TAMS 0x00000000a8600000, 0x00000000a8600000| Complete 

Card table byte_map: [0x0000026a937b0000,0x0000026a93ab0000] _byte_map_base: 0x0000026a932b0000

Marking Bits (Prev, Next): (CMBitMap*) 0x0000026afe914058, (CMBitMap*) 0x0000026afe914090
 Prev Bits: [0x0000026a93db0000, 0x0000026a955b0000)
 Next Bits: [0x0000026a955b0000, 0x0000026a96db0000)

Polling page: 0x0000026a80000000

Metaspace:

Usage:
  Non-class:     39.06 MB capacity,    38.34 MB ( 98%) used,   630.15 KB (  2%) free+waste,   107.94 KB ( <1%) overhead. 
      Class:      6.10 MB capacity,     5.66 MB ( 93%) used,   394.73 KB (  6%) free+waste,    52.38 KB ( <1%) overhead. 
       Both:     45.16 MB capacity,    44.00 MB ( 97%) used,     1.00 MB (  2%) free+waste,   160.31 KB ( <1%) overhead. 

Virtual space:
  Non-class space:       40.00 MB reserved,      39.07 MB ( 98%) committed 
      Class space:        1.00 GB reserved,       6.13 MB ( <1%) committed 
             Both:        1.04 GB reserved,      45.20 MB (  4%) committed 

Chunk freelists:
   Non-Class:  10.00 KB
       Class:  25.00 KB
        Both:  35.00 KB

MaxMetaspaceSize: 17179869184.00 GB
CompressedClassSpaceSize: 1.00 GB

CodeHeap 'non-profiled nmethods': size=120000Kb used=2349Kb max_used=2349Kb free=117650Kb
 bounds [0x0000026a8b510000, 0x0000026a8b780000, 0x0000026a92a40000]
CodeHeap 'profiled nmethods': size=120000Kb used=8594Kb max_used=8594Kb free=111405Kb
 bounds [0x0000026a83fe0000, 0x0000026a84850000, 0x0000026a8b510000]
CodeHeap 'non-nmethods': size=5760Kb used=2214Kb max_used=2260Kb free=3545Kb
 bounds [0x0000026a83a40000, 0x0000026a83cb0000, 0x0000026a83fe0000]
 total_blobs=4922 nmethods=4143 adapters=689
 compilation: enabled
              stopped_count=0, restarted_count=0
 full_count=0

Compilation events (20 events):
Event: 7.096 Thread 0x0000026a99873000 nmethod 4084 0x0000026a8481f890 code [0x0000026a8481fa60, 0x0000026a8481fda8]
Event: 7.096 Thread 0x0000026a99873000 4085       3       org.gradle.internal.snapshot.PathUtil::compareDifferentCharsIgnoringCase (38 bytes)
Event: 7.097 Thread 0x0000026a99873000 nmethod 4085 0x0000026a8481ff90 code [0x0000026a84820200, 0x0000026a84820ab8]
Event: 7.097 Thread 0x0000026a99873000 4086       3       org.gradle.internal.snapshot.MediumChildMap::withNode (67 bytes)
Event: 7.098 Thread 0x0000026a99873000 nmethod 4086 0x0000026a84820e10 code [0x0000026a84821080, 0x0000026a84821af8]
Event: 7.100 Thread 0x0000026a99873000 4087       3       java.util.concurrent.ThreadPoolExecutor::runStateAtLeast (11 bytes)
Event: 7.101 Thread 0x0000026a99873000 nmethod 4087 0x0000026a84821e90 code [0x0000026a84822040, 0x0000026a84822178]
Event: 7.101 Thread 0x0000026a99873000 4089       3       org.gradle.internal.io.StreamByteBuffer$StreamByteBufferInputStream::readImpl (150 bytes)
Event: 7.102 Thread 0x0000026a99873000 nmethod 4089 0x0000026a84822210 code [0x0000026a84822460, 0x0000026a84822d28]
Event: 7.102 Thread 0x0000026a99873000 4088       3       org.gradle.internal.io.StreamByteBuffer$StreamByteBufferInputStream::read (8 bytes)
Event: 7.102 Thread 0x0000026a99873000 nmethod 4088 0x0000026a84823090 code [0x0000026a84823240, 0x0000026a84823388]
Event: 7.102 Thread 0x0000026a99873000 4090       3       org.gradle.internal.io.StreamByteBuffer$StreamByteBufferChunk::read (25 bytes)
Event: 7.102 Thread 0x0000026a99873000 nmethod 4090 0x0000026a84823490 code [0x0000026a84823640, 0x0000026a84823828]
Event: 7.103 Thread 0x0000026a99873000 4091       3       org.gradle.internal.snapshot.ChildMap$Entry::<init> (15 bytes)
Event: 7.103 Thread 0x0000026a99873000 nmethod 4091 0x0000026a84823910 code [0x0000026a84823ac0, 0x0000026a84823cd8]
Event: 7.104 Thread 0x0000026a99873000 4092       3       java.util.concurrent.locks.AbstractQueuedSynchronizer::hasQueuedPredecessors (76 bytes)
Event: 7.105 Thread 0x0000026a99873000 nmethod 4092 0x0000026a84823d90 code [0x0000026a84823f60, 0x0000026a84824318]
Event: 7.105 Thread 0x0000026a99873000 4093       3       org.gradle.internal.snapshot.VfsRelativePath::fromChild (22 bytes)
Event: 7.106 Thread 0x0000026a99873000 nmethod 4093 0x0000026a84824490 code [0x0000026a84824680, 0x0000026a84824b78]
Event: 7.107 Thread 0x0000026a99873000 4094       3       org.gradle.internal.snapshot.AbstractListChildMap::findChildIndexWithCommonPrefix (15 bytes)

GC Heap History (16 events):
Event: 0.971 GC heap before
{Heap before GC invocations=0 (full 0):
 garbage-first heap   total 114688K, used 29696K [0x00000000a0000000, 0x0000000100000000)
  region size 1024K, 24 young (24576K), 0 survivors (0K)
 Metaspace       used 10078K, capacity 10228K, committed 10368K, reserved 1058816K
  class space    used 1042K, capacity 1092K, committed 1152K, reserved 1048576K
}
Event: 0.979 GC heap after
{Heap after GC invocations=1 (full 0):
 garbage-first heap   total 114688K, used 8373K [0x00000000a0000000, 0x0000000100000000)
  region size 1024K, 3 young (3072K), 3 survivors (3072K)
 Metaspace       used 10078K, capacity 10228K, committed 10368K, reserved 1058816K
  class space    used 1042K, capacity 1092K, committed 1152K, reserved 1048576K
}
Event: 2.772 GC heap before
{Heap before GC invocations=1 (full 0):
 garbage-first heap   total 114688K, used 72885K [0x00000000a0000000, 0x0000000100000000)
  region size 1024K, 67 young (68608K), 3 survivors (3072K)
 Metaspace       used 17571K, capacity 18035K, committed 18176K, reserved 1064960K
  class space    used 2047K, capacity 2206K, committed 2304K, reserved 1048576K
}
Event: 2.782 GC heap after
{Heap after GC invocations=2 (full 0):
 garbage-first heap   total 114688K, used 15323K [0x00000000a0000000, 0x0000000100000000)
  region size 1024K, 9 young (9216K), 9 survivors (9216K)
 Metaspace       used 17571K, capacity 18035K, committed 18176K, reserved 1064960K
  class space    used 2047K, capacity 2206K, committed 2304K, reserved 1048576K
}
Event: 3.109 GC heap before
{Heap before GC invocations=2 (full 0):
 garbage-first heap   total 114688K, used 38875K [0x00000000a0000000, 0x0000000100000000)
  region size 1024K, 33 young (33792K), 9 survivors (9216K)
 Metaspace       used 20587K, capacity 21127K, committed 21296K, reserved 1069056K
  class space    used 2498K, capacity 2688K, committed 2688K, reserved 1048576K
}
Event: 3.120 GC heap after
{Heap after GC invocations=3 (full 0):
 garbage-first heap   total 114688K, used 16581K [0x00000000a0000000, 0x0000000100000000)
  region size 1024K, 1 young (1024K), 1 survivors (1024K)
 Metaspace       used 20587K, capacity 21127K, committed 21296K, reserved 1069056K
  class space    used 2498K, capacity 2688K, committed 2688K, reserved 1048576K
}
Event: 3.826 GC heap before
{Heap before GC invocations=4 (full 0):
 garbage-first heap   total 114688K, used 60613K [0x00000000a0000000, 0x0000000100000000)
  region size 1024K, 44 young (45056K), 1 survivors (1024K)
 Metaspace       used 25312K, capacity 25957K, committed 26288K, reserved 1073152K
  class space    used 3292K, capacity 3496K, committed 3584K, reserved 1048576K
}
Event: 3.830 GC heap after
{Heap after GC invocations=5 (full 0):
 garbage-first heap   total 114688K, used 18326K [0x00000000a0000000, 0x0000000100000000)
  region size 1024K, 3 young (3072K), 3 survivors (3072K)
 Metaspace       used 25312K, capacity 25957K, committed 26288K, reserved 1073152K
  class space    used 3292K, capacity 3496K, committed 3584K, reserved 1048576K
}
Event: 4.593 GC heap before
{Heap before GC invocations=5 (full 0):
 garbage-first heap   total 114688K, used 73622K [0x00000000a0000000, 0x0000000100000000)
  region size 1024K, 49 young (50176K), 3 survivors (3072K)
 Metaspace       used 29788K, capacity 30593K, committed 30640K, reserved 1075200K
  class space    used 4004K, capacity 4307K, committed 4352K, reserved 1048576K
}
Event: 4.601 GC heap after
{Heap after GC invocations=6 (full 0):
 garbage-first heap   total 114688K, used 30483K [0x00000000a0000000, 0x0000000100000000)
  region size 1024K, 6 young (6144K), 6 survivors (6144K)
 Metaspace       used 29788K, capacity 30593K, committed 30640K, reserved 1075200K
  class space    used 4004K, capacity 4307K, committed 4352K, reserved 1048576K
}
Event: 5.016 GC heap before
{Heap before GC invocations=6 (full 0):
 garbage-first heap   total 114688K, used 47891K [0x00000000a0000000, 0x0000000100000000)
  region size 1024K, 24 young (24576K), 6 survivors (6144K)
 Metaspace       used 34881K, capacity 35656K, committed 35708K, reserved 1081344K
  class space    used 4558K, capacity 4846K, committed 4864K, reserved 1048576K
}
Event: 5.029 GC heap after
{Heap after GC invocations=7 (full 0):
 garbage-first heap   total 114688K, used 32930K [0x00000000a0000000, 0x0000000100000000)
  region size 1024K, 6 young (6144K), 6 survivors (6144K)
 Metaspace       used 34881K, capacity 35656K, committed 35708K, reserved 1081344K
  class space    used 4558K, capacity 4846K, committed 4864K, reserved 1048576K
}
Event: 5.872 GC heap before
{Heap before GC invocations=8 (full 0):
 garbage-first heap   total 114688K, used 79010K [0x00000000a0000000, 0x0000000100000000)
  region size 1024K, 48 young (49152K), 6 survivors (6144K)
 Metaspace       used 40274K, capacity 41163K, committed 41416K, reserved 1085440K
  class space    used 5126K, capacity 5484K, committed 5504K, reserved 1048576K
}
Event: 5.883 GC heap after
{Heap after GC invocations=9 (full 0):
 garbage-first heap   total 114688K, used 35798K [0x00000000a0000000, 0x0000000100000000)
  region size 1024K, 5 young (5120K), 5 survivors (5120K)
 Metaspace       used 40274K, capacity 41163K, committed 41416K, reserved 1085440K
  class space    used 5126K, capacity 5484K, committed 5504K, reserved 1048576K
}
Event: 6.421 GC heap before
{Heap before GC invocations=9 (full 0):
 garbage-first heap   total 114688K, used 78806K [0x00000000a0000000, 0x0000000100000000)
  region size 1024K, 47 young (48128K), 5 survivors (5120K)
 Metaspace       used 42912K, capacity 43953K, committed 44232K, reserved 1087488K
  class space    used 5533K, capacity 5911K, committed 6016K, reserved 1048576K
}
Event: 6.429 GC heap after
{Heap after GC invocations=10 (full 0):
 garbage-first heap   total 138240K, used 38116K [0x00000000a0000000, 0x0000000100000000)
  region size 1024K, 5 young (5120K), 5 survivors (5120K)
 Metaspace       used 42912K, capacity 43953K, committed 44232K, reserved 1087488K
  class space    used 5533K, capacity 5911K, committed 6016K, reserved 1048576K
}

Deoptimization events (20 events):
Event: 6.173 Thread 0x0000026a9c8d9000 DEOPT PACKING pc=0x0000026a8b52c2c4 sp=0x00000097214f8c20
Event: 6.173 Thread 0x0000026a9c8d9000 DEOPT UNPACKING pc=0x0000026a83a6662f sp=0x00000097214f8bd0 mode 2
Event: 6.394 Thread 0x0000026a9c8d9000 Uncommon trap: trap_request=0xffffff4d fr.pc=0x0000026a8b6c9e44 relative=0x0000000000003ee4
Event: 6.394 Thread 0x0000026a9c8d9000 Uncommon trap: reason=unstable_if action=reinterpret pc=0x0000026a8b6c9e44 method=jdk.internal.org.objectweb.asm.Frame.execute(IILjdk/internal/org/objectweb/asm/ClassWriter;Ljdk/internal/org/objectweb/asm/Item;)V @ 1 c2
Event: 6.394 Thread 0x0000026a9c8d9000 DEOPT PACKING pc=0x0000026a8b6c9e44 sp=0x00000097214f7980
Event: 6.394 Thread 0x0000026a9c8d9000 DEOPT UNPACKING pc=0x0000026a83a6662f sp=0x00000097214f7948 mode 2
Event: 6.741 Thread 0x0000026a9c8d9000 DEOPT PACKING pc=0x0000026a8409de1b sp=0x00000097214f8320
Event: 6.741 Thread 0x0000026a9c8d9000 DEOPT UNPACKING pc=0x0000026a83a66dde sp=0x00000097214f7860 mode 0
Event: 6.792 Thread 0x0000026a9c8d9000 Uncommon trap: trap_request=0xffffff4d fr.pc=0x0000026a8b6abcb0 relative=0x0000000000001ab0
Event: 6.792 Thread 0x0000026a9c8d9000 Uncommon trap: reason=unstable_if action=reinterpret pc=0x0000026a8b6abcb0 method=java.util.concurrent.ConcurrentHashMap.computeIfAbsent(Ljava/lang/Object;Ljava/util/function/Function;)Ljava/lang/Object; @ 312 c2
Event: 6.792 Thread 0x0000026a9c8d9000 DEOPT PACKING pc=0x0000026a8b6abcb0 sp=0x00000097214f8930
Event: 6.793 Thread 0x0000026a9c8d9000 DEOPT UNPACKING pc=0x0000026a83a6662f sp=0x00000097214f88c8 mode 2
Event: 6.970 Thread 0x0000026a9cd51000 Uncommon trap: trap_request=0xffffff4d fr.pc=0x0000026a8b5dedf8 relative=0x0000000000001138
Event: 6.970 Thread 0x0000026a9cd51000 Uncommon trap: reason=unstable_if action=reinterpret pc=0x0000026a8b5dedf8 method=java.util.concurrent.ConcurrentHashMap.putVal(Ljava/lang/Object;Ljava/lang/Object;Z)Ljava/lang/Object; @ 97 c2
Event: 6.970 Thread 0x0000026a9cd51000 DEOPT PACKING pc=0x0000026a8b5dedf8 sp=0x00000097232fe3d0
Event: 6.970 Thread 0x0000026a9cd51000 DEOPT UNPACKING pc=0x0000026a83a6662f sp=0x00000097232fe368 mode 2
Event: 6.972 Thread 0x0000026a9cd52800 Uncommon trap: trap_request=0xffffff4d fr.pc=0x0000026a8b59a54c relative=0x000000000000016c
Event: 6.972 Thread 0x0000026a9cd52800 Uncommon trap: reason=unstable_if action=reinterpret pc=0x0000026a8b59a54c method=java.util.concurrent.ConcurrentHashMap.addCount(JI)V @ 34 c2
Event: 6.972 Thread 0x0000026a9cd52800 DEOPT PACKING pc=0x0000026a8b59a54c sp=0x00000097236fee10
Event: 6.972 Thread 0x0000026a9cd52800 DEOPT UNPACKING pc=0x0000026a83a6662f sp=0x00000097236fed70 mode 2

Classes redefined (0 events):
No events

Internal exceptions (20 events):
Event: 6.128 Thread 0x0000026a9c8d9000 Exception <a 'java/lang/ClassNotFoundException'{0x00000000a5a1f3b0}: org/gradle/api/internal/artifacts/dsl/dependencies/DefaultDependencyHandler_DecoratedCustomizer> (0x00000000a5a1f3b0) thrown at [./src/hotspot/share/classfile/systemDictionary.cpp, line 231]
Event: 6.146 Thread 0x0000026a9c8d9000 Exception <a 'java/lang/ClassNotFoundException'{0x00000000a59b5f08}: groovy/lang/GString$1BeanInfo> (0x00000000a59b5f08) thrown at [./src/hotspot/share/classfile/systemDictionary.cpp, line 231]
Event: 6.147 Thread 0x0000026a9c8d9000 Exception <a 'java/lang/ClassNotFoundException'{0x00000000a59d37b8}: groovy/lang/GStringBeanInfo> (0x00000000a59d37b8) thrown at [./src/hotspot/share/classfile/systemDictionary.cpp, line 231]
Event: 6.149 Thread 0x0000026a9c8d9000 Exception <a 'java/lang/ClassNotFoundException'{0x00000000a59f0be0}: groovy/lang/GStringCustomizer> (0x00000000a59f0be0) thrown at [./src/hotspot/share/classfile/systemDictionary.cpp, line 231]
Event: 6.151 Thread 0x0000026a9c8d9000 Exception <a 'java/lang/ClassNotFoundException'{0x00000000a5817c58}: groovy/lang/GString$1Customizer> (0x00000000a5817c58) thrown at [./src/hotspot/share/classfile/systemDictionary.cpp, line 231]
Event: 6.157 Thread 0x0000026a9c8d9000 Exception <a 'java/lang/ClassNotFoundException'{0x00000000a58b3f70}: org/codehaus/groovy/runtime/GStringImplBeanInfo> (0x00000000a58b3f70) thrown at [./src/hotspot/share/classfile/systemDictionary.cpp, line 231]
Event: 6.158 Thread 0x0000026a9c8d9000 Exception <a 'java/lang/ClassNotFoundException'{0x00000000a58d4728}: org/codehaus/groovy/runtime/GStringImplCustomizer> (0x00000000a58d4728) thrown at [./src/hotspot/share/classfile/systemDictionary.cpp, line 231]
Event: 6.161 Thread 0x0000026a9c8d9000 Exception <a 'java/lang/NoSuchMethodError'{0x00000000a58e2fb0}: 'java.lang.Object java.lang.invoke.DirectMethodHandle$Holder.invokeStatic(java.lang.Object, java.lang.Object, int, java.lang.Object)'> (0x00000000a58e2fb0) thrown at [./src/hotspot/share/interpreter/linkResolver.cpp, line 773]
Event: 6.162 Thread 0x0000026a9c8d9000 Exception <a 'java/lang/NoSuchMethodError'{0x00000000a58ea148}: 'java.lang.Object java.lang.invoke.Invokers$Holder.linkToTargetMethod(java.lang.Object, int, java.lang.Object, java.lang.Object)'> (0x00000000a58ea148) thrown at [./src/hotspot/share/interpreter/linkResolver.cpp, line 773]
Event: 6.392 Thread 0x0000026a9c8d9000 Exception <a 'java/lang/NoSuchMethodError'{0x00000000a4728468}: 'java.lang.Object java.lang.invoke.DelegatingMethodHandle$Holder.reinvoke_L(java.lang.Object, java.lang.Object, java.lang.Object, java.lang.Object, java.lang.Object, java.lang.Object, java.lang.Object, java.lang.Object, java.lang.Object, java.lang.Object, java.lang.Object, java.lang.Object, java.lang.Object, java.lang.Object, java.lang.Object, java.lang.Object, java.lang.Object, java.lang.Object, java.lang.Object)'> (0x00000000a4728468) thrown
Event: 6.393 Thread 0x0000026a9c8d9000 Exception <a 'java/lang/NoSuchMethodError'{0x00000000a4733a08}: 'java.lang.Object java.lang.invoke.DirectMethodHandle$Holder.invokeSpecial(java.lang.Object, java.lang.Object, java.lang.Object, java.lang.Object, java.lang.Object, java.lang.Object, java.lang.Object, java.lang.Object, java.lang.Object, java.lang.Object, java.lang.Object, java.lang.Object, java.lang.Object, java.lang.Object, java.lang.Object, java.lang.Object, java.lang.Object, java.lang.Object, java.lang.Object)'> (0x00000000a4733a08) thrown 
Event: 6.393 Thread 0x0000026a9c8d9000 Exception <a 'java/lang/NoSuchMethodError'{0x00000000a4739740}: 'java.lang.Object java.lang.invoke.Invokers$Holder.invoker(java.lang.Object, java.lang.Object, java.lang.Object, java.lang.Object, java.lang.Object, java.lang.Object, java.lang.Object, java.lang.Object, java.lang.Object, java.lang.Object, java.lang.Object, java.lang.Object, java.lang.Object, java.lang.Object, java.lang.Object, java.lang.Object, java.lang.Object, java.lang.Object, java.lang.Object)'> (0x00000000a4739740) thrown at [./src/hotspo
Event: 6.394 Thread 0x0000026a9c8d9000 Exception <a 'java/lang/NoSuchMethodError'{0x00000000a4740610}: 'java.lang.Object java.lang.invoke.DelegatingMethodHandle$Holder.delegate(java.lang.Object, java.lang.Object, java.lang.Object, java.lang.Object, java.lang.Object, java.lang.Object, java.lang.Object, java.lang.Object, java.lang.Object, java.lang.Object, java.lang.Object, java.lang.Object, java.lang.Object, java.lang.Object, java.lang.Object, java.lang.Object, java.lang.Object, java.lang.Object, java.lang.Object)'> (0x00000000a4740610) thrown a
Event: 6.400 Thread 0x0000026a9c8d9000 Exception <a 'java/lang/NoSuchMethodError'{0x00000000a47a23b8}: 'java.lang.Object java.lang.invoke.DirectMethodHandle$Holder.invokeStatic(java.lang.Object, java.lang.Object, java.lang.Object, java.lang.Object, java.lang.Object, java.lang.Object, java.lang.Object, java.lang.Object, java.lang.Object, java.lang.Object, java.lang.Object, java.lang.Object, java.lang.Object, java.lang.Object, java.lang.Object)'> (0x00000000a47a23b8) thrown at [./src/hotspot/share/interpreter/linkResolver.cpp, line 773]
Event: 6.402 Thread 0x0000026a9c8d9000 Exception <a 'java/lang/NoSuchMethodError'{0x00000000a47b2520}: 'java.lang.Object java.lang.invoke.DirectMethodHandle$Holder.invokeStatic(java.lang.Object, java.lang.Object, java.lang.Object, java.lang.Object, java.lang.Object, java.lang.Object, java.lang.Object, java.lang.Object, java.lang.Object, java.lang.Object, java.lang.Object, java.lang.Object, java.lang.Object, java.lang.Object, java.lang.Object, java.lang.Object)'> (0x00000000a47b2520) thrown at [./src/hotspot/share/interpreter/linkResolver.cpp, l
Event: 6.404 Thread 0x0000026a9c8d9000 Exception <a 'java/lang/NoSuchMethodError'{0x00000000a47c2568}: 'java.lang.Object java.lang.invoke.DelegatingMethodHandle$Holder.reinvoke_L(java.lang.Object, java.lang.Object, java.lang.Object, java.lang.Object, java.lang.Object, java.lang.Object, java.lang.Object, java.lang.Object, java.lang.Object, java.lang.Object, java.lang.Object, java.lang.Object, java.lang.Object, java.lang.Object, java.lang.Object, java.lang.Object, java.lang.Object, java.lang.Object)'> (0x00000000a47c2568) thrown at [./src/hotspot
Event: 6.465 Thread 0x0000026a9c8d9000 Exception <a 'java/lang/NoSuchMethodError'{0x00000000a847ce70}: 'int java.lang.invoke.DirectMethodHandle$Holder.invokeInterface(java.lang.Object, java.lang.Object)'> (0x00000000a847ce70) thrown at [./src/hotspot/share/interpreter/linkResolver.cpp, line 773]
Event: 6.466 Thread 0x0000026a9c8d9000 Exception <a 'java/lang/IncompatibleClassChangeError'{0x00000000a8480dc0}: Found class java.lang.Object, but interface was expected> (0x00000000a8480dc0) thrown at [./src/hotspot/share/interpreter/linkResolver.cpp, line 839]
Event: 6.598 Thread 0x0000026a9c8d9000 Exception <a 'java/lang/NoSuchMethodError'{0x00000000a7c4c980}: 'int java.lang.invoke.DirectMethodHandle$Holder.invokeStaticInit(java.lang.Object)'> (0x00000000a7c4c980) thrown at [./src/hotspot/share/interpreter/linkResolver.cpp, line 773]
Event: 6.909 Thread 0x0000026a9c8d9000 Exception <a 'java/lang/NoSuchMethodError'{0x00000000a73652d8}: 'void java.lang.invoke.DirectMethodHandle$Holder.invokeStatic(java.lang.Object, java.lang.Object, java.lang.Object, int, java.lang.Object)'> (0x00000000a73652d8) thrown at [./src/hotspot/share/interpreter/linkResolver.cpp, line 773]

Events (20 events):
Event: 7.086 Thread 0x0000026a9fbbb800 Thread added: 0x0000026a9fbbb800
Event: 7.088 Thread 0x0000026a9fbb6000 Thread added: 0x0000026a9fbb6000
Event: 7.089 Thread 0x0000026a9fbbd000 Thread added: 0x0000026a9fbbd000
Event: 7.090 Thread 0x0000026a9fbbe000 Thread added: 0x0000026a9fbbe000
Event: 7.092 Thread 0x0000026a9fbbc800 Thread added: 0x0000026a9fbbc800
Event: 7.092 Thread 0x0000026a9fbb8800 Thread added: 0x0000026a9fbb8800
Event: 7.094 Thread 0x0000026a9fbc0800 Thread added: 0x0000026a9fbc0800
Event: 7.095 Thread 0x0000026a9fbbf800 Thread added: 0x0000026a9fbbf800
Event: 7.096 Thread 0x0000026a9fbc1000 Thread added: 0x0000026a9fbc1000
Event: 7.097 Thread 0x0000026a9fbc4800 Thread added: 0x0000026a9fbc4800
Event: 7.098 Thread 0x0000026a9fbc2000 Thread added: 0x0000026a9fbc2000
Event: 7.099 Thread 0x0000026a9fbbf000 Thread added: 0x0000026a9fbbf000
Event: 7.100 Thread 0x0000026a9fbc3800 Thread added: 0x0000026a9fbc3800
Event: 7.101 Thread 0x0000026a9fbc3000 Thread added: 0x0000026a9fbc3000
Event: 7.102 Thread 0x0000026a9f87d000 Thread added: 0x0000026a9f87d000
Event: 7.103 Thread 0x0000026a9f87d800 Thread added: 0x0000026a9f87d800
Event: 7.104 Thread 0x0000026a9f87e800 Thread added: 0x0000026a9f87e800
Event: 7.105 Thread 0x0000026a9f883800 Thread added: 0x0000026a9f883800
Event: 7.106 Thread 0x0000026a9f87f800 Thread added: 0x0000026a9f87f800
Event: 7.107 Thread 0x0000026a9f884000 Thread added: 0x0000026a9f884000


Dynamic libraries:
0x00007ff676830000 - 0x00007ff67683a000 	C:\Program Files\Android\Android Studio\jre\bin\java.exe
0x00007ffcddcf0000 - 0x00007ffcddee8000 	C:\Windows\SYSTEM32\ntdll.dll
0x00007ffcddbf0000 - 0x00007ffcddcaf000 	C:\Windows\System32\KERNEL32.DLL
0x00007ffcdb480000 - 0x00007ffcdb752000 	C:\Windows\System32\KERNELBASE.dll
0x00007ffcdb9f0000 - 0x00007ffcdbaf0000 	C:\Windows\System32\ucrtbase.dll
0x00007ffcc9b70000 - 0x00007ffcc9b87000 	C:\Program Files\Android\Android Studio\jre\bin\VCRUNTIME140.dll
0x00007ffccdf80000 - 0x00007ffccdf99000 	C:\Program Files\Android\Android Studio\jre\bin\jli.dll
0x00007ffcdd9a0000 - 0x00007ffcddb41000 	C:\Windows\System32\USER32.dll
0x00007ffcdbaf0000 - 0x00007ffcdbb12000 	C:\Windows\System32\win32u.dll
0x00007ffcc8350000 - 0x00007ffcc85ea000 	C:\Windows\WinSxS\amd64_microsoft.windows.common-controls_6595b64144ccf1df_6.0.19041.1110_none_60b5254171f9507e\COMCTL32.dll
0x00007ffcdc690000 - 0x00007ffcdc6bb000 	C:\Windows\System32\GDI32.dll
0x00007ffcdc0d0000 - 0x00007ffcdc16e000 	C:\Windows\System32\msvcrt.dll
0x00007ffcdb790000 - 0x00007ffcdb89f000 	C:\Windows\System32\gdi32full.dll
0x00007ffcdb3e0000 - 0x00007ffcdb47d000 	C:\Windows\System32\msvcp_win.dll
0x00007ffcdbef0000 - 0x00007ffcdbf22000 	C:\Windows\System32\IMM32.DLL
0x00007ffcba2c0000 - 0x00007ffcba35d000 	C:\Program Files\Android\Android Studio\jre\bin\msvcp140.dll
0x00007ffca8470000 - 0x00007ffca8f45000 	C:\Program Files\Android\Android Studio\jre\bin\server\jvm.dll
0x00007ffcdc020000 - 0x00007ffcdc0ce000 	C:\Windows\System32\ADVAPI32.dll
0x00007ffcdc6c0000 - 0x00007ffcdc75c000 	C:\Windows\System32\sechost.dll
0x00007ffcdd5b0000 - 0x00007ffcdd6d5000 	C:\Windows\System32\RPCRT4.dll
0x00007ffcdd740000 - 0x00007ffcdd748000 	C:\Windows\System32\PSAPI.DLL
0x00007ffcd4770000 - 0x00007ffcd4779000 	C:\Windows\SYSTEM32\WSOCK32.dll
0x00007ffcd13c0000 - 0x00007ffcd13ca000 	C:\Windows\SYSTEM32\VERSION.dll
0x00007ffcd84e0000 - 0x00007ffcd8507000 	C:\Windows\SYSTEM32\WINMM.dll
0x00007ffcdc810000 - 0x00007ffcdc87b000 	C:\Windows\System32\WS2_32.dll
0x00007ffcd9c30000 - 0x00007ffcd9c42000 	C:\Windows\SYSTEM32\kernel.appcore.dll
0x00007ffcd61c0000 - 0x00007ffcd61d1000 	C:\Program Files\Android\Android Studio\jre\bin\verify.dll
0x00007ffcd8ce0000 - 0x00007ffcd8ec4000 	C:\Windows\SYSTEM32\DBGHELP.DLL
0x00007ffcc3fb0000 - 0x00007ffcc3fe5000 	C:\Windows\SYSTEM32\dbgcore.DLL
0x00007ffcdb960000 - 0x00007ffcdb9e2000 	C:\Windows\System32\bcryptPrimitives.dll
0x00007ffcd4e70000 - 0x00007ffcd4e99000 	C:\Program Files\Android\Android Studio\jre\bin\java.dll
0x00007ffcd6330000 - 0x00007ffcd633b000 	C:\Program Files\Android\Android Studio\jre\bin\jimage.dll
0x00007ffcd4bf0000 - 0x00007ffcd4c08000 	C:\Program Files\Android\Android Studio\jre\bin\zip.dll
0x00007ffcdcd20000 - 0x00007ffcdd464000 	C:\Windows\System32\SHELL32.dll
0x00007ffcd9480000 - 0x00007ffcd9c12000 	C:\Windows\SYSTEM32\windows.storage.dll
0x00007ffcdc880000 - 0x00007ffcdcbd5000 	C:\Windows\System32\combase.dll
0x00007ffcdad60000 - 0x00007ffcdad90000 	C:\Windows\SYSTEM32\Wldp.dll
0x00007ffcdc170000 - 0x00007ffcdc21d000 	C:\Windows\System32\SHCORE.dll
0x00007ffcdd6e0000 - 0x00007ffcdd735000 	C:\Windows\System32\shlwapi.dll
0x00007ffcdb320000 - 0x00007ffcdb33f000 	C:\Windows\SYSTEM32\profapi.dll
0x00007ffcd4bd0000 - 0x00007ffcd4bea000 	C:\Program Files\Android\Android Studio\jre\bin\net.dll
0x00007ffcd1990000 - 0x00007ffcd1a9c000 	C:\Windows\SYSTEM32\WINHTTP.dll
0x00007ffcdaac0000 - 0x00007ffcdab2a000 	C:\Windows\system32\mswsock.dll
0x00007ffcd4bb0000 - 0x00007ffcd4bc4000 	C:\Program Files\Android\Android Studio\jre\bin\nio.dll
0x00007ffccdcf0000 - 0x00007ffccdd17000 	C:\Users\Marvin Marquez\.gradle\native\fdc75f09e3144964f2cf3f50f0aa648679c211496f362492102eb8c894070792\windows-amd64\native-platform.dll
0x00007ffca80d0000 - 0x00007ffca8266000 	C:\Users\Marvin Marquez\.gradle\native\12488b8bf47d2d4c9fbf2f6322a914ad602e24e48041cd04a747c6da556b65c4\windows-amd64\native-platform-file-events.dll
0x00007ffcd46b0000 - 0x00007ffcd46ba000 	C:\Program Files\Android\Android Studio\jre\bin\management.dll
0x00007ffcd46a0000 - 0x00007ffcd46ad000 	C:\Program Files\Android\Android Studio\jre\bin\management_ext.dll
0x00007ffcdacb0000 - 0x00007ffcdacc8000 	C:\Windows\SYSTEM32\CRYPTSP.dll
0x00007ffcda3e0000 - 0x00007ffcda414000 	C:\Windows\system32\rsaenh.dll
0x00007ffcdb760000 - 0x00007ffcdb787000 	C:\Windows\System32\bcrypt.dll
0x00007ffcdb2e0000 - 0x00007ffcdb30e000 	C:\Windows\SYSTEM32\USERENV.dll
0x00007ffcdacd0000 - 0x00007ffcdacdc000 	C:\Windows\SYSTEM32\CRYPTBASE.dll
0x00007ffcda7b0000 - 0x00007ffcda7eb000 	C:\Windows\SYSTEM32\IPHLPAPI.DLL
0x00007ffcdbd30000 - 0x00007ffcdbd38000 	C:\Windows\System32\NSI.dll
0x00007ffcd22f0000 - 0x00007ffcd2307000 	C:\Windows\SYSTEM32\dhcpcsvc6.DLL
0x00007ffcd2c40000 - 0x00007ffcd2c5d000 	C:\Windows\SYSTEM32\dhcpcsvc.DLL
0x00007ffcda7f0000 - 0x00007ffcda8ba000 	C:\Windows\SYSTEM32\DNSAPI.dll
0x00007ffcd3680000 - 0x00007ffcd368b000 	C:\Windows\SYSTEM32\WINNSI.DLL

dbghelp: loaded successfully - version: 4.0.5 - missing functions: none
symbol engine: initialized successfully - sym options: 0x614 - pdb path: .;C:\Program Files\Android\Android Studio\jre\bin;C:\Windows\SYSTEM32;C:\Windows\WinSxS\amd64_microsoft.windows.common-controls_6595b64144ccf1df_6.0.19041.1110_none_60b5254171f9507e;C:\Program Files\Android\Android Studio\jre\bin\server;C:\Users\Marvin Marquez\.gradle\native\fdc75f09e3144964f2cf3f50f0aa648679c211496f362492102eb8c894070792\windows-amd64;C:\Users\Marvin Marquez\.gradle\native\12488b8bf47d2d4c9fbf2f6322a914ad602e24e48041cd04a747c6da556b65c4\windows-amd64

VM Arguments:
jvm_args: --add-opens=java.base/java.util=ALL-UNNAMED --add-opens=java.base/java.lang=ALL-UNNAMED --add-opens=java.base/java.lang.invoke=ALL-UNNAMED --add-opens=java.prefs/java.util.prefs=ALL-UNNAMED -Xmx1536m -Dfile.encoding=windows-1252 -Duser.country=US -Duser.language=en -Duser.variant 
java_command: org.gradle.launcher.daemon.bootstrap.GradleDaemon 6.8
java_class_path (initial): C:\Users\Marvin Marquez\.gradle\wrapper\dists\gradle-6.8-bin\1jblhjyydfkclfzx1agp92nyl\gradle-6.8\lib\gradle-launcher-6.8.jar
Launcher Type: SUN_STANDARD

[Global flags]
     intx CICompilerCount                          = 4                                         {product} {ergonomic}
     uint ConcGCThreads                            = 2                                         {product} {ergonomic}
     uint G1ConcRefinementThreads                  = 8                                         {product} {ergonomic}
   size_t G1HeapRegionSize                         = 1048576                                   {product} {ergonomic}
    uintx GCDrainStackTargetSize                   = 64                                        {product} {ergonomic}
   size_t InitialHeapSize                          = 117440512                                 {product} {ergonomic}
   size_t MarkStackSize                            = 4194304                                   {product} {ergonomic}
   size_t MaxHeapSize                              = 1610612736                                {product} {command line}
   size_t MaxNewSize                               = 965738496                                 {product} {ergonomic}
   size_t MinHeapDeltaBytes                        = 1048576                                   {product} {ergonomic}
    uintx NonNMethodCodeHeapSize                   = 5836300                                {pd product} {ergonomic}
    uintx NonProfiledCodeHeapSize                  = 122910970                              {pd product} {ergonomic}
    uintx ProfiledCodeHeapSize                     = 122910970                              {pd product} {ergonomic}
    uintx ReservedCodeCacheSize                    = 251658240                              {pd product} {ergonomic}
     bool SegmentedCodeCache                       = true                                      {product} {ergonomic}
     bool UseCompressedClassPointers               = true                                 {lp64_product} {ergonomic}
     bool UseCompressedOops                        = true                                 {lp64_product} {ergonomic}
     bool UseG1GC                                  = true                                      {product} {ergonomic}
     bool UseLargePagesIndividualAllocation        = false                                  {pd product} {ergonomic}

Logging:
Log output configuration:
 #0: stdout all=warning uptime,level,tags
 #1: stderr all=off uptime,level,tags

Environment Variables:
JAVA_HOME=C:\Users\Marvin Marquez\AppData\Local\Programs\Eclipse Adoptium\jdk-17.0.2.8-hotspot\
PATH=C:\ProgramData\Oracle\Java\javapath;C:\Program Files\Common Files\Oracle\Java\javapath;C:\Windows\system32;C:\Windows;C:\Windows\System32\Wbem;C:\Windows\System32\WindowsPowerShell\v1.0\;C:\Windows\System32\OpenSSH\;C:\Program Files\Git\cmd;C:\Program Files\CMake\bin;C:\Program Files (x86)\Microsoft SQL Server\100\Tools\Binn\;C:\Program Files\Microsoft SQL Server\100\Tools\Binn\;C:\Program Files\Microsoft SQL Server\100\DTS\Binn\;C:\Program Files\Calibre2\;C:\Program Files\dotnet\;C:\Users\Marvin Marquez\AppData\Local\Programs\Eclipse Adoptium\jdk-17.0.2.8-hotspot\bin;C:\Users\Marvin Marquez\AppData\Local\Microsoft\WindowsApps;C:\Users\Marvin Marquez\AppData\Local\Programs\Microsoft VS Code\bin;C:\msys64\mingw64\bin;C:\MinGW\bin;
USERNAME=Marvin Marquez
OS=Windows_NT
PROCESSOR_IDENTIFIER=AMD64 Family 23 Model 24 Stepping 1, AuthenticAMD



---------------  S Y S T E M  ---------------

OS: Windows 10 , 64 bit Build 19041 (10.0.19041.2364)
OS uptime: 0 days 12:59 hours

CPU:total 8 (initial active 8) (8 cores per cpu, 2 threads per core) family 23 model 24 stepping 1 microcode 0x0, cmov, cx8, fxsr, mmx, sse, sse2, sse3, ssse3, sse4.1, sse4.2, popcnt, avx, avx2, aes, clmul, mmxext, 3dnowpref, lzcnt, sse4a, ht, tsc, tscinvbit, tscinv, bmi1, bmi2, adx, s

Memory: 4k page, system-wide physical 7103M (959M free)
TotalPageFile size 9151M (AvailPageFile size 2M)
current process WorkingSet (physical memory assigned to process): 296M, peak: 296M
current process commit charge ("private bytes"): 340M, peak: 340M

vm_info: OpenJDK 64-Bit Server VM (11.0.11+9-b60-7590822) for windows-amd64 JRE (11.0.11+9-b60-7590822), built on Jul 29 2021 21:43:44 by "builder" with MS VC++ 14.0 (VS2015)

END.
