#
# There is insufficient memory for the Java Runtime Environment to continue.
# Native memory allocation (mmap) failed to map 47185920 bytes for Failed to commit area from 0x000000009a600000 to 0x000000009d300000 of length 47185920.
# Possible reasons:
#   The system is out of physical RAM or swap space
#   The process is running with CompressedOops enabled, and the Java Heap may be blocking the growth of the native heap
# Possible solutions:
#   Reduce memory load on the system
#   Increase physical memory or swap space
#   Check if swap backing store is full
#   Decrease Java heap size (-Xmx/-Xms)
#   Decrease number of Java threads
#   Decrease Java thread stack sizes (-Xss)
#   Set larger code cache with -XX:ReservedCodeCacheSize=
#   JVM is running with Unscaled Compressed Oops mode in which the Java heap is
#     placed in the first 4GB address space. The Java Heap base address is the
#     maximum limit for the native heap growth. Please use -XX:HeapBaseMinAddress
#     to set the Java Heap base and to place the Java Heap above 4GB virtual address.
# This output file may be truncated or incomplete.
#
#  Out of Memory Error (./src/hotspot/os/windows/os_windows.cpp:3301), pid=7580, tid=3568
#
# JRE version: OpenJDK Runtime Environment (11.0.11+9) (build 11.0.11+9-b60-7590822)
# Java VM: OpenJDK 64-Bit Server VM (11.0.11+9-b60-7590822, mixed mode, tiered, compressed oops, g1 gc, windows-amd64)
# No core dump will be written. Minidumps are not enabled by default on client versions of Windows
#

---------------  S U M M A R Y ------------

Command Line: org.jetbrains.kotlin.cli.jvm.K2JVMCompiler -Xallow-no-source-files -classpath C:\Users\Marvin Marquez\Desktop\MyApplication05\MyApplication05\app\libs\javax.mail-1.6.2.jar;C:\Users\Marvin Marquez\.gradle\caches\modules-2\files-2.1\org.jetbrains.kotlin\kotlin-android-extensions-runtime\1.3.50\bec16087637a7cafe54894e73d38037977cb30d2\kotlin-android-extensions-runtime-1.3.50.jar;C:\Users\Marvin Marquez\.gradle\caches\transforms-3\4813ba349f94c7a66629ac77c439fe76\transformed\activity-ktx-1.2.3-api.jar;C:\Users\Marvin Marquez\.gradle\caches\modules-2\files-2.1\org.jetbrains.kotlin\kotlin-stdlib-jdk7\1.3.50\50ad05ea1c2595fb31b800e76db464d08d599af3\kotlin-stdlib-jdk7-1.3.50.jar;C:\Users\Marvin Marquez\.gradle\caches\transforms-3\9a4175e9b6b18403b1eefc0ff0013cdb\transformed\core-ktx-1.1.0-api.jar;C:\Users\Marvin Marquez\.gradle\caches\transforms-3\7795437edaf2b9f397937b00add13d0c\transformed\lifecycle-runtime-ktx-2.3.1-api.jar;C:\Users\Marvin Marquez\.gradle\caches\transforms-3\210082358c15d2e08e638b5959edef6f\transformed\lifecycle-viewmodel-ktx-2.3.1-api.jar;C:\Users\Marvin Marquez\.gradle\caches\transforms-3\dfe8beb0cdc847caa3757f818624ce7c\transformed\savedstate-ktx-1.1.0-api.jar;C:\Users\Marvin Marquez\.gradle\caches\modules-2\files-2.1\org.jetbrains.kotlinx\kotlinx-coroutines-android\1.4.1\2349e3c971098c0c5379403b64a844d0c3cc2f3d\kotlinx-coroutines-android-1.4.1.jar;C:\Users\Marvin Marquez\.gradle\caches\modules-2\files-2.1\org.jetbrains.kotlinx\kotlinx-coroutines-core-jvm\1.4.1\936067d1e0195f638396f60e71da745bb14a35ca\kotlinx-coroutines-core-jvm-1.4.1.jar;C:\Users\Marvin Marquez\.gradle\caches\modules-2\files-2.1\org.jetbrains.kotlin\kotlin-stdlib\1.4.20\9be77b243a362b745e365f286627b8724337009c\kotlin-stdlib-1.4.20.jar;C:\Users\Marvin Marquez\.gradle\caches\modules-2\files-2.1\org.jetbrains.kotlin\kotlin-stdlib-common\1.4.20\c6761d7805b5312302f2bbd78cda68c976ce0c70\kotlin-stdlib-common-1.4.20.jar;C:\Users\Marvin Marquez\.gradle\caches\modules-2\files-2.1\org.jetbrains\annotations\13.0\919f0dfe192fb4e063e7dacadee7f8bb9a2672a9\annotations-13.0.jar;C:\Users\Marvin Marquez\.gradle\caches\transforms-3\39372b4fbfcdec77c33315b68ca80b0f\transformed\appcompat-1.3.1-api.jar;C:\Users\Marvin Marquez\.gradle\caches\transforms-3\5397fed6eda926447baad9d1cc77138f\transformed\recyclerview-1.1.0-api.jar;C:\Users\Marvin Marquez\.gradle\caches\transforms-3\94245202864371a3fcddb8549543e7f2\transformed\cardview-1.0.0-api.jar;C:\Users\Marvin Marquez\.gradle\caches\transforms-3\eda190ea2f28224bb24cee39d8e00040\transformed\fragment-1.3.6-api.jar;C:\Users\Marvin Marquez\.gradle\caches\transforms-3\75fac76669ade9e2b0b26bb475aa4f89\transformed\activity-1.2.4-api.jar;C:\Users\Marvin Marquez\.gradle\caches\transforms-3\e725e0c47bf58ff31bcc3e75e10c468e\transformed\appcompat-resources-1.3.1-api.jar;C:\Users\Marvin Marquez\.gradle\caches\transforms-3\7067229f9650e0b23cf6dc08faed1220\transformed\drawerlayout-1.0.0-api.jar;C:\Users\Marvin Marquez\.gradle\caches\transforms-3\df1bd54e810a4598239a7877ba6f8799\transformed\viewpager-1.0.0-api.jar;C:\Users\Marvin Marquez\.gradle\caches\transforms-3\06ad7a0d74cc04042b80668e61548b8c\transformed\customview-1.0.0-api.jar;C:\Users\Marvin Marquez\.gradle\caches\transforms-3\b6e94da955003c91704f475e19647b61\transformed\loader-1.0.0-api.jar;C:\Users\Marvin Marquez\.gradle\caches\transforms-3\11dc652a1717cbad981a5ff4848c570a\transformed\vectordrawable-animated-1.1.0-api.jar;C:\Users\Marvin Marquez\.gradle\caches\transforms-3\cd0e074e29ad8237d5b0957061738abf\transformed\vectordrawable-1.1.0-api.jar;C:\Users\Marvin Marquez\.gradle\caches\transforms-3\a95fb42f449477bd07a71ea1c7f11dd6\transformed\core-1.5.0-api.jar;C:\Users\Marvin Marquez\.gradle\caches\transforms-3\13575f784bec46eefeb6e8af495a5a65\transformed\cursoradapter-1.0.0-api.jar;C:\Users\Marvin Marquez\.gradle\caches\transforms-3\fbbd891779b5a4b82018f0ec2c4064a3\transformed\lifecycle-viewmodel-savedstate-2.3.1-api.jar;C:\Users\Marvin Marquez\.gradle\caches\transforms-3\a4cfebfd15a1f65229cca8f02f7c49d5\transformed\savedstate-1.1.0-api.jar;C:\Users\Marvin Marquez\.gradle\caches\transforms-3\cfe807bdaf4571399d873d3b7c97f1c8\transformed\versionedparcelable-1.1.1-api.jar;C:\Users\Marvin Marquez\.gradle\caches\modules-2\files-2.1\androidx.collection\collection\1.1.0\1f27220b47669781457de0d600849a5de0e89909\collection-1.1.0.jar;C:\Users\Marvin Marquez\.gradle\caches\transforms-3\c4529822e9810a7f17253ef21ba0c236\transformed\lifecycle-runtime-2.3.1-api.jar;C:\Users\Marvin Marquez\.gradle\caches\transforms-3\fa753753bb5a95d6f7e5c6ccfc789999\transformed\lifecycle-viewmodel-2.3.1-api.jar;C:\Users\Marvin Marquez\.gradle\caches\transforms-3\631366eeb92d81d78910fd5179865d3c\transformed\lifecycle-livedata-2.0.0-api.jar;C:\Users\Marvin Marquez\.gradle\caches\transforms-3\c560833b818c2e2210c3a200f661893f\transformed\lifecycle-livedata-core-2.3.1-api.jar;C:\Users\Marvin Marquez\.gradle\caches\modules-2\files-2.1\androidx.lifecycle\lifecycle-common\2.3.1\fc466261d52f4433863642fb40d12441ae274a98\lifecycle-common-2.3.1.jar;C:\Users\Marvin Marquez\.gradle\caches\transforms-3\11c995fa5e40f57e0bac76dae967fc83\transformed\core-runtime-2.1.0-api.jar;C:\Users\Marvin Marquez\.gradle\caches\modules-2\files-2.1\androidx.arch.core\core-common\2.1.0\b3152fc64428c9354344bd89848ecddc09b6f07e\core-common-2.1.0.jar;C:\Users\Marvin Marquez\.gradle\caches\transforms-3\2895632ba7348a874c316d689b03845c\transformed\interpolator-1.0.0-api.jar;C:\Users\Marvin Marquez\.gradle\caches\modules-2\files-2.1\androidx.annotation\annotation\1.2.0\57136ff68ee784c6e19db34ed4a175338fadfde1\annotation-1.2.0.jar;C:\Users\Marvin Marquez\.gradle\caches\transforms-3\fa6c88f66c10251ca3062893411668d0\transformed\annotation-experimental-1.0.0-api.jar;C:\Users\Marvin Marquez\.gradle\caches\transforms-3\af59cc8131e2eddcddda2c7e41424b27\transformed\constraintlayout-1.1.3-api.jar;C:\Users\Marvin Marquez\.gradle\caches\modules-2\files-2.1\androidx.constraintlayout\constraintlayout-solver\1.1.3\54abe9ffb22cc9019b0b6fcc10f185cc4e67b34e\constraintlayout-solver-1.1.3.jar;C:\Users\Marvin Marquez\.gradle\caches\transforms-3\0e7be825ff86ac6755ddc1635fb360fc\transformed\jetified-volley-1.1.1-api.jar;C:\Users\Marvin Marquez\.gradle\caches\transforms-3\2e0a8b56c4e11de251b1645b0ac1a952\transformed\jetified-android-pdf-viewer-3.2.0-beta.1-api.jar;C:\Users\Marvin Marquez\.gradle\caches\transforms-3\bef99462fc7399410ea157c225b424f9\transformed\jetified-pdfium-android-1.9.0-api.jar;C:\Users\Marvin Marquez\.gradle\caches\transforms-3\55db0d1d4d0ac90a29d2a2be199d146b\transformed\zxing-android-embedded-4.3.0-api.jar;C:\Users\Marvin Marquez\.gradle\caches\modules-2\files-2.1\com.google.zxing\core\3.4.1\1869da97e9b2b60b5ff2fcaf55899174b93ae25d\core-3.4.1.jar;C:\Users\Marvin Marquez\.gradle\caches\modules-2\files-2.1\com.sun.mail\android-activation\1.6.7\be2313e85510e68188c58f52eb7e5c043c3c005c\android-activation-1.6.7.jar;C:\Users\Marvin Marquez\AppData\Local\Android\Sdk\platforms\android-30\android.jar;C:\Users\Marvin Marquez\AppData\Local\Android\Sdk\build-tools\29.0.2\core-lambda-stubs.jar -d C:\Users\Marvin Marquez\Desktop\MyApplication05\MyApplication05\app\build\tmp\kotlin-classes\debug -Xjava-source-roots=C:\Users\Marvin Marquez\Desktop\MyApplication05\MyApplication05\app\build\generated\not_namespaced_r_class_sources\debug\r,C:\Users\Marvin Marquez\Desktop\MyApplication05\MyApplication05\app\src\main\java,C:\Users\Marvin Marquez\Desktop\MyApplication05\MyApplication05\app\build\generated\source\buildConfig\debug -module-name app_debug -no-jdk -no-reflect -no-stdlib -Xcommon-sources=C:\Users\Marvin Marquez\Desktop\MyApplication05\MyApplication05\app\src\main\java\com\example\myapplication05\AaDAtabaseDesign.kt,C:\Users\Marvin Marquez\Desktop\MyApplication05\MyApplication05\app\src\main\java\com\example\myapplication05\ActivityAdapter.kt,C:\Users\Marvin Marquez\Desktop\MyApplication05\MyApplication05\app\src\main\java\com\example\myapplication05\ActivityMain.kt,C:\Users\Marvin Marquez\Desktop\MyApplication05\MyApplication05\app\src\main\java\com\example\myapplication05\AttendabceIndividualAdapter.kt,C:\Users\Marvin Marquez\Desktop\MyApplication05\MyApplication05\app\src\main\java\com\example\myapplication05\AttendanceAdapter.kt,C:\Users\Marvin Marquez\Desktop\MyApplication05\MyApplication05\app\src\main\java\com\example\myapplication05\AttendanceIndividualAdapter.kt,C:\Users\Marvin Marquez\Desktop\MyApplication05\MyApplication05\app\src\main\java\com\example\myapplication05\AttendanceMain.kt,C:\Users\Marvin Marquez\Desktop\MyApplication05\MyApplication05\app\src\main\java\com\example\myapplication05\CaptureAct.java,C:\Users\Marvin Marquez\Desktop\MyApplication05\MyApplication05\app\src\main\java\com\example\myapplication05\CodeCompilation.kt,C:\Users\Marvin Marquez\Desktop\MyApplication05\MyApplication05\app\src\main\java\com\example\myapplication05\DatabaseHandler.kt,C:\Users\Marvin Marquez\Desktop\MyApplication05\MyApplication05\app\src\main\java\com\example\myapplication05\EnrolleAdapter.kt,C:\Users\Marvin Marquez\Desktop\MyApplication05\MyApplication05\app\src\main\java\com\example\myapplication05\EnrolleMain.kt,C:\Users\Marvin Marquez\Desktop\MyApplication05\MyApplication05\app\src\main\java\com\example\myapplication05\FileChooser.kt,C:\Users\Marvin Marquez\Desktop\MyApplication05\MyApplication05\app\src\main\java\com\example\myapplication05\GradeAdapter.kt,C:\Users\Marvin Marquez\Desktop\MyApplication05\MyApplication05\app\src\main\java\com\example\myapplication05\GradeAverageAdapter.kt,C:\Users\Marvin Marquez\Desktop\MyApplication05\MyApplication05\app\src\main\java\com\example\myapplication05\GradeMain.kt,C:\Users\Marvin Marquez\Desktop\MyApplication05\MyApplication05\app\src\main\java\com\example\myapplication05\Grades.kt,C:\Users\Marvin Marquez\Desktop\MyApplication05\MyApplication05\app\src\main\java\com\example\myapplication05\GroupAdapter.kt,C:\Users\Marvin Marquez\Desktop\MyApplication05\MyApplication05\app\src\main\java\com\example\myapplication05\hhh.java,C:\Users\Marvin Marquez\Desktop\MyApplication05\MyApplication05\app\src\main\java\com\example\myapplication05\IndividualAdapter.kt,C:\Users\Marvin Marquez\Desktop\MyApplication05\MyApplication05\app\src\main\java\com\example\myapplication05\Individualmain.kt,C:\Users\Marvin Marquez\Desktop\MyApplication05\MyApplication05\app\src\main\java\com\example\myapplication05\IndividualStudenht.kt,C:\Users\Marvin Marquez\Desktop\MyApplication05\MyApplication05\app\src\main\java\com\example\myapplication05\LogAdapter.kt,C:\Users\Marvin Marquez\Desktop\MyApplication05\MyApplication05\app\src\main\java\com\example\myapplication05\LogMain.kt,C:\Users\Marvin Marquez\Desktop\MyApplication05\MyApplication05\app\src\main\java\com\example\myapplication05\MainActivity.kt,C:\Users\Marvin Marquez\Desktop\MyApplication05\MyApplication05\app\src\main\java\com\example\myapplication05\MiscAdapter.kt,C:\Users\Marvin Marquez\Desktop\MyApplication05\MyApplication05\app\src\main\java\com\example\myapplication05\MiscMain.kt,C:\Users\Marvin Marquez\Desktop\MyApplication05\MyApplication05\app\src\main\java\com\example\myapplication05\MiscOption.kt,C:\Users\Marvin Marquez\Desktop\MyApplication05\MyApplication05\app\src\main\java\com\example\myapplication05\MiscOptionAdapter.kt,C:\Users\Marvin Marquez\Desktop\MyApplication05\MyApplication05\app\src\main\java\com\example\myapplication05\MiscStudent.kt,C:\Users\Marvin Marquez\Desktop\MyApplication05\MyApplication05\app\src\main\java\com\example\myapplication05\MissingAdapter.kt,C:\Users\Marvin Marquez\Desktop\MyApplication05\MyApplication05\app\src\main\java\com\example\myapplication05\MissingMain.kt,C:\Users\Marvin Marquez\Desktop\MyApplication05\MyApplication05\app\src\main\java\com\example\myapplication05\Model.kt,C:\Users\Marvin Marquez\Desktop\MyApplication05\MyApplication05\app\src\main\java\com\example\myapplication05\OpenNewPDF.kt,C:\Users\Marvin Marquez\Desktop\MyApplication05\MyApplication05\app\src\main\java\com\example\myapplication05\OpenPdf_Adapter.kt,C:\Users\Marvin Marquez\Desktop\MyApplication05\MyApplication05\app\src\main\java\com\example\myapplication05\PdfRecordAdapter.kt,C:\Users\Marvin Marquez\Desktop\MyApplication05\MyApplication05\app\src\main\java\com\example\myapplication05\RandomAdapter.kt,C:\Users\Marvin Marquez\Desktop\MyApplication05\MyApplication05\app\src\main\java\com\example\myapplication05\RandomMain.kt,C:\Users\Marvin Marquez\Desktop\MyApplication05\MyApplication05\app\src\main\java\com\example\myapplication05\Reading.kt,C:\Users\Marvin Marquez\Desktop\MyApplication05\MyApplication05\app\src\main\java\com\example\myapplication05\Sample.kt,C:\Users\Marvin Marquez\Desktop\MyApplication05\MyApplication05\app\src\main\java\com\example\myapplication05\Sample1.kt,C:\Users\Marvin Marquez\Desktop\MyApplication05\MyApplication05\app\src\main\java\com\example\myapplication05\ScanQRcode.kt,C:\Users\Marvin Marquez\Desktop\MyApplication05\MyApplication05\app\src\main\java\com\example\myapplication05\SchedMain.kt,C:\Users\Marvin Marquez\Desktop\MyApplication05\MyApplication05\app\src\main\java\com\example\myapplication05\ScheduleAdapter.kt,C:\Users\Marvin Marquez\Desktop\MyApplication05\MyApplication05\app\src\main\java\com\example\myapplication05\ScoreAdapter.kt,C:\Users\Marvin Marquez\Desktop\MyApplication05\MyApplication05\app\src\main\java\com\example\myapplication05\ScoreIndividualAdapter.kt,C:\Users\Marvin Marquez\Desktop\MyApplication05\MyApplication05\app\src\main\java\com\example\myapplication05\ScoreIndividualMain.kt,C:\Users\Marvin Marquez\Desktop\MyApplication05\MyApplication05\app\src\main\java\com\example\myapplication05\ScoreMain.kt,C:\Users\Marvin Marquez\Desktop\MyApplication05\MyApplication05\app\src\main\java\com\example\myapplication05\SearchAdapter.kt,C:\Users\Marvin Marquez\Desktop\MyApplication05\MyApplication05\app\src\main\java\com\example\myapplication05\SearchStudent.kt,C:\Users\Marvin Marquez\Desktop\MyApplication05\MyApplication05\app\src\main\java\com\example\myapplication05\SectionAdapter.kt,C:\Users\Marvin Marquez\Desktop\MyApplication05\MyApplication05\app\src\main\java\com\example\myapplication05\SectionMain.kt,C:\Users\Marvin Marquez\Desktop\MyApplication05\MyApplication05\app\src\main\java\com\example\myapplication05\SpeaK.kt,C:\Users\Marvin Marquez\Desktop\MyApplication05\MyApplication05\app\src\main\java\com\example\myapplication05\SpeakAdapter.kt,C:\Users\Marvin Marquez\Desktop\MyApplication05\MyApplication05\app\src\main\java\com\example\myapplication05\SpeakAnswerAdapter.kt,C:\Users\Marvin Marquez\Desktop\MyApplication05\MyApplication05\app\src\main\java\com\example\myapplication05\SpeakAnswerMain.kt,C:\Users\Marvin Marquez\Desktop\MyApplication05\MyApplication05\app\src\main\java\com\example\myapplication05\SpeakRow.kt,C:\Users\Marvin Marquez\Desktop\MyApplication05\MyApplication05\app\src\main\java\com\example\myapplication05\StudentAdapter.kt,C:\Users\Marvin Marquez\Desktop\MyApplication05\MyApplication05\app\src\main\java\com\example\myapplication05\StudentMain.kt,C:\Users\Marvin Marquez\Desktop\MyApplication05\MyApplication05\app\src\main\java\com\example\myapplication05\StudentRandom.kt,C:\Users\Marvin Marquez\Desktop\MyApplication05\MyApplication05\app\src\main\java\com\example\myapplication05\SubjectAdapter.kt,C:\Users\Marvin Marquez\Desktop\MyApplication05\MyApplication05\app\src\main\java\com\example\myapplication05\SubjectMain.kt,C:\Users\Marvin Marquez\Desktop\MyApplication05\MyApplication05\app\src\main\java\com\example\myapplication05\SummaryAdapter.kt,C:\Users\Marvin Marquez\Desktop\MyApplication05\MyApplication05\app\src\main\java\com\example\myapplication05\SummaryMain.kt,C:\Users\Marvin Marquez\Desktop\MyApplication05\MyApplication05\app\src\main\java\com\example\myapplication05\TableAttendance.kt,C:\Users\Marvin Marquez\Desktop\MyApplication05\MyApplication05\app\src\main\java\com\example\myapplication05\TableRandom.kt,C:\Users\Marvin Marquez\Desktop\MyApplication05\MyApplication05\app\src\main\java\com\example\myapplication05\TableSstudent.kt,C:\Users\Marvin Marquez\Desktop\MyApplication05\MyApplication05\app\src\main\java\com\example\myapplication05\TablrActivity.kt,C:\Users\Marvin Marquez\Desktop\MyApplication05\MyApplication05\app\src\main\java\com\example\myapplication05\Utilities.kt -Xplugin=C:\Users\Marvin Marquez\.gradle\caches\modules-2\files-2.1\org.jetbrains.intellij.deps\trove4j\1.0.20181211\216c2e14b070f334479d800987affe4054cd563f\trove4j-1.0.20181211.jar,C:\Users\Marvin Marquez\.gradle\caches\modules-2\files-2.1\org.jetbrains.kotlin\kotlin-android-extensions\1.3.50\f16428b9ce307d0f5842bd8ed9af1e43a141edd3\kotlin-android-extensions-1.3.50.jar,C:\Users\Marvin Marquez\.gradle\caches\modules-2\files-2.1\org.jetbrains.kotlin\kotlin-compiler-embeddable\1.3.50\1251c1768e5769b06c2487d6f6cf8acf6efb8960\kotlin-compiler-embeddable-1.3.50.jar,C:\Users\Marvin Marquez\.gradle\caches\modules-2\files-2.1\org.jetbrains.kotlin\kotlin-daemon-embeddable\1.3.50\5cb93bb33f4c6f833ead0beca4c831668e00cf52\kotlin-daemon-embeddable-1.3.50.jar,C:\Users\Marvin Marquez\.gradle\caches\modules-2\files-2.1\org.jetbrains.kotlin\kotlin-reflect\1.3.50\b499f22fd7c3e9c2e5b6c4005221fa47fc7f9a7a\kotlin-reflect-1.3.50.jar,C:\Users\Marvin Marquez\.gradle\caches\modules-2\files-2.1\org.jetbrains.kotlin\kotlin-script-runtime\1.3.50\59492b8dfb92522ba0ddb5dd1c4d0ef0a4fca1af\kotlin-script-runtime-1.3.50.jar,C:\Users\Marvin Marquez\.gradle\caches\modules-2\files-2.1\org.jetbrains.kotlin\kotlin-stdlib-common\1.3.50\3d9cd3e1bc7b92e95f43d45be3bfbcf38e36ab87\kotlin-stdlib-common-1.3.50.jar,C:\Users\Marvin Marquez\.gradle\caches\modules-2\files-2.1\org.jetbrains.kotlin\kotlin-stdlib\1.3.50\b529d1738c7e98bbfa36a4134039528f2ce78ebf\kotlin-stdlib-1.3.50.jar,C:\Users\Marvin Marquez\.gradle\caches\modules-2\files-2.1\org.jetbrains\annotations\13.0\919f0dfe192fb4e063e7dacadee7f8bb9a2672a9\annotations-13.0.jar -P plugin:org.jetbrains.kotlin.android:configuration=rO0ABXexAAAAAwAIZmVhdHVyZXMAAAABAA92aWV3cyxwYXJjZWxpemUAB3BhY2thZ2UAAAABABtjb20uZXhhbXBsZS5teWFwcGxpY2F0aW9uMDUAB3ZhcmlhbnQAAAABAFVtYWluO0M6XFVzZXJzXE1hcnZpbiBNYXJxdWV6XERlc2t0b3BcTXlBcHBsaWNhdGlvbjA1XE15QXBwbGljYXRpb24wNVxhcHBcc3JjXG1haW5ccmVz C:\Users\Marvin Marquez\Desktop\MyApplication05\MyApplication05\app\src\main\java\com\example\myapplication05\AaDAtabaseDesign.kt C:\Users\Marvin Marquez\Desktop\MyApplication05\MyApplication05\app\src\main\java\com\example\myapplication05\ActivityAdapter.kt C:\Users\Marvin Marquez\Desktop\MyApplication05\MyApplication05\app\src\main\java\com\example\myapplication05\ActivityMain.kt C:\Users\Marvin Marquez\Desktop\MyApplication05\MyApplication05\app\src\main\java\com\example\myapplication05\AttendabceIndividualAdapter.kt C:\Users\Marvin Marquez\Desktop\MyApplication05\MyApplication05\app\src\main\java\com\example\myapplication05\AttendanceAdapter.kt C:\Users\Marvin Marquez\Desktop\MyApplication05\MyApplication05\app\src\main\java\com\example\myapplication05\AttendanceIndividualAdapter.kt C:\Users\Marvin Marquez\Desktop\MyApplication05\MyApplication05\app\src\main\java\com\example\myapplication05\AttendanceMain.kt C:\Users\Marvin Marquez\Desktop\MyApplication05\MyApplication05\app\src\main\java\com\example\myapplication05\CodeCompilation.kt C:\Users\Marvin Marquez\Desktop\MyApplication05\MyApplication05\app\src\main\java\com\example\myapplication05\DatabaseHandler.kt C:\Users\Marvin Marquez\Desktop\MyApplication05\MyApplication05\app\src\main\java\com\example\myapplication05\EnrolleAdapter.kt C:\Users\Marvin Marquez\Desktop\MyApplication05\MyApplication05\app\src\main\java\com\example\myapplication05\EnrolleMain.kt C:\Users\Marvin Marquez\Desktop\MyApplication05\MyApplication05\app\src\main\java\com\example\myapplication05\FileChooser.kt C:\Users\Marvin Marquez\Desktop\MyApplication05\MyApplication05\app\src\main\java\com\example\myapplication05\GradeAdapter.kt C:\Users\Marvin Marquez\Desktop\MyApplication05\MyApplication05\app\src\main\java\com\example\myapplication05\GradeAverageAdapter.kt C:\Users\Marvin Marquez\Desktop\MyApplication05\MyApplication05\app\src\main\java\com\example\myapplication05\GradeMain.kt C:\Users\Marvin Marquez\Desktop\MyApplication05\MyApplication05\app\src\main\java\com\example\myapplication05\Grades.kt C:\Users\Marvin Marquez\Desktop\MyApplication05\MyApplication05\app\src\main\java\com\example\myapplication05\GroupAdapter.kt C:\Users\Marvin Marquez\Desktop\MyApplication05\MyApplication05\app\src\main\java\com\example\myapplication05\IndividualAdapter.kt C:\Users\Marvin Marquez\Desktop\MyApplication05\MyApplication05\app\src\main\java\com\example\myapplication05\Individualmain.kt C:\Users\Marvin Marquez\Desktop\MyApplication05\MyApplication05\app\src\main\java\com\example\myapplication05\IndividualStudenht.kt C:\Users\Marvin Marquez\Desktop\MyApplication05\MyApplication05\app\src\main\java\com\example\myapplication05\LogAdapter.kt C:\Users\Marvin Marquez\Desktop\MyApplication05\MyApplication05\app\src\main\java\com\example\myapplication05\LogMain.kt C:\Users\Marvin Marquez\Desktop\MyApplication05\MyApplication05\app\src\main\java\com\example\myapplication05\MainActivity.kt C:\Users\Marvin Marquez\Desktop\MyApplication05\MyApplication05\app\src\main\java\com\example\myapplication05\MiscAdapter.kt C:\Users\Marvin Marquez\Desktop\MyApplication05\MyApplication05\app\src\main\java\com\example\myapplication05\MiscMain.kt C:\Users\Marvin Marquez\Desktop\MyApplication05\MyApplication05\app\src\main\java\com\example\myapplication05\MiscOption.kt C:\Users\Marvin Marquez\Desktop\MyApplication05\MyApplication05\app\src\main\java\com\example\myapplication05\MiscOptionAdapter.kt C:\Users\Marvin Marquez\Desktop\MyApplication05\MyApplication05\app\src\main\java\com\example\myapplication05\MiscStudent.kt C:\Users\Marvin Marquez\Desktop\MyApplication05\MyApplication05\app\src\main\java\com\example\myapplication05\MissingAdapter.kt C:\Users\Marvin Marquez\Desktop\MyApplication05\MyApplication05\app\src\main\java\com\example\myapplication05\MissingMain.kt C:\Users\Marvin Marquez\Desktop\MyApplication05\MyApplication05\app\src\main\java\com\example\myapplication05\Model.kt C:\Users\Marvin Marquez\Desktop\MyApplication05\MyApplication05\app\src\main\java\com\example\myapplication05\OpenNewPDF.kt C:\Users\Marvin Marquez\Desktop\MyApplication05\MyApplication05\app\src\main\java\com\example\myapplication05\OpenPdf_Adapter.kt C:\Users\Marvin Marquez\Desktop\MyApplication05\MyApplication05\app\src\main\java\com\example\myapplication05\PdfRecordAdapter.kt C:\Users\Marvin Marquez\Desktop\MyApplication05\MyApplication05\app\src\main\java\com\example\myapplication05\RandomAdapter.kt C:\Users\Marvin Marquez\Desktop\MyApplication05\MyApplication05\app\src\main\java\com\example\myapplication05\RandomMain.kt C:\Users\Marvin Marquez\Desktop\MyApplication05\MyApplication05\app\src\main\java\com\example\myapplication05\Reading.kt C:\Users\Marvin Marquez\Desktop\MyApplication05\MyApplication05\app\src\main\java\com\example\myapplication05\Sample.kt C:\Users\Marvin Marquez\Desktop\MyApplication05\MyApplication05\app\src\main\java\com\example\myapplication05\Sample1.kt C:\Users\Marvin Marquez\Desktop\MyApplication05\MyApplication05\app\src\main\java\com\example\myapplication05\ScanQRcode.kt C:\Users\Marvin Marquez\Desktop\MyApplication05\MyApplication05\app\src\main\java\com\example\myapplication05\SchedMain.kt C:\Users\Marvin Marquez\Desktop\MyApplication05\MyApplication05\app\src\main\java\com\example\myapplication05\ScheduleAdapter.kt C:\Users\Marvin Marquez\Desktop\MyApplication05\MyApplication05\app\src\main\java\com\example\myapplication05\ScoreAdapter.kt C:\Users\Marvin Marquez\Desktop\MyApplication05\MyApplication05\app\src\main\java\com\example\myapplication05\ScoreIndividualAdapter.kt C:\Users\Marvin Marquez\Desktop\MyApplication05\MyApplication05\app\src\main\java\com\example\myapplication05\ScoreIndividualMain.kt C:\Users\Marvin Marquez\Desktop\MyApplication05\MyApplication05\app\src\main\java\com\example\myapplication05\ScoreMain.kt C:\Users\Marvin Marquez\Desktop\MyApplication05\MyApplication05\app\src\main\java\com\example\myapplication05\SearchAdapter.kt C:\Users\Marvin Marquez\Desktop\MyApplication05\MyApplication05\app\src\main\java\com\example\myapplication05\SearchStudent.kt C:\Users\Marvin Marquez\Desktop\MyApplication05\MyApplication05\app\src\main\java\com\example\myapplication05\SectionAdapter.kt C:\Users\Marvin Marquez\Desktop\MyApplication05\MyApplication05\app\src\main\java\com\example\myapplication05\SectionMain.kt C:\Users\Marvin Marquez\Desktop\MyApplication05\MyApplication05\app\src\main\java\com\example\myapplication05\SpeaK.kt C:\Users\Marvin Marquez\Desktop\MyApplication05\MyApplication05\app\src\main\java\com\example\myapplication05\SpeakAdapter.kt C:\Users\Marvin Marquez\Desktop\MyApplication05\MyApplication05\app\src\main\java\com\example\myapplication05\SpeakAnswerAdapter.kt C:\Users\Marvin Marquez\Desktop\MyApplication05\MyApplication05\app\src\main\java\com\example\myapplication05\SpeakAnswerMain.kt C:\Users\Marvin Marquez\Desktop\MyApplication05\MyApplication05\app\src\main\java\com\example\myapplication05\SpeakRow.kt C:\Users\Marvin Marquez\Desktop\MyApplication05\MyApplication05\app\src\main\java\com\example\myapplication05\StudentAdapter.kt C:\Users\Marvin Marquez\Desktop\MyApplication05\MyApplication05\app\src\main\java\com\example\myapplication05\StudentMain.kt C:\Users\Marvin Marquez\Desktop\MyApplication05\MyApplication05\app\src\main\java\com\example\myapplication05\StudentRandom.kt C:\Users\Marvin Marquez\Desktop\MyApplication05\MyApplication05\app\src\main\java\com\example\myapplication05\SubjectAdapter.kt C:\Users\Marvin Marquez\Desktop\MyApplication05\MyApplication05\app\src\main\java\com\example\myapplication05\SubjectMain.kt C:\Users\Marvin Marquez\Desktop\MyApplication05\MyApplication05\app\src\main\java\com\example\myapplication05\SummaryAdapter.kt C:\Users\Marvin Marquez\Desktop\MyApplication05\MyApplication05\app\src\main\java\com\example\myapplication05\SummaryMain.kt C:\Users\Marvin Marquez\Desktop\MyApplication05\MyApplication05\app\src\main\java\com\example\myapplication05\TableAttendance.kt C:\Users\Marvin Marquez\Desktop\MyApplication05\MyApplication05\app\src\main\java\com\example\myapplication05\TableRandom.kt C:\Users\Marvin Marquez\Desktop\MyApplication05\MyApplication05\app\src\main\java\com\example\myapplication05\TableSstudent.kt C:\Users\Marvin Marquez\Desktop\MyApplication05\MyApplication05\app\src\main\java\com\example\myapplication05\TablrActivity.kt C:\Users\Marvin Marquez\Desktop\MyApplication05\MyApplication05\app\src\main\java\com\example\myapplication05\Utilities.kt

Host: AMD Ryzen 5 3500U with Radeon Vega Mobile Gfx  , 8 cores, 6G,  Windows 10 , 64 bit Build 19041 (10.0.19041.2364)
Time: Mon Feb 13 16:40:12 2023 Malay Peninsula Standard Time elapsed time: 7.607120 seconds (0d 0h 0m 7s)

---------------  T H R E A D  ---------------

Current thread (0x00000178a0f8f800):  VMThread "VM Thread" [stack: 0x0000006562b00000,0x0000006562c00000] [id=3568]

Stack: [0x0000006562b00000,0x0000006562c00000]
[error occurred during error reporting (printing stack bounds), id 0xc0000005, EXCEPTION_ACCESS_VIOLATION (0xc0000005) at pc=0x000001788b020f2d]

Native frames: (J=compiled Java code, j=interpreted, Vv=VM code, C=native code)
V  [jvm.dll+0x5f214a]
V  [jvm.dll+0x726fb5]
V  [jvm.dll+0x7285cd]
V  [jvm.dll+0x728be5]
V  [jvm.dll+0x728b9b]
V  [jvm.dll+0x5f14e8]
V  [jvm.dll+0x5f1c78]
C  [ntdll.dll+0xa241f]
C  [ntdll.dll+0x514a4]
C  [ntdll.dll+0xa0f4e]
C  0x000001788b020f2d

VM_Operation (0x00000065625f8b70): G1CollectForAllocation, mode: safepoint, requested by thread 0x0000017887551000


---------------  P R O C E S S  ---------------

Threads class SMR info:
_java_thread_list=0x00000178a21131d0, length=12, elements={
0x0000017887551000, 0x00000178a0fc6000, 0x00000178a0fb4000, 0x00000178a17d5000,
0x00000178a17d7000, 0x00000178a17d8800, 0x00000178a17dc800, 0x00000178a1823800,
0x00000178a1825000, 0x00000178a19af000, 0x00000178a19f9800, 0x00000178a2e34000
}

Java Threads: ( => current thread )
  0x0000017887551000 JavaThread "main" [_thread_blocked, id=11380, stack(0x0000006562500000,0x0000006562600000)]
  0x00000178a0fc6000 JavaThread "Reference Handler" daemon [_thread_blocked, id=7160, stack(0x0000006562c00000,0x0000006562d00000)]
  0x00000178a0fb4000 JavaThread "Finalizer" daemon [_thread_blocked, id=7964, stack(0x0000006562d00000,0x0000006562e00000)]
  0x00000178a17d5000 JavaThread "Signal Dispatcher" daemon [_thread_blocked, id=276, stack(0x0000006562e00000,0x0000006562f00000)]
  0x00000178a17d7000 JavaThread "Attach Listener" daemon [_thread_blocked, id=2980, stack(0x0000006562f00000,0x0000006563000000)]
  0x00000178a17d8800 JavaThread "Service Thread" daemon [_thread_blocked, id=12432, stack(0x0000006563000000,0x0000006563100000)]
  0x00000178a17dc800 JavaThread "C2 CompilerThread0" daemon [_thread_blocked, id=1520, stack(0x0000006563100000,0x0000006563200000)]
  0x00000178a1823800 JavaThread "C1 CompilerThread0" daemon [_thread_blocked, id=6132, stack(0x0000006563200000,0x0000006563300000)]
  0x00000178a1825000 JavaThread "Sweeper thread" daemon [_thread_blocked, id=9816, stack(0x0000006563300000,0x0000006563400000)]
  0x00000178a19af000 JavaThread "Common-Cleaner" daemon [_thread_blocked, id=10628, stack(0x0000006563500000,0x0000006563600000)]
  0x00000178a19f9800 JavaThread "C2 CompilerThread1" daemon [_thread_in_native, id=5620, stack(0x0000006563600000,0x0000006563700000)]
  0x00000178a2e34000 JavaThread "C2 CompilerThread2" daemon [_thread_blocked, id=5188, stack(0x0000006563700000,0x0000006563800000)]

Other Threads:
=>0x00000178a0f8f800 VMThread "VM Thread" [stack: 0x0000006562b00000,0x0000006562c00000] [id=3568]
  0x00000178a19a4800 WatcherThread [stack: 0x0000006563400000,0x0000006563500000] [id=13624]
  0x0000017887569000 GCTaskThread "GC Thread#0" [stack: 0x0000006562600000,0x0000006562700000] [id=6700]
  0x00000178a2022000 GCTaskThread "GC Thread#1" [stack: 0x0000006563800000,0x0000006563900000] [id=2188]
  0x00000178a94e2800 GCTaskThread "GC Thread#2" [stack: 0x0000006563b00000,0x0000006563c00000] [id=1412]
  0x0000017887594000 ConcurrentGCThread "G1 Main Marker" [stack: 0x0000006562700000,0x0000006562800000] [id=12980]
  0x0000017887596000 ConcurrentGCThread "G1 Conc#0" [stack: 0x0000006562800000,0x0000006562900000] [id=9620]
  0x00000178a20a5800 ConcurrentGCThread "G1 Conc#1" [stack: 0x0000006563900000,0x0000006563a00000] [id=4832]
  0x00000178a0df5800 ConcurrentGCThread "G1 Refine#0" [stack: 0x0000006562900000,0x0000006562a00000] [id=1940]
  0x00000178a22b2000 ConcurrentGCThread "G1 Refine#1" [stack: 0x0000006563a00000,0x0000006563b00000] [id=8688]
  0x00000178a891d000 ConcurrentGCThread "G1 Refine#2" [stack: 0x0000006563c00000,0x0000006563d00000] [id=13544]
  0x00000178a4f83000 ConcurrentGCThread "G1 Refine#3" [stack: 0x0000006563d00000,0x0000006563e00000] [id=1088]
  0x00000178a0df6000 ConcurrentGCThread "G1 Young RemSet Sampling" [stack: 0x0000006562a00000,0x0000006562b00000] [id=12688]

Threads with active compile tasks:
C2 CompilerThread0   7613 7763   !   4       org.jetbrains.kotlin.storage.LockBasedStorageManager::compute (60 bytes)
C1 CompilerThread0   7613 7775   !   3       org.jetbrains.kotlin.metadata.ProtoBuf$Constructor::<init> (520 bytes)
C2 CompilerThread1   7613 7691       4       org.jetbrains.kotlin.parsing.KotlinExpressionParsing::parseBinaryExpression (70 bytes)
C2 CompilerThread2   7613 7722       4       java.lang.StringBuilder::append (6 bytes)

VM state:at safepoint (normal execution)

VM Mutex/Monitor currently owned by a thread:  ([mutex/lock_event])
[0x0000017887545ef0] Threads_lock - owner thread: 0x00000178a0f8f800
[0x000001788754fba0] Heap_lock - owner thread: 0x0000017887551000

Heap address: 0x0000000091000000, size: 1776 MB, Compressed Oops mode: 32-bit
Narrow klass base: 0x0000000000000000, Narrow klass shift: 3
Compressed class space size: 1073741824 Address: 0x0000000100000000

Heap:
 garbage-first heap   total 199680K, used 62967K [0x0000000091000000, 0x0000000100000000)
  region size 1024K, 3 young (3072K), 3 survivors (3072K)
 Metaspace       used 54420K, capacity 55052K, committed 55088K, reserved 1097728K
  class space    used 6251K, capacity 6505K, committed 6528K, reserved 1048576K
Heap Regions: E=young(eden), S=young(survivor), O=old, HS=humongous(starts), HC=humongous(continues), CS=collection set, F=free, A=archive, TAMS=top-at-mark-start (previous, next)
|   0|0x0000000091000000, 0x0000000091100000, 0x0000000091100000|100%|HS|  |TAMS 0x0000000091100000, 0x0000000091000000| Complete 
|   1|0x0000000091100000, 0x0000000091200000, 0x0000000091200000|100%|HC|  |TAMS 0x0000000091200000, 0x0000000091100000| Complete 
|   2|0x0000000091200000, 0x0000000091300000, 0x0000000091300000|100%|HC|  |TAMS 0x0000000091300000, 0x0000000091200000| Complete 
|   3|0x0000000091300000, 0x0000000091400000, 0x0000000091400000|100%| O|  |TAMS 0x0000000091400000, 0x0000000091300000| Untracked 
|   4|0x0000000091400000, 0x0000000091500000, 0x0000000091500000|100%| O|  |TAMS 0x0000000091500000, 0x0000000091400000| Untracked 
|   5|0x0000000091500000, 0x0000000091600000, 0x0000000091600000|100%| O|  |TAMS 0x0000000091600000, 0x0000000091500000| Untracked 
|   6|0x0000000091600000, 0x0000000091700000, 0x0000000091700000|100%| O|  |TAMS 0x0000000091700000, 0x0000000091600000| Untracked 
|   7|0x0000000091700000, 0x0000000091800000, 0x0000000091800000|100%| O|  |TAMS 0x0000000091800000, 0x0000000091700000| Untracked 
|   8|0x0000000091800000, 0x0000000091900000, 0x0000000091900000|100%| O|  |TAMS 0x0000000091900000, 0x0000000091800000| Untracked 
|   9|0x0000000091900000, 0x0000000091a00000, 0x0000000091a00000|100%| O|  |TAMS 0x0000000091a00000, 0x0000000091900000| Untracked 
|  10|0x0000000091a00000, 0x0000000091b00000, 0x0000000091b00000|100%| O|  |TAMS 0x0000000091b00000, 0x0000000091a00000| Untracked 
|  11|0x0000000091b00000, 0x0000000091c00000, 0x0000000091c00000|100%| O|  |TAMS 0x0000000091c00000, 0x0000000091b00000| Untracked 
|  12|0x0000000091c00000, 0x0000000091d00000, 0x0000000091d00000|100%| O|  |TAMS 0x0000000091d00000, 0x0000000091c00000| Untracked 
|  13|0x0000000091d00000, 0x0000000091e00000, 0x0000000091e00000|100%| O|  |TAMS 0x0000000091e00000, 0x0000000091d00000| Untracked 
|  14|0x0000000091e00000, 0x0000000091f00000, 0x0000000091f00000|100%| O|  |TAMS 0x0000000091efb000, 0x0000000091e00000| Untracked 
|  15|0x0000000091f00000, 0x0000000092000000, 0x0000000092000000|100%|HS|  |TAMS 0x0000000091f00000, 0x0000000091f00000| Complete 
|  16|0x0000000092000000, 0x0000000092100000, 0x0000000092100000|100%|HC|  |TAMS 0x0000000092000000, 0x0000000092000000| Complete 
|  17|0x0000000092100000, 0x0000000092200000, 0x0000000092200000|100%| O|  |TAMS 0x0000000092100000, 0x0000000092100000| Untracked 
|  18|0x0000000092200000, 0x0000000092300000, 0x0000000092300000|100%| O|  |TAMS 0x0000000092200000, 0x0000000092200000| Untracked 
|  19|0x0000000092300000, 0x0000000092400000, 0x0000000092400000|100%| O|  |TAMS 0x0000000092300000, 0x0000000092300000| Untracked 
|  20|0x0000000092400000, 0x0000000092500000, 0x0000000092500000|100%| O|  |TAMS 0x0000000092400000, 0x0000000092400000| Untracked 
|  21|0x0000000092500000, 0x0000000092600000, 0x0000000092600000|100%| O|  |TAMS 0x0000000092500000, 0x0000000092500000| Untracked 
|  22|0x0000000092600000, 0x0000000092700000, 0x0000000092700000|100%| O|  |TAMS 0x0000000092600000, 0x0000000092600000| Untracked 
|  23|0x0000000092700000, 0x0000000092800000, 0x0000000092800000|100%| O|  |TAMS 0x0000000092700000, 0x0000000092700000| Untracked 
|  24|0x0000000092800000, 0x0000000092900000, 0x0000000092900000|100%| O|  |TAMS 0x0000000092800000, 0x0000000092800000| Untracked 
|  25|0x0000000092900000, 0x0000000092a00000, 0x0000000092a00000|100%| O|  |TAMS 0x0000000092900000, 0x0000000092900000| Untracked 
|  26|0x0000000092a00000, 0x0000000092b00000, 0x0000000092b00000|100%| O|  |TAMS 0x0000000092a00000, 0x0000000092a00000| Untracked 
|  27|0x0000000092b00000, 0x0000000092c00000, 0x0000000092c00000|100%| O|  |TAMS 0x0000000092b00000, 0x0000000092b00000| Untracked 
|  28|0x0000000092c00000, 0x0000000092d00000, 0x0000000092d00000|100%| O|  |TAMS 0x0000000092c00000, 0x0000000092c00000| Untracked 
|  29|0x0000000092d00000, 0x0000000092e00000, 0x0000000092e00000|100%| O|  |TAMS 0x0000000092d00000, 0x0000000092d00000| Untracked 
|  30|0x0000000092e00000, 0x0000000092f00000, 0x0000000092f00000|100%| O|  |TAMS 0x0000000092e00000, 0x0000000092e00000| Untracked 
|  31|0x0000000092f00000, 0x0000000093000000, 0x0000000093000000|100%| O|  |TAMS 0x0000000092f00000, 0x0000000092f00000| Untracked 
|  32|0x0000000093000000, 0x0000000093100000, 0x0000000093100000|100%| O|  |TAMS 0x0000000093000000, 0x0000000093000000| Untracked 
|  33|0x0000000093100000, 0x0000000093200000, 0x0000000093200000|100%|HS|  |TAMS 0x0000000093100000, 0x0000000093100000| Complete 
|  34|0x0000000093200000, 0x0000000093300000, 0x0000000093300000|100%|HC|  |TAMS 0x0000000093200000, 0x0000000093200000| Complete 
|  35|0x0000000093300000, 0x0000000093400000, 0x0000000093400000|100%| O|  |TAMS 0x0000000093300000, 0x0000000093300000| Untracked 
|  36|0x0000000093400000, 0x0000000093500000, 0x0000000093500000|100%|HS|  |TAMS 0x0000000093400000, 0x0000000093400000| Complete 
|  37|0x0000000093500000, 0x0000000093600000, 0x0000000093600000|100%|HS|  |TAMS 0x0000000093500000, 0x0000000093500000| Complete 
|  38|0x0000000093600000, 0x0000000093700000, 0x0000000093700000|100%|HC|  |TAMS 0x0000000093600000, 0x0000000093600000| Complete 
|  39|0x0000000093700000, 0x0000000093800000, 0x0000000093800000|100%| O|  |TAMS 0x0000000093700000, 0x0000000093700000| Untracked 
|  40|0x0000000093800000, 0x0000000093900000, 0x0000000093900000|100%| O|  |TAMS 0x0000000093800000, 0x0000000093800000| Untracked 
|  41|0x0000000093900000, 0x0000000093a00000, 0x0000000093a00000|100%| O|  |TAMS 0x0000000093900000, 0x0000000093900000| Untracked 
|  42|0x0000000093a00000, 0x0000000093b00000, 0x0000000093b00000|100%| O|  |TAMS 0x0000000093a00000, 0x0000000093a00000| Untracked 
|  43|0x0000000093b00000, 0x0000000093c00000, 0x0000000093c00000|100%| O|  |TAMS 0x0000000093b00000, 0x0000000093b00000| Untracked 
|  44|0x0000000093c00000, 0x0000000093d00000, 0x0000000093d00000|100%| O|  |TAMS 0x0000000093c00000, 0x0000000093c00000| Untracked 
|  45|0x0000000093d00000, 0x0000000093e00000, 0x0000000093e00000|100%| O|  |TAMS 0x0000000093d00000, 0x0000000093d00000| Untracked 
|  46|0x0000000093e00000, 0x0000000093f00000, 0x0000000093f00000|100%| O|  |TAMS 0x0000000093e00000, 0x0000000093e00000| Untracked 
|  47|0x0000000093f00000, 0x0000000094000000, 0x0000000094000000|100%| O|  |TAMS 0x0000000093f00000, 0x0000000093f00000| Untracked 
|  48|0x0000000094000000, 0x0000000094100000, 0x0000000094100000|100%| O|  |TAMS 0x0000000094000000, 0x0000000094000000| Untracked 
|  49|0x0000000094100000, 0x0000000094200000, 0x0000000094200000|100%| O|  |TAMS 0x0000000094100000, 0x0000000094100000| Untracked 
|  50|0x0000000094200000, 0x0000000094300000, 0x0000000094300000|100%| O|  |TAMS 0x0000000094200000, 0x0000000094200000| Untracked 
|  51|0x0000000094300000, 0x0000000094400000, 0x0000000094400000|100%| O|  |TAMS 0x0000000094300000, 0x0000000094300000| Untracked 
|  52|0x0000000094400000, 0x0000000094500000, 0x0000000094500000|100%| O|  |TAMS 0x0000000094400000, 0x0000000094400000| Untracked 
|  53|0x0000000094500000, 0x0000000094600000, 0x0000000094600000|100%| O|  |TAMS 0x0000000094500000, 0x0000000094500000| Untracked 
|  54|0x0000000094600000, 0x0000000094700000, 0x0000000094700000|100%| O|  |TAMS 0x0000000094600000, 0x0000000094600000| Untracked 
|  55|0x0000000094700000, 0x0000000094800000, 0x0000000094800000|100%| O|  |TAMS 0x0000000094700000, 0x0000000094700000| Untracked 
|  56|0x0000000094800000, 0x0000000094900000, 0x0000000094900000|100%| O|  |TAMS 0x0000000094800000, 0x0000000094800000| Untracked 
|  57|0x0000000094900000, 0x0000000094a00000, 0x0000000094a00000|100%| O|  |TAMS 0x0000000094900000, 0x0000000094900000| Untracked 
|  58|0x0000000094a00000, 0x0000000094b00000, 0x0000000094b00000|100%| O|  |TAMS 0x0000000094a00000, 0x0000000094a00000| Untracked 
|  59|0x0000000094b00000, 0x0000000094b00000, 0x0000000094c00000|  0%| F|  |TAMS 0x0000000094b00000, 0x0000000094b00000| Untracked 
|  60|0x0000000094c00000, 0x0000000094c00000, 0x0000000094d00000|  0%| F|  |TAMS 0x0000000094c00000, 0x0000000094c00000| Untracked 
|  61|0x0000000094d00000, 0x0000000094d00000, 0x0000000094e00000|  0%| F|  |TAMS 0x0000000094d00000, 0x0000000094d00000| Untracked 
|  62|0x0000000094e00000, 0x0000000094e00000, 0x0000000094f00000|  0%| F|  |TAMS 0x0000000094e00000, 0x0000000094e00000| Untracked 
|  63|0x0000000094f00000, 0x0000000094f00000, 0x0000000095000000|  0%| F|  |TAMS 0x0000000094f00000, 0x0000000094f00000| Untracked 
|  64|0x0000000095000000, 0x0000000095000000, 0x0000000095100000|  0%| F|  |TAMS 0x0000000095000000, 0x0000000095000000| Untracked 
|  65|0x0000000095100000, 0x0000000095100000, 0x0000000095200000|  0%| F|  |TAMS 0x0000000095100000, 0x0000000095100000| Untracked 
|  66|0x0000000095200000, 0x0000000095200000, 0x0000000095300000|  0%| F|  |TAMS 0x0000000095200000, 0x0000000095200000| Untracked 
|  67|0x0000000095300000, 0x0000000095300000, 0x0000000095400000|  0%| F|  |TAMS 0x0000000095300000, 0x0000000095300000| Untracked 
|  68|0x0000000095400000, 0x0000000095400000, 0x0000000095500000|  0%| F|  |TAMS 0x0000000095400000, 0x0000000095400000| Untracked 
|  69|0x0000000095500000, 0x0000000095500000, 0x0000000095600000|  0%| F|  |TAMS 0x0000000095500000, 0x0000000095500000| Untracked 
|  70|0x0000000095600000, 0x0000000095600000, 0x0000000095700000|  0%| F|  |TAMS 0x0000000095600000, 0x0000000095600000| Untracked 
|  71|0x0000000095700000, 0x0000000095700000, 0x0000000095800000|  0%| F|  |TAMS 0x0000000095700000, 0x0000000095700000| Untracked 
|  72|0x0000000095800000, 0x0000000095800000, 0x0000000095900000|  0%| F|  |TAMS 0x0000000095800000, 0x0000000095800000| Untracked 
|  73|0x0000000095900000, 0x0000000095900000, 0x0000000095a00000|  0%| F|  |TAMS 0x0000000095900000, 0x0000000095900000| Untracked 
|  74|0x0000000095a00000, 0x0000000095a00000, 0x0000000095b00000|  0%| F|  |TAMS 0x0000000095a00000, 0x0000000095a00000| Untracked 
|  75|0x0000000095b00000, 0x0000000095b00000, 0x0000000095c00000|  0%| F|  |TAMS 0x0000000095b00000, 0x0000000095b00000| Untracked 
|  76|0x0000000095c00000, 0x0000000095c00000, 0x0000000095d00000|  0%| F|  |TAMS 0x0000000095c00000, 0x0000000095c00000| Untracked 
|  77|0x0000000095d00000, 0x0000000095d00000, 0x0000000095e00000|  0%| F|  |TAMS 0x0000000095d00000, 0x0000000095d00000| Untracked 
|  78|0x0000000095e00000, 0x0000000095e00000, 0x0000000095f00000|  0%| F|  |TAMS 0x0000000095e00000, 0x0000000095e00000| Untracked 
|  79|0x0000000095f00000, 0x0000000095f00000, 0x0000000096000000|  0%| F|  |TAMS 0x0000000095f00000, 0x0000000095f00000| Untracked 
|  80|0x0000000096000000, 0x0000000096000000, 0x0000000096100000|  0%| F|  |TAMS 0x0000000096000000, 0x0000000096000000| Untracked 
|  81|0x0000000096100000, 0x0000000096100000, 0x0000000096200000|  0%| F|  |TAMS 0x0000000096100000, 0x0000000096100000| Untracked 
|  82|0x0000000096200000, 0x0000000096200000, 0x0000000096300000|  0%| F|  |TAMS 0x0000000096200000, 0x0000000096200000| Untracked 
|  83|0x0000000096300000, 0x0000000096300000, 0x0000000096400000|  0%| F|  |TAMS 0x0000000096300000, 0x0000000096300000| Untracked 
|  84|0x0000000096400000, 0x0000000096400000, 0x0000000096500000|  0%| F|  |TAMS 0x0000000096400000, 0x0000000096400000| Untracked 
|  85|0x0000000096500000, 0x0000000096500000, 0x0000000096600000|  0%| F|  |TAMS 0x0000000096500000, 0x0000000096500000| Untracked 
|  86|0x0000000096600000, 0x0000000096600000, 0x0000000096700000|  0%| F|  |TAMS 0x0000000096600000, 0x0000000096600000| Untracked 
|  87|0x0000000096700000, 0x0000000096700000, 0x0000000096800000|  0%| F|  |TAMS 0x0000000096700000, 0x0000000096700000| Untracked 
|  88|0x0000000096800000, 0x0000000096800000, 0x0000000096900000|  0%| F|  |TAMS 0x0000000096800000, 0x0000000096800000| Untracked 
|  89|0x0000000096900000, 0x0000000096900000, 0x0000000096a00000|  0%| F|  |TAMS 0x0000000096900000, 0x0000000096900000| Untracked 
|  90|0x0000000096a00000, 0x0000000096a00000, 0x0000000096b00000|  0%| F|  |TAMS 0x0000000096a00000, 0x0000000096a00000| Untracked 
|  91|0x0000000096b00000, 0x0000000096b00000, 0x0000000096c00000|  0%| F|  |TAMS 0x0000000096b00000, 0x0000000096b00000| Untracked 
|  92|0x0000000096c00000, 0x0000000096c00000, 0x0000000096d00000|  0%| F|  |TAMS 0x0000000096c00000, 0x0000000096c00000| Untracked 
|  93|0x0000000096d00000, 0x0000000096d00000, 0x0000000096e00000|  0%| F|  |TAMS 0x0000000096d00000, 0x0000000096d00000| Untracked 
|  94|0x0000000096e00000, 0x0000000096e00000, 0x0000000096f00000|  0%| F|  |TAMS 0x0000000096e00000, 0x0000000096e00000| Untracked 
|  95|0x0000000096f00000, 0x0000000096f00000, 0x0000000097000000|  0%| F|  |TAMS 0x0000000096f00000, 0x0000000096f00000| Untracked 
|  96|0x0000000097000000, 0x0000000097000000, 0x0000000097100000|  0%| F|  |TAMS 0x0000000097000000, 0x0000000097000000| Untracked 
|  97|0x0000000097100000, 0x0000000097100000, 0x0000000097200000|  0%| F|  |TAMS 0x0000000097100000, 0x0000000097100000| Untracked 
|  98|0x0000000097200000, 0x000000009727dcc0, 0x0000000097300000| 49%| S|CS|TAMS 0x0000000097200000, 0x0000000097200000| Complete 
|  99|0x0000000097300000, 0x0000000097400000, 0x0000000097400000|100%| S|CS|TAMS 0x0000000097300000, 0x0000000097300000| Complete 
| 100|0x0000000097400000, 0x0000000097500000, 0x0000000097500000|100%| S|CS|TAMS 0x0000000097400000, 0x0000000097400000| Complete 
| 101|0x0000000097500000, 0x0000000097500000, 0x0000000097600000|  0%| F|  |TAMS 0x0000000097500000, 0x0000000097500000| Untracked 
| 102|0x0000000097600000, 0x0000000097600000, 0x0000000097700000|  0%| F|  |TAMS 0x0000000097600000, 0x0000000097600000| Untracked 
| 103|0x0000000097700000, 0x0000000097700000, 0x0000000097800000|  0%| F|  |TAMS 0x0000000097700000, 0x0000000097700000| Untracked 
| 104|0x0000000097800000, 0x0000000097800000, 0x0000000097900000|  0%| F|  |TAMS 0x0000000097800000, 0x0000000097800000| Untracked 
| 105|0x0000000097900000, 0x0000000097900000, 0x0000000097a00000|  0%| F|  |TAMS 0x0000000097900000, 0x0000000097900000| Untracked 
| 106|0x0000000097a00000, 0x0000000097a00000, 0x0000000097b00000|  0%| F|  |TAMS 0x0000000097a00000, 0x0000000097a00000| Untracked 
| 107|0x0000000097b00000, 0x0000000097b00000, 0x0000000097c00000|  0%| F|  |TAMS 0x0000000097b00000, 0x0000000097b00000| Untracked 
| 108|0x0000000097c00000, 0x0000000097c00000, 0x0000000097d00000|  0%| F|  |TAMS 0x0000000097c00000, 0x0000000097c00000| Untracked 
| 109|0x0000000097d00000, 0x0000000097d00000, 0x0000000097e00000|  0%| F|  |TAMS 0x0000000097d00000, 0x0000000097d00000| Untracked 
| 110|0x0000000097e00000, 0x0000000097e00000, 0x0000000097f00000|  0%| F|  |TAMS 0x0000000097e00000, 0x0000000097e00000| Untracked 
| 111|0x0000000097f00000, 0x0000000097f00000, 0x0000000098000000|  0%| F|  |TAMS 0x0000000097f00000, 0x0000000097f00000| Untracked 
| 112|0x0000000098000000, 0x0000000098000000, 0x0000000098100000|  0%| F|  |TAMS 0x0000000098000000, 0x0000000098000000| Untracked 
| 113|0x0000000098100000, 0x0000000098100000, 0x0000000098200000|  0%| F|  |TAMS 0x0000000098100000, 0x0000000098100000| Untracked 
| 114|0x0000000098200000, 0x0000000098200000, 0x0000000098300000|  0%| F|  |TAMS 0x0000000098200000, 0x0000000098200000| Untracked 
| 115|0x0000000098300000, 0x0000000098300000, 0x0000000098400000|  0%| F|  |TAMS 0x0000000098300000, 0x0000000098300000| Untracked 
| 116|0x0000000098400000, 0x0000000098400000, 0x0000000098500000|  0%| F|  |TAMS 0x0000000098400000, 0x0000000098400000| Untracked 
| 117|0x0000000098500000, 0x0000000098500000, 0x0000000098600000|  0%| F|  |TAMS 0x0000000098500000, 0x0000000098500000| Untracked 
| 118|0x0000000098600000, 0x0000000098600000, 0x0000000098700000|  0%| F|  |TAMS 0x0000000098600000, 0x0000000098600000| Untracked 
| 119|0x0000000098700000, 0x0000000098700000, 0x0000000098800000|  0%| F|  |TAMS 0x0000000098700000, 0x0000000098700000| Untracked 
| 120|0x0000000098800000, 0x0000000098800000, 0x0000000098900000|  0%| F|  |TAMS 0x0000000098800000, 0x0000000098800000| Untracked 
| 121|0x0000000098900000, 0x0000000098900000, 0x0000000098a00000|  0%| F|  |TAMS 0x0000000098900000, 0x0000000098900000| Untracked 
| 122|0x0000000098a00000, 0x0000000098a00000, 0x0000000098b00000|  0%| F|  |TAMS 0x0000000098a00000, 0x0000000098a00000| Untracked 
| 123|0x0000000098b00000, 0x0000000098b00000, 0x0000000098c00000|  0%| F|  |TAMS 0x0000000098b00000, 0x0000000098b00000| Untracked 
| 124|0x0000000098c00000, 0x0000000098c00000, 0x0000000098d00000|  0%| F|  |TAMS 0x0000000098c00000, 0x0000000098c00000| Untracked 
| 125|0x0000000098d00000, 0x0000000098d00000, 0x0000000098e00000|  0%| F|  |TAMS 0x0000000098d00000, 0x0000000098d00000| Untracked 
| 126|0x0000000098e00000, 0x0000000098e00000, 0x0000000098f00000|  0%| F|  |TAMS 0x0000000098e00000, 0x0000000098e00000| Untracked 
| 127|0x0000000098f00000, 0x0000000098f00000, 0x0000000099000000|  0%| F|  |TAMS 0x0000000098f00000, 0x0000000098f00000| Untracked 
| 128|0x0000000099000000, 0x0000000099000000, 0x0000000099100000|  0%| F|  |TAMS 0x0000000099000000, 0x0000000099000000| Untracked 
| 129|0x0000000099100000, 0x0000000099100000, 0x0000000099200000|  0%| F|  |TAMS 0x0000000099100000, 0x0000000099100000| Untracked 
| 130|0x0000000099200000, 0x0000000099200000, 0x0000000099300000|  0%| F|  |TAMS 0x0000000099200000, 0x0000000099200000| Untracked 
| 131|0x0000000099300000, 0x0000000099300000, 0x0000000099400000|  0%| F|  |TAMS 0x0000000099300000, 0x0000000099300000| Untracked 
| 132|0x0000000099400000, 0x0000000099400000, 0x0000000099500000|  0%| F|  |TAMS 0x0000000099400000, 0x0000000099400000| Untracked 
| 133|0x0000000099500000, 0x0000000099500000, 0x0000000099600000|  0%| F|  |TAMS 0x0000000099500000, 0x0000000099500000| Untracked 
| 134|0x0000000099600000, 0x0000000099600000, 0x0000000099700000|  0%| F|  |TAMS 0x0000000099600000, 0x0000000099600000| Untracked 
| 135|0x0000000099700000, 0x0000000099700000, 0x0000000099800000|  0%| F|  |TAMS 0x0000000099700000, 0x0000000099700000| Untracked 
| 136|0x0000000099800000, 0x0000000099800000, 0x0000000099900000|  0%| F|  |TAMS 0x0000000099800000, 0x0000000099800000| Untracked 
| 137|0x0000000099900000, 0x0000000099900000, 0x0000000099a00000|  0%| F|  |TAMS 0x0000000099900000, 0x0000000099900000| Untracked 
| 138|0x0000000099a00000, 0x0000000099a00000, 0x0000000099b00000|  0%| F|  |TAMS 0x0000000099a00000, 0x0000000099a00000| Untracked 
| 139|0x0000000099b00000, 0x0000000099b00000, 0x0000000099c00000|  0%| F|  |TAMS 0x0000000099b00000, 0x0000000099b00000| Untracked 
| 140|0x0000000099c00000, 0x0000000099c00000, 0x0000000099d00000|  0%| F|  |TAMS 0x0000000099c00000, 0x0000000099c00000| Untracked 
| 141|0x0000000099d00000, 0x0000000099d00000, 0x0000000099e00000|  0%| F|  |TAMS 0x0000000099d00000, 0x0000000099d00000| Untracked 
| 142|0x0000000099e00000, 0x0000000099e00000, 0x0000000099f00000|  0%| F|  |TAMS 0x0000000099e00000, 0x0000000099e00000| Untracked 
| 143|0x0000000099f00000, 0x0000000099f00000, 0x000000009a000000|  0%| F|  |TAMS 0x0000000099f00000, 0x0000000099f00000| Untracked 
| 144|0x000000009a000000, 0x000000009a000000, 0x000000009a100000|  0%| F|  |TAMS 0x000000009a000000, 0x000000009a000000| Untracked 
| 145|0x000000009a100000, 0x000000009a100000, 0x000000009a200000|  0%| F|  |TAMS 0x000000009a100000, 0x000000009a100000| Untracked 
| 146|0x000000009a200000, 0x000000009a200000, 0x000000009a300000|  0%| F|  |TAMS 0x000000009a200000, 0x000000009a200000| Untracked 
| 147|0x000000009a300000, 0x000000009a300000, 0x000000009a400000|  0%| F|  |TAMS 0x000000009a300000, 0x000000009a300000| Untracked 
| 148|0x000000009a400000, 0x000000009a400000, 0x000000009a500000|  0%| F|  |TAMS 0x000000009a400000, 0x000000009a400000| Untracked 
| 149|0x000000009a500000, 0x000000009a500000, 0x000000009a600000|  0%| F|  |TAMS 0x000000009a500000, 0x000000009a500000| Untracked 

Card table byte_map: [0x000001789a6d0000,0x000001789aa50000] _byte_map_base: 0x000001789a248000

Marking Bits (Prev, Next): (CMBitMap*) 0x000001788758c1c8, (CMBitMap*) 0x000001788758c200
 Prev Bits: [0x000001789add0000, 0x000001789c990000)
 Next Bits: [0x000001789c990000, 0x000001789e550000)

Polling page: 0x00000178854a0000

Metaspace:

Usage:
  Non-class:     47.41 MB capacity,    47.04 MB (>99%) used,   292.74 KB ( <1%) free+waste,    84.75 KB ( <1%) overhead. 
      Class:      6.35 MB capacity,     6.10 MB ( 96%) used,   216.71 KB (  3%) free+waste,    37.00 KB ( <1%) overhead. 
       Both:     53.76 MB capacity,    53.15 MB ( 99%) used,   509.45 KB ( <1%) free+waste,   121.75 KB ( <1%) overhead. 

Virtual space:
  Non-class space:       48.00 MB reserved,      47.42 MB ( 99%) committed 
      Class space:        1.00 GB reserved,       6.38 MB ( <1%) committed 
             Both:        1.05 GB reserved,      53.80 MB (  5%) committed 

Chunk freelists:
   Non-Class:  13.00 KB
       Class:  23.00 KB
        Both:  36.00 KB

MaxMetaspaceSize: 17179869184.00 GB
CompressedClassSpaceSize: 1.00 GB

CodeHeap 'non-profiled nmethods': size=120000Kb used=3847Kb max_used=3847Kb free=116152Kb
 bounds [0x0000017892af0000, 0x0000017892ec0000, 0x000001789a020000]
CodeHeap 'profiled nmethods': size=120000Kb used=15731Kb max_used=15731Kb free=104269Kb
 bounds [0x000001788b5c0000, 0x000001788c520000, 0x0000017892af0000]
CodeHeap 'non-nmethods': size=5760Kb used=1170Kb max_used=1238Kb free=4589Kb
 bounds [0x000001788b020000, 0x000001788b290000, 0x000001788b5c0000]
 total_blobs=8095 nmethods=7595 adapters=409
 compilation: enabled
              stopped_count=0, restarted_count=0
 full_count=0

Compilation events (20 events):
Event: 7.571 Thread 0x00000178a17dc800 7713       4       org.jetbrains.kotlin.protobuf.GeneratedMessageLite$ExtendableMessage::makeExtensionsImmutable (8 bytes)
Event: 7.572 Thread 0x00000178a1823800 7770       3       org.jetbrains.kotlin.resolve.calls.tower.AbstractInvokeTowerProcessor::process (371 bytes)
Event: 7.574 Thread 0x00000178a1823800 nmethod 7770 0x000001788c516290 code [0x000001788c516700, 0x000001788c518cd8]
Event: 7.574 Thread 0x00000178a1823800 7771       2       org.jetbrains.kotlin.resolve.lazy.descriptors.LazyClassMemberScope::generateDataClassMethods (489 bytes)
Event: 7.576 Thread 0x00000178a2e34000 nmethod 7751 0x0000017892eae390 code [0x0000017892eae580, 0x0000017892eaecb8]
Event: 7.576 Thread 0x00000178a2e34000 7722       4       java.lang.StringBuilder::append (6 bytes)
Event: 7.577 Thread 0x00000178a1823800 nmethod 7771 0x000001788c519790 code [0x000001788c519ca0, 0x000001788c51b248]
Event: 7.577 Thread 0x00000178a1823800 7772       3       org.jetbrains.kotlin.protobuf.AbstractMessageLite$Builder$LimitedInputStream::read (46 bytes)
Event: 7.578 Thread 0x00000178a1823800 nmethod 7772 0x000001788c51bf90 code [0x000001788c51c160, 0x000001788c51c4c8]
Event: 7.578 Thread 0x00000178a1823800 7774       3       org.jetbrains.kotlin.descriptors.impl.AbstractReceiverParameterDescriptor::getType (18 bytes)
Event: 7.578 Thread 0x00000178a1823800 nmethod 7774 0x000001788c51c610 code [0x000001788c51c7e0, 0x000001788c51cac8]
Event: 7.578 Thread 0x00000178a1823800 7775   !   3       org.jetbrains.kotlin.metadata.ProtoBuf$Constructor::<init> (520 bytes)
Event: 7.581 Thread 0x00000178a17dc800 nmethod 7713 0x0000017892eaf290 code [0x0000017892eaf4a0, 0x0000017892eafcb8]
Event: 7.581 Thread 0x00000178a17dc800 7776       4       org.jetbrains.kotlin.metadata.ProtoBuf$Type$1::parsePartialFrom (7 bytes)
Event: 7.582 Thread 0x00000178a17dc800 nmethod 7776 0x0000017892eb0310 code [0x0000017892eb04c0, 0x0000017892eb0628]
Event: 7.582 Thread 0x00000178a17dc800 7721       4       java.util.Collections$UnmodifiableCollection$1::hasNext (10 bytes)
Event: 7.583 Thread 0x00000178a17dc800 nmethod 7721 0x0000017892eb0710 code [0x0000017892eb08a0, 0x0000017892eb0978]
Event: 7.583 Thread 0x00000178a17dc800 7778       4       java.util.Collections$UnmodifiableCollection$1::next (10 bytes)
Event: 7.584 Thread 0x00000178a17dc800 nmethod 7778 0x0000017892eb0a90 code [0x0000017892eb0c40, 0x0000017892eb0d98]
Event: 7.584 Thread 0x00000178a17dc800 7763   !   4       org.jetbrains.kotlin.storage.LockBasedStorageManager::compute (60 bytes)

GC Heap History (17 events):
Event: 0.568 GC heap before
{Heap before GC invocations=0 (full 0):
 garbage-first heap   total 114688K, used 26624K [0x0000000091000000, 0x0000000100000000)
  region size 1024K, 24 young (24576K), 0 survivors (0K)
 Metaspace       used 12517K, capacity 12624K, committed 12800K, reserved 1060864K
  class space    used 1210K, capacity 1249K, committed 1280K, reserved 1048576K
}
Event: 0.574 GC heap after
{Heap after GC invocations=1 (full 0):
 garbage-first heap   total 114688K, used 6153K [0x0000000091000000, 0x0000000100000000)
  region size 1024K, 3 young (3072K), 3 survivors (3072K)
 Metaspace       used 12517K, capacity 12624K, committed 12800K, reserved 1060864K
  class space    used 1210K, capacity 1249K, committed 1280K, reserved 1048576K
}
Event: 1.237 GC heap before
{Heap before GC invocations=1 (full 0):
 garbage-first heap   total 114688K, used 38921K [0x0000000091000000, 0x0000000100000000)
  region size 1024K, 36 young (36864K), 3 survivors (3072K)
 Metaspace       used 20895K, capacity 21138K, committed 21296K, reserved 1069056K
  class space    used 2245K, capacity 2323K, committed 2432K, reserved 1048576K
}
Event: 1.256 GC heap after
{Heap after GC invocations=2 (full 0):
 garbage-first heap   total 114688K, used 9225K [0x0000000091000000, 0x0000000100000000)
  region size 1024K, 6 young (6144K), 6 survivors (6144K)
 Metaspace       used 20895K, capacity 21138K, committed 21296K, reserved 1069056K
  class space    used 2245K, capacity 2323K, committed 2432K, reserved 1048576K
}
Event: 2.216 GC heap before
{Heap before GC invocations=3 (full 0):
 garbage-first heap   total 114688K, used 61449K [0x0000000091000000, 0x0000000100000000)
  region size 1024K, 51 young (52224K), 6 survivors (6144K)
 Metaspace       used 30037K, capacity 30389K, committed 30640K, reserved 1077248K
  class space    used 3371K, capacity 3532K, committed 3584K, reserved 1048576K
}
Event: 2.239 GC heap after
{Heap after GC invocations=4 (full 0):
 garbage-first heap   total 114688K, used 15150K [0x0000000091000000, 0x0000000100000000)
  region size 1024K, 7 young (7168K), 7 survivors (7168K)
 Metaspace       used 30037K, capacity 30389K, committed 30640K, reserved 1077248K
  class space    used 3371K, capacity 3532K, committed 3584K, reserved 1048576K
}
Event: 2.626 GC heap before
{Heap before GC invocations=4 (full 0):
 garbage-first heap   total 114688K, used 40750K [0x0000000091000000, 0x0000000100000000)
  region size 1024K, 33 young (33792K), 7 survivors (7168K)
 Metaspace       used 35411K, capacity 35759K, committed 35888K, reserved 1081344K
  class space    used 4247K, capacity 4403K, committed 4480K, reserved 1048576K
}
Event: 2.646 GC heap after
{Heap after GC invocations=5 (full 0):
 garbage-first heap   total 114688K, used 17900K [0x0000000091000000, 0x0000000100000000)
  region size 1024K, 3 young (3072K), 3 survivors (3072K)
 Metaspace       used 35411K, capacity 35759K, committed 35888K, reserved 1081344K
  class space    used 4247K, capacity 4403K, committed 4480K, reserved 1048576K
}
Event: 3.703 GC heap before
{Heap before GC invocations=6 (full 0):
 garbage-first heap   total 114688K, used 67052K [0x0000000091000000, 0x0000000100000000)
  region size 1024K, 48 young (49152K), 3 survivors (3072K)
 Metaspace       used 41801K, capacity 42231K, committed 42544K, reserved 1087488K
  class space    used 4996K, capacity 5138K, committed 5248K, reserved 1048576K
}
Event: 3.723 GC heap after
{Heap after GC invocations=7 (full 0):
 garbage-first heap   total 153600K, used 28672K [0x0000000091000000, 0x0000000100000000)
  region size 1024K, 6 young (6144K), 6 survivors (6144K)
 Metaspace       used 41801K, capacity 42231K, committed 42544K, reserved 1087488K
  class space    used 4996K, capacity 5138K, committed 5248K, reserved 1048576K
}
Event: 4.599 GC heap before
{Heap before GC invocations=7 (full 0):
 garbage-first heap   total 153600K, used 83968K [0x0000000091000000, 0x0000000100000000)
  region size 1024K, 60 young (61440K), 6 survivors (6144K)
 Metaspace       used 46467K, capacity 47019K, committed 47152K, reserved 1091584K
  class space    used 5460K, capacity 5653K, committed 5760K, reserved 1048576K
}
Event: 4.617 GC heap after
{Heap after GC invocations=8 (full 0):
 garbage-first heap   total 153600K, used 35134K [0x0000000091000000, 0x0000000100000000)
  region size 1024K, 6 young (6144K), 6 survivors (6144K)
 Metaspace       used 46467K, capacity 47019K, committed 47152K, reserved 1091584K
  class space    used 5460K, capacity 5653K, committed 5760K, reserved 1048576K
}
Event: 6.428 GC heap before
{Heap before GC invocations=8 (full 0):
 garbage-first heap   total 153600K, used 105790K [0x0000000091000000, 0x0000000100000000)
  region size 1024K, 65 young (66560K), 6 survivors (6144K)
 Metaspace       used 52351K, capacity 52915K, committed 53040K, reserved 1095680K
  class space    used 6031K, capacity 6262K, committed 6272K, reserved 1048576K
}
Event: 6.460 GC heap after
{Heap after GC invocations=9 (full 0):
 garbage-first heap   total 153600K, used 52224K [0x0000000091000000, 0x0000000100000000)
  region size 1024K, 9 young (9216K), 9 survivors (9216K)
 Metaspace       used 52351K, capacity 52915K, committed 53040K, reserved 1095680K
  class space    used 6031K, capacity 6262K, committed 6272K, reserved 1048576K
}
Event: 6.953 GC heap before
{Heap before GC invocations=9 (full 0):
 garbage-first heap   total 153600K, used 106496K [0x0000000091000000, 0x0000000100000000)
  region size 1024K, 62 young (63488K), 9 survivors (9216K)
 Metaspace       used 52640K, capacity 53215K, committed 53424K, reserved 1095680K
  class space    used 6043K, capacity 6298K, committed 6400K, reserved 1048576K
}
Event: 6.986 GC heap after
{Heap after GC invocations=10 (full 0):
 garbage-first heap   total 153600K, used 60915K [0x0000000091000000, 0x0000000100000000)
  region size 1024K, 8 young (8192K), 8 survivors (8192K)
 Metaspace       used 52640K, capacity 53215K, committed 53424K, reserved 1095680K
  class space    used 6043K, capacity 6298K, committed 6400K, reserved 1048576K
}
Event: 7.585 GC heap before
{Heap before GC invocations=10 (full 0):
 garbage-first heap   total 153600K, used 111091K [0x0000000091000000, 0x0000000100000000)
  region size 1024K, 57 young (58368K), 8 survivors (8192K)
 Metaspace       used 54420K, capacity 55052K, committed 55088K, reserved 1097728K
  class space    used 6251K, capacity 6505K, committed 6528K, reserved 1048576K
}

Deoptimization events (20 events):
Event: 7.490 Thread 0x0000017887551000 Uncommon trap: trap_request=0xffffffc6 fr.pc=0x0000017892e56bcc relative=0x0000000000002f6c
Event: 7.490 Thread 0x0000017887551000 Uncommon trap: reason=bimorphic_or_optimized_type_check action=maybe_recompile pc=0x0000017892e56bcc method=org.jetbrains.kotlin.resolve.OverridingUtil.determineModalityForFakeOverride(Ljava/util/Collection;Lorg/jetbrains/kotlin/descriptors/ClassDescripto
Event: 7.490 Thread 0x0000017887551000 DEOPT PACKING pc=0x0000017892e56bcc sp=0x00000065625fb750
Event: 7.490 Thread 0x0000017887551000 DEOPT UNPACKING pc=0x000001788b04662f sp=0x00000065625fb5c8 mode 2
Event: 7.492 Thread 0x0000017887551000 Uncommon trap: trap_request=0xffffff4d fr.pc=0x0000017892de041c relative=0x00000000000019bc
Event: 7.492 Thread 0x0000017887551000 Uncommon trap: reason=unstable_if action=reinterpret pc=0x0000017892de041c method=org.jetbrains.kotlin.util.Checks.isApplicable(Lorg/jetbrains/kotlin/descriptors/FunctionDescriptor;)Z @ 28 c2
Event: 7.492 Thread 0x0000017887551000 DEOPT PACKING pc=0x0000017892de041c sp=0x00000065625fafe0
Event: 7.492 Thread 0x0000017887551000 DEOPT UNPACKING pc=0x000001788b04662f sp=0x00000065625fafc8 mode 2
Event: 7.492 Thread 0x0000017887551000 Uncommon trap: trap_request=0xffffff4d fr.pc=0x0000017892e0f934 relative=0x00000000000000f4
Event: 7.492 Thread 0x0000017887551000 Uncommon trap: reason=unstable_if action=reinterpret pc=0x0000017892e0f934 method=org.jetbrains.kotlin.util.AbstractModifierChecks.check(Lorg/jetbrains/kotlin/descriptors/FunctionDescriptor;)Lorg/jetbrains/kotlin/util/CheckResult; @ 40 c2
Event: 7.492 Thread 0x0000017887551000 DEOPT PACKING pc=0x0000017892e0f934 sp=0x00000065625fb080
Event: 7.492 Thread 0x0000017887551000 DEOPT UNPACKING pc=0x000001788b04662f sp=0x00000065625fb010 mode 2
Event: 7.497 Thread 0x0000017887551000 Uncommon trap: trap_request=0xffffffc6 fr.pc=0x0000017892e52bd0 relative=0x00000000000004b0
Event: 7.497 Thread 0x0000017887551000 Uncommon trap: reason=bimorphic_or_optimized_type_check action=maybe_recompile pc=0x0000017892e52bd0 method=org.jetbrains.kotlin.resolve.OverridingUtil.determineModalityForFakeOverride(Ljava/util/Collection;Lorg/jetbrains/kotlin/descriptors/ClassDescripto
Event: 7.497 Thread 0x0000017887551000 DEOPT PACKING pc=0x0000017892e52bd0 sp=0x00000065625fa910
Event: 7.497 Thread 0x0000017887551000 DEOPT UNPACKING pc=0x000001788b04662f sp=0x00000065625fa8a0 mode 2
Event: 7.498 Thread 0x0000017887551000 Uncommon trap: trap_request=0xffffff4d fr.pc=0x0000017892e0f564 relative=0x0000000000000124
Event: 7.498 Thread 0x0000017887551000 Uncommon trap: reason=unstable_if action=reinterpret pc=0x0000017892e0f564 method=org.jetbrains.kotlin.types.AbstractClassTypeConstructor.equals(Ljava/lang/Object;)Z @ 24 c2
Event: 7.498 Thread 0x0000017887551000 DEOPT PACKING pc=0x0000017892e0f564 sp=0x00000065625fa870
Event: 7.498 Thread 0x0000017887551000 DEOPT UNPACKING pc=0x000001788b04662f sp=0x00000065625fa7f8 mode 2

Classes redefined (0 events):
No events

Internal exceptions (20 events):
Event: 1.370 Thread 0x0000017887551000 Exception <a 'java/lang/NoSuchMethodError'{0x0000000097c7cf10}: 'void java.lang.invoke.DirectMethodHandle$Holder.invokeSpecial(java.lang.Object, java.lang.Object)'> (0x0000000097c7cf10) thrown at [./src/hotspot/share/interpreter/linkResolver.cpp, line 773]
Event: 1.405 Thread 0x0000017887551000 Exception <a 'java/lang/NoSuchMethodError'{0x0000000097acb9e0}: 'void java.lang.invoke.DirectMethodHandle$Holder.invokeStaticInit(java.lang.Object, java.lang.Object)'> (0x0000000097acb9e0) thrown at [./src/hotspot/share/interpreter/linkResolver.cpp, line 773]
Event: 1.414 Thread 0x0000017887551000 Exception <a 'java/lang/NoSuchMethodError'{0x000000009790af68}: 'void java.lang.invoke.DirectMethodHandle$Holder.invokeInterface(java.lang.Object, java.lang.Object)'> (0x000000009790af68) thrown at [./src/hotspot/share/interpreter/linkResolver.cpp, line 773]
Event: 1.515 Thread 0x0000017887551000 Exception <a 'java/lang/NoSuchMethodError'{0x00000000975648e8}: 'int java.lang.invoke.DirectMethodHandle$Holder.invokeVirtual(java.lang.Object, java.lang.Object)'> (0x00000000975648e8) thrown at [./src/hotspot/share/interpreter/linkResolver.cpp, line 773]
Event: 1.864 Thread 0x0000017887551000 Implicit null exception at 0x0000017892b4bd74 to 0x0000017892b4bf80
Event: 1.865 Thread 0x0000017887551000 Implicit null exception at 0x0000017892b4a5de to 0x0000017892b4ad4a
Event: 2.090 Thread 0x0000017887551000 Exception <a 'java/lang/NoSuchMethodError'{0x00000000953655f0}: 'java.lang.Object java.lang.invoke.DirectMethodHandle$Holder.invokeVirtual(java.lang.Object, java.lang.Object, java.lang.Object)'> (0x00000000953655f0) thrown at [./src/hotspot/share/interpreter/linkResolver.cpp, line 773]
Event: 2.861 Thread 0x0000017887551000 Exception <a 'java/lang/NoSuchMethodError'{0x000000009775a9e0}: 'java.lang.Object java.lang.invoke.Invokers$Holder.linkToTargetMethod(java.lang.Object, int, java.lang.Object)'> (0x000000009775a9e0) thrown at [./src/hotspot/share/interpreter/linkResolver.cpp, line 773]
Event: 3.184 Thread 0x0000017887551000 Implicit null exception at 0x0000017892c1774c to 0x0000017892c17828
Event: 4.053 Thread 0x0000017887551000 Implicit null exception at 0x0000017892cb5015 to 0x0000017892cb5588
Event: 4.053 Thread 0x0000017887551000 Implicit null exception at 0x0000017892cb37af to 0x0000017892cb37dc
Event: 4.341 Thread 0x0000017887551000 Exception <a 'java/lang/NoSuchMethodError'{0x0000000098158858}: 'java.lang.Object java.lang.invoke.Invokers$Holder.linkToTargetMethod(java.lang.Object, java.lang.Object, java.lang.Object, java.lang.Object, java.lang.Object, java.lang.Object)'> (0x0000000098158858) thrown at [./src/hotspot/share/interpreter/linkResolver.cpp, line 773]
Event: 4.524 Thread 0x0000017887551000 Exception <a 'java/lang/NoSuchMethodError'{0x00000000973f35d8}: 'void java.lang.invoke.DirectMethodHandle$Holder.invokeStatic(java.lang.Object, java.lang.Object, java.lang.Object, java.lang.Object)'> (0x00000000973f35d8) thrown at [./src/hotspot/share/interpreter/linkResolver.cpp, line 773]
Event: 5.599 Thread 0x0000017887551000 Exception <a 'java/lang/NoSuchMethodError'{0x000000009897c7e8}: 'int java.lang.invoke.DirectMethodHandle$Holder.invokeStatic(java.lang.Object, java.lang.Object, java.lang.Object, java.lang.Object, java.lang.Object)'> (0x000000009897c7e8) thrown at [./src/hotspot/share/interpreter/linkResolver.cpp, line 773]
Event: 6.205 Thread 0x0000017887551000 Exception <a 'java/lang/NoSuchMethodError'{0x00000000976e5148}: 'java.lang.Object java.lang.invoke.DirectMethodHandle$Holder.invokeStaticInit(java.lang.Object, java.lang.Object, java.lang.Object)'> (0x00000000976e5148) thrown at [./src/hotspot/share/interpreter/linkResolver.cpp, line 773]
Event: 6.584 Thread 0x0000017887551000 Exception <a 'java/lang/NoSuchMethodError'{0x0000000099d2e730}: 'java.lang.Object java.lang.invoke.DirectMethodHandle$Holder.invokeStatic(java.lang.Object, int, java.lang.Object, java.lang.Object)'> (0x0000000099d2e730) thrown at [./src/hotspot/share/interpreter/linkResolver.cpp, line 773]
Event: 6.585 Thread 0x0000017887551000 Exception <a 'java/lang/NoSuchMethodError'{0x0000000099d38bc8}: 'int java.lang.invoke.DirectMethodHandle$Holder.invokeInterface(java.lang.Object, java.lang.Object)'> (0x0000000099d38bc8) thrown at [./src/hotspot/share/interpreter/linkResolver.cpp, line 773]
Event: 7.202 Thread 0x0000017887551000 Implicit null exception at 0x0000017892e3f9b9 to 0x0000017892e3ff88
Event: 7.507 Thread 0x0000017887551000 Exception <a 'java/lang/NoSuchMethodError'{0x00000000977f1400}: 'java.lang.Object java.lang.invoke.DirectMethodHandle$Holder.invokeInterface(java.lang.Object, java.lang.Object, java.lang.Object)'> (0x00000000977f1400) thrown at [./src/hotspot/share/interpreter/linkResolver.cpp, line 773]
Event: 7.523 Thread 0x0000017887551000 Exception <a 'java/lang/IncompatibleClassChangeError'{0x000000009763fcd0}: Found class java.lang.Object, but interface was expected> (0x000000009763fcd0) thrown at [./src/hotspot/share/interpreter/linkResolver.cpp, line 839]

Events (20 events):
Event: 7.570 loading class org/jetbrains/kotlin/builtins/jvm/JvmBuiltInsSettings$isMutabilityViolation$2 done
Event: 7.570 loading class org/jetbrains/kotlin/builtins/jvm/JvmBuiltInsSettings$getJdkMethodStatus$1
Event: 7.570 loading class org/jetbrains/kotlin/builtins/jvm/JvmBuiltInsSettings$getJdkMethodStatus$1 done
Event: 7.571 loading class org/jetbrains/kotlin/builtins/jvm/JvmBuiltInsSettings$getJdkMethodStatus$2
Event: 7.571 loading class org/jetbrains/kotlin/builtins/jvm/JvmBuiltInsSettings$getJdkMethodStatus$2 done
Event: 7.571 loading class org/jetbrains/kotlin/builtins/jvm/JvmBuiltInsSettings$JDKMemberStatus
Event: 7.571 loading class org/jetbrains/kotlin/builtins/jvm/JvmBuiltInsSettings$JDKMemberStatus done
Event: 7.571 loading class org/jetbrains/kotlin/builtins/jvm/JvmBuiltInsSettings$WhenMappings
Event: 7.571 loading class org/jetbrains/kotlin/builtins/jvm/JvmBuiltInsSettings$WhenMappings done
Event: 7.574 loading class org/jetbrains/kotlin/serialization/deserialization/MemberDeserializer$getReceiverParameterAnnotations$1
Event: 7.574 loading class org/jetbrains/kotlin/serialization/deserialization/MemberDeserializer$getReceiverParameterAnnotations$1 done
Event: 7.580 loading class org/jetbrains/kotlin/descriptors/SourceFile$1
Event: 7.580 loading class org/jetbrains/kotlin/descriptors/SourceFile$1 done
Event: 7.580 loading class org/jetbrains/kotlin/resolve/calls/tower/VisibilityError
Event: 7.580 loading class org/jetbrains/kotlin/resolve/calls/tower/VisibilityError done
Event: 7.583 loading class org/jetbrains/kotlin/load/kotlin/BinaryClassAnnotationAndConstantLoaderImpl$loadAnnotation$1$visitAnnotation$1
Event: 7.583 loading class org/jetbrains/kotlin/load/kotlin/BinaryClassAnnotationAndConstantLoaderImpl$loadAnnotation$1$visitAnnotation$1 done
Event: 7.583 loading class org/jetbrains/kotlin/resolve/constants/AnnotationValue
Event: 7.583 loading class org/jetbrains/kotlin/resolve/constants/AnnotationValue done
Event: 7.585 Executing VM operation: G1CollectForAllocation


Dynamic libraries:
0x00007ff7f80a0000 - 0x00007ff7f80aa000 	C:\Program Files\Android\Android Studio\jre\bin\java.exe
0x00007ffa09430000 - 0x00007ffa09628000 	C:\Windows\SYSTEM32\ntdll.dll
0x00007ffa083a0000 - 0x00007ffa0845f000 	C:\Windows\System32\KERNEL32.DLL
0x00007ffa07090000 - 0x00007ffa07362000 	C:\Windows\System32\KERNELBASE.dll
0x00007ffa07370000 - 0x00007ffa07470000 	C:\Windows\System32\ucrtbase.dll
0x00007ff9d9fb0000 - 0x00007ff9d9fc7000 	C:\Program Files\Android\Android Studio\jre\bin\VCRUNTIME140.dll
0x00007ff9e6ad0000 - 0x00007ff9e6ae9000 	C:\Program Files\Android\Android Studio\jre\bin\jli.dll
0x00007ffa09240000 - 0x00007ffa093e1000 	C:\Windows\System32\USER32.dll
0x00007ff9ee9e0000 - 0x00007ff9eec7a000 	C:\Windows\WinSxS\amd64_microsoft.windows.common-controls_6595b64144ccf1df_6.0.19041.1110_none_60b5254171f9507e\COMCTL32.dll
0x00007ffa06f20000 - 0x00007ffa06f42000 	C:\Windows\System32\win32u.dll
0x00007ffa075d0000 - 0x00007ffa0766e000 	C:\Windows\System32\msvcrt.dll
0x00007ffa075a0000 - 0x00007ffa075cb000 	C:\Windows\System32\GDI32.dll
0x00007ffa06f80000 - 0x00007ffa0708f000 	C:\Windows\System32\gdi32full.dll
0x00007ffa06cd0000 - 0x00007ffa06d6d000 	C:\Windows\System32\msvcp_win.dll
0x00007ffa09120000 - 0x00007ffa09152000 	C:\Windows\System32\IMM32.DLL
0x00007ff9c2300000 - 0x00007ff9c239d000 	C:\Program Files\Android\Android Studio\jre\bin\msvcp140.dll
0x00007ff9bed90000 - 0x00007ff9bf865000 	C:\Program Files\Android\Android Studio\jre\bin\server\jvm.dll
0x00007ffa07670000 - 0x00007ffa0771e000 	C:\Windows\System32\ADVAPI32.dll
0x00007ffa07720000 - 0x00007ffa077bc000 	C:\Windows\System32\sechost.dll
0x00007ffa08270000 - 0x00007ffa08395000 	C:\Windows\System32\RPCRT4.dll
0x00007ffa08820000 - 0x00007ffa08828000 	C:\Windows\System32\PSAPI.DLL
0x00007ff9c8920000 - 0x00007ff9c8929000 	C:\Windows\SYSTEM32\WSOCK32.dll
0x00007ff9fcad0000 - 0x00007ff9fcada000 	C:\Windows\SYSTEM32\VERSION.dll
0x00007ffa03af0000 - 0x00007ffa03b17000 	C:\Windows\SYSTEM32\WINMM.dll
0x00007ffa08eb0000 - 0x00007ffa08f1b000 	C:\Windows\System32\WS2_32.dll
0x00007ffa05370000 - 0x00007ffa05382000 	C:\Windows\SYSTEM32\kernel.appcore.dll
0x00007ff9bed70000 - 0x00007ff9bed81000 	C:\Program Files\Android\Android Studio\jre\bin\verify.dll
0x00007ffa04420000 - 0x00007ffa04604000 	C:\Windows\SYSTEM32\DBGHELP.DLL
0x00007ff9f6180000 - 0x00007ff9f61b5000 	C:\Windows\SYSTEM32\dbgcore.DLL
0x00007ffa06e90000 - 0x00007ffa06f12000 	C:\Windows\System32\bcryptPrimitives.dll
0x00007ff9bed40000 - 0x00007ff9bed69000 	C:\Program Files\Android\Android Studio\jre\bin\java.dll
0x00007ff9bed30000 - 0x00007ff9bed3b000 	C:\Program Files\Android\Android Studio\jre\bin\jimage.dll
0x00007ff9bed10000 - 0x00007ff9bed28000 	C:\Program Files\Android\Android Studio\jre\bin\zip.dll
0x00007ffa077c0000 - 0x00007ffa07f04000 	C:\Windows\System32\SHELL32.dll
0x00007ffa04bc0000 - 0x00007ffa05352000 	C:\Windows\SYSTEM32\windows.storage.dll
0x00007ffa07f10000 - 0x00007ffa08265000 	C:\Windows\System32\combase.dll
0x00007ffa064a0000 - 0x00007ffa064d0000 	C:\Windows\SYSTEM32\Wldp.dll
0x00007ffa08f80000 - 0x00007ffa0902d000 	C:\Windows\System32\SHCORE.dll
0x00007ffa08f20000 - 0x00007ffa08f75000 	C:\Windows\System32\shlwapi.dll
0x00007ffa06a60000 - 0x00007ffa06a7f000 	C:\Windows\SYSTEM32\profapi.dll
0x00007ff9beba0000 - 0x00007ff9bebba000 	C:\Program Files\Android\Android Studio\jre\bin\net.dll
0x00007ff9fd0c0000 - 0x00007ff9fd1cc000 	C:\Windows\SYSTEM32\WINHTTP.dll
0x00007ffa06200000 - 0x00007ffa0626a000 	C:\Windows\system32\mswsock.dll
0x00007ff9beb80000 - 0x00007ff9beb94000 	C:\Program Files\Android\Android Studio\jre\bin\nio.dll

dbghelp: loaded successfully - version: 4.0.5 - missing functions: none
symbol engine: initialized successfully - sym options: 0x614 - pdb path: .;C:\Program Files\Android\Android Studio\jre\bin;C:\Windows\SYSTEM32;C:\Windows\WinSxS\amd64_microsoft.windows.common-controls_6595b64144ccf1df_6.0.19041.1110_none_60b5254171f9507e;C:\Program Files\Android\Android Studio\jre\bin\server

VM Arguments:
java_command: org.jetbrains.kotlin.cli.jvm.K2JVMCompiler -Xallow-no-source-files -classpath C:\Users\Marvin Marquez\Desktop\MyApplication05\MyApplication05\app\libs\javax.mail-1.6.2.jar;C:\Users\Marvin Marquez\.gradle\caches\modules-2\files-2.1\org.jetbrains.kotlin\kotlin-android-extensions-runtime\1.3.50\bec16087637a7cafe54894e73d38037977cb30d2\kotlin-android-extensions-runtime-1.3.50.jar;C:\Users\Marvin Marquez\.gradle\caches\transforms-3\4813ba349f94c7a66629ac77c439fe76\transformed\activity-ktx-1.2.3-api.jar;C:\Users\Marvin Marquez\.gradle\caches\modules-2\files-2.1\org.jetbrains.kotlin\kotlin-stdlib-jdk7\1.3.50\50ad05ea1c2595fb31b800e76db464d08d599af3\kotlin-stdlib-jdk7-1.3.50.jar;C:\Users\Marvin Marquez\.gradle\caches\transforms-3\9a4175e9b6b18403b1eefc0ff0013cdb\transformed\core-ktx-1.1.0-api.jar;C:\Users\Marvin Marquez\.gradle\caches\transforms-3\7795437edaf2b9f397937b00add13d0c\transformed\lifecycle-runtime-ktx-2.3.1-api.jar;C:\Users\Marvin Marquez\.gradle\caches\transforms-3\210082358c15d2e08e638b5959edef6f\transformed\lifecycle-viewmodel-ktx-2.3.1-api.jar;C:\Users\Marvin Marquez\.gradle\caches\transforms-3\dfe8beb0cdc847caa3757f818624ce7c\transformed\savedstate-ktx-1.1.0-api.jar;C:\Users\Marvin Marquez\.gradle\caches\modules-2\files-2.1\org.jetbrains.kotlinx\kotlinx-coroutines-android\1.4.1\2349e3c971098c0c5379403b64a844d0c3cc2f3d\kotlinx-coroutines-android-1.4.1.jar;C:\Users\Marvin Marquez\.gradle\caches\modules-2\files-2.1\org.jetbrains.kotlinx\kotlinx-coroutines-core-jvm\1.4.1\936067d1e0195f638396f60e71da745bb14a35ca\kotlinx-coroutines-core-jvm-1.4.1.jar;C:\Users\Marvin Marquez\.gradle\caches\modules-2\files-2.1\org.jetbrains.kotlin\kotlin-stdlib\1.4.20\9be77b243a362b745e365f286627b8724337009c\kotlin-stdlib-1.4.20.jar;C:\Users\Marvin Marquez\.gradle\caches\modules-2\files-2.1\org.jetbrains.kotlin\kotlin-stdlib-common\1.4.20\c6761d7805b5312302f2bbd78cda68c976ce0c70\kotlin-stdlib-common-1.4.20.jar;C:\Users\Marvin Marquez\.gradle\caches\modules-2\files-2
java_class_path (initial): C:\Users\Marvin Marquez\.gradle\caches\modules-2\files-2.1\org.jetbrains.kotlin\kotlin-compiler-embeddable\1.3.50\1251c1768e5769b06c2487d6f6cf8acf6efb8960\kotlin-compiler-embeddable-1.3.50.jar;C:\Users\Marvin Marquez\.gradle\caches\modules-2\files-2.1\org.jetbrains.kotlin\kotlin-reflect\1.3.50\b499f22fd7c3e9c2e5b6c4005221fa47fc7f9a7a\kotlin-reflect-1.3.50.jar;C:\Users\Marvin Marquez\.gradle\caches\modules-2\files-2.1\org.jetbrains.kotlin\kotlin-stdlib\1.3.50\b529d1738c7e98bbfa36a4134039528f2ce78ebf\kotlin-stdlib-1.3.50.jar;C:\Users\Marvin Marquez\.gradle\caches\modules-2\files-2.1\org.jetbrains.kotlin\kotlin-script-runtime\1.3.50\59492b8dfb92522ba0ddb5dd1c4d0ef0a4fca1af\kotlin-script-runtime-1.3.50.jar;C:\Users\Marvin Marquez\.gradle\caches\modules-2\files-2.1\org.jetbrains.kotlin\kotlin-daemon-embeddable\1.3.50\5cb93bb33f4c6f833ead0beca4c831668e00cf52\kotlin-daemon-embeddable-1.3.50.jar;C:\Users\Marvin Marquez\.gradle\caches\modules-2\files-2.1\org.jetbrains.intellij.deps\trove4j\1.0.20181211\216c2e14b070f334479d800987affe4054cd563f\trove4j-1.0.20181211.jar;C:\Users\Marvin Marquez\.gradle\caches\modules-2\files-2.1\org.jetbrains.kotlin\kotlin-stdlib-common\1.3.50\3d9cd3e1bc7b92e95f43d45be3bfbcf38e36ab87\kotlin-stdlib-common-1.3.50.jar;C:\Users\Marvin Marquez\.gradle\caches\modules-2\files-2.1\org.jetbrains\annotations\13.0\919f0dfe192fb4e063e7dacadee7f8bb9a2672a9\annotations-13.0.jar
Launcher Type: SUN_STANDARD

[Global flags]
     intx CICompilerCount                          = 4                                         {product} {ergonomic}
     uint ConcGCThreads                            = 2                                         {product} {ergonomic}
     uint G1ConcRefinementThreads                  = 8                                         {product} {ergonomic}
   size_t G1HeapRegionSize                         = 1048576                                   {product} {ergonomic}
    uintx GCDrainStackTargetSize                   = 64                                        {product} {ergonomic}
   size_t InitialHeapSize                          = 117440512                                 {product} {ergonomic}
   size_t MarkStackSize                            = 4194304                                   {product} {ergonomic}
   size_t MaxHeapSize                              = 1862270976                                {product} {ergonomic}
   size_t MaxNewSize                               = 1116733440                                {product} {ergonomic}
   size_t MinHeapDeltaBytes                        = 1048576                                   {product} {ergonomic}
    uintx NonNMethodCodeHeapSize                   = 5836300                                {pd product} {ergonomic}
    uintx NonProfiledCodeHeapSize                  = 122910970                              {pd product} {ergonomic}
    uintx ProfiledCodeHeapSize                     = 122910970                              {pd product} {ergonomic}
    uintx ReservedCodeCacheSize                    = 251658240                              {pd product} {ergonomic}
     bool SegmentedCodeCache                       = true                                      {product} {ergonomic}
     bool UseCompressedClassPointers               = true                                 {lp64_product} {ergonomic}
     bool UseCompressedOops                        = true                                 {lp64_product} {ergonomic}
     bool UseG1GC                                  = true                                      {product} {ergonomic}
     bool UseLargePagesIndividualAllocation        = false                                  {pd product} {ergonomic}

Logging:
Log output configuration:
 #0: stdout all=warning uptime,level,tags
 #1: stderr all=off uptime,level,tags

Environment Variables:
JAVA_HOME=C:\Users\Marvin Marquez\AppData\Local\Programs\Eclipse Adoptium\jdk-17.0.2.8-hotspot\
PATH=C:\ProgramData\Oracle\Java\javapath;C:\Program Files\Common Files\Oracle\Java\javapath;C:\Windows\system32;C:\Windows;C:\Windows\System32\Wbem;C:\Windows\System32\WindowsPowerShell\v1.0\;C:\Windows\System32\OpenSSH\;C:\Program Files\Git\cmd;C:\Program Files\CMake\bin;C:\Program Files (x86)\Microsoft SQL Server\100\Tools\Binn\;C:\Program Files\Microsoft SQL Server\100\Tools\Binn\;C:\Program Files\Microsoft SQL Server\100\DTS\Binn\;C:\Program Files\Calibre2\;C:\Program Files\dotnet\;C:\Users\Marvin Marquez\AppData\Local\Programs\Eclipse Adoptium\jdk-17.0.2.8-hotspot\bin;C:\Users\Marvin Marquez\AppData\Local\Microsoft\WindowsApps;C:\Users\Marvin Marquez\AppData\Local\Programs\Microsoft VS Code\bin;C:\msys64\mingw64\bin;C:\MinGW\bin;
USERNAME=Marvin Marquez
OS=Windows_NT
PROCESSOR_IDENTIFIER=AMD64 Family 23 Model 24 Stepping 1, AuthenticAMD



---------------  S Y S T E M  ---------------

OS: Windows 10 , 64 bit Build 19041 (10.0.19041.2364)
OS uptime: 0 days 0:55 hours

CPU:total 8 (initial active 8) (8 cores per cpu, 2 threads per core) family 23 model 24 stepping 1 microcode 0x0, cmov, cx8, fxsr, mmx, sse, sse2, sse3, ssse3, sse4.1, sse4.2, popcnt, avx, avx2, aes, clmul, mmxext, 3dnowpref, lzcnt, sse4a, ht, tsc, tscinvbit, tscinv, bmi1, bmi2, adx, s

Memory: 4k page, system-wide physical 7103M (672M free)
TotalPageFile size 9151M (AvailPageFile size 45M)
current process WorkingSet (physical memory assigned to process): 331M, peak: 338M
current process commit charge ("private bytes"): 375M, peak: 423M

vm_info: OpenJDK 64-Bit Server VM (11.0.11+9-b60-7590822) for windows-amd64 JRE (11.0.11+9-b60-7590822), built on Jul 29 2021 21:43:44 by "builder" with MS VC++ 14.0 (VS2015)

END.
