#
# There is insufficient memory for the Java Runtime Environment to continue.
# Native memory allocation (malloc) failed to allocate 592976 bytes for Chunk::new
# Possible reasons:
#   The system is out of physical RAM or swap space
#   The process is running with CompressedOops enabled, and the Java Heap may be blocking the growth of the native heap
# Possible solutions:
#   Reduce memory load on the system
#   Increase physical memory or swap space
#   Check if swap backing store is full
#   Decrease Java heap size (-Xmx/-Xms)
#   Decrease number of Java threads
#   Decrease Java thread stack sizes (-Xss)
#   Set larger code cache with -XX:ReservedCodeCacheSize=
#   JVM is running with Unscaled Compressed Oops mode in which the Java heap is
#     placed in the first 4GB address space. The Java Heap base address is the
#     maximum limit for the native heap growth. Please use -XX:HeapBaseMinAddress
#     to set the Java Heap base and to place the Java Heap above 4GB virtual address.
# This output file may be truncated or incomplete.
#
#  Out of Memory Error (./src/hotspot/share/memory/arena.cpp:197), pid=11368, tid=13032
#
# JRE version: OpenJDK Runtime Environment (11.0.11+9) (build 11.0.11+9-b60-7590822)
# Java VM: OpenJDK 64-Bit Server VM (11.0.11+9-b60-7590822, mixed mode, tiered, compressed oops, g1 gc, windows-amd64)
# No core dump will be written. Minidumps are not enabled by default on client versions of Windows
#

---------------  S U M M A R Y ------------

Command Line: --add-opens=java.base/java.util=ALL-UNNAMED --add-opens=java.base/java.lang=ALL-UNNAMED --add-opens=java.base/java.lang.invoke=ALL-UNNAMED --add-opens=java.prefs/java.util.prefs=ALL-UNNAMED -Xmx1536m -Dfile.encoding=windows-1252 -Duser.country=US -Duser.language=en -Duser.variant org.gradle.launcher.daemon.bootstrap.GradleDaemon 6.8

Host: AMD Ryzen 5 3500U with Radeon Vega Mobile Gfx  , 8 cores, 6G,  Windows 10 , 64 bit Build 19041 (10.0.19041.2364)
Time: Thu Feb 16 17:15:24 2023 Malay Peninsula Standard Time elapsed time: 6418.917304 seconds (0d 1h 46m 58s)

---------------  T H R E A D  ---------------

Current thread (0x000002394beaa800):  JavaThread "C2 CompilerThread0" daemon [_thread_in_native, id=13032, stack(0x000000caed900000,0x000000caeda00000)]


Current CompileTask:
C2:6418917 24308       4       org.gradle.api.internal.artifacts.ivyservice.resolveengine.graph.builder.NodeState::maybeSubstitute (118 bytes)

Stack: [0x000000caed900000,0x000000caeda00000]
Native frames: (J=compiled Java code, j=interpreted, Vv=VM code, C=native code)
V  [jvm.dll+0x5f214a]
V  [jvm.dll+0x726fb5]
V  [jvm.dll+0x7285cd]
V  [jvm.dll+0x728c83]
V  [jvm.dll+0x243278]
V  [jvm.dll+0xbc53c]
V  [jvm.dll+0xbca3c]
V  [jvm.dll+0x353e7d]
V  [jvm.dll+0x19895c]
V  [jvm.dll+0x1fc2ee]
V  [jvm.dll+0x1fb3d4]
V  [jvm.dll+0x183d6c]
V  [jvm.dll+0x209a57]
V  [jvm.dll+0x2082a1]
V  [jvm.dll+0x6ef58f]
V  [jvm.dll+0x6e80b5]
V  [jvm.dll+0x5f1036]
C  [ucrtbase.dll+0x21bb2]
C  [KERNEL32.DLL+0x17614]
C  [ntdll.dll+0x526a1]


---------------  P R O C E S S  ---------------

Threads class SMR info:
_java_thread_list=0x000002394cd42590, length=162, elements={
0x0000023930d1c000, 0x000002394be7c800, 0x000002394be80000, 0x000002394be9a800,
0x000002394be9c800, 0x000002394be9e800, 0x000002394beaa800, 0x000002394beb0000,
0x000002394beb1000, 0x000002394c963800, 0x000002394e5ec800, 0x000002394dfd8800,
0x000002394f858800, 0x000002394f891800, 0x000002394f893800, 0x000002394f892000,
0x000002394f0c3800, 0x000002394f0c7800, 0x000002394eb57800, 0x0000023955cd6800,
0x0000023955cd7000, 0x0000023955cd1800, 0x0000023955cd8000, 0x000002394f2e9000,
0x000002394d69d800, 0x000002394da6e000, 0x000002394f2e9800, 0x000002394f2eb800,
0x000002394f0c2000, 0x000002394f0c2800, 0x000002394f0bd000, 0x000002394f0be000,
0x000002394f0bf800, 0x000002394f0c6000, 0x000002394f0c0000, 0x000002394f0c7000,
0x000002394f0c1000, 0x000002394f0cb800, 0x000002394f0c8800, 0x000002394f0c9000,
0x000002394f0ca000, 0x000002394f0cb000, 0x000002394dafe000, 0x000002394db00000,
0x000002394dafc000, 0x000002394dafc800, 0x000002394daff000, 0x000002394db03000,
0x000002394db02800, 0x000002394db00800, 0x000002394dafd800, 0x000002394db09000,
0x000002394db04000, 0x000002394db05800, 0x000002394db06800, 0x000002394db09800,
0x000002394db0a800, 0x000002394db05000, 0x000002394db0b800, 0x000002394db0d000,
0x000002394db0c000, 0x000002394db07000, 0x000002394db0d800, 0x000002394db08000,
0x000002394db14800, 0x000002394db11000, 0x000002394db0f800, 0x000002394db0e800,
0x000002394db15000, 0x000002394db16000, 0x000002394db12000, 0x000002394db10000,
0x000002394db16800, 0x000002394db13800, 0x000002394db17800, 0x000002394db18800,
0x000002394db12800, 0x000002394db19000, 0x000002394db1a000, 0x000002394db1b000,
0x0000023958469000, 0x0000023958465800, 0x000002395846a800, 0x000002395846b800,
0x0000023958469800, 0x000002395846c000, 0x0000023958466800, 0x000002395846d000,
0x0000023958467000, 0x0000023958472800, 0x0000023958472000, 0x000002395846e800,
0x0000023958473800, 0x000002395846d800, 0x0000023958474800, 0x000002395846f800,
0x0000023958475000, 0x0000023958476000, 0x0000023958470000, 0x0000023958476800,
0x0000023958471000, 0x000002395847a000, 0x0000023958478800, 0x000002395847b800,
0x000002395847c800, 0x0000023958477800, 0x000002395847b000, 0x000002395847f000,
0x0000023958479000, 0x000002395847f800, 0x000002395847d800, 0x0000023958480800,
0x0000023958481800, 0x0000023958482000, 0x0000023958483000, 0x0000023958484000,
0x000002395847e000, 0x0000023958484800, 0x000002394e753000, 0x000002394e74f800,
0x000002394e74d800, 0x000002394e750800, 0x000002394e751800, 0x000002394e74e000,
0x000002394e754000, 0x000002394e754800, 0x000002394e74f000, 0x000002394e75a800,
0x000002394e755800, 0x000002394e75b000, 0x000002394e758000, 0x000002394e756000,
0x000002394e759800, 0x000002394e75c000, 0x000002394e757000, 0x000002394e758800,
0x000002394eb51000, 0x000002394eb54000, 0x000002394eb53000, 0x000002394eb50000,
0x000002394eb51800, 0x000002394eb52800, 0x000002394eb55000, 0x000002394eb4f000,
0x000002394eb5a000, 0x000002394eb5a800, 0x000002394eb5b800, 0x000002394eb55800,
0x000002394eb5c000, 0x000002394eb56800, 0x000002394eb5d000, 0x000002394eb59000,
0x000002394eb58000, 0x000002394da69000, 0x000002394da66800, 0x000002394da64000,
0x000002394da65000, 0x000002394da65800, 0x000002394da67800, 0x000002394da63800,
0x000002394da6a800, 0x000002394da6c000
}

Java Threads: ( => current thread )
  0x0000023930d1c000 JavaThread "main" [_thread_blocked, id=16108, stack(0x000000caecd00000,0x000000caece00000)]
  0x000002394be7c800 JavaThread "Reference Handler" daemon [_thread_blocked, id=15768, stack(0x000000caed400000,0x000000caed500000)]
  0x000002394be80000 JavaThread "Finalizer" daemon [_thread_blocked, id=10816, stack(0x000000caed500000,0x000000caed600000)]
  0x000002394be9a800 JavaThread "Signal Dispatcher" daemon [_thread_blocked, id=10412, stack(0x000000caed600000,0x000000caed700000)]
  0x000002394be9c800 JavaThread "Attach Listener" daemon [_thread_blocked, id=10628, stack(0x000000caed700000,0x000000caed800000)]
  0x000002394be9e800 JavaThread "Service Thread" daemon [_thread_blocked, id=10572, stack(0x000000caed800000,0x000000caed900000)]
=>0x000002394beaa800 JavaThread "C2 CompilerThread0" daemon [_thread_in_native, id=13032, stack(0x000000caed900000,0x000000caeda00000)]
  0x000002394beb0000 JavaThread "C1 CompilerThread0" daemon [_thread_blocked, id=10692, stack(0x000000caeda00000,0x000000caedb00000)]
  0x000002394beb1000 JavaThread "Sweeper thread" daemon [_thread_blocked, id=10868, stack(0x000000caedb00000,0x000000caedc00000)]
  0x000002394c963800 JavaThread "Common-Cleaner" daemon [_thread_blocked, id=10612, stack(0x000000caedc00000,0x000000caedd00000)]
  0x000002394e5ec800 JavaThread "Daemon health stats" [_thread_blocked, id=10484, stack(0x000000caee100000,0x000000caee200000)]
  0x000002394dfd8800 JavaThread "Incoming local TCP Connector on port 49824" [_thread_in_native, id=2040, stack(0x000000caede00000,0x000000caedf00000)]
  0x000002394f858800 JavaThread "Daemon periodic checks" [_thread_blocked, id=11352, stack(0x000000caee000000,0x000000caee100000)]
  0x000002394f891800 JavaThread "Cache worker for file hash cache (C:\Users\Marvin Marquez\.gradle\caches\6.8\fileHashes)" [_thread_blocked, id=15816, stack(0x000000caef300000,0x000000caef400000)]
  0x000002394f893800 JavaThread "File lock request listener" [_thread_in_native, id=15540, stack(0x000000caef400000,0x000000caef500000)]
  0x000002394f892000 JavaThread "Cache worker for journal cache (C:\Users\Marvin Marquez\.gradle\caches\journal-1)" [_thread_blocked, id=15908, stack(0x000000caef500000,0x000000caef600000)]
  0x000002394f0c3800 JavaThread "Cache worker for execution history cache (C:\Users\Marvin Marquez\.gradle\caches\6.8\executionHistory)" [_thread_blocked, id=11596, stack(0x000000caf0000000,0x000000caf0100000)]
  0x000002394f0c7800 JavaThread "Cache worker for file content cache (C:\Users\Marvin Marquez\.gradle\caches\6.8\fileContent)" [_thread_blocked, id=11836, stack(0x000000caf0100000,0x000000caf0200000)]
  0x000002394eb57800 JavaThread "Memory manager" [_thread_blocked, id=10836, stack(0x000000caf6e00000,0x000000caf6f00000)]
  0x0000023955cd6800 JavaThread "RMI Scheduler(0)" daemon [_thread_blocked, id=1564, stack(0x000000caef600000,0x000000caef700000)]
  0x0000023955cd7000 JavaThread "RMI GC Daemon" daemon [_thread_blocked, id=12072, stack(0x000000caf7800000,0x000000caf7900000)]
  0x0000023955cd1800 JavaThread "RMI TCP Accept-0" daemon [_thread_in_native, id=15320, stack(0x000000caf7900000,0x000000caf7a00000)]
  0x0000023955cd8000 JavaThread "RMI Reaper" [_thread_blocked, id=7896, stack(0x000000caf7a00000,0x000000caf7b00000)]
  0x000002394f2e9000 JavaThread "Cache worker for Java compile cache (C:\Users\Marvin Marquez\.gradle\caches\6.8\javaCompile)" [_thread_blocked, id=12240, stack(0x000000caf7300000,0x000000caf7400000)]
  0x000002394d69d800 JavaThread "ForkJoinPool.commonPool-worker-9" daemon [_thread_blocked, id=15400, stack(0x000000caf7d00000,0x000000caf7e00000)]
  0x000002394da6e000 JavaThread "ForkJoinPool.commonPool-worker-3" daemon [_thread_blocked, id=3204, stack(0x000000caf7c00000,0x000000caf7d00000)]
  0x000002394f2e9800 JavaThread "ForkJoinPool.commonPool-worker-15" daemon [_thread_blocked, id=13692, stack(0x000000caf7600000,0x000000caf7700000)]
  0x000002394f2eb800 JavaThread "ForkJoinPool.commonPool-worker-7" daemon [_thread_blocked, id=15896, stack(0x000000caf8100000,0x000000caf8200000)]
  0x000002394f0c2000 JavaThread "Daemon Thread 13" [_thread_blocked, id=15188, stack(0x000000caecb00000,0x000000caecc00000)]
  0x000002394f0c2800 JavaThread "Handler for socket connection from /127.0.0.1:49824 to /127.0.0.1:51364" [_thread_in_native, id=868, stack(0x000000caecc00000,0x000000caecd00000)]
  0x000002394f0bd000 JavaThread "Cancel handler" [_thread_blocked, id=3152, stack(0x000000caee200000,0x000000caee300000)]
  0x000002394f0be000 JavaThread "Daemon worker Thread 13" [_thread_blocked, id=7120, stack(0x000000caee300000,0x000000caee400000)]
  0x000002394f0bf800 JavaThread "Asynchronous log dispatcher for DefaultDaemonConnection: socket connection from /127.0.0.1:49824 to /127.0.0.1:51364" [_thread_blocked, id=15552, stack(0x000000caee400000,0x000000caee500000)]
  0x000002394f0c6000 JavaThread "Stdin handler" [_thread_blocked, id=7972, stack(0x000000caee500000,0x000000caee600000)]
  0x000002394f0c0000 JavaThread "Daemon client event forwarder" [_thread_blocked, id=2072, stack(0x000000caee700000,0x000000caee800000)]
  0x000002394f0c7000 JavaThread "Cache worker for file hash cache (C:\Users\Marvin Marquez\Desktop\MyApplication05\MyApplication05\.gradle\6.8\fileHashes)" [_thread_blocked, id=12956, stack(0x000000caee800000,0x000000caee900000)]
  0x000002394f0c1000 JavaThread "Cache worker for checksums cache (C:\Users\Marvin Marquez\Desktop\MyApplication05\MyApplication05\.gradle\checksums)" [_thread_blocked, id=12496, stack(0x000000caee900000,0x000000caeea00000)]
  0x000002394f0cb800 JavaThread "Cache worker for cache directory md-supplier (C:\Users\Marvin Marquez\.gradle\caches\6.8\md-supplier)" [_thread_blocked, id=1304, stack(0x000000caeea00000,0x000000caeeb00000)]
  0x000002394f0c8800 JavaThread "Cache worker for cache directory md-rule (C:\Users\Marvin Marquez\.gradle\caches\6.8\md-rule)" [_thread_blocked, id=1060, stack(0x000000caeeb00000,0x000000caeec00000)]
  0x000002394f0c9000 JavaThread "Cache worker for Build Output Cleanup Cache (C:\Users\Marvin Marquez\Desktop\MyApplication05\MyApplication05\.gradle\buildOutputCleanup)" [_thread_blocked, id=2228, stack(0x000000caef700000,0x000000caef800000)]
  0x000002394f0ca000 JavaThread "C2 CompilerThread1" daemon [_thread_in_vm, id=7204, stack(0x000000caef800000,0x000000caef900000)]
  0x000002394f0cb000 JavaThread "C2 CompilerThread2" daemon [_thread_in_native, id=1140, stack(0x000000caef900000,0x000000caefa00000)]
  0x000002394dafe000 JavaThread "Build operations" [_thread_in_native, id=7868, stack(0x000000caefa00000,0x000000caefb00000)]
  0x000002394db00000 JavaThread "Build operations Thread 2" [_thread_in_Java, id=11984, stack(0x000000caefb00000,0x000000caefc00000)]
  0x000002394dafc000 JavaThread "Build operations Thread 3" [_thread_blocked, id=10144, stack(0x000000caefc00000,0x000000caefd00000)]
  0x000002394dafc800 JavaThread "Build operations Thread 4" [_thread_in_native, id=3920, stack(0x000000caefd00000,0x000000caefe00000)]
  0x000002394daff000 JavaThread "Build operations Thread 5" [_thread_in_native, id=7904, stack(0x000000caefe00000,0x000000caeff00000)]
  0x000002394db03000 JavaThread "Build operations Thread 6" [_thread_in_native, id=2136, stack(0x000000caeff00000,0x000000caf0000000)]
  0x000002394db02800 JavaThread "Build operations Thread 7" [_thread_blocked, id=13632, stack(0x000000caf0200000,0x000000caf0300000)]
  0x000002394db00800 JavaThread "Build operations Thread 8" [_thread_blocked, id=14848, stack(0x000000caf0300000,0x000000caf0400000)]
  0x000002394dafd800 JavaThread "jar transforms Thread 1340" [_thread_blocked, id=14836, stack(0x000000caf0400000,0x000000caf0500000)]
  0x000002394db09000 JavaThread "jar transforms Thread 1341" [_thread_blocked, id=564, stack(0x000000caf0500000,0x000000caf0600000)]
  0x000002394db04000 JavaThread "jar transforms Thread 1342" [_thread_blocked, id=3776, stack(0x000000caf0600000,0x000000caf0700000)]
  0x000002394db05800 JavaThread "jar transforms Thread 1343" [_thread_blocked, id=11492, stack(0x000000caf0700000,0x000000caf0800000)]
  0x000002394db06800 JavaThread "jar transforms Thread 1344" [_thread_blocked, id=12124, stack(0x000000caf0800000,0x000000caf0900000)]
  0x000002394db09800 JavaThread "jar transforms Thread 1345" [_thread_blocked, id=12532, stack(0x000000caf0900000,0x000000caf0a00000)]
  0x000002394db0a800 JavaThread "jar transforms Thread 1346" [_thread_blocked, id=9284, stack(0x000000caf0a00000,0x000000caf0b00000)]
  0x000002394db05000 JavaThread "jar transforms Thread 1347" [_thread_blocked, id=1160, stack(0x000000caf0b00000,0x000000caf0c00000)]
  0x000002394db0b800 JavaThread "jar transforms Thread 1348" [_thread_blocked, id=3136, stack(0x000000caf0c00000,0x000000caf0d00000)]
  0x000002394db0d000 JavaThread "jar transforms Thread 1349" [_thread_blocked, id=8476, stack(0x000000caf0d00000,0x000000caf0e00000)]
  0x000002394db0c000 JavaThread "jar transforms Thread 1350" [_thread_blocked, id=3132, stack(0x000000caf0e00000,0x000000caf0f00000)]
  0x000002394db07000 JavaThread "jar transforms Thread 1351" [_thread_blocked, id=7588, stack(0x000000caf0f00000,0x000000caf1000000)]
  0x000002394db0d800 JavaThread "jar transforms Thread 1352" [_thread_blocked, id=8576, stack(0x000000caf1000000,0x000000caf1100000)]
  0x000002394db08000 JavaThread "jar transforms Thread 1353" [_thread_blocked, id=12004, stack(0x000000caf1100000,0x000000caf1200000)]
  0x000002394db14800 JavaThread "jar transforms Thread 1354" [_thread_blocked, id=7000, stack(0x000000caf1200000,0x000000caf1300000)]
  0x000002394db11000 JavaThread "jar transforms Thread 1355" [_thread_blocked, id=14924, stack(0x000000caf1300000,0x000000caf1400000)]
  0x000002394db0f800 JavaThread "jar transforms Thread 1356" [_thread_blocked, id=10640, stack(0x000000caf1400000,0x000000caf1500000)]
  0x000002394db0e800 JavaThread "jar transforms Thread 1357" [_thread_blocked, id=11840, stack(0x000000caf1500000,0x000000caf1600000)]
  0x000002394db15000 JavaThread "jar transforms Thread 1358" [_thread_blocked, id=15056, stack(0x000000caf1600000,0x000000caf1700000)]
  0x000002394db16000 JavaThread "jar transforms Thread 1359" [_thread_blocked, id=16244, stack(0x000000caf1700000,0x000000caf1800000)]
  0x000002394db12000 JavaThread "jar transforms Thread 1360" [_thread_blocked, id=6708, stack(0x000000caf1800000,0x000000caf1900000)]
  0x000002394db10000 JavaThread "jar transforms Thread 1361" [_thread_blocked, id=568, stack(0x000000caf1900000,0x000000caf1a00000)]
  0x000002394db16800 JavaThread "jar transforms Thread 1362" [_thread_blocked, id=15948, stack(0x000000caf1a00000,0x000000caf1b00000)]
  0x000002394db13800 JavaThread "jar transforms Thread 1363" [_thread_blocked, id=856, stack(0x000000caf1b00000,0x000000caf1c00000)]
  0x000002394db17800 JavaThread "jar transforms Thread 1364" [_thread_blocked, id=9264, stack(0x000000caf1c00000,0x000000caf1d00000)]
  0x000002394db18800 JavaThread "jar transforms Thread 1365" [_thread_blocked, id=8964, stack(0x000000caf1d00000,0x000000caf1e00000)]
  0x000002394db12800 JavaThread "jar transforms Thread 1366" [_thread_blocked, id=15380, stack(0x000000caf1e00000,0x000000caf1f00000)]
  0x000002394db19000 JavaThread "jar transforms Thread 1367" [_thread_blocked, id=14404, stack(0x000000caf1f00000,0x000000caf2000000)]
  0x000002394db1a000 JavaThread "jar transforms Thread 1368" [_thread_blocked, id=9496, stack(0x000000caf2000000,0x000000caf2100000)]
  0x000002394db1b000 JavaThread "jar transforms Thread 1369" [_thread_blocked, id=9628, stack(0x000000caf2100000,0x000000caf2200000)]
  0x0000023958469000 JavaThread "jar transforms Thread 1370" [_thread_blocked, id=8488, stack(0x000000caf2200000,0x000000caf2300000)]
  0x0000023958465800 JavaThread "jar transforms Thread 1371" [_thread_blocked, id=9184, stack(0x000000caf2300000,0x000000caf2400000)]
  0x000002395846a800 JavaThread "jar transforms Thread 1372" [_thread_blocked, id=2540, stack(0x000000caf2400000,0x000000caf2500000)]
  0x000002395846b800 JavaThread "jar transforms Thread 1373" [_thread_blocked, id=9832, stack(0x000000caf2500000,0x000000caf2600000)]
  0x0000023958469800 JavaThread "jar transforms Thread 1374" [_thread_blocked, id=10720, stack(0x000000caf2600000,0x000000caf2700000)]
  0x000002395846c000 JavaThread "jar transforms Thread 1375" [_thread_blocked, id=8008, stack(0x000000caf2700000,0x000000caf2800000)]
  0x0000023958466800 JavaThread "jar transforms Thread 1376" [_thread_blocked, id=3340, stack(0x000000caf2800000,0x000000caf2900000)]
  0x000002395846d000 JavaThread "jar transforms Thread 1377" [_thread_blocked, id=4072, stack(0x000000caf2900000,0x000000caf2a00000)]
  0x0000023958467000 JavaThread "jar transforms Thread 1378" [_thread_blocked, id=6624, stack(0x000000caf2a00000,0x000000caf2b00000)]
  0x0000023958472800 JavaThread "jar transforms Thread 1379" [_thread_blocked, id=10296, stack(0x000000caf2b00000,0x000000caf2c00000)]
  0x0000023958472000 JavaThread "jar transforms Thread 1380" [_thread_blocked, id=15416, stack(0x000000caf2c00000,0x000000caf2d00000)]
  0x000002395846e800 JavaThread "jar transforms Thread 1381" [_thread_blocked, id=6396, stack(0x000000caf2d00000,0x000000caf2e00000)]
  0x0000023958473800 JavaThread "jar transforms Thread 1382" [_thread_blocked, id=9676, stack(0x000000caf2e00000,0x000000caf2f00000)]
  0x000002395846d800 JavaThread "jar transforms Thread 1383" [_thread_blocked, id=15536, stack(0x000000caf2f00000,0x000000caf3000000)]
  0x0000023958474800 JavaThread "jar transforms Thread 1384" [_thread_blocked, id=6420, stack(0x000000caf3000000,0x000000caf3100000)]
  0x000002395846f800 JavaThread "jar transforms Thread 1385" [_thread_blocked, id=7524, stack(0x000000caf3100000,0x000000caf3200000)]
  0x0000023958475000 JavaThread "jar transforms Thread 1386" [_thread_blocked, id=7696, stack(0x000000caf3200000,0x000000caf3300000)]
  0x0000023958476000 JavaThread "jar transforms Thread 1387" [_thread_blocked, id=5884, stack(0x000000caf3300000,0x000000caf3400000)]
  0x0000023958470000 JavaThread "jar transforms Thread 1388" [_thread_blocked, id=11936, stack(0x000000caf3400000,0x000000caf3500000)]
  0x0000023958476800 JavaThread "jar transforms Thread 1389" [_thread_blocked, id=6476, stack(0x000000caf3500000,0x000000caf3600000)]
  0x0000023958471000 JavaThread "jar transforms Thread 1390" [_thread_blocked, id=12452, stack(0x000000caf3600000,0x000000caf3700000)]
  0x000002395847a000 JavaThread "jar transforms Thread 1391" [_thread_blocked, id=13696, stack(0x000000caf3700000,0x000000caf3800000)]
  0x0000023958478800 JavaThread "jar transforms Thread 1392" [_thread_blocked, id=4760, stack(0x000000caf3800000,0x000000caf3900000)]
  0x000002395847b800 JavaThread "jar transforms Thread 1393" [_thread_blocked, id=2260, stack(0x000000caf3900000,0x000000caf3a00000)]
  0x000002395847c800 JavaThread "jar transforms Thread 1394" [_thread_blocked, id=7224, stack(0x000000caf3a00000,0x000000caf3b00000)]
  0x0000023958477800 JavaThread "jar transforms Thread 1395" [_thread_blocked, id=15212, stack(0x000000caf3b00000,0x000000caf3c00000)]
  0x000002395847b000 JavaThread "jar transforms Thread 1396" [_thread_blocked, id=14832, stack(0x000000caf3c00000,0x000000caf3d00000)]
  0x000002395847f000 JavaThread "jar transforms Thread 1397" [_thread_blocked, id=7264, stack(0x000000caf3d00000,0x000000caf3e00000)]
  0x0000023958479000 JavaThread "jar transforms Thread 1398" [_thread_blocked, id=16164, stack(0x000000caf3e00000,0x000000caf3f00000)]
  0x000002395847f800 JavaThread "jar transforms Thread 1399" [_thread_blocked, id=3712, stack(0x000000caf3f00000,0x000000caf4000000)]
  0x000002395847d800 JavaThread "jar transforms Thread 1400" [_thread_blocked, id=15264, stack(0x000000caf4000000,0x000000caf4100000)]
  0x0000023958480800 JavaThread "jar transforms Thread 1401" [_thread_blocked, id=2720, stack(0x000000caf4100000,0x000000caf4200000)]
  0x0000023958481800 JavaThread "jar transforms Thread 1402" [_thread_blocked, id=4268, stack(0x000000caf4200000,0x000000caf4300000)]
  0x0000023958482000 JavaThread "jar transforms Thread 1403" [_thread_blocked, id=8876, stack(0x000000caf4300000,0x000000caf4400000)]
  0x0000023958483000 JavaThread "jar transforms Thread 1404" [_thread_blocked, id=8684, stack(0x000000caf4400000,0x000000caf4500000)]
  0x0000023958484000 JavaThread "jar transforms Thread 1405" [_thread_blocked, id=15012, stack(0x000000caf4500000,0x000000caf4600000)]
  0x000002395847e000 JavaThread "jar transforms Thread 1406" [_thread_blocked, id=15184, stack(0x000000caf4600000,0x000000caf4700000)]
  0x0000023958484800 JavaThread "jar transforms Thread 1407" [_thread_blocked, id=9328, stack(0x000000caf4700000,0x000000caf4800000)]
  0x000002394e753000 JavaThread "jar transforms Thread 1408" [_thread_blocked, id=14172, stack(0x000000caf4800000,0x000000caf4900000)]
  0x000002394e74f800 JavaThread "jar transforms Thread 1409" [_thread_blocked, id=4520, stack(0x000000caf4900000,0x000000caf4a00000)]
  0x000002394e74d800 JavaThread "jar transforms Thread 1410" [_thread_blocked, id=11356, stack(0x000000caf4a00000,0x000000caf4b00000)]
  0x000002394e750800 JavaThread "jar transforms Thread 1411" [_thread_blocked, id=6804, stack(0x000000caf4b00000,0x000000caf4c00000)]
  0x000002394e751800 JavaThread "jar transforms Thread 1412" [_thread_blocked, id=10132, stack(0x000000caf4c00000,0x000000caf4d00000)]
  0x000002394e74e000 JavaThread "jar transforms Thread 1413" [_thread_blocked, id=6044, stack(0x000000caf4d00000,0x000000caf4e00000)]
  0x000002394e754000 JavaThread "jar transforms Thread 1414" [_thread_blocked, id=15020, stack(0x000000caf4e00000,0x000000caf4f00000)]
  0x000002394e754800 JavaThread "jar transforms Thread 1415" [_thread_blocked, id=1616, stack(0x000000caf4f00000,0x000000caf5000000)]
  0x000002394e74f000 JavaThread "jar transforms Thread 1416" [_thread_blocked, id=6292, stack(0x000000caf5000000,0x000000caf5100000)]
  0x000002394e75a800 JavaThread "jar transforms Thread 1417" [_thread_blocked, id=224, stack(0x000000caf5100000,0x000000caf5200000)]
  0x000002394e755800 JavaThread "jar transforms Thread 1418" [_thread_blocked, id=3104, stack(0x000000caf5200000,0x000000caf5300000)]
  0x000002394e75b000 JavaThread "jar transforms Thread 1419" [_thread_blocked, id=11048, stack(0x000000caf5300000,0x000000caf5400000)]
  0x000002394e758000 JavaThread "jar transforms Thread 1420" [_thread_blocked, id=8136, stack(0x000000caf5400000,0x000000caf5500000)]
  0x000002394e756000 JavaThread "jar transforms Thread 1421" [_thread_blocked, id=5340, stack(0x000000caf5500000,0x000000caf5600000)]
  0x000002394e759800 JavaThread "jar transforms Thread 1422" [_thread_blocked, id=15928, stack(0x000000caf5600000,0x000000caf5700000)]
  0x000002394e75c000 JavaThread "jar transforms Thread 1423" [_thread_blocked, id=13104, stack(0x000000caf5700000,0x000000caf5800000)]
  0x000002394e757000 JavaThread "jar transforms Thread 1424" [_thread_blocked, id=8936, stack(0x000000caf5800000,0x000000caf5900000)]
  0x000002394e758800 JavaThread "jar transforms Thread 1425" [_thread_blocked, id=5224, stack(0x000000caf5900000,0x000000caf5a00000)]
  0x000002394eb51000 JavaThread "jar transforms Thread 1426" [_thread_blocked, id=10504, stack(0x000000caf5a00000,0x000000caf5b00000)]
  0x000002394eb54000 JavaThread "jar transforms Thread 1427" [_thread_blocked, id=2436, stack(0x000000caf5b00000,0x000000caf5c00000)]
  0x000002394eb53000 JavaThread "jar transforms Thread 1428" [_thread_blocked, id=15164, stack(0x000000caf5c00000,0x000000caf5d00000)]
  0x000002394eb50000 JavaThread "jar transforms Thread 1429" [_thread_blocked, id=7740, stack(0x000000caf5d00000,0x000000caf5e00000)]
  0x000002394eb51800 JavaThread "jar transforms Thread 1430" [_thread_blocked, id=3708, stack(0x000000caf5e00000,0x000000caf5f00000)]
  0x000002394eb52800 JavaThread "jar transforms Thread 1431" [_thread_blocked, id=16236, stack(0x000000caf5f00000,0x000000caf6000000)]
  0x000002394eb55000 JavaThread "jar transforms Thread 1432" [_thread_blocked, id=2772, stack(0x000000caf6000000,0x000000caf6100000)]
  0x000002394eb4f000 JavaThread "jar transforms Thread 1433" [_thread_blocked, id=15700, stack(0x000000caf6100000,0x000000caf6200000)]
  0x000002394eb5a000 JavaThread "jar transforms Thread 1434" [_thread_blocked, id=5416, stack(0x000000caf6200000,0x000000caf6300000)]
  0x000002394eb5a800 JavaThread "jar transforms Thread 1435" [_thread_blocked, id=1800, stack(0x000000caf6300000,0x000000caf6400000)]
  0x000002394eb5b800 JavaThread "jar transforms Thread 1436" [_thread_blocked, id=3548, stack(0x000000caf6400000,0x000000caf6500000)]
  0x000002394eb55800 JavaThread "jar transforms Thread 1437" [_thread_blocked, id=14432, stack(0x000000caf6500000,0x000000caf6600000)]
  0x000002394eb5c000 JavaThread "jar transforms Thread 1438" [_thread_blocked, id=944, stack(0x000000caf6600000,0x000000caf6700000)]
  0x000002394eb56800 JavaThread "jar transforms Thread 1439" [_thread_blocked, id=15892, stack(0x000000caf6700000,0x000000caf6800000)]
  0x000002394eb5d000 JavaThread "jar transforms Thread 1440" [_thread_blocked, id=6088, stack(0x000000caf6800000,0x000000caf6900000)]
  0x000002394eb59000 JavaThread "jar transforms Thread 1441" [_thread_blocked, id=9964, stack(0x000000caf6900000,0x000000caf6a00000)]
  0x000002394eb58000 JavaThread "jar transforms Thread 1442" [_thread_blocked, id=9096, stack(0x000000caf6a00000,0x000000caf6b00000)]
  0x000002394da69000 JavaThread "pool-29-thread-1" [_thread_blocked, id=484, stack(0x000000caf6b00000,0x000000caf6c00000)]
  0x000002394da66800 JavaThread "Execution worker for ':'" [_thread_in_Java, id=1732, stack(0x000000caf6c00000,0x000000caf6d00000)]
  0x000002394da64000 JavaThread "Execution worker for ':' Thread 2" [_thread_blocked, id=10228, stack(0x000000caf6d00000,0x000000caf6e00000)]
  0x000002394da65000 JavaThread "Execution worker for ':' Thread 3" [_thread_blocked, id=13716, stack(0x000000caf6f00000,0x000000caf7000000)]
  0x000002394da65800 JavaThread "Execution worker for ':' Thread 4" [_thread_blocked, id=8980, stack(0x000000caf7000000,0x000000caf7100000)]
  0x000002394da67800 JavaThread "Execution worker for ':' Thread 5" [_thread_blocked, id=2500, stack(0x000000caf7100000,0x000000caf7200000)]
  0x000002394da63800 JavaThread "Execution worker for ':' Thread 6" [_thread_blocked, id=15788, stack(0x000000caf7200000,0x000000caf7300000)]
  0x000002394da6a800 JavaThread "Execution worker for ':' Thread 7" [_thread_blocked, id=12888, stack(0x000000caf7400000,0x000000caf7500000)]
  0x000002394da6c000 JavaThread "Cache worker for execution history cache (C:\Users\Marvin Marquez\Desktop\MyApplication05\MyApplication05\.gradle\6.8\executionHistory)" [_thread_blocked, id=3508, stack(0x000000caf7500000,0x000000caf7600000)]

Other Threads:
  0x000002394be59000 VMThread "VM Thread" [stack: 0x000000caed300000,0x000000caed400000] [id=15760]
  0x000002394c991800 WatcherThread [stack: 0x000000caedd00000,0x000000caede00000] [id=10632]
  0x0000023932d22800 GCTaskThread "GC Thread#0" [stack: 0x000000caece00000,0x000000caecf00000] [id=9672]
  0x000002394d39e000 GCTaskThread "GC Thread#1" [stack: 0x000000caedf00000,0x000000caee000000] [id=10900]
  0x000002394f1f6800 GCTaskThread "GC Thread#2" [stack: 0x000000caeec00000,0x000000caeed00000] [id=8132]
  0x000002394f1f7000 GCTaskThread "GC Thread#3" [stack: 0x000000caeed00000,0x000000caeee00000] [id=15052]
  0x000002394e70a800 GCTaskThread "GC Thread#4" [stack: 0x000000caeee00000,0x000000caeef00000] [id=12024]
  0x000002394e70b000 GCTaskThread "GC Thread#5" [stack: 0x000000caeef00000,0x000000caef000000] [id=15004]
  0x000002394f165000 GCTaskThread "GC Thread#6" [stack: 0x000000caef000000,0x000000caef100000] [id=11312]
  0x000002394f166000 GCTaskThread "GC Thread#7" [stack: 0x000000caef100000,0x000000caef200000] [id=9224]
  0x0000023932d49000 ConcurrentGCThread "G1 Main Marker" [stack: 0x000000caecf00000,0x000000caed000000] [id=12112]
  0x0000023932d4b800 ConcurrentGCThread "G1 Conc#0" [stack: 0x000000caed000000,0x000000caed100000] [id=15156]
  0x000002394f544000 ConcurrentGCThread "G1 Conc#1" [stack: 0x000000caee600000,0x000000caee700000] [id=15868]
  0x0000023932dda000 ConcurrentGCThread "G1 Refine#0" [stack: 0x000000caed100000,0x000000caed200000] [id=8804]
  0x000002394f56d800 ConcurrentGCThread "G1 Refine#1" [stack: 0x000000caef200000,0x000000caef300000] [id=9652]
  0x0000023932ddb000 ConcurrentGCThread "G1 Young RemSet Sampling" [stack: 0x000000caed200000,0x000000caed300000] [id=12836]

Threads with active compile tasks:
C2 CompilerThread06418972 24308       4       org.gradle.api.internal.artifacts.ivyservice.resolveengine.graph.builder.NodeState::maybeSubstitute (118 bytes)
C2 CompilerThread16418972 24343       4       org.gradle.api.internal.tasks.properties.bean.AbstractNestedRuntimeBeanNode::visitProperties (138 bytes)
C2 CompilerThread26418972 24342   !   4       org.gradle.internal.resources.DefaultResourceLockCoordinationService::withStateLock (264 bytes)

VM state:not at safepoint (normal execution)

VM Mutex/Monitor currently owned by a thread: None

Heap address: 0x00000000a0000000, size: 1536 MB, Compressed Oops mode: 32-bit
Narrow klass base: 0x0000000000000000, Narrow klass shift: 3
Compressed class space size: 1073741824 Address: 0x0000000100000000

Heap:
 garbage-first heap   total 165888K, used 109862K [0x00000000a0000000, 0x0000000100000000)
  region size 1024K, 4 young (4096K), 2 survivors (2048K)
 Metaspace       used 109459K, capacity 113707K, committed 114084K, reserved 1148928K
  class space    used 13621K, capacity 15057K, committed 15180K, reserved 1048576K
Heap Regions: E=young(eden), S=young(survivor), O=old, HS=humongous(starts), HC=humongous(continues), CS=collection set, F=free, A=archive, TAMS=top-at-mark-start (previous, next)
|   0|0x00000000a0000000, 0x00000000a0100000, 0x00000000a0100000|100%| O|  |TAMS 0x00000000a0100000, 0x00000000a0000000| Complete 
|   1|0x00000000a0100000, 0x00000000a0200000, 0x00000000a0200000|100%| O|  |TAMS 0x00000000a0200000, 0x00000000a0100000| Untracked 
|   2|0x00000000a0200000, 0x00000000a0300000, 0x00000000a0300000|100%| O|  |TAMS 0x00000000a0300000, 0x00000000a0200000| Untracked 
|   3|0x00000000a0300000, 0x00000000a0400000, 0x00000000a0400000|100%|HS|  |TAMS 0x00000000a0400000, 0x00000000a0300000| Complete 
|   4|0x00000000a0400000, 0x00000000a0500000, 0x00000000a0500000|100%|HC|  |TAMS 0x00000000a0500000, 0x00000000a0400000| Complete 
|   5|0x00000000a0500000, 0x00000000a0600000, 0x00000000a0600000|100%|HC|  |TAMS 0x00000000a0600000, 0x00000000a0500000| Complete 
|   6|0x00000000a0600000, 0x00000000a0700000, 0x00000000a0700000|100%| O|  |TAMS 0x00000000a0700000, 0x00000000a0600000| Untracked 
|   7|0x00000000a0700000, 0x00000000a0800000, 0x00000000a0800000|100%| O|  |TAMS 0x00000000a0800000, 0x00000000a0700000| Untracked 
|   8|0x00000000a0800000, 0x00000000a0900000, 0x00000000a0900000|100%| O|  |TAMS 0x00000000a0900000, 0x00000000a0800000| Complete 
|   9|0x00000000a0900000, 0x00000000a0a00000, 0x00000000a0a00000|100%| O|  |TAMS 0x00000000a0a00000, 0x00000000a0900000| Untracked 
|  10|0x00000000a0a00000, 0x00000000a0b00000, 0x00000000a0b00000|100%| O|  |TAMS 0x00000000a0b00000, 0x00000000a0a00000| Complete 
|  11|0x00000000a0b00000, 0x00000000a0c00000, 0x00000000a0c00000|100%| O|  |TAMS 0x00000000a0c00000, 0x00000000a0b00000| Untracked 
|  12|0x00000000a0c00000, 0x00000000a0d00000, 0x00000000a0d00000|100%| O|  |TAMS 0x00000000a0d00000, 0x00000000a0c00000| Untracked 
|  13|0x00000000a0d00000, 0x00000000a0e00000, 0x00000000a0e00000|100%| O|  |TAMS 0x00000000a0e00000, 0x00000000a0d00000| Untracked 
|  14|0x00000000a0e00000, 0x00000000a0f00000, 0x00000000a0f00000|100%| O|  |TAMS 0x00000000a0f00000, 0x00000000a0e00000| Complete 
|  15|0x00000000a0f00000, 0x00000000a1000000, 0x00000000a1000000|100%|HS|  |TAMS 0x00000000a1000000, 0x00000000a0f00000| Complete 
|  16|0x00000000a1000000, 0x00000000a1100000, 0x00000000a1100000|100%|HC|  |TAMS 0x00000000a1100000, 0x00000000a1000000| Complete 
|  17|0x00000000a1100000, 0x00000000a1200000, 0x00000000a1200000|100%|HS|  |TAMS 0x00000000a1200000, 0x00000000a1100000| Complete 
|  18|0x00000000a1200000, 0x00000000a1300000, 0x00000000a1300000|100%|HC|  |TAMS 0x00000000a1300000, 0x00000000a1200000| Complete 
|  19|0x00000000a1300000, 0x00000000a1400000, 0x00000000a1400000|100%|HC|  |TAMS 0x00000000a1400000, 0x00000000a1300000| Complete 
|  20|0x00000000a1400000, 0x00000000a1500000, 0x00000000a1500000|100%|HS|  |TAMS 0x00000000a1500000, 0x00000000a1400000| Complete 
|  21|0x00000000a1500000, 0x00000000a1600000, 0x00000000a1600000|100%|HC|  |TAMS 0x00000000a1600000, 0x00000000a1500000| Complete 
|  22|0x00000000a1600000, 0x00000000a1700000, 0x00000000a1700000|100%|HC|  |TAMS 0x00000000a1700000, 0x00000000a1600000| Complete 
|  23|0x00000000a1700000, 0x00000000a1800000, 0x00000000a1800000|100%|HC|  |TAMS 0x00000000a1800000, 0x00000000a1700000| Complete 
|  24|0x00000000a1800000, 0x00000000a1900000, 0x00000000a1900000|100%| O|  |TAMS 0x00000000a1900000, 0x00000000a1800000| Complete 
|  25|0x00000000a1900000, 0x00000000a1a00000, 0x00000000a1a00000|100%| O|  |TAMS 0x00000000a1a00000, 0x00000000a1900000| Complete 
|  26|0x00000000a1a00000, 0x00000000a1b00000, 0x00000000a1b00000|100%| O|  |TAMS 0x00000000a1b00000, 0x00000000a1a00000| Complete 
|  27|0x00000000a1b00000, 0x00000000a1c00000, 0x00000000a1c00000|100%| O|  |TAMS 0x00000000a1c00000, 0x00000000a1b00000| Complete 
|  28|0x00000000a1c00000, 0x00000000a1d00000, 0x00000000a1d00000|100%| O|  |TAMS 0x00000000a1d00000, 0x00000000a1c00000| Complete 
|  29|0x00000000a1d00000, 0x00000000a1e00000, 0x00000000a1e00000|100%| O|  |TAMS 0x00000000a1e00000, 0x00000000a1d00000| Untracked 
|  30|0x00000000a1e00000, 0x00000000a1f00000, 0x00000000a1f00000|100%| O|  |TAMS 0x00000000a1f00000, 0x00000000a1e00000| Untracked 
|  31|0x00000000a1f00000, 0x00000000a2000000, 0x00000000a2000000|100%| O|  |TAMS 0x00000000a2000000, 0x00000000a1f00000| Complete 
|  32|0x00000000a2000000, 0x00000000a2100000, 0x00000000a2100000|100%| O|  |TAMS 0x00000000a2100000, 0x00000000a2000000| Untracked 
|  33|0x00000000a2100000, 0x00000000a2200000, 0x00000000a2200000|100%| O|  |TAMS 0x00000000a2200000, 0x00000000a2100000| Complete 
|  34|0x00000000a2200000, 0x00000000a2300000, 0x00000000a2300000|100%|HS|  |TAMS 0x00000000a2300000, 0x00000000a2200000| Complete 
|  35|0x00000000a2300000, 0x00000000a2400000, 0x00000000a2400000|100%|HC|  |TAMS 0x00000000a2400000, 0x00000000a2300000| Complete 
|  36|0x00000000a2400000, 0x00000000a2500000, 0x00000000a2500000|100%|HC|  |TAMS 0x00000000a2500000, 0x00000000a2400000| Complete 
|  37|0x00000000a2500000, 0x00000000a2600000, 0x00000000a2600000|100%| O|  |TAMS 0x00000000a2600000, 0x00000000a2500000| Complete 
|  38|0x00000000a2600000, 0x00000000a2700000, 0x00000000a2700000|100%|HS|  |TAMS 0x00000000a2700000, 0x00000000a2600000| Complete 
|  39|0x00000000a2700000, 0x00000000a2800000, 0x00000000a2800000|100%|HC|  |TAMS 0x00000000a2800000, 0x00000000a2700000| Complete 
|  40|0x00000000a2800000, 0x00000000a2900000, 0x00000000a2900000|100%| O|  |TAMS 0x00000000a2900000, 0x00000000a2800000| Complete 
|  41|0x00000000a2900000, 0x00000000a2a00000, 0x00000000a2a00000|100%| O|  |TAMS 0x00000000a2a00000, 0x00000000a2900000| Untracked 
|  42|0x00000000a2a00000, 0x00000000a2b00000, 0x00000000a2b00000|100%| O|  |TAMS 0x00000000a2b00000, 0x00000000a2a00000| Complete 
|  43|0x00000000a2b00000, 0x00000000a2c00000, 0x00000000a2c00000|100%| O|  |TAMS 0x00000000a2c00000, 0x00000000a2b00000| Untracked 
|  44|0x00000000a2c00000, 0x00000000a2d00000, 0x00000000a2d00000|100%| O|  |TAMS 0x00000000a2d00000, 0x00000000a2c00000| Complete 
|  45|0x00000000a2d00000, 0x00000000a2e00000, 0x00000000a2e00000|100%| O|  |TAMS 0x00000000a2e00000, 0x00000000a2d00000| Complete 
|  46|0x00000000a2e00000, 0x00000000a2f00000, 0x00000000a2f00000|100%| O|  |TAMS 0x00000000a2f00000, 0x00000000a2e00000| Complete 
|  47|0x00000000a2f00000, 0x00000000a3000000, 0x00000000a3000000|100%| O|  |TAMS 0x00000000a3000000, 0x00000000a2f00000| Untracked 
|  48|0x00000000a3000000, 0x00000000a3100000, 0x00000000a3100000|100%| O|  |TAMS 0x00000000a3100000, 0x00000000a3000000| Untracked 
|  49|0x00000000a3100000, 0x00000000a3200000, 0x00000000a3200000|100%| O|  |TAMS 0x00000000a3200000, 0x00000000a3100000| Untracked 
|  50|0x00000000a3200000, 0x00000000a3300000, 0x00000000a3300000|100%| O|  |TAMS 0x00000000a3300000, 0x00000000a3200000| Untracked 
|  51|0x00000000a3300000, 0x00000000a3400000, 0x00000000a3400000|100%| O|  |TAMS 0x00000000a3400000, 0x00000000a3300000| Complete 
|  52|0x00000000a3400000, 0x00000000a3500000, 0x00000000a3500000|100%| O|  |TAMS 0x00000000a3500000, 0x00000000a3400000| Complete 
|  53|0x00000000a3500000, 0x00000000a3600000, 0x00000000a3600000|100%| O|  |TAMS 0x00000000a3600000, 0x00000000a3500000| Complete 
|  54|0x00000000a3600000, 0x00000000a3700000, 0x00000000a3700000|100%| O|  |TAMS 0x00000000a3700000, 0x00000000a3600000| Untracked 
|  55|0x00000000a3700000, 0x00000000a3800000, 0x00000000a3800000|100%| O|  |TAMS 0x00000000a3800000, 0x00000000a3700000| Complete 
|  56|0x00000000a3800000, 0x00000000a3900000, 0x00000000a3900000|100%| O|  |TAMS 0x00000000a3900000, 0x00000000a3800000| Untracked 
|  57|0x00000000a3900000, 0x00000000a3a00000, 0x00000000a3a00000|100%| O|  |TAMS 0x00000000a3a00000, 0x00000000a3900000| Complete 
|  58|0x00000000a3a00000, 0x00000000a3b00000, 0x00000000a3b00000|100%| O|  |TAMS 0x00000000a3b00000, 0x00000000a3a00000| Complete 
|  59|0x00000000a3b00000, 0x00000000a3c00000, 0x00000000a3c00000|100%| O|  |TAMS 0x00000000a3c00000, 0x00000000a3b00000| Complete 
|  60|0x00000000a3c00000, 0x00000000a3d00000, 0x00000000a3d00000|100%| O|  |TAMS 0x00000000a3d00000, 0x00000000a3c00000| Untracked 
|  61|0x00000000a3d00000, 0x00000000a3e00000, 0x00000000a3e00000|100%| O|  |TAMS 0x00000000a3e00000, 0x00000000a3d00000| Complete 
|  62|0x00000000a3e00000, 0x00000000a3f00000, 0x00000000a3f00000|100%| O|  |TAMS 0x00000000a3f00000, 0x00000000a3e00000| Complete 
|  63|0x00000000a3f00000, 0x00000000a4000000, 0x00000000a4000000|100%| O|  |TAMS 0x00000000a4000000, 0x00000000a3f00000| Untracked 
|  64|0x00000000a4000000, 0x00000000a4100000, 0x00000000a4100000|100%| O|  |TAMS 0x00000000a4100000, 0x00000000a4000000| Untracked 
|  65|0x00000000a4100000, 0x00000000a4200000, 0x00000000a4200000|100%| O|  |TAMS 0x00000000a4200000, 0x00000000a4100000| Untracked 
|  66|0x00000000a4200000, 0x00000000a4300000, 0x00000000a4300000|100%| O|  |TAMS 0x00000000a4300000, 0x00000000a4200000| Untracked 
|  67|0x00000000a4300000, 0x00000000a4400000, 0x00000000a4400000|100%| O|  |TAMS 0x00000000a4400000, 0x00000000a4300000| Complete 
|  68|0x00000000a4400000, 0x00000000a4500000, 0x00000000a4500000|100%| O|  |TAMS 0x00000000a4500000, 0x00000000a4400000| Complete 
|  69|0x00000000a4500000, 0x00000000a4600000, 0x00000000a4600000|100%| O|  |TAMS 0x00000000a4600000, 0x00000000a4500000| Untracked 
|  70|0x00000000a4600000, 0x00000000a4700000, 0x00000000a4700000|100%| O|  |TAMS 0x00000000a4700000, 0x00000000a4600000| Untracked 
|  71|0x00000000a4700000, 0x00000000a4800000, 0x00000000a4800000|100%| O|  |TAMS 0x00000000a4800000, 0x00000000a4700000| Complete 
|  72|0x00000000a4800000, 0x00000000a4900000, 0x00000000a4900000|100%| O|  |TAMS 0x00000000a4900000, 0x00000000a4800000| Untracked 
|  73|0x00000000a4900000, 0x00000000a4a00000, 0x00000000a4a00000|100%| O|  |TAMS 0x00000000a4a00000, 0x00000000a4900000| Complete 
|  74|0x00000000a4a00000, 0x00000000a4b00000, 0x00000000a4b00000|100%| O|  |TAMS 0x00000000a4b00000, 0x00000000a4a00000| Complete 
|  75|0x00000000a4b00000, 0x00000000a4c00000, 0x00000000a4c00000|100%| O|  |TAMS 0x00000000a4c00000, 0x00000000a4b00000| Untracked 
|  76|0x00000000a4c00000, 0x00000000a4d00000, 0x00000000a4d00000|100%| O|  |TAMS 0x00000000a4d00000, 0x00000000a4c00000| Untracked 
|  77|0x00000000a4d00000, 0x00000000a4e00000, 0x00000000a4e00000|100%| O|  |TAMS 0x00000000a4e00000, 0x00000000a4d00000| Complete 
|  78|0x00000000a4e00000, 0x00000000a4f00000, 0x00000000a4f00000|100%| O|  |TAMS 0x00000000a4f00000, 0x00000000a4e00000| Untracked 
|  79|0x00000000a4f00000, 0x00000000a5000000, 0x00000000a5000000|100%| O|  |TAMS 0x00000000a5000000, 0x00000000a4f00000| Complete 
|  80|0x00000000a5000000, 0x00000000a5100000, 0x00000000a5100000|100%| O|  |TAMS 0x00000000a5100000, 0x00000000a5000000| Untracked 
|  81|0x00000000a5100000, 0x00000000a5200000, 0x00000000a5200000|100%| O|  |TAMS 0x00000000a5200000, 0x00000000a5100000| Complete 
|  82|0x00000000a5200000, 0x00000000a5300000, 0x00000000a5300000|100%| O|  |TAMS 0x00000000a5300000, 0x00000000a5200000| Complete 
|  83|0x00000000a5300000, 0x00000000a5400000, 0x00000000a5400000|100%| O|  |TAMS 0x00000000a5400000, 0x00000000a5300000| Untracked 
|  84|0x00000000a5400000, 0x00000000a5500000, 0x00000000a5500000|100%| O|  |TAMS 0x00000000a5500000, 0x00000000a5400000| Complete 
|  85|0x00000000a5500000, 0x00000000a5600000, 0x00000000a5600000|100%| O|  |TAMS 0x00000000a5600000, 0x00000000a5500000| Complete 
|  86|0x00000000a5600000, 0x00000000a5700000, 0x00000000a5700000|100%| O|  |TAMS 0x00000000a5700000, 0x00000000a5600000| Complete 
|  87|0x00000000a5700000, 0x00000000a5800000, 0x00000000a5800000|100%| O|  |TAMS 0x00000000a5800000, 0x00000000a5700000| Complete 
|  88|0x00000000a5800000, 0x00000000a5900000, 0x00000000a5900000|100%| O|  |TAMS 0x00000000a5900000, 0x00000000a5800000| Complete 
|  89|0x00000000a5900000, 0x00000000a5a00000, 0x00000000a5a00000|100%| O|  |TAMS 0x00000000a5a00000, 0x00000000a5900000| Complete 
|  90|0x00000000a5a00000, 0x00000000a5b00000, 0x00000000a5b00000|100%| O|  |TAMS 0x00000000a5b00000, 0x00000000a5a00000| Untracked 
|  91|0x00000000a5b00000, 0x00000000a5c00000, 0x00000000a5c00000|100%| O|  |TAMS 0x00000000a5b87400, 0x00000000a5b00000| Untracked 
|  92|0x00000000a5c00000, 0x00000000a5d00000, 0x00000000a5d00000|100%| O|  |TAMS 0x00000000a5d00000, 0x00000000a5c00000| Complete 
|  93|0x00000000a5d00000, 0x00000000a5e00000, 0x00000000a5e00000|100%| O|  |TAMS 0x00000000a5e00000, 0x00000000a5d00000| Complete 
|  94|0x00000000a5e00000, 0x00000000a5f00000, 0x00000000a5f00000|100%| O|  |TAMS 0x00000000a5f00000, 0x00000000a5e00000| Untracked 
|  95|0x00000000a5f00000, 0x00000000a6000000, 0x00000000a6000000|100%| O|  |TAMS 0x00000000a6000000, 0x00000000a5f00000| Untracked 
|  96|0x00000000a6000000, 0x00000000a6100000, 0x00000000a6100000|100%| O|  |TAMS 0x00000000a6100000, 0x00000000a6000000| Complete 
|  97|0x00000000a6100000, 0x00000000a6200000, 0x00000000a6200000|100%| O|  |TAMS 0x00000000a6200000, 0x00000000a6100000| Complete 
|  98|0x00000000a6200000, 0x00000000a6300000, 0x00000000a6300000|100%| O|  |TAMS 0x00000000a6300000, 0x00000000a6200000| Untracked 
|  99|0x00000000a6300000, 0x00000000a6400000, 0x00000000a6400000|100%| O|  |TAMS 0x00000000a6300000, 0x00000000a6300000| Untracked 
| 100|0x00000000a6400000, 0x00000000a6500000, 0x00000000a6500000|100%| O|  |TAMS 0x00000000a6500000, 0x00000000a6400000| Complete 
| 101|0x00000000a6500000, 0x00000000a6600000, 0x00000000a6600000|100%| O|  |TAMS 0x00000000a6600000, 0x00000000a6500000| Complete 
| 102|0x00000000a6600000, 0x00000000a6700000, 0x00000000a6700000|100%| O|  |TAMS 0x00000000a6700000, 0x00000000a6600000| Complete 
| 103|0x00000000a6700000, 0x00000000a6800000, 0x00000000a6800000|100%| O|  |TAMS 0x00000000a6700000, 0x00000000a6700000| Untracked 
| 104|0x00000000a6800000, 0x00000000a6900000, 0x00000000a6900000|100%| O|  |TAMS 0x00000000a6800000, 0x00000000a6800000| Untracked 
| 105|0x00000000a6900000, 0x00000000a696d200, 0x00000000a6a00000| 42%| O|  |TAMS 0x00000000a6900000, 0x00000000a6900000| Untracked 
| 106|0x00000000a6a00000, 0x00000000a6a00000, 0x00000000a6b00000|  0%| F|  |TAMS 0x00000000a6a00000, 0x00000000a6a00000| Untracked 
| 107|0x00000000a6b00000, 0x00000000a6b00000, 0x00000000a6c00000|  0%| F|  |TAMS 0x00000000a6b00000, 0x00000000a6b00000| Untracked 
| 108|0x00000000a6c00000, 0x00000000a6c00000, 0x00000000a6d00000|  0%| F|  |TAMS 0x00000000a6c00000, 0x00000000a6c00000| Untracked 
| 109|0x00000000a6d00000, 0x00000000a6d00000, 0x00000000a6e00000|  0%| F|  |TAMS 0x00000000a6d00000, 0x00000000a6d00000| Untracked 
| 110|0x00000000a6e00000, 0x00000000a6e00000, 0x00000000a6f00000|  0%| F|  |TAMS 0x00000000a6e00000, 0x00000000a6e00000| Untracked 
| 111|0x00000000a6f00000, 0x00000000a6f00000, 0x00000000a7000000|  0%| F|  |TAMS 0x00000000a6f00000, 0x00000000a6f00000| Untracked 
| 112|0x00000000a7000000, 0x00000000a7000000, 0x00000000a7100000|  0%| F|  |TAMS 0x00000000a7000000, 0x00000000a7000000| Untracked 
| 113|0x00000000a7100000, 0x00000000a7100000, 0x00000000a7200000|  0%| F|  |TAMS 0x00000000a7100000, 0x00000000a7100000| Untracked 
| 114|0x00000000a7200000, 0x00000000a7200000, 0x00000000a7300000|  0%| F|  |TAMS 0x00000000a7200000, 0x00000000a7200000| Untracked 
| 115|0x00000000a7300000, 0x00000000a7300000, 0x00000000a7400000|  0%| F|  |TAMS 0x00000000a7300000, 0x00000000a7300000| Untracked 
| 116|0x00000000a7400000, 0x00000000a7400000, 0x00000000a7500000|  0%| F|  |TAMS 0x00000000a7400000, 0x00000000a7400000| Untracked 
| 117|0x00000000a7500000, 0x00000000a7500000, 0x00000000a7600000|  0%| F|  |TAMS 0x00000000a7500000, 0x00000000a7500000| Untracked 
| 118|0x00000000a7600000, 0x00000000a7600000, 0x00000000a7700000|  0%| F|  |TAMS 0x00000000a7600000, 0x00000000a7600000| Untracked 
| 119|0x00000000a7700000, 0x00000000a7700000, 0x00000000a7800000|  0%| F|  |TAMS 0x00000000a7700000, 0x00000000a7700000| Untracked 
| 120|0x00000000a7800000, 0x00000000a7800000, 0x00000000a7900000|  0%| F|  |TAMS 0x00000000a7800000, 0x00000000a7800000| Untracked 
| 121|0x00000000a7900000, 0x00000000a7900000, 0x00000000a7a00000|  0%| F|  |TAMS 0x00000000a7900000, 0x00000000a7900000| Untracked 
| 122|0x00000000a7a00000, 0x00000000a7a00000, 0x00000000a7b00000|  0%| F|  |TAMS 0x00000000a7a00000, 0x00000000a7a00000| Untracked 
| 123|0x00000000a7b00000, 0x00000000a7b00000, 0x00000000a7c00000|  0%| F|  |TAMS 0x00000000a7b00000, 0x00000000a7b00000| Untracked 
| 124|0x00000000a7c00000, 0x00000000a7c00000, 0x00000000a7d00000|  0%| F|  |TAMS 0x00000000a7c00000, 0x00000000a7c00000| Untracked 
| 125|0x00000000a7d00000, 0x00000000a7d00000, 0x00000000a7e00000|  0%| F|  |TAMS 0x00000000a7d00000, 0x00000000a7d00000| Untracked 
| 126|0x00000000a7e00000, 0x00000000a7e00000, 0x00000000a7f00000|  0%| F|  |TAMS 0x00000000a7e00000, 0x00000000a7e00000| Untracked 
| 127|0x00000000a7f00000, 0x00000000a7f00000, 0x00000000a8000000|  0%| F|  |TAMS 0x00000000a7f00000, 0x00000000a7f00000| Untracked 
| 128|0x00000000a8000000, 0x00000000a8000000, 0x00000000a8100000|  0%| F|  |TAMS 0x00000000a8000000, 0x00000000a8000000| Untracked 
| 129|0x00000000a8100000, 0x00000000a8100000, 0x00000000a8200000|  0%| F|  |TAMS 0x00000000a8100000, 0x00000000a8100000| Untracked 
| 130|0x00000000a8200000, 0x00000000a8200000, 0x00000000a8300000|  0%| F|  |TAMS 0x00000000a8200000, 0x00000000a8200000| Untracked 
| 131|0x00000000a8300000, 0x00000000a8300000, 0x00000000a8400000|  0%| F|  |TAMS 0x00000000a8300000, 0x00000000a8300000| Untracked 
| 132|0x00000000a8400000, 0x00000000a84dc9a0, 0x00000000a8500000| 86%| S|CS|TAMS 0x00000000a8400000, 0x00000000a8400000| Complete 
| 133|0x00000000a8500000, 0x00000000a8600000, 0x00000000a8600000|100%| S|CS|TAMS 0x00000000a8500000, 0x00000000a8500000| Complete 
| 134|0x00000000a8600000, 0x00000000a8600000, 0x00000000a8700000|  0%| F|  |TAMS 0x00000000a8600000, 0x00000000a8600000| Untracked 
| 135|0x00000000a8700000, 0x00000000a8700000, 0x00000000a8800000|  0%| F|  |TAMS 0x00000000a8700000, 0x00000000a8700000| Untracked 
| 136|0x00000000a8800000, 0x00000000a8800000, 0x00000000a8900000|  0%| F|  |TAMS 0x00000000a8800000, 0x00000000a8800000| Untracked 
| 137|0x00000000a8900000, 0x00000000a8900000, 0x00000000a8a00000|  0%| F|  |TAMS 0x00000000a8900000, 0x00000000a8900000| Untracked 
| 138|0x00000000a8a00000, 0x00000000a8a00000, 0x00000000a8b00000|  0%| F|  |TAMS 0x00000000a8a00000, 0x00000000a8a00000| Untracked 
| 139|0x00000000a8b00000, 0x00000000a8b00000, 0x00000000a8c00000|  0%| F|  |TAMS 0x00000000a8b00000, 0x00000000a8b00000| Untracked 
| 140|0x00000000a8c00000, 0x00000000a8c00000, 0x00000000a8d00000|  0%| F|  |TAMS 0x00000000a8c00000, 0x00000000a8c00000| Untracked 
| 141|0x00000000a8d00000, 0x00000000a8d00000, 0x00000000a8e00000|  0%| F|  |TAMS 0x00000000a8d00000, 0x00000000a8d00000| Untracked 
| 142|0x00000000a8e00000, 0x00000000a8e00000, 0x00000000a8f00000|  0%| F|  |TAMS 0x00000000a8e00000, 0x00000000a8e00000| Untracked 
| 143|0x00000000a8f00000, 0x00000000a8f00000, 0x00000000a9000000|  0%| F|  |TAMS 0x00000000a8f00000, 0x00000000a8f00000| Untracked 
| 144|0x00000000a9000000, 0x00000000a9000000, 0x00000000a9100000|  0%| F|  |TAMS 0x00000000a9000000, 0x00000000a9000000| Untracked 
| 145|0x00000000a9100000, 0x00000000a9100000, 0x00000000a9200000|  0%| F|  |TAMS 0x00000000a9100000, 0x00000000a9100000| Untracked 
| 146|0x00000000a9200000, 0x00000000a9200000, 0x00000000a9300000|  0%| F|  |TAMS 0x00000000a9200000, 0x00000000a9200000| Untracked 
| 147|0x00000000a9300000, 0x00000000a9300000, 0x00000000a9400000|  0%| F|  |TAMS 0x00000000a9300000, 0x00000000a9300000| Untracked 
| 148|0x00000000a9400000, 0x00000000a9400000, 0x00000000a9500000|  0%| F|  |TAMS 0x00000000a9400000, 0x00000000a9400000| Untracked 
| 149|0x00000000a9500000, 0x00000000a9500000, 0x00000000a9600000|  0%| F|  |TAMS 0x00000000a9500000, 0x00000000a9500000| Untracked 
| 150|0x00000000a9600000, 0x00000000a9600000, 0x00000000a9700000|  0%| F|  |TAMS 0x00000000a9600000, 0x00000000a9600000| Untracked 
| 151|0x00000000a9700000, 0x00000000a9700000, 0x00000000a9800000|  0%| F|  |TAMS 0x00000000a9700000, 0x00000000a9700000| Untracked 
| 152|0x00000000a9800000, 0x00000000a9800000, 0x00000000a9900000|  0%| F|  |TAMS 0x00000000a9800000, 0x00000000a9800000| Untracked 
| 153|0x00000000a9900000, 0x00000000a9900000, 0x00000000a9a00000|  0%| F|  |TAMS 0x00000000a9900000, 0x00000000a9900000| Untracked 
| 154|0x00000000a9a00000, 0x00000000a9a00000, 0x00000000a9b00000|  0%| F|  |TAMS 0x00000000a9a00000, 0x00000000a9a00000| Untracked 
| 155|0x00000000a9b00000, 0x00000000a9b00000, 0x00000000a9c00000|  0%| F|  |TAMS 0x00000000a9b00000, 0x00000000a9b00000| Untracked 
| 156|0x00000000a9c00000, 0x00000000a9c00000, 0x00000000a9d00000|  0%| F|  |TAMS 0x00000000a9c00000, 0x00000000a9c00000| Untracked 
| 157|0x00000000a9d00000, 0x00000000a9d00000, 0x00000000a9e00000|  0%| F|  |TAMS 0x00000000a9d00000, 0x00000000a9d00000| Untracked 
| 158|0x00000000a9e00000, 0x00000000a9e00000, 0x00000000a9f00000|  0%| F|  |TAMS 0x00000000a9e00000, 0x00000000a9e00000| Untracked 
| 159|0x00000000a9f00000, 0x00000000a9f00000, 0x00000000aa000000|  0%| F|  |TAMS 0x00000000a9f00000, 0x00000000a9f00000| Untracked 
| 160|0x00000000aa000000, 0x00000000aa0855b8, 0x00000000aa100000| 52%| E|  |TAMS 0x00000000aa000000, 0x00000000aa000000| Complete 
| 161|0x00000000aa100000, 0x00000000aa200000, 0x00000000aa200000|100%| E|  |TAMS 0x00000000aa100000, 0x00000000aa100000| Complete 

Card table byte_map: [0x0000023945e40000,0x0000023946140000] _byte_map_base: 0x0000023945940000

Marking Bits (Prev, Next): (CMBitMap*) 0x0000023932d42480, (CMBitMap*) 0x0000023932d42448
 Prev Bits: [0x0000023947c40000, 0x0000023949440000)
 Next Bits: [0x0000023946440000, 0x0000023947c40000)

Polling page: 0x0000023930eb0000

Metaspace:

Usage:
  Non-class:     96.34 MB capacity,    93.59 MB ( 97%) used,     2.30 MB (  2%) free+waste,   459.25 KB ( <1%) overhead. 
      Class:     14.70 MB capacity,    13.30 MB ( 90%) used,     1.20 MB (  8%) free+waste,   204.94 KB (  1%) overhead. 
       Both:    111.04 MB capacity,   106.89 MB ( 96%) used,     3.50 MB (  3%) free+waste,   664.19 KB ( <1%) overhead. 

Virtual space:
  Non-class space:       98.00 MB reserved,      96.59 MB ( 99%) committed 
      Class space:        1.00 GB reserved,      14.82 MB (  1%) committed 
             Both:        1.10 GB reserved,     111.41 MB ( 10%) committed 

Chunk freelists:
   Non-Class:  0 bytes
       Class:  0 bytes
        Both:  0 bytes

MaxMetaspaceSize: 17179869184.00 GB
CompressedClassSpaceSize: 1.00 GB

CodeHeap 'non-profiled nmethods': size=120000Kb used=18461Kb max_used=18461Kb free=101538Kb
 bounds [0x000002393e2e0000, 0x000002393f4f0000, 0x0000023945810000]
CodeHeap 'profiled nmethods': size=120000Kb used=49541Kb max_used=49541Kb free=70458Kb
 bounds [0x0000023936db0000, 0x0000023939e30000, 0x000002393e2e0000]
CodeHeap 'non-nmethods': size=5760Kb used=2336Kb max_used=2411Kb free=3423Kb
 bounds [0x0000023936810000, 0x0000023936a80000, 0x0000023936db0000]
 total_blobs=22537 nmethods=21581 adapters=864
 compilation: enabled
              stopped_count=0, restarted_count=0
 full_count=0

Compilation events (20 events):
Event: 6418.794 Thread 0x000002394beb0000 24328       3       com.sun.org.apache.xerces.internal.impl.XMLDocumentScannerImpl::getRecognizedProperties (54 bytes)
Event: 6418.794 Thread 0x000002394beb0000 nmethod 24328 0x0000023939e1cd10 code [0x0000023939e1cf20, 0x0000023939e1d4c8]
Event: 6418.794 Thread 0x000002394beb0000 24329       3       com.sun.org.apache.xerces.internal.impl.dtd.XMLDTDValidator::<init> (226 bytes)
Event: 6418.796 Thread 0x000002394beb0000 nmethod 24329 0x0000023939e1d690 code [0x0000023939e1da00, 0x0000023939e1f6e8]
Event: 6418.796 Thread 0x000002394beb0000 24330       3       com.sun.org.apache.xerces.internal.impl.dtd.XMLDTDValidator::getRecognizedFeatures (10 bytes)
Event: 6418.796 Thread 0x000002394beb0000 nmethod 24330 0x0000023939e1fe10 code [0x0000023939e1ffe0, 0x0000023939e20288]
Event: 6418.796 Thread 0x000002394beb0000 24331       3       com.sun.org.apache.xerces.internal.impl.dtd.XMLDTDValidator::getRecognizedProperties (10 bytes)
Event: 6418.797 Thread 0x000002394beb0000 nmethod 24331 0x0000023939e20390 code [0x0000023939e20560, 0x0000023939e20808]
Event: 6418.808 Thread 0x000002394f0cb000 nmethod 24315 0x000002393f4dd310 code [0x000002393f4dd520, 0x000002393f4df038]
Event: 6418.808 Thread 0x000002394f0cb000 24323       4       org.gradle.api.internal.artifacts.transform.DefaultTransformedVariantFactory$$Lambda$744/0x00000001009cb440::apply (32 bytes)
Event: 6418.822 Thread 0x000002394beb0000 24332       3       sun.nio.ch.Util$1::initialValue (8 bytes)
Event: 6418.823 Thread 0x000002394beb0000 nmethod 24332 0x0000023939e20910 code [0x0000023939e20ae0, 0x0000023939e20df8]
Event: 6418.823 Thread 0x000002394beb0000 24333       3       sun.nio.ch.Util$BufferCache::<init> (15 bytes)
Event: 6418.823 Thread 0x000002394beb0000 nmethod 24333 0x0000023939e20f10 code [0x0000023939e210c0, 0x0000023939e21318]
Event: 6418.843 Thread 0x000002394f0ca000 nmethod 24322 0x000002393f4df890 code [0x000002393f4dfba0, 0x000002393f4e1750]
Event: 6418.843 Thread 0x000002394f0ca000 24320       4       org.gradle.api.internal.artifacts.configurations.DefaultConfiguration_Decorated::getResolutionStrategy (40 bytes)
Event: 6418.882 Thread 0x000002394f0cb000 nmethod 24323 0x000002393f4e2490 code [0x000002393f4e27c0, 0x000002393f4e47f0]
Event: 6418.882 Thread 0x000002394f0cb000 24334       4       org.gradle.internal.execution.steps.IdentityCacheStep$$Lambda$952/0x0000000100a68440::apply (5 bytes)
Event: 6418.882 Thread 0x000002394f0cb000 nmethod 24334 0x000002393f4e5790 code [0x000002393f4e5920, 0x000002393f4e5978]
Event: 6418.897 Thread 0x000002394f0cb000 24335       4       org.gradle.internal.execution.steps.IdentityCacheStep$$Lambda$939/0x0000000100a64c40::get (16 bytes)

GC Heap History (20 events):
Event: 6210.491 GC heap before
{Heap before GC invocations=216 (full 0):
 garbage-first heap   total 165888K, used 130211K [0x00000000a0000000, 0x0000000100000000)
  region size 1024K, 38 young (38912K), 1 survivors (1024K)
 Metaspace       used 109173K, capacity 113483K, committed 113700K, reserved 1148928K
  class space    used 13591K, capacity 15003K, committed 15052K, reserved 1048576K
}
Event: 6210.496 GC heap after
{Heap after GC invocations=217 (full 0):
 garbage-first heap   total 165888K, used 94249K [0x00000000a0000000, 0x0000000100000000)
  region size 1024K, 2 young (2048K), 2 survivors (2048K)
 Metaspace       used 109173K, capacity 113483K, committed 113700K, reserved 1148928K
  class space    used 13591K, capacity 15003K, committed 15052K, reserved 1048576K
}
Event: 6210.749 GC heap before
{Heap before GC invocations=218 (full 0):
 garbage-first heap   total 165888K, used 132137K [0x00000000a0000000, 0x0000000100000000)
  region size 1024K, 40 young (40960K), 2 survivors (2048K)
 Metaspace       used 109283K, capacity 113609K, committed 113700K, reserved 1148928K
  class space    used 13609K, capacity 15036K, committed 15052K, reserved 1048576K
}
Event: 6210.755 GC heap after
{Heap after GC invocations=219 (full 0):
 garbage-first heap   total 165888K, used 95972K [0x00000000a0000000, 0x0000000100000000)
  region size 1024K, 4 young (4096K), 4 survivors (4096K)
 Metaspace       used 109283K, capacity 113609K, committed 113700K, reserved 1148928K
  class space    used 13609K, capacity 15036K, committed 15052K, reserved 1048576K
}
Event: 6210.785 GC heap before
{Heap before GC invocations=219 (full 0):
 garbage-first heap   total 165888K, used 100068K [0x00000000a0000000, 0x0000000100000000)
  region size 1024K, 8 young (8192K), 4 survivors (4096K)
 Metaspace       used 109294K, capacity 113610K, committed 113700K, reserved 1148928K
  class space    used 13609K, capacity 15036K, committed 15052K, reserved 1048576K
}
Event: 6210.791 GC heap after
{Heap after GC invocations=220 (full 0):
 garbage-first heap   total 165888K, used 90582K [0x00000000a0000000, 0x0000000100000000)
  region size 1024K, 1 young (1024K), 1 survivors (1024K)
 Metaspace       used 109294K, capacity 113610K, committed 113700K, reserved 1148928K
  class space    used 13609K, capacity 15036K, committed 15052K, reserved 1048576K
}
Event: 6211.239 GC heap before
{Heap before GC invocations=220 (full 0):
 garbage-first heap   total 165888K, used 131542K [0x00000000a0000000, 0x0000000100000000)
  region size 1024K, 42 young (43008K), 1 survivors (1024K)
 Metaspace       used 109309K, capacity 113611K, committed 113700K, reserved 1148928K
  class space    used 13609K, capacity 15036K, committed 15052K, reserved 1048576K
}
Event: 6211.245 GC heap after
{Heap after GC invocations=221 (full 0):
 garbage-first heap   total 165888K, used 96716K [0x00000000a0000000, 0x0000000100000000)
  region size 1024K, 6 young (6144K), 6 survivors (6144K)
 Metaspace       used 109309K, capacity 113611K, committed 113700K, reserved 1148928K
  class space    used 13609K, capacity 15036K, committed 15052K, reserved 1048576K
}
Event: 6211.434 GC heap before
{Heap before GC invocations=222 (full 0):
 garbage-first heap   total 165888K, used 133580K [0x00000000a0000000, 0x0000000100000000)
  region size 1024K, 43 young (44032K), 6 survivors (6144K)
 Metaspace       used 109310K, capacity 113611K, committed 113700K, reserved 1148928K
  class space    used 13609K, capacity 15036K, committed 15052K, reserved 1048576K
}
Event: 6211.447 GC heap after
{Heap after GC invocations=223 (full 0):
 garbage-first heap   total 165888K, used 103816K [0x00000000a0000000, 0x0000000100000000)
  region size 1024K, 6 young (6144K), 6 survivors (6144K)
 Metaspace       used 109310K, capacity 113611K, committed 113700K, reserved 1148928K
  class space    used 13609K, capacity 15036K, committed 15052K, reserved 1048576K
}
Event: 6211.451 GC heap before
{Heap before GC invocations=223 (full 0):
 garbage-first heap   total 165888K, used 105864K [0x00000000a0000000, 0x0000000100000000)
  region size 1024K, 8 young (8192K), 6 survivors (6144K)
 Metaspace       used 109310K, capacity 113611K, committed 113700K, reserved 1148928K
  class space    used 13609K, capacity 15036K, committed 15052K, reserved 1048576K
}
Event: 6211.462 GC heap after
{Heap after GC invocations=224 (full 0):
 garbage-first heap   total 165888K, used 104254K [0x00000000a0000000, 0x0000000100000000)
  region size 1024K, 1 young (1024K), 1 survivors (1024K)
 Metaspace       used 109310K, capacity 113611K, committed 113700K, reserved 1148928K
  class space    used 13609K, capacity 15036K, committed 15052K, reserved 1048576K
}
Event: 6211.469 GC heap before
{Heap before GC invocations=224 (full 0):
 garbage-first heap   total 165888K, used 107326K [0x00000000a0000000, 0x0000000100000000)
  region size 1024K, 5 young (5120K), 1 survivors (1024K)
 Metaspace       used 109310K, capacity 113611K, committed 113700K, reserved 1148928K
  class space    used 13609K, capacity 15036K, committed 15052K, reserved 1048576K
}
Event: 6211.472 GC heap after
{Heap after GC invocations=225 (full 0):
 garbage-first heap   total 165888K, used 103668K [0x00000000a0000000, 0x0000000100000000)
  region size 1024K, 1 young (1024K), 1 survivors (1024K)
 Metaspace       used 109310K, capacity 113611K, committed 113700K, reserved 1148928K
  class space    used 13609K, capacity 15036K, committed 15052K, reserved 1048576K
}
Event: 6345.945 GC heap before
{Heap before GC invocations=226 (full 0):
 garbage-first heap   total 165888K, used 139508K [0x00000000a0000000, 0x0000000100000000)
  region size 1024K, 30 young (30720K), 1 survivors (1024K)
 Metaspace       used 109382K, capacity 113705K, committed 113828K, reserved 1148928K
  class space    used 13620K, capacity 15057K, committed 15180K, reserved 1048576K
}
Event: 6345.947 GC heap after
{Heap after GC invocations=227 (full 0):
 garbage-first heap   total 165888K, used 103781K [0x00000000a0000000, 0x0000000100000000)
  region size 1024K, 1 young (1024K), 1 survivors (1024K)
 Metaspace       used 109382K, capacity 113705K, committed 113828K, reserved 1148928K
  class space    used 13620K, capacity 15057K, committed 15180K, reserved 1048576K
}
Event: 6418.490 GC heap before
{Heap before GC invocations=227 (full 0):
 garbage-first heap   total 165888K, used 110949K [0x00000000a0000000, 0x0000000100000000)
  region size 1024K, 8 young (8192K), 1 survivors (1024K)
 Metaspace       used 109412K, capacity 113707K, committed 114084K, reserved 1148928K
  class space    used 13620K, capacity 15057K, committed 15180K, reserved 1048576K
}
Event: 6418.494 GC heap after
{Heap after GC invocations=228 (full 0):
 garbage-first heap   total 165888K, used 104385K [0x00000000a0000000, 0x0000000100000000)
  region size 1024K, 1 young (1024K), 1 survivors (1024K)
 Metaspace       used 109412K, capacity 113707K, committed 114084K, reserved 1148928K
  class space    used 13620K, capacity 15057K, committed 15180K, reserved 1048576K
}
Event: 6418.719 GC heap before
{Heap before GC invocations=228 (full 0):
 garbage-first heap   total 165888K, used 134081K [0x00000000a0000000, 0x0000000100000000)
  region size 1024K, 31 young (31744K), 1 survivors (1024K)
 Metaspace       used 109442K, capacity 113707K, committed 114084K, reserved 1148928K
  class space    used 13621K, capacity 15057K, committed 15180K, reserved 1048576K
}
Event: 6418.737 GC heap after
{Heap after GC invocations=229 (full 0):
 garbage-first heap   total 165888K, used 108061K [0x00000000a0000000, 0x0000000100000000)
  region size 1024K, 4 young (4096K), 4 survivors (4096K)
 Metaspace       used 109442K, capacity 113707K, committed 114084K, reserved 1148928K
  class space    used 13621K, capacity 15057K, committed 15180K, reserved 1048576K
}

Deoptimization events (20 events):
Event: 6211.403 Thread 0x000002394f0c6000 DEOPT PACKING pc=0x0000023939de9b3b sp=0x000000caf8dfe8e0
Event: 6211.403 Thread 0x000002394f0c6000 DEOPT UNPACKING pc=0x0000023936836dde sp=0x000000caf8dfddc8 mode 0
Event: 6211.405 Thread 0x000002394f0c6000 DEOPT PACKING pc=0x0000023939de9b3b sp=0x000000caf8dfe8e0
Event: 6211.405 Thread 0x000002394f0c6000 DEOPT UNPACKING pc=0x0000023936836dde sp=0x000000caf8dfddc8 mode 0
Event: 6211.411 Thread 0x000002394f0c6000 DEOPT PACKING pc=0x0000023939de9b3b sp=0x000000caf8dfe900
Event: 6211.411 Thread 0x000002394f0c6000 DEOPT UNPACKING pc=0x0000023936836dde sp=0x000000caf8dfdde8 mode 0
Event: 6211.413 Thread 0x000002394f0c6000 DEOPT PACKING pc=0x0000023939de9b3b sp=0x000000caf8dfe900
Event: 6211.413 Thread 0x000002394f0c6000 DEOPT UNPACKING pc=0x0000023936836dde sp=0x000000caf8dfdde8 mode 0
Event: 6211.427 Thread 0x000002394f0c6000 DEOPT PACKING pc=0x00000239395e3b63 sp=0x000000caf8dfe640
Event: 6211.427 Thread 0x000002394f0c6000 DEOPT UNPACKING pc=0x0000023936836dde sp=0x000000caf8dfdba8 mode 0
Event: 6211.430 Thread 0x000002394f0c6000 DEOPT PACKING pc=0x00000239395e3b63 sp=0x000000caf8dfeac0
Event: 6211.430 Thread 0x000002394f0c6000 DEOPT UNPACKING pc=0x0000023936836dde sp=0x000000caf8dfe028 mode 0
Event: 6211.431 Thread 0x000002394f0c6000 DEOPT PACKING pc=0x00000239395e3a6f sp=0x000000caf8dfeac0
Event: 6211.431 Thread 0x000002394f0c6000 DEOPT UNPACKING pc=0x0000023936836dde sp=0x000000caf8dfe028 mode 0
Event: 6418.505 Thread 0x000002394f0be000 Uncommon trap: trap_request=0xffffffdc fr.pc=0x000002393f4b6634 relative=0x00000000000001f4
Event: 6418.505 Thread 0x000002394f0be000 Uncommon trap: reason=class_check action=make_not_entrant pc=0x000002393f4b6634 method=com.google.common.collect.Platform.copy([Ljava/lang/Object;II[Ljava/lang/Object;)[Ljava/lang/Object; @ 7 c2
Event: 6418.505 Thread 0x000002394f0be000 DEOPT PACKING pc=0x000002393f4b6634 sp=0x000000caee3f9390
Event: 6418.505 Thread 0x000002394f0be000 DEOPT UNPACKING pc=0x000002393683662f sp=0x000000caee3f92b0 mode 2
Event: 6418.630 Thread 0x000002394f0be000 DEOPT PACKING pc=0x0000023938ce29b6 sp=0x000000caee3fa230
Event: 6418.630 Thread 0x000002394f0be000 DEOPT UNPACKING pc=0x0000023936836dde sp=0x000000caee3f9790 mode 0

Classes redefined (0 events):
No events

Internal exceptions (20 events):
Event: 6210.893 Thread 0x000002394f2ee800 Exception <a 'sun/nio/fs/WindowsException'{0x00000000a93e3220}> (0x00000000a93e3220) thrown at [./src/hotspot/share/prims/jni.cpp, line 615]
Event: 6210.894 Thread 0x000002394f2ee800 Exception <a 'sun/nio/fs/WindowsException'{0x00000000a93ec588}> (0x00000000a93ec588) thrown at [./src/hotspot/share/prims/jni.cpp, line 615]
Event: 6210.896 Thread 0x000002394f2ee800 Exception <a 'sun/nio/fs/WindowsException'{0x00000000a93f3ea0}> (0x00000000a93f3ea0) thrown at [./src/hotspot/share/prims/jni.cpp, line 615]
Event: 6210.898 Thread 0x000002394f2ee800 Exception <a 'sun/nio/fs/WindowsException'{0x00000000a93fbfc8}> (0x00000000a93fbfc8) thrown at [./src/hotspot/share/prims/jni.cpp, line 615]
Event: 6210.900 Thread 0x000002394f2ee800 Exception <a 'sun/nio/fs/WindowsException'{0x00000000a91c3410}> (0x00000000a91c3410) thrown at [./src/hotspot/share/prims/jni.cpp, line 615]
Event: 6210.901 Thread 0x000002394f2ee800 Exception <a 'sun/nio/fs/WindowsException'{0x00000000a91cbac0}> (0x00000000a91cbac0) thrown at [./src/hotspot/share/prims/jni.cpp, line 615]
Event: 6210.903 Thread 0x000002394f2ee800 Exception <a 'sun/nio/fs/WindowsException'{0x00000000a91d2790}> (0x00000000a91d2790) thrown at [./src/hotspot/share/prims/jni.cpp, line 615]
Event: 6210.905 Thread 0x000002394f2ee800 Exception <a 'sun/nio/fs/WindowsException'{0x00000000a91db0a8}> (0x00000000a91db0a8) thrown at [./src/hotspot/share/prims/jni.cpp, line 615]
Event: 6210.906 Thread 0x000002394f2ee800 Exception <a 'sun/nio/fs/WindowsException'{0x00000000a91e3c28}> (0x00000000a91e3c28) thrown at [./src/hotspot/share/prims/jni.cpp, line 615]
Event: 6210.908 Thread 0x000002394f2ee800 Exception <a 'sun/nio/fs/WindowsException'{0x00000000a91efc40}> (0x00000000a91efc40) thrown at [./src/hotspot/share/prims/jni.cpp, line 615]
Event: 6210.910 Thread 0x000002394f2ee800 Exception <a 'sun/nio/fs/WindowsException'{0x00000000a91f82c0}> (0x00000000a91f82c0) thrown at [./src/hotspot/share/prims/jni.cpp, line 615]
Event: 6210.911 Thread 0x000002394f2ee800 Exception <a 'sun/nio/fs/WindowsException'{0x00000000a91ff0c0}> (0x00000000a91ff0c0) thrown at [./src/hotspot/share/prims/jni.cpp, line 615]
Event: 6210.913 Thread 0x000002394f2ee800 Exception <a 'sun/nio/fs/WindowsException'{0x00000000a8fc61b0}> (0x00000000a8fc61b0) thrown at [./src/hotspot/share/prims/jni.cpp, line 615]
Event: 6210.914 Thread 0x000002394f2ee800 Exception <a 'sun/nio/fs/WindowsException'{0x00000000a8fce800}> (0x00000000a8fce800) thrown at [./src/hotspot/share/prims/jni.cpp, line 615]
Event: 6210.916 Thread 0x000002394f2ee800 Exception <a 'sun/nio/fs/WindowsException'{0x00000000a8fd94e8}> (0x00000000a8fd94e8) thrown at [./src/hotspot/share/prims/jni.cpp, line 615]
Event: 6210.919 Thread 0x000002394f2ee800 Exception <a 'sun/nio/fs/WindowsException'{0x00000000a8dc72b8}> (0x00000000a8dc72b8) thrown at [./src/hotspot/share/prims/jni.cpp, line 615]
Event: 6211.235 Thread 0x000002394f0bf800 Exception <a 'sun/nio/fs/WindowsException'{0x00000000a8181438}> (0x00000000a8181438) thrown at [./src/hotspot/share/prims/jni.cpp, line 615]
Event: 6211.505 Thread 0x000002394f0c6000 Exception <a 'sun/nio/fs/WindowsException'{0x00000000a9e97b60}> (0x00000000a9e97b60) thrown at [./src/hotspot/share/prims/jni.cpp, line 615]
Event: 6211.818 Thread 0x000002394da66800 Exception <a 'sun/nio/fs/WindowsException'{0x00000000a886c150}> (0x00000000a886c150) thrown at [./src/hotspot/share/prims/jni.cpp, line 615]
Event: 6418.563 Thread 0x000002394f0be000 Exception <a 'sun/nio/fs/WindowsException'{0x00000000a9353928}> (0x00000000a9353928) thrown at [./src/hotspot/share/prims/jni.cpp, line 615]

Events (20 events):
Event: 6418.547 Thread 0x000002394eb58000 Thread added: 0x000002394eb58000
Event: 6418.564 Thread 0x000002394da69000 Thread added: 0x000002394da69000
Event: 6418.708 loading class org/gradle/api/internal/artifacts/ivyservice/resolveengine/graph/builder/ResolveState$1
Event: 6418.708 loading class org/gradle/api/internal/artifacts/ivyservice/resolveengine/graph/builder/ResolveState$1 done
Event: 6418.719 Executing VM operation: G1CollectForAllocation
Event: 6418.737 Executing VM operation: G1CollectForAllocation done
Event: 6418.778 Thread 0x000002394da66800 Thread added: 0x000002394da66800
Event: 6418.778 Thread 0x000002394da64000 Thread added: 0x000002394da64000
Event: 6418.778 Thread 0x000002394da65000 Thread added: 0x000002394da65000
Event: 6418.778 Thread 0x000002394da65800 Thread added: 0x000002394da65800
Event: 6418.778 Thread 0x000002394da67800 Thread added: 0x000002394da67800
Event: 6418.778 Thread 0x000002394da63800 Thread added: 0x000002394da63800
Event: 6418.779 Thread 0x000002394da6a800 Thread added: 0x000002394da6a800
Event: 6418.779 Thread 0x000002394da6c000 Thread added: 0x000002394da6c000
Event: 6418.784 Executing VM operation: RevokeBias
Event: 6418.784 Executing VM operation: RevokeBias done
Event: 6418.814 Executing VM operation: RevokeBias
Event: 6418.815 Executing VM operation: RevokeBias done
Event: 6418.864 Executing VM operation: CGC_Operation
Event: 6418.878 Executing VM operation: CGC_Operation done


Dynamic libraries:
0x00007ff6c8590000 - 0x00007ff6c859a000 	C:\Program Files\Android\Android Studio\jre\bin\java.exe
0x00007fffa7590000 - 0x00007fffa7788000 	C:\Windows\SYSTEM32\ntdll.dll
0x00007fffa72f0000 - 0x00007fffa73af000 	C:\Windows\System32\KERNEL32.DLL
0x00007fffa4f20000 - 0x00007fffa51f2000 	C:\Windows\System32\KERNELBASE.dll
0x00007fffa54d0000 - 0x00007fffa55d0000 	C:\Windows\System32\ucrtbase.dll
0x00007fff9da30000 - 0x00007fff9da47000 	C:\Program Files\Android\Android Studio\jre\bin\VCRUNTIME140.dll
0x00007fff9da10000 - 0x00007fff9da29000 	C:\Program Files\Android\Android Studio\jre\bin\jli.dll
0x00007fffa6100000 - 0x00007fffa62a1000 	C:\Windows\System32\USER32.dll
0x00007fffa4ef0000 - 0x00007fffa4f12000 	C:\Windows\System32\win32u.dll
0x00007fff8acd0000 - 0x00007fff8af6a000 	C:\Windows\WinSxS\amd64_microsoft.windows.common-controls_6595b64144ccf1df_6.0.19041.1110_none_60b5254171f9507e\COMCTL32.dll
0x00007fffa74e0000 - 0x00007fffa750b000 	C:\Windows\System32\GDI32.dll
0x00007fffa5710000 - 0x00007fffa57ae000 	C:\Windows\System32\msvcrt.dll
0x00007fffa53c0000 - 0x00007fffa54cf000 	C:\Windows\System32\gdi32full.dll
0x00007fffa4e50000 - 0x00007fffa4eed000 	C:\Windows\System32\msvcp_win.dll
0x00007fffa7510000 - 0x00007fffa7542000 	C:\Windows\System32\IMM32.DLL
0x00007fff8eee0000 - 0x00007fff8ef7d000 	C:\Program Files\Android\Android Studio\jre\bin\msvcp140.dll
0x00007fff3d6e0000 - 0x00007fff3e1b5000 	C:\Program Files\Android\Android Studio\jre\bin\server\jvm.dll
0x00007fffa5bc0000 - 0x00007fffa5c6e000 	C:\Windows\System32\ADVAPI32.dll
0x00007fffa7080000 - 0x00007fffa711c000 	C:\Windows\System32\sechost.dll
0x00007fffa73b0000 - 0x00007fffa74d5000 	C:\Windows\System32\RPCRT4.dll
0x00007fffa68b0000 - 0x00007fffa68b8000 	C:\Windows\System32\PSAPI.DLL
0x00007fffa1d90000 - 0x00007fffa1db7000 	C:\Windows\SYSTEM32\WINMM.dll
0x00007fff9ac30000 - 0x00007fff9ac39000 	C:\Windows\SYSTEM32\WSOCK32.dll
0x00007fff98750000 - 0x00007fff9875a000 	C:\Windows\SYSTEM32\VERSION.dll
0x00007fffa68c0000 - 0x00007fffa692b000 	C:\Windows\System32\WS2_32.dll
0x00007fffa34d0000 - 0x00007fffa34e2000 	C:\Windows\SYSTEM32\kernel.appcore.dll
0x00007fff99740000 - 0x00007fff99751000 	C:\Program Files\Android\Android Studio\jre\bin\verify.dll
0x00007fffa2d30000 - 0x00007fffa2f14000 	C:\Windows\SYSTEM32\DBGHELP.DLL
0x00007fff9aa50000 - 0x00007fff9aa85000 	C:\Windows\SYSTEM32\dbgcore.DLL
0x00007fffa52b0000 - 0x00007fffa5332000 	C:\Windows\System32\bcryptPrimitives.dll
0x00007fff699d0000 - 0x00007fff699f9000 	C:\Program Files\Android\Android Studio\jre\bin\java.dll
0x00007fff9ac20000 - 0x00007fff9ac2b000 	C:\Program Files\Android\Android Studio\jre\bin\jimage.dll
0x00007fff72350000 - 0x00007fff72368000 	C:\Program Files\Android\Android Studio\jre\bin\zip.dll
0x00007fffa6930000 - 0x00007fffa7074000 	C:\Windows\System32\SHELL32.dll
0x00007fffa24c0000 - 0x00007fffa2c52000 	C:\Windows\SYSTEM32\windows.storage.dll
0x00007fffa6360000 - 0x00007fffa66b5000 	C:\Windows\System32\combase.dll
0x00007fffa4600000 - 0x00007fffa4630000 	C:\Windows\SYSTEM32\Wldp.dll
0x00007fffa6800000 - 0x00007fffa68ad000 	C:\Windows\System32\SHCORE.dll
0x00007fffa66c0000 - 0x00007fffa6715000 	C:\Windows\System32\shlwapi.dll
0x00007fffa4bc0000 - 0x00007fffa4bdf000 	C:\Windows\SYSTEM32\profapi.dll
0x00007fff9e450000 - 0x00007fff9e46a000 	C:\Program Files\Android\Android Studio\jre\bin\net.dll
0x00007fff9ad30000 - 0x00007fff9ae3c000 	C:\Windows\SYSTEM32\WINHTTP.dll
0x00007fffa4360000 - 0x00007fffa43ca000 	C:\Windows\system32\mswsock.dll
0x00007fff9da50000 - 0x00007fff9da64000 	C:\Program Files\Android\Android Studio\jre\bin\nio.dll
0x00007fff98dd0000 - 0x00007fff98df7000 	C:\Users\Marvin Marquez\.gradle\native\fdc75f09e3144964f2cf3f50f0aa648679c211496f362492102eb8c894070792\windows-amd64\native-platform.dll
0x00007fff693c0000 - 0x00007fff69556000 	C:\Users\Marvin Marquez\.gradle\native\12488b8bf47d2d4c9fbf2f6322a914ad602e24e48041cd04a747c6da556b65c4\windows-amd64\native-platform-file-events.dll
0x00007fff7b5e0000 - 0x00007fff7b5ea000 	C:\Program Files\Android\Android Studio\jre\bin\management.dll
0x00007fff6e740000 - 0x00007fff6e74d000 	C:\Program Files\Android\Android Studio\jre\bin\management_ext.dll
0x00007fffa4560000 - 0x00007fffa4578000 	C:\Windows\SYSTEM32\CRYPTSP.dll
0x00007fffa3c80000 - 0x00007fffa3cb4000 	C:\Windows\system32\rsaenh.dll
0x00007fffa5340000 - 0x00007fffa5367000 	C:\Windows\System32\bcrypt.dll
0x00007fffa4b80000 - 0x00007fffa4bae000 	C:\Windows\SYSTEM32\USERENV.dll
0x00007fffa4550000 - 0x00007fffa455c000 	C:\Windows\SYSTEM32\CRYPTBASE.dll
0x00007fffa4050000 - 0x00007fffa408b000 	C:\Windows\SYSTEM32\IPHLPAPI.DLL
0x00007fffa7120000 - 0x00007fffa7128000 	C:\Windows\System32\NSI.dll
0x00007fff9b690000 - 0x00007fff9b6a7000 	C:\Windows\SYSTEM32\dhcpcsvc6.DLL
0x00007fff9bf00000 - 0x00007fff9bf1d000 	C:\Windows\SYSTEM32\dhcpcsvc.DLL
0x00007fffa4090000 - 0x00007fffa415a000 	C:\Windows\SYSTEM32\DNSAPI.dll
0x00007fff9d490000 - 0x00007fff9d49b000 	C:\Windows\SYSTEM32\WINNSI.DLL
0x00007fff98f90000 - 0x00007fff98fae000 	C:\Users\Marvin Marquez\AppData\Local\Temp\native-platform11514953901589159081dir\native-platform.dll
0x00007fff9ff80000 - 0x00007fff9ff88000 	C:\Program Files\Android\Android Studio\jre\bin\rmi.dll
0x00007fff6c480000 - 0x00007fff6c4a7000 	C:\Program Files\Android\Android Studio\jre\bin\sunec.dll

dbghelp: loaded successfully - version: 4.0.5 - missing functions: none
symbol engine: initialized successfully - sym options: 0x614 - pdb path: .;C:\Program Files\Android\Android Studio\jre\bin;C:\Windows\SYSTEM32;C:\Windows\WinSxS\amd64_microsoft.windows.common-controls_6595b64144ccf1df_6.0.19041.1110_none_60b5254171f9507e;C:\Program Files\Android\Android Studio\jre\bin\server;C:\Users\Marvin Marquez\.gradle\native\fdc75f09e3144964f2cf3f50f0aa648679c211496f362492102eb8c894070792\windows-amd64;C:\Users\Marvin Marquez\.gradle\native\12488b8bf47d2d4c9fbf2f6322a914ad602e24e48041cd04a747c6da556b65c4\windows-amd64;C:\Users\Marvin Marquez\AppData\Local\Temp\native-platform11514953901589159081dir

VM Arguments:
jvm_args: --add-opens=java.base/java.util=ALL-UNNAMED --add-opens=java.base/java.lang=ALL-UNNAMED --add-opens=java.base/java.lang.invoke=ALL-UNNAMED --add-opens=java.prefs/java.util.prefs=ALL-UNNAMED -Xmx1536m -Dfile.encoding=windows-1252 -Duser.country=US -Duser.language=en -Duser.variant 
java_command: org.gradle.launcher.daemon.bootstrap.GradleDaemon 6.8
java_class_path (initial): C:\Users\Marvin Marquez\.gradle\wrapper\dists\gradle-6.8-bin\1jblhjyydfkclfzx1agp92nyl\gradle-6.8\lib\gradle-launcher-6.8.jar
Launcher Type: SUN_STANDARD

[Global flags]
     intx CICompilerCount                          = 4                                         {product} {ergonomic}
     uint ConcGCThreads                            = 2                                         {product} {ergonomic}
     uint G1ConcRefinementThreads                  = 8                                         {product} {ergonomic}
   size_t G1HeapRegionSize                         = 1048576                                   {product} {ergonomic}
    uintx GCDrainStackTargetSize                   = 64                                        {product} {ergonomic}
   size_t InitialHeapSize                          = 117440512                                 {product} {ergonomic}
   size_t MarkStackSize                            = 4194304                                   {product} {ergonomic}
   size_t MaxHeapSize                              = 1610612736                                {product} {command line}
   size_t MaxNewSize                               = 965738496                                 {product} {ergonomic}
   size_t MinHeapDeltaBytes                        = 1048576                                   {product} {ergonomic}
    uintx NonNMethodCodeHeapSize                   = 5836300                                {pd product} {ergonomic}
    uintx NonProfiledCodeHeapSize                  = 122910970                              {pd product} {ergonomic}
    uintx ProfiledCodeHeapSize                     = 122910970                              {pd product} {ergonomic}
    uintx ReservedCodeCacheSize                    = 251658240                              {pd product} {ergonomic}
     bool SegmentedCodeCache                       = true                                      {product} {ergonomic}
     bool UseCompressedClassPointers               = true                                 {lp64_product} {ergonomic}
     bool UseCompressedOops                        = true                                 {lp64_product} {ergonomic}
     bool UseG1GC                                  = true                                      {product} {ergonomic}
     bool UseLargePagesIndividualAllocation        = false                                  {pd product} {ergonomic}

Logging:
Log output configuration:
 #0: stdout all=warning uptime,level,tags
 #1: stderr all=off uptime,level,tags

Environment Variables:
JAVA_HOME=C:\Users\Marvin Marquez\AppData\Local\Programs\Eclipse Adoptium\jdk-17.0.2.8-hotspot\
PATH=C:\ProgramData\Oracle\Java\javapath;C:\Program Files\Common Files\Oracle\Java\javapath;C:\Windows\system32;C:\Windows;C:\Windows\System32\Wbem;C:\Windows\System32\WindowsPowerShell\v1.0\;C:\Windows\System32\OpenSSH\;C:\Program Files\Git\cmd;C:\Program Files\CMake\bin;C:\Program Files (x86)\Microsoft SQL Server\100\Tools\Binn\;C:\Program Files\Microsoft SQL Server\100\Tools\Binn\;C:\Program Files\Microsoft SQL Server\100\DTS\Binn\;C:\Program Files\Calibre2\;C:\Program Files\dotnet\;C:\Users\Marvin Marquez\AppData\Local\Programs\Eclipse Adoptium\jdk-17.0.2.8-hotspot\bin;C:\Users\Marvin Marquez\AppData\Local\Microsoft\WindowsApps;C:\Users\Marvin Marquez\AppData\Local\Programs\Microsoft VS Code\bin;C:\msys64\mingw64\bin;C:\MinGW\bin;
USERNAME=Marvin Marquez
OS=Windows_NT
PROCESSOR_IDENTIFIER=AMD64 Family 23 Model 24 Stepping 1, AuthenticAMD



---------------  S Y S T E M  ---------------

OS: Windows 10 , 64 bit Build 19041 (10.0.19041.2364)
OS uptime: 0 days 1:51 hours

CPU:total 8 (initial active 8) (8 cores per cpu, 2 threads per core) family 23 model 24 stepping 1 microcode 0x0, cmov, cx8, fxsr, mmx, sse, sse2, sse3, ssse3, sse4.1, sse4.2, popcnt, avx, avx2, aes, clmul, mmxext, 3dnowpref, lzcnt, sse4a, ht, tsc, tscinvbit, tscinv, bmi1, bmi2, adx, s

Memory: 4k page, system-wide physical 7103M (1811M free)
TotalPageFile size 9151M (AvailPageFile size 3M)
current process WorkingSet (physical memory assigned to process): 444M, peak: 512M
current process commit charge ("private bytes"): 533M, peak: 590M

vm_info: OpenJDK 64-Bit Server VM (11.0.11+9-b60-7590822) for windows-amd64 JRE (11.0.11+9-b60-7590822), built on Jul 29 2021 21:43:44 by "builder" with MS VC++ 14.0 (VS2015)

END.
